[2024-01-06T14:24:39.084-0800] {processor.py:161} INFO - Started process (PID=7029) to work on /mnt/c/Users/victo/OneDrive/Desktop/fantasy_nba_dashboard/airflow_env/lib/python3.10/site-packages/airflow/example_dags/plugins/workday.py
[2024-01-06T14:24:39.085-0800] {processor.py:830} INFO - Processing file /mnt/c/Users/victo/OneDrive/Desktop/fantasy_nba_dashboard/airflow_env/lib/python3.10/site-packages/airflow/example_dags/plugins/workday.py for tasks to queue
[2024-01-06T14:24:39.085-0800] {logging_mixin.py:188} INFO - [2024-01-06T14:24:39.085-0800] {dagbag.py:538} INFO - Filling up the DagBag from /mnt/c/Users/victo/OneDrive/Desktop/fantasy_nba_dashboard/airflow_env/lib/python3.10/site-packages/airflow/example_dags/plugins/workday.py
[2024-01-06T14:24:41.042-0800] {processor.py:842} WARNING - No viable dags retrieved from /mnt/c/Users/victo/OneDrive/Desktop/fantasy_nba_dashboard/airflow_env/lib/python3.10/site-packages/airflow/example_dags/plugins/workday.py
[2024-01-06T14:24:41.066-0800] {processor.py:183} INFO - Processing /mnt/c/Users/victo/OneDrive/Desktop/fantasy_nba_dashboard/airflow_env/lib/python3.10/site-packages/airflow/example_dags/plugins/workday.py took 1.986 seconds
[2024-01-06T14:25:11.301-0800] {processor.py:161} INFO - Started process (PID=7196) to work on /mnt/c/Users/victo/OneDrive/Desktop/fantasy_nba_dashboard/airflow_env/lib/python3.10/site-packages/airflow/example_dags/plugins/workday.py
[2024-01-06T14:25:11.302-0800] {processor.py:830} INFO - Processing file /mnt/c/Users/victo/OneDrive/Desktop/fantasy_nba_dashboard/airflow_env/lib/python3.10/site-packages/airflow/example_dags/plugins/workday.py for tasks to queue
[2024-01-06T14:25:11.302-0800] {logging_mixin.py:188} INFO - [2024-01-06T14:25:11.302-0800] {dagbag.py:538} INFO - Filling up the DagBag from /mnt/c/Users/victo/OneDrive/Desktop/fantasy_nba_dashboard/airflow_env/lib/python3.10/site-packages/airflow/example_dags/plugins/workday.py
[2024-01-06T14:25:11.581-0800] {processor.py:842} WARNING - No viable dags retrieved from /mnt/c/Users/victo/OneDrive/Desktop/fantasy_nba_dashboard/airflow_env/lib/python3.10/site-packages/airflow/example_dags/plugins/workday.py
[2024-01-06T14:25:11.607-0800] {processor.py:183} INFO - Processing /mnt/c/Users/victo/OneDrive/Desktop/fantasy_nba_dashboard/airflow_env/lib/python3.10/site-packages/airflow/example_dags/plugins/workday.py took 0.311 seconds
[2024-01-06T14:25:41.784-0800] {processor.py:161} INFO - Started process (PID=7452) to work on /mnt/c/Users/victo/OneDrive/Desktop/fantasy_nba_dashboard/airflow_env/lib/python3.10/site-packages/airflow/example_dags/plugins/workday.py
[2024-01-06T14:25:41.785-0800] {processor.py:830} INFO - Processing file /mnt/c/Users/victo/OneDrive/Desktop/fantasy_nba_dashboard/airflow_env/lib/python3.10/site-packages/airflow/example_dags/plugins/workday.py for tasks to queue
[2024-01-06T14:25:41.786-0800] {logging_mixin.py:188} INFO - [2024-01-06T14:25:41.785-0800] {dagbag.py:538} INFO - Filling up the DagBag from /mnt/c/Users/victo/OneDrive/Desktop/fantasy_nba_dashboard/airflow_env/lib/python3.10/site-packages/airflow/example_dags/plugins/workday.py
[2024-01-06T14:25:42.049-0800] {processor.py:842} WARNING - No viable dags retrieved from /mnt/c/Users/victo/OneDrive/Desktop/fantasy_nba_dashboard/airflow_env/lib/python3.10/site-packages/airflow/example_dags/plugins/workday.py
[2024-01-06T14:25:42.072-0800] {processor.py:183} INFO - Processing /mnt/c/Users/victo/OneDrive/Desktop/fantasy_nba_dashboard/airflow_env/lib/python3.10/site-packages/airflow/example_dags/plugins/workday.py took 0.292 seconds
[2024-01-06T14:26:12.131-0800] {processor.py:161} INFO - Started process (PID=7977) to work on /mnt/c/Users/victo/OneDrive/Desktop/fantasy_nba_dashboard/airflow_env/lib/python3.10/site-packages/airflow/example_dags/plugins/workday.py
[2024-01-06T14:26:12.132-0800] {processor.py:830} INFO - Processing file /mnt/c/Users/victo/OneDrive/Desktop/fantasy_nba_dashboard/airflow_env/lib/python3.10/site-packages/airflow/example_dags/plugins/workday.py for tasks to queue
[2024-01-06T14:26:12.132-0800] {logging_mixin.py:188} INFO - [2024-01-06T14:26:12.132-0800] {dagbag.py:538} INFO - Filling up the DagBag from /mnt/c/Users/victo/OneDrive/Desktop/fantasy_nba_dashboard/airflow_env/lib/python3.10/site-packages/airflow/example_dags/plugins/workday.py
[2024-01-06T14:26:12.395-0800] {processor.py:842} WARNING - No viable dags retrieved from /mnt/c/Users/victo/OneDrive/Desktop/fantasy_nba_dashboard/airflow_env/lib/python3.10/site-packages/airflow/example_dags/plugins/workday.py
[2024-01-06T14:26:12.420-0800] {processor.py:183} INFO - Processing /mnt/c/Users/victo/OneDrive/Desktop/fantasy_nba_dashboard/airflow_env/lib/python3.10/site-packages/airflow/example_dags/plugins/workday.py took 0.293 seconds
[2024-01-06T14:35:51.394-0800] {processor.py:161} INFO - Started process (PID=9456) to work on /mnt/c/Users/victo/OneDrive/Desktop/fantasy_nba_dashboard/airflow_env/lib/python3.10/site-packages/airflow/example_dags/plugins/workday.py
[2024-01-06T14:35:51.395-0800] {processor.py:830} INFO - Processing file /mnt/c/Users/victo/OneDrive/Desktop/fantasy_nba_dashboard/airflow_env/lib/python3.10/site-packages/airflow/example_dags/plugins/workday.py for tasks to queue
[2024-01-06T14:35:51.395-0800] {logging_mixin.py:188} INFO - [2024-01-06T14:35:51.395-0800] {dagbag.py:538} INFO - Filling up the DagBag from /mnt/c/Users/victo/OneDrive/Desktop/fantasy_nba_dashboard/airflow_env/lib/python3.10/site-packages/airflow/example_dags/plugins/workday.py
[2024-01-06T14:35:53.205-0800] {processor.py:842} WARNING - No viable dags retrieved from /mnt/c/Users/victo/OneDrive/Desktop/fantasy_nba_dashboard/airflow_env/lib/python3.10/site-packages/airflow/example_dags/plugins/workday.py
[2024-01-06T14:35:53.230-0800] {processor.py:183} INFO - Processing /mnt/c/Users/victo/OneDrive/Desktop/fantasy_nba_dashboard/airflow_env/lib/python3.10/site-packages/airflow/example_dags/plugins/workday.py took 1.840 seconds
[2024-01-06T14:36:23.335-0800] {processor.py:161} INFO - Started process (PID=9679) to work on /mnt/c/Users/victo/OneDrive/Desktop/fantasy_nba_dashboard/airflow_env/lib/python3.10/site-packages/airflow/example_dags/plugins/workday.py
[2024-01-06T14:36:23.336-0800] {processor.py:830} INFO - Processing file /mnt/c/Users/victo/OneDrive/Desktop/fantasy_nba_dashboard/airflow_env/lib/python3.10/site-packages/airflow/example_dags/plugins/workday.py for tasks to queue
[2024-01-06T14:36:23.337-0800] {logging_mixin.py:188} INFO - [2024-01-06T14:36:23.336-0800] {dagbag.py:538} INFO - Filling up the DagBag from /mnt/c/Users/victo/OneDrive/Desktop/fantasy_nba_dashboard/airflow_env/lib/python3.10/site-packages/airflow/example_dags/plugins/workday.py
[2024-01-06T14:36:23.610-0800] {processor.py:842} WARNING - No viable dags retrieved from /mnt/c/Users/victo/OneDrive/Desktop/fantasy_nba_dashboard/airflow_env/lib/python3.10/site-packages/airflow/example_dags/plugins/workday.py
[2024-01-06T14:36:23.636-0800] {processor.py:183} INFO - Processing /mnt/c/Users/victo/OneDrive/Desktop/fantasy_nba_dashboard/airflow_env/lib/python3.10/site-packages/airflow/example_dags/plugins/workday.py took 0.305 seconds
[2024-01-06T14:36:54.362-0800] {processor.py:161} INFO - Started process (PID=9958) to work on /mnt/c/Users/victo/OneDrive/Desktop/fantasy_nba_dashboard/airflow_env/lib/python3.10/site-packages/airflow/example_dags/plugins/workday.py
[2024-01-06T14:36:54.364-0800] {processor.py:830} INFO - Processing file /mnt/c/Users/victo/OneDrive/Desktop/fantasy_nba_dashboard/airflow_env/lib/python3.10/site-packages/airflow/example_dags/plugins/workday.py for tasks to queue
[2024-01-06T14:36:54.366-0800] {logging_mixin.py:188} INFO - [2024-01-06T14:36:54.365-0800] {dagbag.py:538} INFO - Filling up the DagBag from /mnt/c/Users/victo/OneDrive/Desktop/fantasy_nba_dashboard/airflow_env/lib/python3.10/site-packages/airflow/example_dags/plugins/workday.py
[2024-01-06T14:36:54.693-0800] {processor.py:842} WARNING - No viable dags retrieved from /mnt/c/Users/victo/OneDrive/Desktop/fantasy_nba_dashboard/airflow_env/lib/python3.10/site-packages/airflow/example_dags/plugins/workday.py
[2024-01-06T14:36:54.721-0800] {processor.py:183} INFO - Processing /mnt/c/Users/victo/OneDrive/Desktop/fantasy_nba_dashboard/airflow_env/lib/python3.10/site-packages/airflow/example_dags/plugins/workday.py took 0.364 seconds
[2024-01-06T14:37:25.257-0800] {processor.py:161} INFO - Started process (PID=10220) to work on /mnt/c/Users/victo/OneDrive/Desktop/fantasy_nba_dashboard/airflow_env/lib/python3.10/site-packages/airflow/example_dags/plugins/workday.py
[2024-01-06T14:37:25.258-0800] {processor.py:830} INFO - Processing file /mnt/c/Users/victo/OneDrive/Desktop/fantasy_nba_dashboard/airflow_env/lib/python3.10/site-packages/airflow/example_dags/plugins/workday.py for tasks to queue
[2024-01-06T14:37:25.259-0800] {logging_mixin.py:188} INFO - [2024-01-06T14:37:25.258-0800] {dagbag.py:538} INFO - Filling up the DagBag from /mnt/c/Users/victo/OneDrive/Desktop/fantasy_nba_dashboard/airflow_env/lib/python3.10/site-packages/airflow/example_dags/plugins/workday.py
[2024-01-06T14:37:25.549-0800] {processor.py:842} WARNING - No viable dags retrieved from /mnt/c/Users/victo/OneDrive/Desktop/fantasy_nba_dashboard/airflow_env/lib/python3.10/site-packages/airflow/example_dags/plugins/workday.py
[2024-01-06T14:37:25.577-0800] {processor.py:183} INFO - Processing /mnt/c/Users/victo/OneDrive/Desktop/fantasy_nba_dashboard/airflow_env/lib/python3.10/site-packages/airflow/example_dags/plugins/workday.py took 0.324 seconds
[2024-01-06T14:37:55.925-0800] {processor.py:161} INFO - Started process (PID=10438) to work on /mnt/c/Users/victo/OneDrive/Desktop/fantasy_nba_dashboard/airflow_env/lib/python3.10/site-packages/airflow/example_dags/plugins/workday.py
[2024-01-06T14:37:55.926-0800] {processor.py:830} INFO - Processing file /mnt/c/Users/victo/OneDrive/Desktop/fantasy_nba_dashboard/airflow_env/lib/python3.10/site-packages/airflow/example_dags/plugins/workday.py for tasks to queue
[2024-01-06T14:37:55.927-0800] {logging_mixin.py:188} INFO - [2024-01-06T14:37:55.927-0800] {dagbag.py:538} INFO - Filling up the DagBag from /mnt/c/Users/victo/OneDrive/Desktop/fantasy_nba_dashboard/airflow_env/lib/python3.10/site-packages/airflow/example_dags/plugins/workday.py
[2024-01-06T14:37:56.205-0800] {processor.py:842} WARNING - No viable dags retrieved from /mnt/c/Users/victo/OneDrive/Desktop/fantasy_nba_dashboard/airflow_env/lib/python3.10/site-packages/airflow/example_dags/plugins/workday.py
[2024-01-06T14:37:56.229-0800] {processor.py:183} INFO - Processing /mnt/c/Users/victo/OneDrive/Desktop/fantasy_nba_dashboard/airflow_env/lib/python3.10/site-packages/airflow/example_dags/plugins/workday.py took 0.308 seconds
[2024-01-06T14:38:26.706-0800] {processor.py:161} INFO - Started process (PID=10611) to work on /mnt/c/Users/victo/OneDrive/Desktop/fantasy_nba_dashboard/airflow_env/lib/python3.10/site-packages/airflow/example_dags/plugins/workday.py
[2024-01-06T14:38:26.707-0800] {processor.py:830} INFO - Processing file /mnt/c/Users/victo/OneDrive/Desktop/fantasy_nba_dashboard/airflow_env/lib/python3.10/site-packages/airflow/example_dags/plugins/workday.py for tasks to queue
[2024-01-06T14:38:26.708-0800] {logging_mixin.py:188} INFO - [2024-01-06T14:38:26.707-0800] {dagbag.py:538} INFO - Filling up the DagBag from /mnt/c/Users/victo/OneDrive/Desktop/fantasy_nba_dashboard/airflow_env/lib/python3.10/site-packages/airflow/example_dags/plugins/workday.py
[2024-01-06T14:38:26.977-0800] {processor.py:842} WARNING - No viable dags retrieved from /mnt/c/Users/victo/OneDrive/Desktop/fantasy_nba_dashboard/airflow_env/lib/python3.10/site-packages/airflow/example_dags/plugins/workday.py
[2024-01-06T14:38:27.002-0800] {processor.py:183} INFO - Processing /mnt/c/Users/victo/OneDrive/Desktop/fantasy_nba_dashboard/airflow_env/lib/python3.10/site-packages/airflow/example_dags/plugins/workday.py took 0.300 seconds
[2024-01-06T14:38:57.460-0800] {processor.py:161} INFO - Started process (PID=10769) to work on /mnt/c/Users/victo/OneDrive/Desktop/fantasy_nba_dashboard/airflow_env/lib/python3.10/site-packages/airflow/example_dags/plugins/workday.py
[2024-01-06T14:38:57.461-0800] {processor.py:830} INFO - Processing file /mnt/c/Users/victo/OneDrive/Desktop/fantasy_nba_dashboard/airflow_env/lib/python3.10/site-packages/airflow/example_dags/plugins/workday.py for tasks to queue
[2024-01-06T14:38:57.462-0800] {logging_mixin.py:188} INFO - [2024-01-06T14:38:57.462-0800] {dagbag.py:538} INFO - Filling up the DagBag from /mnt/c/Users/victo/OneDrive/Desktop/fantasy_nba_dashboard/airflow_env/lib/python3.10/site-packages/airflow/example_dags/plugins/workday.py
[2024-01-06T14:38:57.749-0800] {processor.py:842} WARNING - No viable dags retrieved from /mnt/c/Users/victo/OneDrive/Desktop/fantasy_nba_dashboard/airflow_env/lib/python3.10/site-packages/airflow/example_dags/plugins/workday.py
[2024-01-06T14:38:57.777-0800] {processor.py:183} INFO - Processing /mnt/c/Users/victo/OneDrive/Desktop/fantasy_nba_dashboard/airflow_env/lib/python3.10/site-packages/airflow/example_dags/plugins/workday.py took 0.321 seconds
[2024-01-06T14:39:28.317-0800] {processor.py:161} INFO - Started process (PID=10959) to work on /mnt/c/Users/victo/OneDrive/Desktop/fantasy_nba_dashboard/airflow_env/lib/python3.10/site-packages/airflow/example_dags/plugins/workday.py
[2024-01-06T14:39:28.318-0800] {processor.py:830} INFO - Processing file /mnt/c/Users/victo/OneDrive/Desktop/fantasy_nba_dashboard/airflow_env/lib/python3.10/site-packages/airflow/example_dags/plugins/workday.py for tasks to queue
[2024-01-06T14:39:28.318-0800] {logging_mixin.py:188} INFO - [2024-01-06T14:39:28.318-0800] {dagbag.py:538} INFO - Filling up the DagBag from /mnt/c/Users/victo/OneDrive/Desktop/fantasy_nba_dashboard/airflow_env/lib/python3.10/site-packages/airflow/example_dags/plugins/workday.py
[2024-01-06T14:39:28.609-0800] {processor.py:842} WARNING - No viable dags retrieved from /mnt/c/Users/victo/OneDrive/Desktop/fantasy_nba_dashboard/airflow_env/lib/python3.10/site-packages/airflow/example_dags/plugins/workday.py
[2024-01-06T14:39:28.635-0800] {processor.py:183} INFO - Processing /mnt/c/Users/victo/OneDrive/Desktop/fantasy_nba_dashboard/airflow_env/lib/python3.10/site-packages/airflow/example_dags/plugins/workday.py took 0.322 seconds
[2024-01-06T14:39:59.042-0800] {processor.py:161} INFO - Started process (PID=11116) to work on /mnt/c/Users/victo/OneDrive/Desktop/fantasy_nba_dashboard/airflow_env/lib/python3.10/site-packages/airflow/example_dags/plugins/workday.py
[2024-01-06T14:39:59.043-0800] {processor.py:830} INFO - Processing file /mnt/c/Users/victo/OneDrive/Desktop/fantasy_nba_dashboard/airflow_env/lib/python3.10/site-packages/airflow/example_dags/plugins/workday.py for tasks to queue
[2024-01-06T14:39:59.044-0800] {logging_mixin.py:188} INFO - [2024-01-06T14:39:59.044-0800] {dagbag.py:538} INFO - Filling up the DagBag from /mnt/c/Users/victo/OneDrive/Desktop/fantasy_nba_dashboard/airflow_env/lib/python3.10/site-packages/airflow/example_dags/plugins/workday.py
[2024-01-06T14:39:59.313-0800] {processor.py:842} WARNING - No viable dags retrieved from /mnt/c/Users/victo/OneDrive/Desktop/fantasy_nba_dashboard/airflow_env/lib/python3.10/site-packages/airflow/example_dags/plugins/workday.py
[2024-01-06T14:39:59.337-0800] {processor.py:183} INFO - Processing /mnt/c/Users/victo/OneDrive/Desktop/fantasy_nba_dashboard/airflow_env/lib/python3.10/site-packages/airflow/example_dags/plugins/workday.py took 0.299 seconds
[2024-01-06T14:40:29.790-0800] {processor.py:161} INFO - Started process (PID=11274) to work on /mnt/c/Users/victo/OneDrive/Desktop/fantasy_nba_dashboard/airflow_env/lib/python3.10/site-packages/airflow/example_dags/plugins/workday.py
[2024-01-06T14:40:29.791-0800] {processor.py:830} INFO - Processing file /mnt/c/Users/victo/OneDrive/Desktop/fantasy_nba_dashboard/airflow_env/lib/python3.10/site-packages/airflow/example_dags/plugins/workday.py for tasks to queue
[2024-01-06T14:40:29.792-0800] {logging_mixin.py:188} INFO - [2024-01-06T14:40:29.792-0800] {dagbag.py:538} INFO - Filling up the DagBag from /mnt/c/Users/victo/OneDrive/Desktop/fantasy_nba_dashboard/airflow_env/lib/python3.10/site-packages/airflow/example_dags/plugins/workday.py
[2024-01-06T14:40:30.067-0800] {processor.py:842} WARNING - No viable dags retrieved from /mnt/c/Users/victo/OneDrive/Desktop/fantasy_nba_dashboard/airflow_env/lib/python3.10/site-packages/airflow/example_dags/plugins/workday.py
[2024-01-06T14:40:30.091-0800] {processor.py:183} INFO - Processing /mnt/c/Users/victo/OneDrive/Desktop/fantasy_nba_dashboard/airflow_env/lib/python3.10/site-packages/airflow/example_dags/plugins/workday.py took 0.305 seconds
[2024-01-06T14:41:00.629-0800] {processor.py:161} INFO - Started process (PID=11458) to work on /mnt/c/Users/victo/OneDrive/Desktop/fantasy_nba_dashboard/airflow_env/lib/python3.10/site-packages/airflow/example_dags/plugins/workday.py
[2024-01-06T14:41:00.629-0800] {processor.py:830} INFO - Processing file /mnt/c/Users/victo/OneDrive/Desktop/fantasy_nba_dashboard/airflow_env/lib/python3.10/site-packages/airflow/example_dags/plugins/workday.py for tasks to queue
[2024-01-06T14:41:00.630-0800] {logging_mixin.py:188} INFO - [2024-01-06T14:41:00.630-0800] {dagbag.py:538} INFO - Filling up the DagBag from /mnt/c/Users/victo/OneDrive/Desktop/fantasy_nba_dashboard/airflow_env/lib/python3.10/site-packages/airflow/example_dags/plugins/workday.py
[2024-01-06T14:41:00.910-0800] {processor.py:842} WARNING - No viable dags retrieved from /mnt/c/Users/victo/OneDrive/Desktop/fantasy_nba_dashboard/airflow_env/lib/python3.10/site-packages/airflow/example_dags/plugins/workday.py
[2024-01-06T14:41:00.936-0800] {processor.py:183} INFO - Processing /mnt/c/Users/victo/OneDrive/Desktop/fantasy_nba_dashboard/airflow_env/lib/python3.10/site-packages/airflow/example_dags/plugins/workday.py took 0.312 seconds
