[2024-01-06T14:24:42.344-0800] {processor.py:161} INFO - Started process (PID=7093) to work on /mnt/c/Users/victo/OneDrive/Desktop/fantasy_nba_dashboard/airflow_env/lib/python3.10/site-packages/airflow/example_dags/example_setup_teardown.py
[2024-01-06T14:24:42.345-0800] {processor.py:830} INFO - Processing file /mnt/c/Users/victo/OneDrive/Desktop/fantasy_nba_dashboard/airflow_env/lib/python3.10/site-packages/airflow/example_dags/example_setup_teardown.py for tasks to queue
[2024-01-06T14:24:42.346-0800] {logging_mixin.py:188} INFO - [2024-01-06T14:24:42.345-0800] {dagbag.py:538} INFO - Filling up the DagBag from /mnt/c/Users/victo/OneDrive/Desktop/fantasy_nba_dashboard/airflow_env/lib/python3.10/site-packages/airflow/example_dags/example_setup_teardown.py
[2024-01-06T14:24:42.355-0800] {processor.py:840} INFO - DAG(s) 'example_setup_teardown' retrieved from /mnt/c/Users/victo/OneDrive/Desktop/fantasy_nba_dashboard/airflow_env/lib/python3.10/site-packages/airflow/example_dags/example_setup_teardown.py
[2024-01-06T14:24:42.457-0800] {logging_mixin.py:188} INFO - [2024-01-06T14:24:42.457-0800] {dag.py:3033} INFO - Sync 1 DAGs
[2024-01-06T14:24:42.472-0800] {logging_mixin.py:188} INFO - [2024-01-06T14:24:42.471-0800] {dag.py:3820} INFO - Setting next_dagrun for example_setup_teardown to 2024-01-05T00:00:00+00:00, run_after=2024-01-06T00:00:00+00:00
[2024-01-06T14:24:42.489-0800] {processor.py:183} INFO - Processing /mnt/c/Users/victo/OneDrive/Desktop/fantasy_nba_dashboard/airflow_env/lib/python3.10/site-packages/airflow/example_dags/example_setup_teardown.py took 0.149 seconds
[2024-01-06T14:25:12.600-0800] {processor.py:161} INFO - Started process (PID=7252) to work on /mnt/c/Users/victo/OneDrive/Desktop/fantasy_nba_dashboard/airflow_env/lib/python3.10/site-packages/airflow/example_dags/example_setup_teardown.py
[2024-01-06T14:25:12.601-0800] {processor.py:830} INFO - Processing file /mnt/c/Users/victo/OneDrive/Desktop/fantasy_nba_dashboard/airflow_env/lib/python3.10/site-packages/airflow/example_dags/example_setup_teardown.py for tasks to queue
[2024-01-06T14:25:12.602-0800] {logging_mixin.py:188} INFO - [2024-01-06T14:25:12.602-0800] {dagbag.py:538} INFO - Filling up the DagBag from /mnt/c/Users/victo/OneDrive/Desktop/fantasy_nba_dashboard/airflow_env/lib/python3.10/site-packages/airflow/example_dags/example_setup_teardown.py
[2024-01-06T14:25:12.610-0800] {processor.py:840} INFO - DAG(s) 'example_setup_teardown' retrieved from /mnt/c/Users/victo/OneDrive/Desktop/fantasy_nba_dashboard/airflow_env/lib/python3.10/site-packages/airflow/example_dags/example_setup_teardown.py
[2024-01-06T14:25:12.641-0800] {logging_mixin.py:188} INFO - [2024-01-06T14:25:12.641-0800] {dag.py:3033} INFO - Sync 1 DAGs
[2024-01-06T14:25:12.658-0800] {logging_mixin.py:188} INFO - [2024-01-06T14:25:12.658-0800] {dag.py:3820} INFO - Setting next_dagrun for example_setup_teardown to 2024-01-05T00:00:00+00:00, run_after=2024-01-06T00:00:00+00:00
[2024-01-06T14:25:12.676-0800] {processor.py:183} INFO - Processing /mnt/c/Users/victo/OneDrive/Desktop/fantasy_nba_dashboard/airflow_env/lib/python3.10/site-packages/airflow/example_dags/example_setup_teardown.py took 0.079 seconds
[2024-01-06T14:25:42.822-0800] {processor.py:161} INFO - Started process (PID=7499) to work on /mnt/c/Users/victo/OneDrive/Desktop/fantasy_nba_dashboard/airflow_env/lib/python3.10/site-packages/airflow/example_dags/example_setup_teardown.py
[2024-01-06T14:25:42.822-0800] {processor.py:830} INFO - Processing file /mnt/c/Users/victo/OneDrive/Desktop/fantasy_nba_dashboard/airflow_env/lib/python3.10/site-packages/airflow/example_dags/example_setup_teardown.py for tasks to queue
[2024-01-06T14:25:42.823-0800] {logging_mixin.py:188} INFO - [2024-01-06T14:25:42.823-0800] {dagbag.py:538} INFO - Filling up the DagBag from /mnt/c/Users/victo/OneDrive/Desktop/fantasy_nba_dashboard/airflow_env/lib/python3.10/site-packages/airflow/example_dags/example_setup_teardown.py
[2024-01-06T14:25:42.831-0800] {processor.py:840} INFO - DAG(s) 'example_setup_teardown' retrieved from /mnt/c/Users/victo/OneDrive/Desktop/fantasy_nba_dashboard/airflow_env/lib/python3.10/site-packages/airflow/example_dags/example_setup_teardown.py
[2024-01-06T14:25:42.858-0800] {logging_mixin.py:188} INFO - [2024-01-06T14:25:42.858-0800] {dag.py:3033} INFO - Sync 1 DAGs
[2024-01-06T14:25:42.873-0800] {logging_mixin.py:188} INFO - [2024-01-06T14:25:42.873-0800] {dag.py:3820} INFO - Setting next_dagrun for example_setup_teardown to 2024-01-05T00:00:00+00:00, run_after=2024-01-06T00:00:00+00:00
[2024-01-06T14:25:42.884-0800] {processor.py:183} INFO - Processing /mnt/c/Users/victo/OneDrive/Desktop/fantasy_nba_dashboard/airflow_env/lib/python3.10/site-packages/airflow/example_dags/example_setup_teardown.py took 0.067 seconds
[2024-01-06T14:26:13.133-0800] {processor.py:161} INFO - Started process (PID=8037) to work on /mnt/c/Users/victo/OneDrive/Desktop/fantasy_nba_dashboard/airflow_env/lib/python3.10/site-packages/airflow/example_dags/example_setup_teardown.py
[2024-01-06T14:26:13.134-0800] {processor.py:830} INFO - Processing file /mnt/c/Users/victo/OneDrive/Desktop/fantasy_nba_dashboard/airflow_env/lib/python3.10/site-packages/airflow/example_dags/example_setup_teardown.py for tasks to queue
[2024-01-06T14:26:13.135-0800] {logging_mixin.py:188} INFO - [2024-01-06T14:26:13.135-0800] {dagbag.py:538} INFO - Filling up the DagBag from /mnt/c/Users/victo/OneDrive/Desktop/fantasy_nba_dashboard/airflow_env/lib/python3.10/site-packages/airflow/example_dags/example_setup_teardown.py
[2024-01-06T14:26:13.143-0800] {processor.py:840} INFO - DAG(s) 'example_setup_teardown' retrieved from /mnt/c/Users/victo/OneDrive/Desktop/fantasy_nba_dashboard/airflow_env/lib/python3.10/site-packages/airflow/example_dags/example_setup_teardown.py
[2024-01-06T14:26:13.171-0800] {logging_mixin.py:188} INFO - [2024-01-06T14:26:13.171-0800] {dag.py:3033} INFO - Sync 1 DAGs
[2024-01-06T14:26:13.187-0800] {logging_mixin.py:188} INFO - [2024-01-06T14:26:13.186-0800] {dag.py:3820} INFO - Setting next_dagrun for example_setup_teardown to 2024-01-05T00:00:00+00:00, run_after=2024-01-06T00:00:00+00:00
[2024-01-06T14:26:13.205-0800] {processor.py:183} INFO - Processing /mnt/c/Users/victo/OneDrive/Desktop/fantasy_nba_dashboard/airflow_env/lib/python3.10/site-packages/airflow/example_dags/example_setup_teardown.py took 0.075 seconds
[2024-01-06T14:35:53.969-0800] {processor.py:161} INFO - Started process (PID=9546) to work on /mnt/c/Users/victo/OneDrive/Desktop/fantasy_nba_dashboard/airflow_env/lib/python3.10/site-packages/airflow/example_dags/example_setup_teardown.py
[2024-01-06T14:35:53.971-0800] {processor.py:830} INFO - Processing file /mnt/c/Users/victo/OneDrive/Desktop/fantasy_nba_dashboard/airflow_env/lib/python3.10/site-packages/airflow/example_dags/example_setup_teardown.py for tasks to queue
[2024-01-06T14:35:53.971-0800] {logging_mixin.py:188} INFO - [2024-01-06T14:35:53.971-0800] {dagbag.py:538} INFO - Filling up the DagBag from /mnt/c/Users/victo/OneDrive/Desktop/fantasy_nba_dashboard/airflow_env/lib/python3.10/site-packages/airflow/example_dags/example_setup_teardown.py
[2024-01-06T14:35:53.981-0800] {processor.py:840} INFO - DAG(s) 'example_setup_teardown' retrieved from /mnt/c/Users/victo/OneDrive/Desktop/fantasy_nba_dashboard/airflow_env/lib/python3.10/site-packages/airflow/example_dags/example_setup_teardown.py
[2024-01-06T14:35:54.010-0800] {logging_mixin.py:188} INFO - [2024-01-06T14:35:54.009-0800] {dag.py:3033} INFO - Sync 1 DAGs
[2024-01-06T14:35:54.025-0800] {logging_mixin.py:188} INFO - [2024-01-06T14:35:54.025-0800] {dag.py:3820} INFO - Setting next_dagrun for example_setup_teardown to 2024-01-05T00:00:00+00:00, run_after=2024-01-06T00:00:00+00:00
[2024-01-06T14:35:54.039-0800] {processor.py:183} INFO - Processing /mnt/c/Users/victo/OneDrive/Desktop/fantasy_nba_dashboard/airflow_env/lib/python3.10/site-packages/airflow/example_dags/example_setup_teardown.py took 0.074 seconds
[2024-01-06T14:36:24.306-0800] {processor.py:161} INFO - Started process (PID=9729) to work on /mnt/c/Users/victo/OneDrive/Desktop/fantasy_nba_dashboard/airflow_env/lib/python3.10/site-packages/airflow/example_dags/example_setup_teardown.py
[2024-01-06T14:36:24.307-0800] {processor.py:830} INFO - Processing file /mnt/c/Users/victo/OneDrive/Desktop/fantasy_nba_dashboard/airflow_env/lib/python3.10/site-packages/airflow/example_dags/example_setup_teardown.py for tasks to queue
[2024-01-06T14:36:24.307-0800] {logging_mixin.py:188} INFO - [2024-01-06T14:36:24.307-0800] {dagbag.py:538} INFO - Filling up the DagBag from /mnt/c/Users/victo/OneDrive/Desktop/fantasy_nba_dashboard/airflow_env/lib/python3.10/site-packages/airflow/example_dags/example_setup_teardown.py
[2024-01-06T14:36:24.316-0800] {processor.py:840} INFO - DAG(s) 'example_setup_teardown' retrieved from /mnt/c/Users/victo/OneDrive/Desktop/fantasy_nba_dashboard/airflow_env/lib/python3.10/site-packages/airflow/example_dags/example_setup_teardown.py
[2024-01-06T14:36:24.345-0800] {logging_mixin.py:188} INFO - [2024-01-06T14:36:24.345-0800] {dag.py:3033} INFO - Sync 1 DAGs
[2024-01-06T14:36:24.363-0800] {logging_mixin.py:188} INFO - [2024-01-06T14:36:24.362-0800] {dag.py:3820} INFO - Setting next_dagrun for example_setup_teardown to 2024-01-05T00:00:00+00:00, run_after=2024-01-06T00:00:00+00:00
[2024-01-06T14:36:24.375-0800] {processor.py:183} INFO - Processing /mnt/c/Users/victo/OneDrive/Desktop/fantasy_nba_dashboard/airflow_env/lib/python3.10/site-packages/airflow/example_dags/example_setup_teardown.py took 0.075 seconds
[2024-01-06T14:36:55.594-0800] {processor.py:161} INFO - Started process (PID=10009) to work on /mnt/c/Users/victo/OneDrive/Desktop/fantasy_nba_dashboard/airflow_env/lib/python3.10/site-packages/airflow/example_dags/example_setup_teardown.py
[2024-01-06T14:36:55.595-0800] {processor.py:830} INFO - Processing file /mnt/c/Users/victo/OneDrive/Desktop/fantasy_nba_dashboard/airflow_env/lib/python3.10/site-packages/airflow/example_dags/example_setup_teardown.py for tasks to queue
[2024-01-06T14:36:55.596-0800] {logging_mixin.py:188} INFO - [2024-01-06T14:36:55.595-0800] {dagbag.py:538} INFO - Filling up the DagBag from /mnt/c/Users/victo/OneDrive/Desktop/fantasy_nba_dashboard/airflow_env/lib/python3.10/site-packages/airflow/example_dags/example_setup_teardown.py
[2024-01-06T14:36:55.604-0800] {processor.py:840} INFO - DAG(s) 'example_setup_teardown' retrieved from /mnt/c/Users/victo/OneDrive/Desktop/fantasy_nba_dashboard/airflow_env/lib/python3.10/site-packages/airflow/example_dags/example_setup_teardown.py
[2024-01-06T14:36:55.634-0800] {logging_mixin.py:188} INFO - [2024-01-06T14:36:55.634-0800] {dag.py:3033} INFO - Sync 1 DAGs
[2024-01-06T14:36:55.653-0800] {logging_mixin.py:188} INFO - [2024-01-06T14:36:55.653-0800] {dag.py:3820} INFO - Setting next_dagrun for example_setup_teardown to 2024-01-05T00:00:00+00:00, run_after=2024-01-06T00:00:00+00:00
[2024-01-06T14:36:55.668-0800] {processor.py:183} INFO - Processing /mnt/c/Users/victo/OneDrive/Desktop/fantasy_nba_dashboard/airflow_env/lib/python3.10/site-packages/airflow/example_dags/example_setup_teardown.py took 0.078 seconds
[2024-01-06T14:37:26.208-0800] {processor.py:161} INFO - Started process (PID=10286) to work on /mnt/c/Users/victo/OneDrive/Desktop/fantasy_nba_dashboard/airflow_env/lib/python3.10/site-packages/airflow/example_dags/example_setup_teardown.py
[2024-01-06T14:37:26.209-0800] {processor.py:830} INFO - Processing file /mnt/c/Users/victo/OneDrive/Desktop/fantasy_nba_dashboard/airflow_env/lib/python3.10/site-packages/airflow/example_dags/example_setup_teardown.py for tasks to queue
[2024-01-06T14:37:26.210-0800] {logging_mixin.py:188} INFO - [2024-01-06T14:37:26.209-0800] {dagbag.py:538} INFO - Filling up the DagBag from /mnt/c/Users/victo/OneDrive/Desktop/fantasy_nba_dashboard/airflow_env/lib/python3.10/site-packages/airflow/example_dags/example_setup_teardown.py
[2024-01-06T14:37:26.219-0800] {processor.py:840} INFO - DAG(s) 'example_setup_teardown' retrieved from /mnt/c/Users/victo/OneDrive/Desktop/fantasy_nba_dashboard/airflow_env/lib/python3.10/site-packages/airflow/example_dags/example_setup_teardown.py
[2024-01-06T14:37:26.248-0800] {logging_mixin.py:188} INFO - [2024-01-06T14:37:26.248-0800] {dag.py:3033} INFO - Sync 1 DAGs
[2024-01-06T14:37:26.265-0800] {logging_mixin.py:188} INFO - [2024-01-06T14:37:26.265-0800] {dag.py:3820} INFO - Setting next_dagrun for example_setup_teardown to 2024-01-05T00:00:00+00:00, run_after=2024-01-06T00:00:00+00:00
[2024-01-06T14:37:26.279-0800] {processor.py:183} INFO - Processing /mnt/c/Users/victo/OneDrive/Desktop/fantasy_nba_dashboard/airflow_env/lib/python3.10/site-packages/airflow/example_dags/example_setup_teardown.py took 0.074 seconds
[2024-01-06T14:37:56.947-0800] {processor.py:161} INFO - Started process (PID=10487) to work on /mnt/c/Users/victo/OneDrive/Desktop/fantasy_nba_dashboard/airflow_env/lib/python3.10/site-packages/airflow/example_dags/example_setup_teardown.py
[2024-01-06T14:37:56.948-0800] {processor.py:830} INFO - Processing file /mnt/c/Users/victo/OneDrive/Desktop/fantasy_nba_dashboard/airflow_env/lib/python3.10/site-packages/airflow/example_dags/example_setup_teardown.py for tasks to queue
[2024-01-06T14:37:56.949-0800] {logging_mixin.py:188} INFO - [2024-01-06T14:37:56.948-0800] {dagbag.py:538} INFO - Filling up the DagBag from /mnt/c/Users/victo/OneDrive/Desktop/fantasy_nba_dashboard/airflow_env/lib/python3.10/site-packages/airflow/example_dags/example_setup_teardown.py
[2024-01-06T14:37:56.957-0800] {processor.py:840} INFO - DAG(s) 'example_setup_teardown' retrieved from /mnt/c/Users/victo/OneDrive/Desktop/fantasy_nba_dashboard/airflow_env/lib/python3.10/site-packages/airflow/example_dags/example_setup_teardown.py
[2024-01-06T14:37:56.985-0800] {logging_mixin.py:188} INFO - [2024-01-06T14:37:56.985-0800] {dag.py:3033} INFO - Sync 1 DAGs
[2024-01-06T14:37:57.003-0800] {logging_mixin.py:188} INFO - [2024-01-06T14:37:57.003-0800] {dag.py:3820} INFO - Setting next_dagrun for example_setup_teardown to 2024-01-05T00:00:00+00:00, run_after=2024-01-06T00:00:00+00:00
[2024-01-06T14:37:57.021-0800] {processor.py:183} INFO - Processing /mnt/c/Users/victo/OneDrive/Desktop/fantasy_nba_dashboard/airflow_env/lib/python3.10/site-packages/airflow/example_dags/example_setup_teardown.py took 0.078 seconds
[2024-01-06T14:38:27.621-0800] {processor.py:161} INFO - Started process (PID=10661) to work on /mnt/c/Users/victo/OneDrive/Desktop/fantasy_nba_dashboard/airflow_env/lib/python3.10/site-packages/airflow/example_dags/example_setup_teardown.py
[2024-01-06T14:38:27.622-0800] {processor.py:830} INFO - Processing file /mnt/c/Users/victo/OneDrive/Desktop/fantasy_nba_dashboard/airflow_env/lib/python3.10/site-packages/airflow/example_dags/example_setup_teardown.py for tasks to queue
[2024-01-06T14:38:27.622-0800] {logging_mixin.py:188} INFO - [2024-01-06T14:38:27.622-0800] {dagbag.py:538} INFO - Filling up the DagBag from /mnt/c/Users/victo/OneDrive/Desktop/fantasy_nba_dashboard/airflow_env/lib/python3.10/site-packages/airflow/example_dags/example_setup_teardown.py
[2024-01-06T14:38:27.631-0800] {processor.py:840} INFO - DAG(s) 'example_setup_teardown' retrieved from /mnt/c/Users/victo/OneDrive/Desktop/fantasy_nba_dashboard/airflow_env/lib/python3.10/site-packages/airflow/example_dags/example_setup_teardown.py
[2024-01-06T14:38:27.664-0800] {logging_mixin.py:188} INFO - [2024-01-06T14:38:27.663-0800] {dag.py:3033} INFO - Sync 1 DAGs
[2024-01-06T14:38:27.683-0800] {logging_mixin.py:188} INFO - [2024-01-06T14:38:27.682-0800] {dag.py:3820} INFO - Setting next_dagrun for example_setup_teardown to 2024-01-05T00:00:00+00:00, run_after=2024-01-06T00:00:00+00:00
[2024-01-06T14:38:27.699-0800] {processor.py:183} INFO - Processing /mnt/c/Users/victo/OneDrive/Desktop/fantasy_nba_dashboard/airflow_env/lib/python3.10/site-packages/airflow/example_dags/example_setup_teardown.py took 0.082 seconds
[2024-01-06T14:38:58.675-0800] {processor.py:161} INFO - Started process (PID=10852) to work on /mnt/c/Users/victo/OneDrive/Desktop/fantasy_nba_dashboard/airflow_env/lib/python3.10/site-packages/airflow/example_dags/example_setup_teardown.py
[2024-01-06T14:38:58.676-0800] {processor.py:830} INFO - Processing file /mnt/c/Users/victo/OneDrive/Desktop/fantasy_nba_dashboard/airflow_env/lib/python3.10/site-packages/airflow/example_dags/example_setup_teardown.py for tasks to queue
[2024-01-06T14:38:58.676-0800] {logging_mixin.py:188} INFO - [2024-01-06T14:38:58.676-0800] {dagbag.py:538} INFO - Filling up the DagBag from /mnt/c/Users/victo/OneDrive/Desktop/fantasy_nba_dashboard/airflow_env/lib/python3.10/site-packages/airflow/example_dags/example_setup_teardown.py
[2024-01-06T14:38:58.686-0800] {processor.py:840} INFO - DAG(s) 'example_setup_teardown' retrieved from /mnt/c/Users/victo/OneDrive/Desktop/fantasy_nba_dashboard/airflow_env/lib/python3.10/site-packages/airflow/example_dags/example_setup_teardown.py
[2024-01-06T14:38:58.716-0800] {logging_mixin.py:188} INFO - [2024-01-06T14:38:58.716-0800] {dag.py:3033} INFO - Sync 1 DAGs
[2024-01-06T14:38:58.734-0800] {logging_mixin.py:188} INFO - [2024-01-06T14:38:58.734-0800] {dag.py:3820} INFO - Setting next_dagrun for example_setup_teardown to 2024-01-05T00:00:00+00:00, run_after=2024-01-06T00:00:00+00:00
[2024-01-06T14:38:58.747-0800] {processor.py:183} INFO - Processing /mnt/c/Users/victo/OneDrive/Desktop/fantasy_nba_dashboard/airflow_env/lib/python3.10/site-packages/airflow/example_dags/example_setup_teardown.py took 0.077 seconds
[2024-01-06T14:39:29.258-0800] {processor.py:161} INFO - Started process (PID=11011) to work on /mnt/c/Users/victo/OneDrive/Desktop/fantasy_nba_dashboard/airflow_env/lib/python3.10/site-packages/airflow/example_dags/example_setup_teardown.py
[2024-01-06T14:39:29.259-0800] {processor.py:830} INFO - Processing file /mnt/c/Users/victo/OneDrive/Desktop/fantasy_nba_dashboard/airflow_env/lib/python3.10/site-packages/airflow/example_dags/example_setup_teardown.py for tasks to queue
[2024-01-06T14:39:29.260-0800] {logging_mixin.py:188} INFO - [2024-01-06T14:39:29.260-0800] {dagbag.py:538} INFO - Filling up the DagBag from /mnt/c/Users/victo/OneDrive/Desktop/fantasy_nba_dashboard/airflow_env/lib/python3.10/site-packages/airflow/example_dags/example_setup_teardown.py
[2024-01-06T14:39:29.268-0800] {processor.py:840} INFO - DAG(s) 'example_setup_teardown' retrieved from /mnt/c/Users/victo/OneDrive/Desktop/fantasy_nba_dashboard/airflow_env/lib/python3.10/site-packages/airflow/example_dags/example_setup_teardown.py
[2024-01-06T14:39:29.297-0800] {logging_mixin.py:188} INFO - [2024-01-06T14:39:29.296-0800] {dag.py:3033} INFO - Sync 1 DAGs
[2024-01-06T14:39:29.315-0800] {logging_mixin.py:188} INFO - [2024-01-06T14:39:29.314-0800] {dag.py:3820} INFO - Setting next_dagrun for example_setup_teardown to 2024-01-05T00:00:00+00:00, run_after=2024-01-06T00:00:00+00:00
[2024-01-06T14:39:29.328-0800] {processor.py:183} INFO - Processing /mnt/c/Users/victo/OneDrive/Desktop/fantasy_nba_dashboard/airflow_env/lib/python3.10/site-packages/airflow/example_dags/example_setup_teardown.py took 0.074 seconds
[2024-01-06T14:40:00.065-0800] {processor.py:161} INFO - Started process (PID=11168) to work on /mnt/c/Users/victo/OneDrive/Desktop/fantasy_nba_dashboard/airflow_env/lib/python3.10/site-packages/airflow/example_dags/example_setup_teardown.py
[2024-01-06T14:40:00.066-0800] {processor.py:830} INFO - Processing file /mnt/c/Users/victo/OneDrive/Desktop/fantasy_nba_dashboard/airflow_env/lib/python3.10/site-packages/airflow/example_dags/example_setup_teardown.py for tasks to queue
[2024-01-06T14:40:00.067-0800] {logging_mixin.py:188} INFO - [2024-01-06T14:40:00.067-0800] {dagbag.py:538} INFO - Filling up the DagBag from /mnt/c/Users/victo/OneDrive/Desktop/fantasy_nba_dashboard/airflow_env/lib/python3.10/site-packages/airflow/example_dags/example_setup_teardown.py
[2024-01-06T14:40:00.075-0800] {processor.py:840} INFO - DAG(s) 'example_setup_teardown' retrieved from /mnt/c/Users/victo/OneDrive/Desktop/fantasy_nba_dashboard/airflow_env/lib/python3.10/site-packages/airflow/example_dags/example_setup_teardown.py
[2024-01-06T14:40:00.103-0800] {logging_mixin.py:188} INFO - [2024-01-06T14:40:00.103-0800] {dag.py:3033} INFO - Sync 1 DAGs
[2024-01-06T14:40:00.121-0800] {logging_mixin.py:188} INFO - [2024-01-06T14:40:00.121-0800] {dag.py:3820} INFO - Setting next_dagrun for example_setup_teardown to 2024-01-05T00:00:00+00:00, run_after=2024-01-06T00:00:00+00:00
[2024-01-06T14:40:00.134-0800] {processor.py:183} INFO - Processing /mnt/c/Users/victo/OneDrive/Desktop/fantasy_nba_dashboard/airflow_env/lib/python3.10/site-packages/airflow/example_dags/example_setup_teardown.py took 0.073 seconds
[2024-01-06T14:40:30.796-0800] {processor.py:161} INFO - Started process (PID=11325) to work on /mnt/c/Users/victo/OneDrive/Desktop/fantasy_nba_dashboard/airflow_env/lib/python3.10/site-packages/airflow/example_dags/example_setup_teardown.py
[2024-01-06T14:40:30.797-0800] {processor.py:830} INFO - Processing file /mnt/c/Users/victo/OneDrive/Desktop/fantasy_nba_dashboard/airflow_env/lib/python3.10/site-packages/airflow/example_dags/example_setup_teardown.py for tasks to queue
[2024-01-06T14:40:30.798-0800] {logging_mixin.py:188} INFO - [2024-01-06T14:40:30.797-0800] {dagbag.py:538} INFO - Filling up the DagBag from /mnt/c/Users/victo/OneDrive/Desktop/fantasy_nba_dashboard/airflow_env/lib/python3.10/site-packages/airflow/example_dags/example_setup_teardown.py
[2024-01-06T14:40:30.805-0800] {processor.py:840} INFO - DAG(s) 'example_setup_teardown' retrieved from /mnt/c/Users/victo/OneDrive/Desktop/fantasy_nba_dashboard/airflow_env/lib/python3.10/site-packages/airflow/example_dags/example_setup_teardown.py
[2024-01-06T14:40:30.834-0800] {logging_mixin.py:188} INFO - [2024-01-06T14:40:30.833-0800] {dag.py:3033} INFO - Sync 1 DAGs
[2024-01-06T14:40:30.851-0800] {logging_mixin.py:188} INFO - [2024-01-06T14:40:30.851-0800] {dag.py:3820} INFO - Setting next_dagrun for example_setup_teardown to 2024-01-05T00:00:00+00:00, run_after=2024-01-06T00:00:00+00:00
[2024-01-06T14:40:30.865-0800] {processor.py:183} INFO - Processing /mnt/c/Users/victo/OneDrive/Desktop/fantasy_nba_dashboard/airflow_env/lib/python3.10/site-packages/airflow/example_dags/example_setup_teardown.py took 0.073 seconds
[2024-01-06T14:41:01.742-0800] {processor.py:161} INFO - Started process (PID=11508) to work on /mnt/c/Users/victo/OneDrive/Desktop/fantasy_nba_dashboard/airflow_env/lib/python3.10/site-packages/airflow/example_dags/example_setup_teardown.py
[2024-01-06T14:41:01.743-0800] {processor.py:830} INFO - Processing file /mnt/c/Users/victo/OneDrive/Desktop/fantasy_nba_dashboard/airflow_env/lib/python3.10/site-packages/airflow/example_dags/example_setup_teardown.py for tasks to queue
[2024-01-06T14:41:01.744-0800] {logging_mixin.py:188} INFO - [2024-01-06T14:41:01.743-0800] {dagbag.py:538} INFO - Filling up the DagBag from /mnt/c/Users/victo/OneDrive/Desktop/fantasy_nba_dashboard/airflow_env/lib/python3.10/site-packages/airflow/example_dags/example_setup_teardown.py
[2024-01-06T14:41:01.751-0800] {processor.py:840} INFO - DAG(s) 'example_setup_teardown' retrieved from /mnt/c/Users/victo/OneDrive/Desktop/fantasy_nba_dashboard/airflow_env/lib/python3.10/site-packages/airflow/example_dags/example_setup_teardown.py
[2024-01-06T14:41:01.779-0800] {logging_mixin.py:188} INFO - [2024-01-06T14:41:01.779-0800] {dag.py:3033} INFO - Sync 1 DAGs
[2024-01-06T14:41:01.795-0800] {logging_mixin.py:188} INFO - [2024-01-06T14:41:01.795-0800] {dag.py:3820} INFO - Setting next_dagrun for example_setup_teardown to 2024-01-05T00:00:00+00:00, run_after=2024-01-06T00:00:00+00:00
[2024-01-06T14:41:01.807-0800] {processor.py:183} INFO - Processing /mnt/c/Users/victo/OneDrive/Desktop/fantasy_nba_dashboard/airflow_env/lib/python3.10/site-packages/airflow/example_dags/example_setup_teardown.py took 0.069 seconds
