[2024-01-06T14:24:42.059-0800] {processor.py:161} INFO - Started process (PID=7087) to work on /mnt/c/Users/victo/OneDrive/Desktop/fantasy_nba_dashboard/airflow_env/lib/python3.10/site-packages/airflow/example_dags/example_short_circuit_operator.py
[2024-01-06T14:24:42.060-0800] {processor.py:830} INFO - Processing file /mnt/c/Users/victo/OneDrive/Desktop/fantasy_nba_dashboard/airflow_env/lib/python3.10/site-packages/airflow/example_dags/example_short_circuit_operator.py for tasks to queue
[2024-01-06T14:24:42.061-0800] {logging_mixin.py:188} INFO - [2024-01-06T14:24:42.061-0800] {dagbag.py:538} INFO - Filling up the DagBag from /mnt/c/Users/victo/OneDrive/Desktop/fantasy_nba_dashboard/airflow_env/lib/python3.10/site-packages/airflow/example_dags/example_short_circuit_operator.py
[2024-01-06T14:24:42.071-0800] {processor.py:840} INFO - DAG(s) 'example_short_circuit_operator' retrieved from /mnt/c/Users/victo/OneDrive/Desktop/fantasy_nba_dashboard/airflow_env/lib/python3.10/site-packages/airflow/example_dags/example_short_circuit_operator.py
[2024-01-06T14:24:42.172-0800] {logging_mixin.py:188} INFO - [2024-01-06T14:24:42.172-0800] {dag.py:3033} INFO - Sync 1 DAGs
[2024-01-06T14:24:42.187-0800] {logging_mixin.py:188} INFO - [2024-01-06T14:24:42.186-0800] {dag.py:3820} INFO - Setting next_dagrun for example_short_circuit_operator to 2024-01-05T00:00:00+00:00, run_after=2024-01-06T00:00:00+00:00
[2024-01-06T14:24:42.205-0800] {processor.py:183} INFO - Processing /mnt/c/Users/victo/OneDrive/Desktop/fantasy_nba_dashboard/airflow_env/lib/python3.10/site-packages/airflow/example_dags/example_short_circuit_operator.py took 0.150 seconds
[2024-01-06T14:25:12.277-0800] {processor.py:161} INFO - Started process (PID=7243) to work on /mnt/c/Users/victo/OneDrive/Desktop/fantasy_nba_dashboard/airflow_env/lib/python3.10/site-packages/airflow/example_dags/example_short_circuit_operator.py
[2024-01-06T14:25:12.278-0800] {processor.py:830} INFO - Processing file /mnt/c/Users/victo/OneDrive/Desktop/fantasy_nba_dashboard/airflow_env/lib/python3.10/site-packages/airflow/example_dags/example_short_circuit_operator.py for tasks to queue
[2024-01-06T14:25:12.278-0800] {logging_mixin.py:188} INFO - [2024-01-06T14:25:12.278-0800] {dagbag.py:538} INFO - Filling up the DagBag from /mnt/c/Users/victo/OneDrive/Desktop/fantasy_nba_dashboard/airflow_env/lib/python3.10/site-packages/airflow/example_dags/example_short_circuit_operator.py
[2024-01-06T14:25:12.286-0800] {processor.py:840} INFO - DAG(s) 'example_short_circuit_operator' retrieved from /mnt/c/Users/victo/OneDrive/Desktop/fantasy_nba_dashboard/airflow_env/lib/python3.10/site-packages/airflow/example_dags/example_short_circuit_operator.py
[2024-01-06T14:25:12.316-0800] {logging_mixin.py:188} INFO - [2024-01-06T14:25:12.316-0800] {dag.py:3033} INFO - Sync 1 DAGs
[2024-01-06T14:25:12.332-0800] {logging_mixin.py:188} INFO - [2024-01-06T14:25:12.331-0800] {dag.py:3820} INFO - Setting next_dagrun for example_short_circuit_operator to 2024-01-05T00:00:00+00:00, run_after=2024-01-06T00:00:00+00:00
[2024-01-06T14:25:12.343-0800] {processor.py:183} INFO - Processing /mnt/c/Users/victo/OneDrive/Desktop/fantasy_nba_dashboard/airflow_env/lib/python3.10/site-packages/airflow/example_dags/example_short_circuit_operator.py took 0.070 seconds
[2024-01-06T14:25:42.637-0800] {processor.py:161} INFO - Started process (PID=7493) to work on /mnt/c/Users/victo/OneDrive/Desktop/fantasy_nba_dashboard/airflow_env/lib/python3.10/site-packages/airflow/example_dags/example_short_circuit_operator.py
[2024-01-06T14:25:42.638-0800] {processor.py:830} INFO - Processing file /mnt/c/Users/victo/OneDrive/Desktop/fantasy_nba_dashboard/airflow_env/lib/python3.10/site-packages/airflow/example_dags/example_short_circuit_operator.py for tasks to queue
[2024-01-06T14:25:42.638-0800] {logging_mixin.py:188} INFO - [2024-01-06T14:25:42.638-0800] {dagbag.py:538} INFO - Filling up the DagBag from /mnt/c/Users/victo/OneDrive/Desktop/fantasy_nba_dashboard/airflow_env/lib/python3.10/site-packages/airflow/example_dags/example_short_circuit_operator.py
[2024-01-06T14:25:42.646-0800] {processor.py:840} INFO - DAG(s) 'example_short_circuit_operator' retrieved from /mnt/c/Users/victo/OneDrive/Desktop/fantasy_nba_dashboard/airflow_env/lib/python3.10/site-packages/airflow/example_dags/example_short_circuit_operator.py
[2024-01-06T14:25:42.675-0800] {logging_mixin.py:188} INFO - [2024-01-06T14:25:42.675-0800] {dag.py:3033} INFO - Sync 1 DAGs
[2024-01-06T14:25:42.690-0800] {logging_mixin.py:188} INFO - [2024-01-06T14:25:42.690-0800] {dag.py:3820} INFO - Setting next_dagrun for example_short_circuit_operator to 2024-01-05T00:00:00+00:00, run_after=2024-01-06T00:00:00+00:00
[2024-01-06T14:25:42.702-0800] {processor.py:183} INFO - Processing /mnt/c/Users/victo/OneDrive/Desktop/fantasy_nba_dashboard/airflow_env/lib/python3.10/site-packages/airflow/example_dags/example_short_circuit_operator.py took 0.069 seconds
[2024-01-06T14:26:12.931-0800] {processor.py:161} INFO - Started process (PID=8032) to work on /mnt/c/Users/victo/OneDrive/Desktop/fantasy_nba_dashboard/airflow_env/lib/python3.10/site-packages/airflow/example_dags/example_short_circuit_operator.py
[2024-01-06T14:26:12.932-0800] {processor.py:830} INFO - Processing file /mnt/c/Users/victo/OneDrive/Desktop/fantasy_nba_dashboard/airflow_env/lib/python3.10/site-packages/airflow/example_dags/example_short_circuit_operator.py for tasks to queue
[2024-01-06T14:26:12.933-0800] {logging_mixin.py:188} INFO - [2024-01-06T14:26:12.933-0800] {dagbag.py:538} INFO - Filling up the DagBag from /mnt/c/Users/victo/OneDrive/Desktop/fantasy_nba_dashboard/airflow_env/lib/python3.10/site-packages/airflow/example_dags/example_short_circuit_operator.py
[2024-01-06T14:26:12.941-0800] {processor.py:840} INFO - DAG(s) 'example_short_circuit_operator' retrieved from /mnt/c/Users/victo/OneDrive/Desktop/fantasy_nba_dashboard/airflow_env/lib/python3.10/site-packages/airflow/example_dags/example_short_circuit_operator.py
[2024-01-06T14:26:12.974-0800] {logging_mixin.py:188} INFO - [2024-01-06T14:26:12.974-0800] {dag.py:3033} INFO - Sync 1 DAGs
[2024-01-06T14:26:12.989-0800] {logging_mixin.py:188} INFO - [2024-01-06T14:26:12.989-0800] {dag.py:3820} INFO - Setting next_dagrun for example_short_circuit_operator to 2024-01-05T00:00:00+00:00, run_after=2024-01-06T00:00:00+00:00
[2024-01-06T14:26:13.001-0800] {processor.py:183} INFO - Processing /mnt/c/Users/victo/OneDrive/Desktop/fantasy_nba_dashboard/airflow_env/lib/python3.10/site-packages/airflow/example_dags/example_short_circuit_operator.py took 0.073 seconds
[2024-01-06T14:35:53.846-0800] {processor.py:161} INFO - Started process (PID=9541) to work on /mnt/c/Users/victo/OneDrive/Desktop/fantasy_nba_dashboard/airflow_env/lib/python3.10/site-packages/airflow/example_dags/example_short_circuit_operator.py
[2024-01-06T14:35:53.847-0800] {processor.py:830} INFO - Processing file /mnt/c/Users/victo/OneDrive/Desktop/fantasy_nba_dashboard/airflow_env/lib/python3.10/site-packages/airflow/example_dags/example_short_circuit_operator.py for tasks to queue
[2024-01-06T14:35:53.847-0800] {logging_mixin.py:188} INFO - [2024-01-06T14:35:53.847-0800] {dagbag.py:538} INFO - Filling up the DagBag from /mnt/c/Users/victo/OneDrive/Desktop/fantasy_nba_dashboard/airflow_env/lib/python3.10/site-packages/airflow/example_dags/example_short_circuit_operator.py
[2024-01-06T14:35:53.858-0800] {processor.py:840} INFO - DAG(s) 'example_short_circuit_operator' retrieved from /mnt/c/Users/victo/OneDrive/Desktop/fantasy_nba_dashboard/airflow_env/lib/python3.10/site-packages/airflow/example_dags/example_short_circuit_operator.py
[2024-01-06T14:35:53.891-0800] {logging_mixin.py:188} INFO - [2024-01-06T14:35:53.891-0800] {dag.py:3033} INFO - Sync 1 DAGs
[2024-01-06T14:35:53.908-0800] {logging_mixin.py:188} INFO - [2024-01-06T14:35:53.908-0800] {dag.py:3820} INFO - Setting next_dagrun for example_short_circuit_operator to 2024-01-05T00:00:00+00:00, run_after=2024-01-06T00:00:00+00:00
[2024-01-06T14:35:53.926-0800] {processor.py:183} INFO - Processing /mnt/c/Users/victo/OneDrive/Desktop/fantasy_nba_dashboard/airflow_env/lib/python3.10/site-packages/airflow/example_dags/example_short_circuit_operator.py took 0.084 seconds
[2024-01-06T14:36:24.105-0800] {processor.py:161} INFO - Started process (PID=9722) to work on /mnt/c/Users/victo/OneDrive/Desktop/fantasy_nba_dashboard/airflow_env/lib/python3.10/site-packages/airflow/example_dags/example_short_circuit_operator.py
[2024-01-06T14:36:24.106-0800] {processor.py:830} INFO - Processing file /mnt/c/Users/victo/OneDrive/Desktop/fantasy_nba_dashboard/airflow_env/lib/python3.10/site-packages/airflow/example_dags/example_short_circuit_operator.py for tasks to queue
[2024-01-06T14:36:24.107-0800] {logging_mixin.py:188} INFO - [2024-01-06T14:36:24.106-0800] {dagbag.py:538} INFO - Filling up the DagBag from /mnt/c/Users/victo/OneDrive/Desktop/fantasy_nba_dashboard/airflow_env/lib/python3.10/site-packages/airflow/example_dags/example_short_circuit_operator.py
[2024-01-06T14:36:24.115-0800] {processor.py:840} INFO - DAG(s) 'example_short_circuit_operator' retrieved from /mnt/c/Users/victo/OneDrive/Desktop/fantasy_nba_dashboard/airflow_env/lib/python3.10/site-packages/airflow/example_dags/example_short_circuit_operator.py
[2024-01-06T14:36:24.148-0800] {logging_mixin.py:188} INFO - [2024-01-06T14:36:24.147-0800] {dag.py:3033} INFO - Sync 1 DAGs
[2024-01-06T14:36:24.172-0800] {logging_mixin.py:188} INFO - [2024-01-06T14:36:24.172-0800] {dag.py:3820} INFO - Setting next_dagrun for example_short_circuit_operator to 2024-01-05T00:00:00+00:00, run_after=2024-01-06T00:00:00+00:00
[2024-01-06T14:36:24.187-0800] {processor.py:183} INFO - Processing /mnt/c/Users/victo/OneDrive/Desktop/fantasy_nba_dashboard/airflow_env/lib/python3.10/site-packages/airflow/example_dags/example_short_circuit_operator.py took 0.086 seconds
[2024-01-06T14:36:55.465-0800] {processor.py:161} INFO - Started process (PID=10004) to work on /mnt/c/Users/victo/OneDrive/Desktop/fantasy_nba_dashboard/airflow_env/lib/python3.10/site-packages/airflow/example_dags/example_short_circuit_operator.py
[2024-01-06T14:36:55.466-0800] {processor.py:830} INFO - Processing file /mnt/c/Users/victo/OneDrive/Desktop/fantasy_nba_dashboard/airflow_env/lib/python3.10/site-packages/airflow/example_dags/example_short_circuit_operator.py for tasks to queue
[2024-01-06T14:36:55.467-0800] {logging_mixin.py:188} INFO - [2024-01-06T14:36:55.466-0800] {dagbag.py:538} INFO - Filling up the DagBag from /mnt/c/Users/victo/OneDrive/Desktop/fantasy_nba_dashboard/airflow_env/lib/python3.10/site-packages/airflow/example_dags/example_short_circuit_operator.py
[2024-01-06T14:36:55.475-0800] {processor.py:840} INFO - DAG(s) 'example_short_circuit_operator' retrieved from /mnt/c/Users/victo/OneDrive/Desktop/fantasy_nba_dashboard/airflow_env/lib/python3.10/site-packages/airflow/example_dags/example_short_circuit_operator.py
[2024-01-06T14:36:55.506-0800] {logging_mixin.py:188} INFO - [2024-01-06T14:36:55.506-0800] {dag.py:3033} INFO - Sync 1 DAGs
[2024-01-06T14:36:55.524-0800] {logging_mixin.py:188} INFO - [2024-01-06T14:36:55.524-0800] {dag.py:3820} INFO - Setting next_dagrun for example_short_circuit_operator to 2024-01-05T00:00:00+00:00, run_after=2024-01-06T00:00:00+00:00
[2024-01-06T14:36:55.541-0800] {processor.py:183} INFO - Processing /mnt/c/Users/victo/OneDrive/Desktop/fantasy_nba_dashboard/airflow_env/lib/python3.10/site-packages/airflow/example_dags/example_short_circuit_operator.py took 0.081 seconds
[2024-01-06T14:37:26.063-0800] {processor.py:161} INFO - Started process (PID=10280) to work on /mnt/c/Users/victo/OneDrive/Desktop/fantasy_nba_dashboard/airflow_env/lib/python3.10/site-packages/airflow/example_dags/example_short_circuit_operator.py
[2024-01-06T14:37:26.064-0800] {processor.py:830} INFO - Processing file /mnt/c/Users/victo/OneDrive/Desktop/fantasy_nba_dashboard/airflow_env/lib/python3.10/site-packages/airflow/example_dags/example_short_circuit_operator.py for tasks to queue
[2024-01-06T14:37:26.064-0800] {logging_mixin.py:188} INFO - [2024-01-06T14:37:26.064-0800] {dagbag.py:538} INFO - Filling up the DagBag from /mnt/c/Users/victo/OneDrive/Desktop/fantasy_nba_dashboard/airflow_env/lib/python3.10/site-packages/airflow/example_dags/example_short_circuit_operator.py
[2024-01-06T14:37:26.073-0800] {processor.py:840} INFO - DAG(s) 'example_short_circuit_operator' retrieved from /mnt/c/Users/victo/OneDrive/Desktop/fantasy_nba_dashboard/airflow_env/lib/python3.10/site-packages/airflow/example_dags/example_short_circuit_operator.py
[2024-01-06T14:37:26.104-0800] {logging_mixin.py:188} INFO - [2024-01-06T14:37:26.103-0800] {dag.py:3033} INFO - Sync 1 DAGs
[2024-01-06T14:37:26.121-0800] {logging_mixin.py:188} INFO - [2024-01-06T14:37:26.121-0800] {dag.py:3820} INFO - Setting next_dagrun for example_short_circuit_operator to 2024-01-05T00:00:00+00:00, run_after=2024-01-06T00:00:00+00:00
[2024-01-06T14:37:26.135-0800] {processor.py:183} INFO - Processing /mnt/c/Users/victo/OneDrive/Desktop/fantasy_nba_dashboard/airflow_env/lib/python3.10/site-packages/airflow/example_dags/example_short_circuit_operator.py took 0.077 seconds
[2024-01-06T14:37:56.811-0800] {processor.py:161} INFO - Started process (PID=10481) to work on /mnt/c/Users/victo/OneDrive/Desktop/fantasy_nba_dashboard/airflow_env/lib/python3.10/site-packages/airflow/example_dags/example_short_circuit_operator.py
[2024-01-06T14:37:56.812-0800] {processor.py:830} INFO - Processing file /mnt/c/Users/victo/OneDrive/Desktop/fantasy_nba_dashboard/airflow_env/lib/python3.10/site-packages/airflow/example_dags/example_short_circuit_operator.py for tasks to queue
[2024-01-06T14:37:56.812-0800] {logging_mixin.py:188} INFO - [2024-01-06T14:37:56.812-0800] {dagbag.py:538} INFO - Filling up the DagBag from /mnt/c/Users/victo/OneDrive/Desktop/fantasy_nba_dashboard/airflow_env/lib/python3.10/site-packages/airflow/example_dags/example_short_circuit_operator.py
[2024-01-06T14:37:56.821-0800] {processor.py:840} INFO - DAG(s) 'example_short_circuit_operator' retrieved from /mnt/c/Users/victo/OneDrive/Desktop/fantasy_nba_dashboard/airflow_env/lib/python3.10/site-packages/airflow/example_dags/example_short_circuit_operator.py
[2024-01-06T14:37:56.853-0800] {logging_mixin.py:188} INFO - [2024-01-06T14:37:56.853-0800] {dag.py:3033} INFO - Sync 1 DAGs
[2024-01-06T14:37:56.871-0800] {logging_mixin.py:188} INFO - [2024-01-06T14:37:56.871-0800] {dag.py:3820} INFO - Setting next_dagrun for example_short_circuit_operator to 2024-01-05T00:00:00+00:00, run_after=2024-01-06T00:00:00+00:00
[2024-01-06T14:37:56.884-0800] {processor.py:183} INFO - Processing /mnt/c/Users/victo/OneDrive/Desktop/fantasy_nba_dashboard/airflow_env/lib/python3.10/site-packages/airflow/example_dags/example_short_circuit_operator.py took 0.077 seconds
[2024-01-06T14:38:27.473-0800] {processor.py:161} INFO - Started process (PID=10655) to work on /mnt/c/Users/victo/OneDrive/Desktop/fantasy_nba_dashboard/airflow_env/lib/python3.10/site-packages/airflow/example_dags/example_short_circuit_operator.py
[2024-01-06T14:38:27.474-0800] {processor.py:830} INFO - Processing file /mnt/c/Users/victo/OneDrive/Desktop/fantasy_nba_dashboard/airflow_env/lib/python3.10/site-packages/airflow/example_dags/example_short_circuit_operator.py for tasks to queue
[2024-01-06T14:38:27.475-0800] {logging_mixin.py:188} INFO - [2024-01-06T14:38:27.474-0800] {dagbag.py:538} INFO - Filling up the DagBag from /mnt/c/Users/victo/OneDrive/Desktop/fantasy_nba_dashboard/airflow_env/lib/python3.10/site-packages/airflow/example_dags/example_short_circuit_operator.py
[2024-01-06T14:38:27.483-0800] {processor.py:840} INFO - DAG(s) 'example_short_circuit_operator' retrieved from /mnt/c/Users/victo/OneDrive/Desktop/fantasy_nba_dashboard/airflow_env/lib/python3.10/site-packages/airflow/example_dags/example_short_circuit_operator.py
[2024-01-06T14:38:27.513-0800] {logging_mixin.py:188} INFO - [2024-01-06T14:38:27.513-0800] {dag.py:3033} INFO - Sync 1 DAGs
[2024-01-06T14:38:27.530-0800] {logging_mixin.py:188} INFO - [2024-01-06T14:38:27.529-0800] {dag.py:3820} INFO - Setting next_dagrun for example_short_circuit_operator to 2024-01-05T00:00:00+00:00, run_after=2024-01-06T00:00:00+00:00
[2024-01-06T14:38:27.543-0800] {processor.py:183} INFO - Processing /mnt/c/Users/victo/OneDrive/Desktop/fantasy_nba_dashboard/airflow_env/lib/python3.10/site-packages/airflow/example_dags/example_short_circuit_operator.py took 0.074 seconds
[2024-01-06T14:38:58.513-0800] {processor.py:161} INFO - Started process (PID=10846) to work on /mnt/c/Users/victo/OneDrive/Desktop/fantasy_nba_dashboard/airflow_env/lib/python3.10/site-packages/airflow/example_dags/example_short_circuit_operator.py
[2024-01-06T14:38:58.514-0800] {processor.py:830} INFO - Processing file /mnt/c/Users/victo/OneDrive/Desktop/fantasy_nba_dashboard/airflow_env/lib/python3.10/site-packages/airflow/example_dags/example_short_circuit_operator.py for tasks to queue
[2024-01-06T14:38:58.515-0800] {logging_mixin.py:188} INFO - [2024-01-06T14:38:58.514-0800] {dagbag.py:538} INFO - Filling up the DagBag from /mnt/c/Users/victo/OneDrive/Desktop/fantasy_nba_dashboard/airflow_env/lib/python3.10/site-packages/airflow/example_dags/example_short_circuit_operator.py
[2024-01-06T14:38:58.524-0800] {processor.py:840} INFO - DAG(s) 'example_short_circuit_operator' retrieved from /mnt/c/Users/victo/OneDrive/Desktop/fantasy_nba_dashboard/airflow_env/lib/python3.10/site-packages/airflow/example_dags/example_short_circuit_operator.py
[2024-01-06T14:38:58.566-0800] {logging_mixin.py:188} INFO - [2024-01-06T14:38:58.566-0800] {dag.py:3033} INFO - Sync 1 DAGs
[2024-01-06T14:38:58.590-0800] {logging_mixin.py:188} INFO - [2024-01-06T14:38:58.590-0800] {dag.py:3820} INFO - Setting next_dagrun for example_short_circuit_operator to 2024-01-05T00:00:00+00:00, run_after=2024-01-06T00:00:00+00:00
[2024-01-06T14:38:58.604-0800] {processor.py:183} INFO - Processing /mnt/c/Users/victo/OneDrive/Desktop/fantasy_nba_dashboard/airflow_env/lib/python3.10/site-packages/airflow/example_dags/example_short_circuit_operator.py took 0.096 seconds
[2024-01-06T14:39:29.104-0800] {processor.py:161} INFO - Started process (PID=11005) to work on /mnt/c/Users/victo/OneDrive/Desktop/fantasy_nba_dashboard/airflow_env/lib/python3.10/site-packages/airflow/example_dags/example_short_circuit_operator.py
[2024-01-06T14:39:29.105-0800] {processor.py:830} INFO - Processing file /mnt/c/Users/victo/OneDrive/Desktop/fantasy_nba_dashboard/airflow_env/lib/python3.10/site-packages/airflow/example_dags/example_short_circuit_operator.py for tasks to queue
[2024-01-06T14:39:29.105-0800] {logging_mixin.py:188} INFO - [2024-01-06T14:39:29.105-0800] {dagbag.py:538} INFO - Filling up the DagBag from /mnt/c/Users/victo/OneDrive/Desktop/fantasy_nba_dashboard/airflow_env/lib/python3.10/site-packages/airflow/example_dags/example_short_circuit_operator.py
[2024-01-06T14:39:29.114-0800] {processor.py:840} INFO - DAG(s) 'example_short_circuit_operator' retrieved from /mnt/c/Users/victo/OneDrive/Desktop/fantasy_nba_dashboard/airflow_env/lib/python3.10/site-packages/airflow/example_dags/example_short_circuit_operator.py
[2024-01-06T14:39:29.147-0800] {logging_mixin.py:188} INFO - [2024-01-06T14:39:29.146-0800] {dag.py:3033} INFO - Sync 1 DAGs
[2024-01-06T14:39:29.166-0800] {logging_mixin.py:188} INFO - [2024-01-06T14:39:29.166-0800] {dag.py:3820} INFO - Setting next_dagrun for example_short_circuit_operator to 2024-01-05T00:00:00+00:00, run_after=2024-01-06T00:00:00+00:00
[2024-01-06T14:39:29.180-0800] {processor.py:183} INFO - Processing /mnt/c/Users/victo/OneDrive/Desktop/fantasy_nba_dashboard/airflow_env/lib/python3.10/site-packages/airflow/example_dags/example_short_circuit_operator.py took 0.080 seconds
[2024-01-06T14:39:59.927-0800] {processor.py:161} INFO - Started process (PID=11162) to work on /mnt/c/Users/victo/OneDrive/Desktop/fantasy_nba_dashboard/airflow_env/lib/python3.10/site-packages/airflow/example_dags/example_short_circuit_operator.py
[2024-01-06T14:39:59.928-0800] {processor.py:830} INFO - Processing file /mnt/c/Users/victo/OneDrive/Desktop/fantasy_nba_dashboard/airflow_env/lib/python3.10/site-packages/airflow/example_dags/example_short_circuit_operator.py for tasks to queue
[2024-01-06T14:39:59.928-0800] {logging_mixin.py:188} INFO - [2024-01-06T14:39:59.928-0800] {dagbag.py:538} INFO - Filling up the DagBag from /mnt/c/Users/victo/OneDrive/Desktop/fantasy_nba_dashboard/airflow_env/lib/python3.10/site-packages/airflow/example_dags/example_short_circuit_operator.py
[2024-01-06T14:39:59.937-0800] {processor.py:840} INFO - DAG(s) 'example_short_circuit_operator' retrieved from /mnt/c/Users/victo/OneDrive/Desktop/fantasy_nba_dashboard/airflow_env/lib/python3.10/site-packages/airflow/example_dags/example_short_circuit_operator.py
[2024-01-06T14:39:59.969-0800] {logging_mixin.py:188} INFO - [2024-01-06T14:39:59.969-0800] {dag.py:3033} INFO - Sync 1 DAGs
[2024-01-06T14:39:59.987-0800] {logging_mixin.py:188} INFO - [2024-01-06T14:39:59.987-0800] {dag.py:3820} INFO - Setting next_dagrun for example_short_circuit_operator to 2024-01-05T00:00:00+00:00, run_after=2024-01-06T00:00:00+00:00
[2024-01-06T14:39:59.999-0800] {processor.py:183} INFO - Processing /mnt/c/Users/victo/OneDrive/Desktop/fantasy_nba_dashboard/airflow_env/lib/python3.10/site-packages/airflow/example_dags/example_short_circuit_operator.py took 0.076 seconds
[2024-01-06T14:40:30.668-0800] {processor.py:161} INFO - Started process (PID=11317) to work on /mnt/c/Users/victo/OneDrive/Desktop/fantasy_nba_dashboard/airflow_env/lib/python3.10/site-packages/airflow/example_dags/example_short_circuit_operator.py
[2024-01-06T14:40:30.669-0800] {processor.py:830} INFO - Processing file /mnt/c/Users/victo/OneDrive/Desktop/fantasy_nba_dashboard/airflow_env/lib/python3.10/site-packages/airflow/example_dags/example_short_circuit_operator.py for tasks to queue
[2024-01-06T14:40:30.670-0800] {logging_mixin.py:188} INFO - [2024-01-06T14:40:30.670-0800] {dagbag.py:538} INFO - Filling up the DagBag from /mnt/c/Users/victo/OneDrive/Desktop/fantasy_nba_dashboard/airflow_env/lib/python3.10/site-packages/airflow/example_dags/example_short_circuit_operator.py
[2024-01-06T14:40:30.679-0800] {processor.py:840} INFO - DAG(s) 'example_short_circuit_operator' retrieved from /mnt/c/Users/victo/OneDrive/Desktop/fantasy_nba_dashboard/airflow_env/lib/python3.10/site-packages/airflow/example_dags/example_short_circuit_operator.py
[2024-01-06T14:40:30.713-0800] {logging_mixin.py:188} INFO - [2024-01-06T14:40:30.713-0800] {dag.py:3033} INFO - Sync 1 DAGs
[2024-01-06T14:40:30.730-0800] {logging_mixin.py:188} INFO - [2024-01-06T14:40:30.730-0800] {dag.py:3820} INFO - Setting next_dagrun for example_short_circuit_operator to 2024-01-05T00:00:00+00:00, run_after=2024-01-06T00:00:00+00:00
[2024-01-06T14:40:30.743-0800] {processor.py:183} INFO - Processing /mnt/c/Users/victo/OneDrive/Desktop/fantasy_nba_dashboard/airflow_env/lib/python3.10/site-packages/airflow/example_dags/example_short_circuit_operator.py took 0.079 seconds
[2024-01-06T14:41:01.544-0800] {processor.py:161} INFO - Started process (PID=11501) to work on /mnt/c/Users/victo/OneDrive/Desktop/fantasy_nba_dashboard/airflow_env/lib/python3.10/site-packages/airflow/example_dags/example_short_circuit_operator.py
[2024-01-06T14:41:01.545-0800] {processor.py:830} INFO - Processing file /mnt/c/Users/victo/OneDrive/Desktop/fantasy_nba_dashboard/airflow_env/lib/python3.10/site-packages/airflow/example_dags/example_short_circuit_operator.py for tasks to queue
[2024-01-06T14:41:01.546-0800] {logging_mixin.py:188} INFO - [2024-01-06T14:41:01.546-0800] {dagbag.py:538} INFO - Filling up the DagBag from /mnt/c/Users/victo/OneDrive/Desktop/fantasy_nba_dashboard/airflow_env/lib/python3.10/site-packages/airflow/example_dags/example_short_circuit_operator.py
[2024-01-06T14:41:01.554-0800] {processor.py:840} INFO - DAG(s) 'example_short_circuit_operator' retrieved from /mnt/c/Users/victo/OneDrive/Desktop/fantasy_nba_dashboard/airflow_env/lib/python3.10/site-packages/airflow/example_dags/example_short_circuit_operator.py
[2024-01-06T14:41:01.584-0800] {logging_mixin.py:188} INFO - [2024-01-06T14:41:01.584-0800] {dag.py:3033} INFO - Sync 1 DAGs
[2024-01-06T14:41:01.600-0800] {logging_mixin.py:188} INFO - [2024-01-06T14:41:01.600-0800] {dag.py:3820} INFO - Setting next_dagrun for example_short_circuit_operator to 2024-01-05T00:00:00+00:00, run_after=2024-01-06T00:00:00+00:00
[2024-01-06T14:41:01.612-0800] {processor.py:183} INFO - Processing /mnt/c/Users/victo/OneDrive/Desktop/fantasy_nba_dashboard/airflow_env/lib/python3.10/site-packages/airflow/example_dags/example_short_circuit_operator.py took 0.072 seconds
