[2024-01-06T14:24:44.078-0800] {processor.py:161} INFO - Started process (PID=7133) to work on /mnt/c/Users/victo/OneDrive/Desktop/fantasy_nba_dashboard/airflow_env/lib/python3.10/site-packages/airflow/example_dags/example_branch_python_dop_operator_3.py
[2024-01-06T14:24:44.079-0800] {processor.py:830} INFO - Processing file /mnt/c/Users/victo/OneDrive/Desktop/fantasy_nba_dashboard/airflow_env/lib/python3.10/site-packages/airflow/example_dags/example_branch_python_dop_operator_3.py for tasks to queue
[2024-01-06T14:24:44.079-0800] {logging_mixin.py:188} INFO - [2024-01-06T14:24:44.079-0800] {dagbag.py:538} INFO - Filling up the DagBag from /mnt/c/Users/victo/OneDrive/Desktop/fantasy_nba_dashboard/airflow_env/lib/python3.10/site-packages/airflow/example_dags/example_branch_python_dop_operator_3.py
[2024-01-06T14:24:44.090-0800] {processor.py:840} INFO - DAG(s) 'example_branch_dop_operator_v3' retrieved from /mnt/c/Users/victo/OneDrive/Desktop/fantasy_nba_dashboard/airflow_env/lib/python3.10/site-packages/airflow/example_dags/example_branch_python_dop_operator_3.py
[2024-01-06T14:24:44.194-0800] {logging_mixin.py:188} INFO - [2024-01-06T14:24:44.194-0800] {dag.py:3033} INFO - Sync 1 DAGs
[2024-01-06T14:24:44.212-0800] {logging_mixin.py:188} INFO - [2024-01-06T14:24:44.212-0800] {dag.py:3820} INFO - Setting next_dagrun for example_branch_dop_operator_v3 to 2024-01-06T22:23:00+00:00, run_after=2024-01-06T22:24:00+00:00
[2024-01-06T14:24:44.228-0800] {processor.py:183} INFO - Processing /mnt/c/Users/victo/OneDrive/Desktop/fantasy_nba_dashboard/airflow_env/lib/python3.10/site-packages/airflow/example_dags/example_branch_python_dop_operator_3.py took 0.155 seconds
[2024-01-06T14:25:14.894-0800] {processor.py:161} INFO - Started process (PID=7293) to work on /mnt/c/Users/victo/OneDrive/Desktop/fantasy_nba_dashboard/airflow_env/lib/python3.10/site-packages/airflow/example_dags/example_branch_python_dop_operator_3.py
[2024-01-06T14:25:14.895-0800] {processor.py:830} INFO - Processing file /mnt/c/Users/victo/OneDrive/Desktop/fantasy_nba_dashboard/airflow_env/lib/python3.10/site-packages/airflow/example_dags/example_branch_python_dop_operator_3.py for tasks to queue
[2024-01-06T14:25:14.895-0800] {logging_mixin.py:188} INFO - [2024-01-06T14:25:14.895-0800] {dagbag.py:538} INFO - Filling up the DagBag from /mnt/c/Users/victo/OneDrive/Desktop/fantasy_nba_dashboard/airflow_env/lib/python3.10/site-packages/airflow/example_dags/example_branch_python_dop_operator_3.py
[2024-01-06T14:25:14.904-0800] {processor.py:840} INFO - DAG(s) 'example_branch_dop_operator_v3' retrieved from /mnt/c/Users/victo/OneDrive/Desktop/fantasy_nba_dashboard/airflow_env/lib/python3.10/site-packages/airflow/example_dags/example_branch_python_dop_operator_3.py
[2024-01-06T14:25:14.936-0800] {logging_mixin.py:188} INFO - [2024-01-06T14:25:14.936-0800] {dag.py:3033} INFO - Sync 1 DAGs
[2024-01-06T14:25:14.955-0800] {logging_mixin.py:188} INFO - [2024-01-06T14:25:14.955-0800] {dag.py:3820} INFO - Setting next_dagrun for example_branch_dop_operator_v3 to 2024-01-06T22:24:00+00:00, run_after=2024-01-06T22:25:00+00:00
[2024-01-06T14:25:14.968-0800] {processor.py:183} INFO - Processing /mnt/c/Users/victo/OneDrive/Desktop/fantasy_nba_dashboard/airflow_env/lib/python3.10/site-packages/airflow/example_dags/example_branch_python_dop_operator_3.py took 0.079 seconds
[2024-01-06T14:25:45.006-0800] {processor.py:161} INFO - Started process (PID=7539) to work on /mnt/c/Users/victo/OneDrive/Desktop/fantasy_nba_dashboard/airflow_env/lib/python3.10/site-packages/airflow/example_dags/example_branch_python_dop_operator_3.py
[2024-01-06T14:25:45.007-0800] {processor.py:830} INFO - Processing file /mnt/c/Users/victo/OneDrive/Desktop/fantasy_nba_dashboard/airflow_env/lib/python3.10/site-packages/airflow/example_dags/example_branch_python_dop_operator_3.py for tasks to queue
[2024-01-06T14:25:45.008-0800] {logging_mixin.py:188} INFO - [2024-01-06T14:25:45.008-0800] {dagbag.py:538} INFO - Filling up the DagBag from /mnt/c/Users/victo/OneDrive/Desktop/fantasy_nba_dashboard/airflow_env/lib/python3.10/site-packages/airflow/example_dags/example_branch_python_dop_operator_3.py
[2024-01-06T14:25:45.016-0800] {processor.py:840} INFO - DAG(s) 'example_branch_dop_operator_v3' retrieved from /mnt/c/Users/victo/OneDrive/Desktop/fantasy_nba_dashboard/airflow_env/lib/python3.10/site-packages/airflow/example_dags/example_branch_python_dop_operator_3.py
[2024-01-06T14:25:45.043-0800] {logging_mixin.py:188} INFO - [2024-01-06T14:25:45.043-0800] {dag.py:3033} INFO - Sync 1 DAGs
[2024-01-06T14:25:45.061-0800] {logging_mixin.py:188} INFO - [2024-01-06T14:25:45.061-0800] {dag.py:3820} INFO - Setting next_dagrun for example_branch_dop_operator_v3 to 2024-01-06T22:24:00+00:00, run_after=2024-01-06T22:25:00+00:00
[2024-01-06T14:25:45.076-0800] {processor.py:183} INFO - Processing /mnt/c/Users/victo/OneDrive/Desktop/fantasy_nba_dashboard/airflow_env/lib/python3.10/site-packages/airflow/example_dags/example_branch_python_dop_operator_3.py took 0.074 seconds
[2024-01-06T14:26:15.222-0800] {processor.py:161} INFO - Started process (PID=8076) to work on /mnt/c/Users/victo/OneDrive/Desktop/fantasy_nba_dashboard/airflow_env/lib/python3.10/site-packages/airflow/example_dags/example_branch_python_dop_operator_3.py
[2024-01-06T14:26:15.222-0800] {processor.py:830} INFO - Processing file /mnt/c/Users/victo/OneDrive/Desktop/fantasy_nba_dashboard/airflow_env/lib/python3.10/site-packages/airflow/example_dags/example_branch_python_dop_operator_3.py for tasks to queue
[2024-01-06T14:26:15.223-0800] {logging_mixin.py:188} INFO - [2024-01-06T14:26:15.223-0800] {dagbag.py:538} INFO - Filling up the DagBag from /mnt/c/Users/victo/OneDrive/Desktop/fantasy_nba_dashboard/airflow_env/lib/python3.10/site-packages/airflow/example_dags/example_branch_python_dop_operator_3.py
[2024-01-06T14:26:15.231-0800] {processor.py:840} INFO - DAG(s) 'example_branch_dop_operator_v3' retrieved from /mnt/c/Users/victo/OneDrive/Desktop/fantasy_nba_dashboard/airflow_env/lib/python3.10/site-packages/airflow/example_dags/example_branch_python_dop_operator_3.py
[2024-01-06T14:26:15.258-0800] {logging_mixin.py:188} INFO - [2024-01-06T14:26:15.258-0800] {dag.py:3033} INFO - Sync 1 DAGs
[2024-01-06T14:26:15.275-0800] {logging_mixin.py:188} INFO - [2024-01-06T14:26:15.275-0800] {dag.py:3820} INFO - Setting next_dagrun for example_branch_dop_operator_v3 to 2024-01-06T22:25:00+00:00, run_after=2024-01-06T22:26:00+00:00
[2024-01-06T14:26:15.291-0800] {processor.py:183} INFO - Processing /mnt/c/Users/victo/OneDrive/Desktop/fantasy_nba_dashboard/airflow_env/lib/python3.10/site-packages/airflow/example_dags/example_branch_python_dop_operator_3.py took 0.074 seconds
[2024-01-06T14:35:55.328-0800] {processor.py:161} INFO - Started process (PID=9584) to work on /mnt/c/Users/victo/OneDrive/Desktop/fantasy_nba_dashboard/airflow_env/lib/python3.10/site-packages/airflow/example_dags/example_branch_python_dop_operator_3.py
[2024-01-06T14:35:55.329-0800] {processor.py:830} INFO - Processing file /mnt/c/Users/victo/OneDrive/Desktop/fantasy_nba_dashboard/airflow_env/lib/python3.10/site-packages/airflow/example_dags/example_branch_python_dop_operator_3.py for tasks to queue
[2024-01-06T14:35:55.330-0800] {logging_mixin.py:188} INFO - [2024-01-06T14:35:55.330-0800] {dagbag.py:538} INFO - Filling up the DagBag from /mnt/c/Users/victo/OneDrive/Desktop/fantasy_nba_dashboard/airflow_env/lib/python3.10/site-packages/airflow/example_dags/example_branch_python_dop_operator_3.py
[2024-01-06T14:35:55.338-0800] {processor.py:840} INFO - DAG(s) 'example_branch_dop_operator_v3' retrieved from /mnt/c/Users/victo/OneDrive/Desktop/fantasy_nba_dashboard/airflow_env/lib/python3.10/site-packages/airflow/example_dags/example_branch_python_dop_operator_3.py
[2024-01-06T14:35:55.371-0800] {logging_mixin.py:188} INFO - [2024-01-06T14:35:55.371-0800] {dag.py:3033} INFO - Sync 1 DAGs
[2024-01-06T14:35:55.391-0800] {logging_mixin.py:188} INFO - [2024-01-06T14:35:55.391-0800] {dag.py:3820} INFO - Setting next_dagrun for example_branch_dop_operator_v3 to 2024-01-06T22:34:00+00:00, run_after=2024-01-06T22:35:00+00:00
[2024-01-06T14:35:55.404-0800] {processor.py:183} INFO - Processing /mnt/c/Users/victo/OneDrive/Desktop/fantasy_nba_dashboard/airflow_env/lib/python3.10/site-packages/airflow/example_dags/example_branch_python_dop_operator_3.py took 0.079 seconds
[2024-01-06T14:36:25.501-0800] {processor.py:161} INFO - Started process (PID=9767) to work on /mnt/c/Users/victo/OneDrive/Desktop/fantasy_nba_dashboard/airflow_env/lib/python3.10/site-packages/airflow/example_dags/example_branch_python_dop_operator_3.py
[2024-01-06T14:36:25.502-0800] {processor.py:830} INFO - Processing file /mnt/c/Users/victo/OneDrive/Desktop/fantasy_nba_dashboard/airflow_env/lib/python3.10/site-packages/airflow/example_dags/example_branch_python_dop_operator_3.py for tasks to queue
[2024-01-06T14:36:25.503-0800] {logging_mixin.py:188} INFO - [2024-01-06T14:36:25.502-0800] {dagbag.py:538} INFO - Filling up the DagBag from /mnt/c/Users/victo/OneDrive/Desktop/fantasy_nba_dashboard/airflow_env/lib/python3.10/site-packages/airflow/example_dags/example_branch_python_dop_operator_3.py
[2024-01-06T14:36:25.511-0800] {processor.py:840} INFO - DAG(s) 'example_branch_dop_operator_v3' retrieved from /mnt/c/Users/victo/OneDrive/Desktop/fantasy_nba_dashboard/airflow_env/lib/python3.10/site-packages/airflow/example_dags/example_branch_python_dop_operator_3.py
[2024-01-06T14:36:25.541-0800] {logging_mixin.py:188} INFO - [2024-01-06T14:36:25.541-0800] {dag.py:3033} INFO - Sync 1 DAGs
[2024-01-06T14:36:25.562-0800] {logging_mixin.py:188} INFO - [2024-01-06T14:36:25.562-0800] {dag.py:3820} INFO - Setting next_dagrun for example_branch_dop_operator_v3 to 2024-01-06T22:35:00+00:00, run_after=2024-01-06T22:36:00+00:00
[2024-01-06T14:36:25.576-0800] {processor.py:183} INFO - Processing /mnt/c/Users/victo/OneDrive/Desktop/fantasy_nba_dashboard/airflow_env/lib/python3.10/site-packages/airflow/example_dags/example_branch_python_dop_operator_3.py took 0.079 seconds
[2024-01-06T14:36:56.479-0800] {processor.py:161} INFO - Started process (PID=10046) to work on /mnt/c/Users/victo/OneDrive/Desktop/fantasy_nba_dashboard/airflow_env/lib/python3.10/site-packages/airflow/example_dags/example_branch_python_dop_operator_3.py
[2024-01-06T14:36:56.480-0800] {processor.py:830} INFO - Processing file /mnt/c/Users/victo/OneDrive/Desktop/fantasy_nba_dashboard/airflow_env/lib/python3.10/site-packages/airflow/example_dags/example_branch_python_dop_operator_3.py for tasks to queue
[2024-01-06T14:36:56.481-0800] {logging_mixin.py:188} INFO - [2024-01-06T14:36:56.481-0800] {dagbag.py:538} INFO - Filling up the DagBag from /mnt/c/Users/victo/OneDrive/Desktop/fantasy_nba_dashboard/airflow_env/lib/python3.10/site-packages/airflow/example_dags/example_branch_python_dop_operator_3.py
[2024-01-06T14:36:56.490-0800] {processor.py:840} INFO - DAG(s) 'example_branch_dop_operator_v3' retrieved from /mnt/c/Users/victo/OneDrive/Desktop/fantasy_nba_dashboard/airflow_env/lib/python3.10/site-packages/airflow/example_dags/example_branch_python_dop_operator_3.py
[2024-01-06T14:36:56.521-0800] {logging_mixin.py:188} INFO - [2024-01-06T14:36:56.521-0800] {dag.py:3033} INFO - Sync 1 DAGs
[2024-01-06T14:36:56.539-0800] {logging_mixin.py:188} INFO - [2024-01-06T14:36:56.539-0800] {dag.py:3820} INFO - Setting next_dagrun for example_branch_dop_operator_v3 to 2024-01-06T22:35:00+00:00, run_after=2024-01-06T22:36:00+00:00
[2024-01-06T14:36:56.552-0800] {processor.py:183} INFO - Processing /mnt/c/Users/victo/OneDrive/Desktop/fantasy_nba_dashboard/airflow_env/lib/python3.10/site-packages/airflow/example_dags/example_branch_python_dop_operator_3.py took 0.076 seconds
[2024-01-06T14:37:27.150-0800] {processor.py:161} INFO - Started process (PID=10325) to work on /mnt/c/Users/victo/OneDrive/Desktop/fantasy_nba_dashboard/airflow_env/lib/python3.10/site-packages/airflow/example_dags/example_branch_python_dop_operator_3.py
[2024-01-06T14:37:27.151-0800] {processor.py:830} INFO - Processing file /mnt/c/Users/victo/OneDrive/Desktop/fantasy_nba_dashboard/airflow_env/lib/python3.10/site-packages/airflow/example_dags/example_branch_python_dop_operator_3.py for tasks to queue
[2024-01-06T14:37:27.152-0800] {logging_mixin.py:188} INFO - [2024-01-06T14:37:27.152-0800] {dagbag.py:538} INFO - Filling up the DagBag from /mnt/c/Users/victo/OneDrive/Desktop/fantasy_nba_dashboard/airflow_env/lib/python3.10/site-packages/airflow/example_dags/example_branch_python_dop_operator_3.py
[2024-01-06T14:37:27.161-0800] {processor.py:840} INFO - DAG(s) 'example_branch_dop_operator_v3' retrieved from /mnt/c/Users/victo/OneDrive/Desktop/fantasy_nba_dashboard/airflow_env/lib/python3.10/site-packages/airflow/example_dags/example_branch_python_dop_operator_3.py
[2024-01-06T14:37:27.197-0800] {logging_mixin.py:188} INFO - [2024-01-06T14:37:27.197-0800] {dag.py:3033} INFO - Sync 1 DAGs
[2024-01-06T14:37:27.219-0800] {logging_mixin.py:188} INFO - [2024-01-06T14:37:27.219-0800] {dag.py:3820} INFO - Setting next_dagrun for example_branch_dop_operator_v3 to 2024-01-06T22:36:00+00:00, run_after=2024-01-06T22:37:00+00:00
[2024-01-06T14:37:27.233-0800] {processor.py:183} INFO - Processing /mnt/c/Users/victo/OneDrive/Desktop/fantasy_nba_dashboard/airflow_env/lib/python3.10/site-packages/airflow/example_dags/example_branch_python_dop_operator_3.py took 0.086 seconds
[2024-01-06T14:37:57.859-0800] {processor.py:161} INFO - Started process (PID=10526) to work on /mnt/c/Users/victo/OneDrive/Desktop/fantasy_nba_dashboard/airflow_env/lib/python3.10/site-packages/airflow/example_dags/example_branch_python_dop_operator_3.py
[2024-01-06T14:37:57.860-0800] {processor.py:830} INFO - Processing file /mnt/c/Users/victo/OneDrive/Desktop/fantasy_nba_dashboard/airflow_env/lib/python3.10/site-packages/airflow/example_dags/example_branch_python_dop_operator_3.py for tasks to queue
[2024-01-06T14:37:57.860-0800] {logging_mixin.py:188} INFO - [2024-01-06T14:37:57.860-0800] {dagbag.py:538} INFO - Filling up the DagBag from /mnt/c/Users/victo/OneDrive/Desktop/fantasy_nba_dashboard/airflow_env/lib/python3.10/site-packages/airflow/example_dags/example_branch_python_dop_operator_3.py
[2024-01-06T14:37:57.869-0800] {processor.py:840} INFO - DAG(s) 'example_branch_dop_operator_v3' retrieved from /mnt/c/Users/victo/OneDrive/Desktop/fantasy_nba_dashboard/airflow_env/lib/python3.10/site-packages/airflow/example_dags/example_branch_python_dop_operator_3.py
[2024-01-06T14:37:57.903-0800] {logging_mixin.py:188} INFO - [2024-01-06T14:37:57.903-0800] {dag.py:3033} INFO - Sync 1 DAGs
[2024-01-06T14:37:57.923-0800] {logging_mixin.py:188} INFO - [2024-01-06T14:37:57.923-0800] {dag.py:3820} INFO - Setting next_dagrun for example_branch_dop_operator_v3 to 2024-01-06T22:36:00+00:00, run_after=2024-01-06T22:37:00+00:00
[2024-01-06T14:37:57.936-0800] {processor.py:183} INFO - Processing /mnt/c/Users/victo/OneDrive/Desktop/fantasy_nba_dashboard/airflow_env/lib/python3.10/site-packages/airflow/example_dags/example_branch_python_dop_operator_3.py took 0.082 seconds
[2024-01-06T14:38:28.596-0800] {processor.py:161} INFO - Started process (PID=10699) to work on /mnt/c/Users/victo/OneDrive/Desktop/fantasy_nba_dashboard/airflow_env/lib/python3.10/site-packages/airflow/example_dags/example_branch_python_dop_operator_3.py
[2024-01-06T14:38:28.597-0800] {processor.py:830} INFO - Processing file /mnt/c/Users/victo/OneDrive/Desktop/fantasy_nba_dashboard/airflow_env/lib/python3.10/site-packages/airflow/example_dags/example_branch_python_dop_operator_3.py for tasks to queue
[2024-01-06T14:38:28.597-0800] {logging_mixin.py:188} INFO - [2024-01-06T14:38:28.597-0800] {dagbag.py:538} INFO - Filling up the DagBag from /mnt/c/Users/victo/OneDrive/Desktop/fantasy_nba_dashboard/airflow_env/lib/python3.10/site-packages/airflow/example_dags/example_branch_python_dop_operator_3.py
[2024-01-06T14:38:28.606-0800] {processor.py:840} INFO - DAG(s) 'example_branch_dop_operator_v3' retrieved from /mnt/c/Users/victo/OneDrive/Desktop/fantasy_nba_dashboard/airflow_env/lib/python3.10/site-packages/airflow/example_dags/example_branch_python_dop_operator_3.py
[2024-01-06T14:38:28.634-0800] {logging_mixin.py:188} INFO - [2024-01-06T14:38:28.634-0800] {dag.py:3033} INFO - Sync 1 DAGs
[2024-01-06T14:38:28.652-0800] {logging_mixin.py:188} INFO - [2024-01-06T14:38:28.652-0800] {dag.py:3820} INFO - Setting next_dagrun for example_branch_dop_operator_v3 to 2024-01-06T22:37:00+00:00, run_after=2024-01-06T22:38:00+00:00
[2024-01-06T14:38:28.667-0800] {processor.py:183} INFO - Processing /mnt/c/Users/victo/OneDrive/Desktop/fantasy_nba_dashboard/airflow_env/lib/python3.10/site-packages/airflow/example_dags/example_branch_python_dop_operator_3.py took 0.075 seconds
[2024-01-06T14:38:59.558-0800] {processor.py:161} INFO - Started process (PID=10891) to work on /mnt/c/Users/victo/OneDrive/Desktop/fantasy_nba_dashboard/airflow_env/lib/python3.10/site-packages/airflow/example_dags/example_branch_python_dop_operator_3.py
[2024-01-06T14:38:59.559-0800] {processor.py:830} INFO - Processing file /mnt/c/Users/victo/OneDrive/Desktop/fantasy_nba_dashboard/airflow_env/lib/python3.10/site-packages/airflow/example_dags/example_branch_python_dop_operator_3.py for tasks to queue
[2024-01-06T14:38:59.559-0800] {logging_mixin.py:188} INFO - [2024-01-06T14:38:59.559-0800] {dagbag.py:538} INFO - Filling up the DagBag from /mnt/c/Users/victo/OneDrive/Desktop/fantasy_nba_dashboard/airflow_env/lib/python3.10/site-packages/airflow/example_dags/example_branch_python_dop_operator_3.py
[2024-01-06T14:38:59.569-0800] {processor.py:840} INFO - DAG(s) 'example_branch_dop_operator_v3' retrieved from /mnt/c/Users/victo/OneDrive/Desktop/fantasy_nba_dashboard/airflow_env/lib/python3.10/site-packages/airflow/example_dags/example_branch_python_dop_operator_3.py
[2024-01-06T14:38:59.601-0800] {logging_mixin.py:188} INFO - [2024-01-06T14:38:59.601-0800] {dag.py:3033} INFO - Sync 1 DAGs
[2024-01-06T14:38:59.621-0800] {logging_mixin.py:188} INFO - [2024-01-06T14:38:59.621-0800] {dag.py:3820} INFO - Setting next_dagrun for example_branch_dop_operator_v3 to 2024-01-06T22:37:00+00:00, run_after=2024-01-06T22:38:00+00:00
[2024-01-06T14:38:59.637-0800] {processor.py:183} INFO - Processing /mnt/c/Users/victo/OneDrive/Desktop/fantasy_nba_dashboard/airflow_env/lib/python3.10/site-packages/airflow/example_dags/example_branch_python_dop_operator_3.py took 0.083 seconds
[2024-01-06T14:39:30.163-0800] {processor.py:161} INFO - Started process (PID=11047) to work on /mnt/c/Users/victo/OneDrive/Desktop/fantasy_nba_dashboard/airflow_env/lib/python3.10/site-packages/airflow/example_dags/example_branch_python_dop_operator_3.py
[2024-01-06T14:39:30.165-0800] {processor.py:830} INFO - Processing file /mnt/c/Users/victo/OneDrive/Desktop/fantasy_nba_dashboard/airflow_env/lib/python3.10/site-packages/airflow/example_dags/example_branch_python_dop_operator_3.py for tasks to queue
[2024-01-06T14:39:30.166-0800] {logging_mixin.py:188} INFO - [2024-01-06T14:39:30.165-0800] {dagbag.py:538} INFO - Filling up the DagBag from /mnt/c/Users/victo/OneDrive/Desktop/fantasy_nba_dashboard/airflow_env/lib/python3.10/site-packages/airflow/example_dags/example_branch_python_dop_operator_3.py
[2024-01-06T14:39:30.178-0800] {processor.py:840} INFO - DAG(s) 'example_branch_dop_operator_v3' retrieved from /mnt/c/Users/victo/OneDrive/Desktop/fantasy_nba_dashboard/airflow_env/lib/python3.10/site-packages/airflow/example_dags/example_branch_python_dop_operator_3.py
[2024-01-06T14:39:30.210-0800] {logging_mixin.py:188} INFO - [2024-01-06T14:39:30.210-0800] {dag.py:3033} INFO - Sync 1 DAGs
[2024-01-06T14:39:30.231-0800] {logging_mixin.py:188} INFO - [2024-01-06T14:39:30.231-0800] {dag.py:3820} INFO - Setting next_dagrun for example_branch_dop_operator_v3 to 2024-01-06T22:38:00+00:00, run_after=2024-01-06T22:39:00+00:00
[2024-01-06T14:39:30.244-0800] {processor.py:183} INFO - Processing /mnt/c/Users/victo/OneDrive/Desktop/fantasy_nba_dashboard/airflow_env/lib/python3.10/site-packages/airflow/example_dags/example_branch_python_dop_operator_3.py took 0.085 seconds
[2024-01-06T14:40:00.966-0800] {processor.py:161} INFO - Started process (PID=11204) to work on /mnt/c/Users/victo/OneDrive/Desktop/fantasy_nba_dashboard/airflow_env/lib/python3.10/site-packages/airflow/example_dags/example_branch_python_dop_operator_3.py
[2024-01-06T14:40:00.966-0800] {processor.py:830} INFO - Processing file /mnt/c/Users/victo/OneDrive/Desktop/fantasy_nba_dashboard/airflow_env/lib/python3.10/site-packages/airflow/example_dags/example_branch_python_dop_operator_3.py for tasks to queue
[2024-01-06T14:40:00.967-0800] {logging_mixin.py:188} INFO - [2024-01-06T14:40:00.967-0800] {dagbag.py:538} INFO - Filling up the DagBag from /mnt/c/Users/victo/OneDrive/Desktop/fantasy_nba_dashboard/airflow_env/lib/python3.10/site-packages/airflow/example_dags/example_branch_python_dop_operator_3.py
[2024-01-06T14:40:00.975-0800] {processor.py:840} INFO - DAG(s) 'example_branch_dop_operator_v3' retrieved from /mnt/c/Users/victo/OneDrive/Desktop/fantasy_nba_dashboard/airflow_env/lib/python3.10/site-packages/airflow/example_dags/example_branch_python_dop_operator_3.py
[2024-01-06T14:40:01.006-0800] {logging_mixin.py:188} INFO - [2024-01-06T14:40:01.006-0800] {dag.py:3033} INFO - Sync 1 DAGs
[2024-01-06T14:40:01.025-0800] {logging_mixin.py:188} INFO - [2024-01-06T14:40:01.025-0800] {dag.py:3820} INFO - Setting next_dagrun for example_branch_dop_operator_v3 to 2024-01-06T22:39:00+00:00, run_after=2024-01-06T22:40:00+00:00
[2024-01-06T14:40:01.038-0800] {processor.py:183} INFO - Processing /mnt/c/Users/victo/OneDrive/Desktop/fantasy_nba_dashboard/airflow_env/lib/python3.10/site-packages/airflow/example_dags/example_branch_python_dop_operator_3.py took 0.076 seconds
[2024-01-06T14:40:31.788-0800] {processor.py:161} INFO - Started process (PID=11362) to work on /mnt/c/Users/victo/OneDrive/Desktop/fantasy_nba_dashboard/airflow_env/lib/python3.10/site-packages/airflow/example_dags/example_branch_python_dop_operator_3.py
[2024-01-06T14:40:31.789-0800] {processor.py:830} INFO - Processing file /mnt/c/Users/victo/OneDrive/Desktop/fantasy_nba_dashboard/airflow_env/lib/python3.10/site-packages/airflow/example_dags/example_branch_python_dop_operator_3.py for tasks to queue
[2024-01-06T14:40:31.789-0800] {logging_mixin.py:188} INFO - [2024-01-06T14:40:31.789-0800] {dagbag.py:538} INFO - Filling up the DagBag from /mnt/c/Users/victo/OneDrive/Desktop/fantasy_nba_dashboard/airflow_env/lib/python3.10/site-packages/airflow/example_dags/example_branch_python_dop_operator_3.py
[2024-01-06T14:40:31.798-0800] {processor.py:840} INFO - DAG(s) 'example_branch_dop_operator_v3' retrieved from /mnt/c/Users/victo/OneDrive/Desktop/fantasy_nba_dashboard/airflow_env/lib/python3.10/site-packages/airflow/example_dags/example_branch_python_dop_operator_3.py
[2024-01-06T14:40:31.827-0800] {logging_mixin.py:188} INFO - [2024-01-06T14:40:31.827-0800] {dag.py:3033} INFO - Sync 1 DAGs
[2024-01-06T14:40:31.846-0800] {logging_mixin.py:188} INFO - [2024-01-06T14:40:31.846-0800] {dag.py:3820} INFO - Setting next_dagrun for example_branch_dop_operator_v3 to 2024-01-06T22:39:00+00:00, run_after=2024-01-06T22:40:00+00:00
[2024-01-06T14:40:31.863-0800] {processor.py:183} INFO - Processing /mnt/c/Users/victo/OneDrive/Desktop/fantasy_nba_dashboard/airflow_env/lib/python3.10/site-packages/airflow/example_dags/example_branch_python_dop_operator_3.py took 0.079 seconds
[2024-01-06T14:41:02.672-0800] {processor.py:161} INFO - Started process (PID=11546) to work on /mnt/c/Users/victo/OneDrive/Desktop/fantasy_nba_dashboard/airflow_env/lib/python3.10/site-packages/airflow/example_dags/example_branch_python_dop_operator_3.py
[2024-01-06T14:41:02.673-0800] {processor.py:830} INFO - Processing file /mnt/c/Users/victo/OneDrive/Desktop/fantasy_nba_dashboard/airflow_env/lib/python3.10/site-packages/airflow/example_dags/example_branch_python_dop_operator_3.py for tasks to queue
[2024-01-06T14:41:02.673-0800] {logging_mixin.py:188} INFO - [2024-01-06T14:41:02.673-0800] {dagbag.py:538} INFO - Filling up the DagBag from /mnt/c/Users/victo/OneDrive/Desktop/fantasy_nba_dashboard/airflow_env/lib/python3.10/site-packages/airflow/example_dags/example_branch_python_dop_operator_3.py
[2024-01-06T14:41:02.682-0800] {processor.py:840} INFO - DAG(s) 'example_branch_dop_operator_v3' retrieved from /mnt/c/Users/victo/OneDrive/Desktop/fantasy_nba_dashboard/airflow_env/lib/python3.10/site-packages/airflow/example_dags/example_branch_python_dop_operator_3.py
[2024-01-06T14:41:02.713-0800] {logging_mixin.py:188} INFO - [2024-01-06T14:41:02.713-0800] {dag.py:3033} INFO - Sync 1 DAGs
[2024-01-06T14:41:02.733-0800] {logging_mixin.py:188} INFO - [2024-01-06T14:41:02.733-0800] {dag.py:3820} INFO - Setting next_dagrun for example_branch_dop_operator_v3 to 2024-01-06T22:40:00+00:00, run_after=2024-01-06T22:41:00+00:00
[2024-01-06T14:41:02.750-0800] {processor.py:183} INFO - Processing /mnt/c/Users/victo/OneDrive/Desktop/fantasy_nba_dashboard/airflow_env/lib/python3.10/site-packages/airflow/example_dags/example_branch_python_dop_operator_3.py took 0.082 seconds
