[2024-01-06T14:24:44.255-0800] {processor.py:161} INFO - Started process (PID=7135) to work on /mnt/c/Users/victo/OneDrive/Desktop/fantasy_nba_dashboard/airflow_env/lib/python3.10/site-packages/airflow/example_dags/example_branch_operator_decorator.py
[2024-01-06T14:24:44.256-0800] {processor.py:830} INFO - Processing file /mnt/c/Users/victo/OneDrive/Desktop/fantasy_nba_dashboard/airflow_env/lib/python3.10/site-packages/airflow/example_dags/example_branch_operator_decorator.py for tasks to queue
[2024-01-06T14:24:44.256-0800] {logging_mixin.py:188} INFO - [2024-01-06T14:24:44.256-0800] {dagbag.py:538} INFO - Filling up the DagBag from /mnt/c/Users/victo/OneDrive/Desktop/fantasy_nba_dashboard/airflow_env/lib/python3.10/site-packages/airflow/example_dags/example_branch_operator_decorator.py
[2024-01-06T14:24:44.271-0800] {processor.py:840} INFO - DAG(s) 'example_branch_python_operator_decorator' retrieved from /mnt/c/Users/victo/OneDrive/Desktop/fantasy_nba_dashboard/airflow_env/lib/python3.10/site-packages/airflow/example_dags/example_branch_operator_decorator.py
[2024-01-06T14:24:44.376-0800] {logging_mixin.py:188} INFO - [2024-01-06T14:24:44.375-0800] {dag.py:3033} INFO - Sync 1 DAGs
[2024-01-06T14:24:44.390-0800] {logging_mixin.py:188} INFO - [2024-01-06T14:24:44.390-0800] {dag.py:3820} INFO - Setting next_dagrun for example_branch_python_operator_decorator to 2024-01-05T00:00:00+00:00, run_after=2024-01-06T00:00:00+00:00
[2024-01-06T14:24:44.409-0800] {processor.py:183} INFO - Processing /mnt/c/Users/victo/OneDrive/Desktop/fantasy_nba_dashboard/airflow_env/lib/python3.10/site-packages/airflow/example_dags/example_branch_operator_decorator.py took 0.158 seconds
[2024-01-06T14:25:14.997-0800] {processor.py:161} INFO - Started process (PID=7295) to work on /mnt/c/Users/victo/OneDrive/Desktop/fantasy_nba_dashboard/airflow_env/lib/python3.10/site-packages/airflow/example_dags/example_branch_operator_decorator.py
[2024-01-06T14:25:14.998-0800] {processor.py:830} INFO - Processing file /mnt/c/Users/victo/OneDrive/Desktop/fantasy_nba_dashboard/airflow_env/lib/python3.10/site-packages/airflow/example_dags/example_branch_operator_decorator.py for tasks to queue
[2024-01-06T14:25:14.999-0800] {logging_mixin.py:188} INFO - [2024-01-06T14:25:14.999-0800] {dagbag.py:538} INFO - Filling up the DagBag from /mnt/c/Users/victo/OneDrive/Desktop/fantasy_nba_dashboard/airflow_env/lib/python3.10/site-packages/airflow/example_dags/example_branch_operator_decorator.py
[2024-01-06T14:25:15.015-0800] {processor.py:840} INFO - DAG(s) 'example_branch_python_operator_decorator' retrieved from /mnt/c/Users/victo/OneDrive/Desktop/fantasy_nba_dashboard/airflow_env/lib/python3.10/site-packages/airflow/example_dags/example_branch_operator_decorator.py
[2024-01-06T14:25:15.046-0800] {logging_mixin.py:188} INFO - [2024-01-06T14:25:15.046-0800] {dag.py:3033} INFO - Sync 1 DAGs
[2024-01-06T14:25:15.064-0800] {logging_mixin.py:188} INFO - [2024-01-06T14:25:15.063-0800] {dag.py:3820} INFO - Setting next_dagrun for example_branch_python_operator_decorator to 2024-01-05T00:00:00+00:00, run_after=2024-01-06T00:00:00+00:00
[2024-01-06T14:25:15.076-0800] {processor.py:183} INFO - Processing /mnt/c/Users/victo/OneDrive/Desktop/fantasy_nba_dashboard/airflow_env/lib/python3.10/site-packages/airflow/example_dags/example_branch_operator_decorator.py took 0.083 seconds
[2024-01-06T14:25:45.115-0800] {processor.py:161} INFO - Started process (PID=7542) to work on /mnt/c/Users/victo/OneDrive/Desktop/fantasy_nba_dashboard/airflow_env/lib/python3.10/site-packages/airflow/example_dags/example_branch_operator_decorator.py
[2024-01-06T14:25:45.116-0800] {processor.py:830} INFO - Processing file /mnt/c/Users/victo/OneDrive/Desktop/fantasy_nba_dashboard/airflow_env/lib/python3.10/site-packages/airflow/example_dags/example_branch_operator_decorator.py for tasks to queue
[2024-01-06T14:25:45.117-0800] {logging_mixin.py:188} INFO - [2024-01-06T14:25:45.116-0800] {dagbag.py:538} INFO - Filling up the DagBag from /mnt/c/Users/victo/OneDrive/Desktop/fantasy_nba_dashboard/airflow_env/lib/python3.10/site-packages/airflow/example_dags/example_branch_operator_decorator.py
[2024-01-06T14:25:45.131-0800] {processor.py:840} INFO - DAG(s) 'example_branch_python_operator_decorator' retrieved from /mnt/c/Users/victo/OneDrive/Desktop/fantasy_nba_dashboard/airflow_env/lib/python3.10/site-packages/airflow/example_dags/example_branch_operator_decorator.py
[2024-01-06T14:25:45.164-0800] {logging_mixin.py:188} INFO - [2024-01-06T14:25:45.164-0800] {dag.py:3033} INFO - Sync 1 DAGs
[2024-01-06T14:25:45.184-0800] {logging_mixin.py:188} INFO - [2024-01-06T14:25:45.183-0800] {dag.py:3820} INFO - Setting next_dagrun for example_branch_python_operator_decorator to 2024-01-05T00:00:00+00:00, run_after=2024-01-06T00:00:00+00:00
[2024-01-06T14:25:45.200-0800] {processor.py:183} INFO - Processing /mnt/c/Users/victo/OneDrive/Desktop/fantasy_nba_dashboard/airflow_env/lib/python3.10/site-packages/airflow/example_dags/example_branch_operator_decorator.py took 0.089 seconds
[2024-01-06T14:26:15.309-0800] {processor.py:161} INFO - Started process (PID=8079) to work on /mnt/c/Users/victo/OneDrive/Desktop/fantasy_nba_dashboard/airflow_env/lib/python3.10/site-packages/airflow/example_dags/example_branch_operator_decorator.py
[2024-01-06T14:26:15.310-0800] {processor.py:830} INFO - Processing file /mnt/c/Users/victo/OneDrive/Desktop/fantasy_nba_dashboard/airflow_env/lib/python3.10/site-packages/airflow/example_dags/example_branch_operator_decorator.py for tasks to queue
[2024-01-06T14:26:15.311-0800] {logging_mixin.py:188} INFO - [2024-01-06T14:26:15.311-0800] {dagbag.py:538} INFO - Filling up the DagBag from /mnt/c/Users/victo/OneDrive/Desktop/fantasy_nba_dashboard/airflow_env/lib/python3.10/site-packages/airflow/example_dags/example_branch_operator_decorator.py
[2024-01-06T14:26:15.325-0800] {processor.py:840} INFO - DAG(s) 'example_branch_python_operator_decorator' retrieved from /mnt/c/Users/victo/OneDrive/Desktop/fantasy_nba_dashboard/airflow_env/lib/python3.10/site-packages/airflow/example_dags/example_branch_operator_decorator.py
[2024-01-06T14:26:15.354-0800] {logging_mixin.py:188} INFO - [2024-01-06T14:26:15.354-0800] {dag.py:3033} INFO - Sync 1 DAGs
[2024-01-06T14:26:15.369-0800] {logging_mixin.py:188} INFO - [2024-01-06T14:26:15.369-0800] {dag.py:3820} INFO - Setting next_dagrun for example_branch_python_operator_decorator to 2024-01-05T00:00:00+00:00, run_after=2024-01-06T00:00:00+00:00
[2024-01-06T14:26:15.380-0800] {processor.py:183} INFO - Processing /mnt/c/Users/victo/OneDrive/Desktop/fantasy_nba_dashboard/airflow_env/lib/python3.10/site-packages/airflow/example_dags/example_branch_operator_decorator.py took 0.075 seconds
[2024-01-06T14:35:55.430-0800] {processor.py:161} INFO - Started process (PID=9589) to work on /mnt/c/Users/victo/OneDrive/Desktop/fantasy_nba_dashboard/airflow_env/lib/python3.10/site-packages/airflow/example_dags/example_branch_operator_decorator.py
[2024-01-06T14:35:55.431-0800] {processor.py:830} INFO - Processing file /mnt/c/Users/victo/OneDrive/Desktop/fantasy_nba_dashboard/airflow_env/lib/python3.10/site-packages/airflow/example_dags/example_branch_operator_decorator.py for tasks to queue
[2024-01-06T14:35:55.432-0800] {logging_mixin.py:188} INFO - [2024-01-06T14:35:55.432-0800] {dagbag.py:538} INFO - Filling up the DagBag from /mnt/c/Users/victo/OneDrive/Desktop/fantasy_nba_dashboard/airflow_env/lib/python3.10/site-packages/airflow/example_dags/example_branch_operator_decorator.py
[2024-01-06T14:35:55.447-0800] {processor.py:840} INFO - DAG(s) 'example_branch_python_operator_decorator' retrieved from /mnt/c/Users/victo/OneDrive/Desktop/fantasy_nba_dashboard/airflow_env/lib/python3.10/site-packages/airflow/example_dags/example_branch_operator_decorator.py
[2024-01-06T14:35:55.479-0800] {logging_mixin.py:188} INFO - [2024-01-06T14:35:55.479-0800] {dag.py:3033} INFO - Sync 1 DAGs
[2024-01-06T14:35:55.497-0800] {logging_mixin.py:188} INFO - [2024-01-06T14:35:55.497-0800] {dag.py:3820} INFO - Setting next_dagrun for example_branch_python_operator_decorator to 2024-01-05T00:00:00+00:00, run_after=2024-01-06T00:00:00+00:00
[2024-01-06T14:35:55.513-0800] {processor.py:183} INFO - Processing /mnt/c/Users/victo/OneDrive/Desktop/fantasy_nba_dashboard/airflow_env/lib/python3.10/site-packages/airflow/example_dags/example_branch_operator_decorator.py took 0.086 seconds
[2024-01-06T14:36:25.607-0800] {processor.py:161} INFO - Started process (PID=9769) to work on /mnt/c/Users/victo/OneDrive/Desktop/fantasy_nba_dashboard/airflow_env/lib/python3.10/site-packages/airflow/example_dags/example_branch_operator_decorator.py
[2024-01-06T14:36:25.608-0800] {processor.py:830} INFO - Processing file /mnt/c/Users/victo/OneDrive/Desktop/fantasy_nba_dashboard/airflow_env/lib/python3.10/site-packages/airflow/example_dags/example_branch_operator_decorator.py for tasks to queue
[2024-01-06T14:36:25.609-0800] {logging_mixin.py:188} INFO - [2024-01-06T14:36:25.609-0800] {dagbag.py:538} INFO - Filling up the DagBag from /mnt/c/Users/victo/OneDrive/Desktop/fantasy_nba_dashboard/airflow_env/lib/python3.10/site-packages/airflow/example_dags/example_branch_operator_decorator.py
[2024-01-06T14:36:25.623-0800] {processor.py:840} INFO - DAG(s) 'example_branch_python_operator_decorator' retrieved from /mnt/c/Users/victo/OneDrive/Desktop/fantasy_nba_dashboard/airflow_env/lib/python3.10/site-packages/airflow/example_dags/example_branch_operator_decorator.py
[2024-01-06T14:36:25.656-0800] {logging_mixin.py:188} INFO - [2024-01-06T14:36:25.655-0800] {dag.py:3033} INFO - Sync 1 DAGs
[2024-01-06T14:36:25.672-0800] {logging_mixin.py:188} INFO - [2024-01-06T14:36:25.672-0800] {dag.py:3820} INFO - Setting next_dagrun for example_branch_python_operator_decorator to 2024-01-05T00:00:00+00:00, run_after=2024-01-06T00:00:00+00:00
[2024-01-06T14:36:25.689-0800] {processor.py:183} INFO - Processing /mnt/c/Users/victo/OneDrive/Desktop/fantasy_nba_dashboard/airflow_env/lib/python3.10/site-packages/airflow/example_dags/example_branch_operator_decorator.py took 0.086 seconds
[2024-01-06T14:36:56.519-0800] {processor.py:161} INFO - Started process (PID=10048) to work on /mnt/c/Users/victo/OneDrive/Desktop/fantasy_nba_dashboard/airflow_env/lib/python3.10/site-packages/airflow/example_dags/example_branch_operator_decorator.py
[2024-01-06T14:36:56.520-0800] {processor.py:830} INFO - Processing file /mnt/c/Users/victo/OneDrive/Desktop/fantasy_nba_dashboard/airflow_env/lib/python3.10/site-packages/airflow/example_dags/example_branch_operator_decorator.py for tasks to queue
[2024-01-06T14:36:56.521-0800] {logging_mixin.py:188} INFO - [2024-01-06T14:36:56.520-0800] {dagbag.py:538} INFO - Filling up the DagBag from /mnt/c/Users/victo/OneDrive/Desktop/fantasy_nba_dashboard/airflow_env/lib/python3.10/site-packages/airflow/example_dags/example_branch_operator_decorator.py
[2024-01-06T14:36:56.535-0800] {processor.py:840} INFO - DAG(s) 'example_branch_python_operator_decorator' retrieved from /mnt/c/Users/victo/OneDrive/Desktop/fantasy_nba_dashboard/airflow_env/lib/python3.10/site-packages/airflow/example_dags/example_branch_operator_decorator.py
[2024-01-06T14:36:56.567-0800] {logging_mixin.py:188} INFO - [2024-01-06T14:36:56.567-0800] {dag.py:3033} INFO - Sync 1 DAGs
[2024-01-06T14:36:56.583-0800] {logging_mixin.py:188} INFO - [2024-01-06T14:36:56.583-0800] {dag.py:3820} INFO - Setting next_dagrun for example_branch_python_operator_decorator to 2024-01-05T00:00:00+00:00, run_after=2024-01-06T00:00:00+00:00
[2024-01-06T14:36:56.594-0800] {processor.py:183} INFO - Processing /mnt/c/Users/victo/OneDrive/Desktop/fantasy_nba_dashboard/airflow_env/lib/python3.10/site-packages/airflow/example_dags/example_branch_operator_decorator.py took 0.079 seconds
[2024-01-06T14:37:27.188-0800] {processor.py:161} INFO - Started process (PID=10328) to work on /mnt/c/Users/victo/OneDrive/Desktop/fantasy_nba_dashboard/airflow_env/lib/python3.10/site-packages/airflow/example_dags/example_branch_operator_decorator.py
[2024-01-06T14:37:27.189-0800] {processor.py:830} INFO - Processing file /mnt/c/Users/victo/OneDrive/Desktop/fantasy_nba_dashboard/airflow_env/lib/python3.10/site-packages/airflow/example_dags/example_branch_operator_decorator.py for tasks to queue
[2024-01-06T14:37:27.190-0800] {logging_mixin.py:188} INFO - [2024-01-06T14:37:27.189-0800] {dagbag.py:538} INFO - Filling up the DagBag from /mnt/c/Users/victo/OneDrive/Desktop/fantasy_nba_dashboard/airflow_env/lib/python3.10/site-packages/airflow/example_dags/example_branch_operator_decorator.py
[2024-01-06T14:37:27.205-0800] {processor.py:840} INFO - DAG(s) 'example_branch_python_operator_decorator' retrieved from /mnt/c/Users/victo/OneDrive/Desktop/fantasy_nba_dashboard/airflow_env/lib/python3.10/site-packages/airflow/example_dags/example_branch_operator_decorator.py
[2024-01-06T14:37:27.240-0800] {logging_mixin.py:188} INFO - [2024-01-06T14:37:27.240-0800] {dag.py:3033} INFO - Sync 1 DAGs
[2024-01-06T14:37:27.258-0800] {logging_mixin.py:188} INFO - [2024-01-06T14:37:27.258-0800] {dag.py:3820} INFO - Setting next_dagrun for example_branch_python_operator_decorator to 2024-01-05T00:00:00+00:00, run_after=2024-01-06T00:00:00+00:00
[2024-01-06T14:37:27.271-0800] {processor.py:183} INFO - Processing /mnt/c/Users/victo/OneDrive/Desktop/fantasy_nba_dashboard/airflow_env/lib/python3.10/site-packages/airflow/example_dags/example_branch_operator_decorator.py took 0.087 seconds
[2024-01-06T14:37:57.896-0800] {processor.py:161} INFO - Started process (PID=10528) to work on /mnt/c/Users/victo/OneDrive/Desktop/fantasy_nba_dashboard/airflow_env/lib/python3.10/site-packages/airflow/example_dags/example_branch_operator_decorator.py
[2024-01-06T14:37:57.897-0800] {processor.py:830} INFO - Processing file /mnt/c/Users/victo/OneDrive/Desktop/fantasy_nba_dashboard/airflow_env/lib/python3.10/site-packages/airflow/example_dags/example_branch_operator_decorator.py for tasks to queue
[2024-01-06T14:37:57.897-0800] {logging_mixin.py:188} INFO - [2024-01-06T14:37:57.897-0800] {dagbag.py:538} INFO - Filling up the DagBag from /mnt/c/Users/victo/OneDrive/Desktop/fantasy_nba_dashboard/airflow_env/lib/python3.10/site-packages/airflow/example_dags/example_branch_operator_decorator.py
[2024-01-06T14:37:57.912-0800] {processor.py:840} INFO - DAG(s) 'example_branch_python_operator_decorator' retrieved from /mnt/c/Users/victo/OneDrive/Desktop/fantasy_nba_dashboard/airflow_env/lib/python3.10/site-packages/airflow/example_dags/example_branch_operator_decorator.py
[2024-01-06T14:37:57.945-0800] {logging_mixin.py:188} INFO - [2024-01-06T14:37:57.945-0800] {dag.py:3033} INFO - Sync 1 DAGs
[2024-01-06T14:37:57.963-0800] {logging_mixin.py:188} INFO - [2024-01-06T14:37:57.963-0800] {dag.py:3820} INFO - Setting next_dagrun for example_branch_python_operator_decorator to 2024-01-05T00:00:00+00:00, run_after=2024-01-06T00:00:00+00:00
[2024-01-06T14:37:57.975-0800] {processor.py:183} INFO - Processing /mnt/c/Users/victo/OneDrive/Desktop/fantasy_nba_dashboard/airflow_env/lib/python3.10/site-packages/airflow/example_dags/example_branch_operator_decorator.py took 0.083 seconds
[2024-01-06T14:38:28.680-0800] {processor.py:161} INFO - Started process (PID=10702) to work on /mnt/c/Users/victo/OneDrive/Desktop/fantasy_nba_dashboard/airflow_env/lib/python3.10/site-packages/airflow/example_dags/example_branch_operator_decorator.py
[2024-01-06T14:38:28.681-0800] {processor.py:830} INFO - Processing file /mnt/c/Users/victo/OneDrive/Desktop/fantasy_nba_dashboard/airflow_env/lib/python3.10/site-packages/airflow/example_dags/example_branch_operator_decorator.py for tasks to queue
[2024-01-06T14:38:28.682-0800] {logging_mixin.py:188} INFO - [2024-01-06T14:38:28.682-0800] {dagbag.py:538} INFO - Filling up the DagBag from /mnt/c/Users/victo/OneDrive/Desktop/fantasy_nba_dashboard/airflow_env/lib/python3.10/site-packages/airflow/example_dags/example_branch_operator_decorator.py
[2024-01-06T14:38:28.696-0800] {processor.py:840} INFO - DAG(s) 'example_branch_python_operator_decorator' retrieved from /mnt/c/Users/victo/OneDrive/Desktop/fantasy_nba_dashboard/airflow_env/lib/python3.10/site-packages/airflow/example_dags/example_branch_operator_decorator.py
[2024-01-06T14:38:28.728-0800] {logging_mixin.py:188} INFO - [2024-01-06T14:38:28.727-0800] {dag.py:3033} INFO - Sync 1 DAGs
[2024-01-06T14:38:28.744-0800] {logging_mixin.py:188} INFO - [2024-01-06T14:38:28.744-0800] {dag.py:3820} INFO - Setting next_dagrun for example_branch_python_operator_decorator to 2024-01-05T00:00:00+00:00, run_after=2024-01-06T00:00:00+00:00
[2024-01-06T14:38:28.756-0800] {processor.py:183} INFO - Processing /mnt/c/Users/victo/OneDrive/Desktop/fantasy_nba_dashboard/airflow_env/lib/python3.10/site-packages/airflow/example_dags/example_branch_operator_decorator.py took 0.080 seconds
[2024-01-06T14:38:59.610-0800] {processor.py:161} INFO - Started process (PID=10893) to work on /mnt/c/Users/victo/OneDrive/Desktop/fantasy_nba_dashboard/airflow_env/lib/python3.10/site-packages/airflow/example_dags/example_branch_operator_decorator.py
[2024-01-06T14:38:59.611-0800] {processor.py:830} INFO - Processing file /mnt/c/Users/victo/OneDrive/Desktop/fantasy_nba_dashboard/airflow_env/lib/python3.10/site-packages/airflow/example_dags/example_branch_operator_decorator.py for tasks to queue
[2024-01-06T14:38:59.612-0800] {logging_mixin.py:188} INFO - [2024-01-06T14:38:59.612-0800] {dagbag.py:538} INFO - Filling up the DagBag from /mnt/c/Users/victo/OneDrive/Desktop/fantasy_nba_dashboard/airflow_env/lib/python3.10/site-packages/airflow/example_dags/example_branch_operator_decorator.py
[2024-01-06T14:38:59.628-0800] {processor.py:840} INFO - DAG(s) 'example_branch_python_operator_decorator' retrieved from /mnt/c/Users/victo/OneDrive/Desktop/fantasy_nba_dashboard/airflow_env/lib/python3.10/site-packages/airflow/example_dags/example_branch_operator_decorator.py
[2024-01-06T14:38:59.668-0800] {logging_mixin.py:188} INFO - [2024-01-06T14:38:59.668-0800] {dag.py:3033} INFO - Sync 1 DAGs
[2024-01-06T14:38:59.688-0800] {logging_mixin.py:188} INFO - [2024-01-06T14:38:59.688-0800] {dag.py:3820} INFO - Setting next_dagrun for example_branch_python_operator_decorator to 2024-01-05T00:00:00+00:00, run_after=2024-01-06T00:00:00+00:00
[2024-01-06T14:38:59.711-0800] {processor.py:183} INFO - Processing /mnt/c/Users/victo/OneDrive/Desktop/fantasy_nba_dashboard/airflow_env/lib/python3.10/site-packages/airflow/example_dags/example_branch_operator_decorator.py took 0.105 seconds
[2024-01-06T14:39:30.203-0800] {processor.py:161} INFO - Started process (PID=11049) to work on /mnt/c/Users/victo/OneDrive/Desktop/fantasy_nba_dashboard/airflow_env/lib/python3.10/site-packages/airflow/example_dags/example_branch_operator_decorator.py
[2024-01-06T14:39:30.204-0800] {processor.py:830} INFO - Processing file /mnt/c/Users/victo/OneDrive/Desktop/fantasy_nba_dashboard/airflow_env/lib/python3.10/site-packages/airflow/example_dags/example_branch_operator_decorator.py for tasks to queue
[2024-01-06T14:39:30.205-0800] {logging_mixin.py:188} INFO - [2024-01-06T14:39:30.205-0800] {dagbag.py:538} INFO - Filling up the DagBag from /mnt/c/Users/victo/OneDrive/Desktop/fantasy_nba_dashboard/airflow_env/lib/python3.10/site-packages/airflow/example_dags/example_branch_operator_decorator.py
[2024-01-06T14:39:30.221-0800] {processor.py:840} INFO - DAG(s) 'example_branch_python_operator_decorator' retrieved from /mnt/c/Users/victo/OneDrive/Desktop/fantasy_nba_dashboard/airflow_env/lib/python3.10/site-packages/airflow/example_dags/example_branch_operator_decorator.py
[2024-01-06T14:39:30.254-0800] {logging_mixin.py:188} INFO - [2024-01-06T14:39:30.254-0800] {dag.py:3033} INFO - Sync 1 DAGs
[2024-01-06T14:39:30.270-0800] {logging_mixin.py:188} INFO - [2024-01-06T14:39:30.270-0800] {dag.py:3820} INFO - Setting next_dagrun for example_branch_python_operator_decorator to 2024-01-05T00:00:00+00:00, run_after=2024-01-06T00:00:00+00:00
[2024-01-06T14:39:30.286-0800] {processor.py:183} INFO - Processing /mnt/c/Users/victo/OneDrive/Desktop/fantasy_nba_dashboard/airflow_env/lib/python3.10/site-packages/airflow/example_dags/example_branch_operator_decorator.py took 0.087 seconds
[2024-01-06T14:40:01.000-0800] {processor.py:161} INFO - Started process (PID=11206) to work on /mnt/c/Users/victo/OneDrive/Desktop/fantasy_nba_dashboard/airflow_env/lib/python3.10/site-packages/airflow/example_dags/example_branch_operator_decorator.py
[2024-01-06T14:40:01.001-0800] {processor.py:830} INFO - Processing file /mnt/c/Users/victo/OneDrive/Desktop/fantasy_nba_dashboard/airflow_env/lib/python3.10/site-packages/airflow/example_dags/example_branch_operator_decorator.py for tasks to queue
[2024-01-06T14:40:01.001-0800] {logging_mixin.py:188} INFO - [2024-01-06T14:40:01.001-0800] {dagbag.py:538} INFO - Filling up the DagBag from /mnt/c/Users/victo/OneDrive/Desktop/fantasy_nba_dashboard/airflow_env/lib/python3.10/site-packages/airflow/example_dags/example_branch_operator_decorator.py
[2024-01-06T14:40:01.016-0800] {processor.py:840} INFO - DAG(s) 'example_branch_python_operator_decorator' retrieved from /mnt/c/Users/victo/OneDrive/Desktop/fantasy_nba_dashboard/airflow_env/lib/python3.10/site-packages/airflow/example_dags/example_branch_operator_decorator.py
[2024-01-06T14:40:01.047-0800] {logging_mixin.py:188} INFO - [2024-01-06T14:40:01.047-0800] {dag.py:3033} INFO - Sync 1 DAGs
[2024-01-06T14:40:01.064-0800] {logging_mixin.py:188} INFO - [2024-01-06T14:40:01.064-0800] {dag.py:3820} INFO - Setting next_dagrun for example_branch_python_operator_decorator to 2024-01-05T00:00:00+00:00, run_after=2024-01-06T00:00:00+00:00
[2024-01-06T14:40:01.076-0800] {processor.py:183} INFO - Processing /mnt/c/Users/victo/OneDrive/Desktop/fantasy_nba_dashboard/airflow_env/lib/python3.10/site-packages/airflow/example_dags/example_branch_operator_decorator.py took 0.080 seconds
[2024-01-06T14:40:31.806-0800] {processor.py:161} INFO - Started process (PID=11363) to work on /mnt/c/Users/victo/OneDrive/Desktop/fantasy_nba_dashboard/airflow_env/lib/python3.10/site-packages/airflow/example_dags/example_branch_operator_decorator.py
[2024-01-06T14:40:31.807-0800] {processor.py:830} INFO - Processing file /mnt/c/Users/victo/OneDrive/Desktop/fantasy_nba_dashboard/airflow_env/lib/python3.10/site-packages/airflow/example_dags/example_branch_operator_decorator.py for tasks to queue
[2024-01-06T14:40:31.808-0800] {logging_mixin.py:188} INFO - [2024-01-06T14:40:31.807-0800] {dagbag.py:538} INFO - Filling up the DagBag from /mnt/c/Users/victo/OneDrive/Desktop/fantasy_nba_dashboard/airflow_env/lib/python3.10/site-packages/airflow/example_dags/example_branch_operator_decorator.py
[2024-01-06T14:40:31.822-0800] {processor.py:840} INFO - DAG(s) 'example_branch_python_operator_decorator' retrieved from /mnt/c/Users/victo/OneDrive/Desktop/fantasy_nba_dashboard/airflow_env/lib/python3.10/site-packages/airflow/example_dags/example_branch_operator_decorator.py
[2024-01-06T14:40:31.855-0800] {logging_mixin.py:188} INFO - [2024-01-06T14:40:31.854-0800] {dag.py:3033} INFO - Sync 1 DAGs
[2024-01-06T14:40:31.872-0800] {logging_mixin.py:188} INFO - [2024-01-06T14:40:31.872-0800] {dag.py:3820} INFO - Setting next_dagrun for example_branch_python_operator_decorator to 2024-01-05T00:00:00+00:00, run_after=2024-01-06T00:00:00+00:00
[2024-01-06T14:40:31.885-0800] {processor.py:183} INFO - Processing /mnt/c/Users/victo/OneDrive/Desktop/fantasy_nba_dashboard/airflow_env/lib/python3.10/site-packages/airflow/example_dags/example_branch_operator_decorator.py took 0.083 seconds
[2024-01-06T14:41:02.705-0800] {processor.py:161} INFO - Started process (PID=11548) to work on /mnt/c/Users/victo/OneDrive/Desktop/fantasy_nba_dashboard/airflow_env/lib/python3.10/site-packages/airflow/example_dags/example_branch_operator_decorator.py
[2024-01-06T14:41:02.706-0800] {processor.py:830} INFO - Processing file /mnt/c/Users/victo/OneDrive/Desktop/fantasy_nba_dashboard/airflow_env/lib/python3.10/site-packages/airflow/example_dags/example_branch_operator_decorator.py for tasks to queue
[2024-01-06T14:41:02.707-0800] {logging_mixin.py:188} INFO - [2024-01-06T14:41:02.707-0800] {dagbag.py:538} INFO - Filling up the DagBag from /mnt/c/Users/victo/OneDrive/Desktop/fantasy_nba_dashboard/airflow_env/lib/python3.10/site-packages/airflow/example_dags/example_branch_operator_decorator.py
[2024-01-06T14:41:02.722-0800] {processor.py:840} INFO - DAG(s) 'example_branch_python_operator_decorator' retrieved from /mnt/c/Users/victo/OneDrive/Desktop/fantasy_nba_dashboard/airflow_env/lib/python3.10/site-packages/airflow/example_dags/example_branch_operator_decorator.py
[2024-01-06T14:41:02.754-0800] {logging_mixin.py:188} INFO - [2024-01-06T14:41:02.754-0800] {dag.py:3033} INFO - Sync 1 DAGs
[2024-01-06T14:41:02.771-0800] {logging_mixin.py:188} INFO - [2024-01-06T14:41:02.771-0800] {dag.py:3820} INFO - Setting next_dagrun for example_branch_python_operator_decorator to 2024-01-05T00:00:00+00:00, run_after=2024-01-06T00:00:00+00:00
[2024-01-06T14:41:02.783-0800] {processor.py:183} INFO - Processing /mnt/c/Users/victo/OneDrive/Desktop/fantasy_nba_dashboard/airflow_env/lib/python3.10/site-packages/airflow/example_dags/example_branch_operator_decorator.py took 0.081 seconds
