[2024-01-06T14:24:41.640-0800] {processor.py:161} INFO - Started process (PID=7077) to work on /mnt/c/Users/victo/OneDrive/Desktop/fantasy_nba_dashboard/airflow_env/lib/python3.10/site-packages/airflow/example_dags/example_task_group_decorator.py
[2024-01-06T14:24:41.641-0800] {processor.py:830} INFO - Processing file /mnt/c/Users/victo/OneDrive/Desktop/fantasy_nba_dashboard/airflow_env/lib/python3.10/site-packages/airflow/example_dags/example_task_group_decorator.py for tasks to queue
[2024-01-06T14:24:41.642-0800] {logging_mixin.py:188} INFO - [2024-01-06T14:24:41.642-0800] {dagbag.py:538} INFO - Filling up the DagBag from /mnt/c/Users/victo/OneDrive/Desktop/fantasy_nba_dashboard/airflow_env/lib/python3.10/site-packages/airflow/example_dags/example_task_group_decorator.py
[2024-01-06T14:24:41.659-0800] {processor.py:840} INFO - DAG(s) 'example_task_group_decorator' retrieved from /mnt/c/Users/victo/OneDrive/Desktop/fantasy_nba_dashboard/airflow_env/lib/python3.10/site-packages/airflow/example_dags/example_task_group_decorator.py
[2024-01-06T14:24:41.759-0800] {logging_mixin.py:188} INFO - [2024-01-06T14:24:41.759-0800] {dag.py:3033} INFO - Sync 1 DAGs
[2024-01-06T14:24:41.773-0800] {logging_mixin.py:188} INFO - [2024-01-06T14:24:41.773-0800] {dag.py:3820} INFO - Setting next_dagrun for example_task_group_decorator to 2024-01-05T00:00:00+00:00, run_after=2024-01-06T00:00:00+00:00
[2024-01-06T14:24:41.786-0800] {processor.py:183} INFO - Processing /mnt/c/Users/victo/OneDrive/Desktop/fantasy_nba_dashboard/airflow_env/lib/python3.10/site-packages/airflow/example_dags/example_task_group_decorator.py took 0.150 seconds
[2024-01-06T14:25:11.925-0800] {processor.py:161} INFO - Started process (PID=7233) to work on /mnt/c/Users/victo/OneDrive/Desktop/fantasy_nba_dashboard/airflow_env/lib/python3.10/site-packages/airflow/example_dags/example_task_group_decorator.py
[2024-01-06T14:25:11.926-0800] {processor.py:830} INFO - Processing file /mnt/c/Users/victo/OneDrive/Desktop/fantasy_nba_dashboard/airflow_env/lib/python3.10/site-packages/airflow/example_dags/example_task_group_decorator.py for tasks to queue
[2024-01-06T14:25:11.927-0800] {logging_mixin.py:188} INFO - [2024-01-06T14:25:11.927-0800] {dagbag.py:538} INFO - Filling up the DagBag from /mnt/c/Users/victo/OneDrive/Desktop/fantasy_nba_dashboard/airflow_env/lib/python3.10/site-packages/airflow/example_dags/example_task_group_decorator.py
[2024-01-06T14:25:11.940-0800] {processor.py:840} INFO - DAG(s) 'example_task_group_decorator' retrieved from /mnt/c/Users/victo/OneDrive/Desktop/fantasy_nba_dashboard/airflow_env/lib/python3.10/site-packages/airflow/example_dags/example_task_group_decorator.py
[2024-01-06T14:25:11.971-0800] {logging_mixin.py:188} INFO - [2024-01-06T14:25:11.971-0800] {dag.py:3033} INFO - Sync 1 DAGs
[2024-01-06T14:25:11.988-0800] {logging_mixin.py:188} INFO - [2024-01-06T14:25:11.988-0800] {dag.py:3820} INFO - Setting next_dagrun for example_task_group_decorator to 2024-01-05T00:00:00+00:00, run_after=2024-01-06T00:00:00+00:00
[2024-01-06T14:25:12.006-0800] {processor.py:183} INFO - Processing /mnt/c/Users/victo/OneDrive/Desktop/fantasy_nba_dashboard/airflow_env/lib/python3.10/site-packages/airflow/example_dags/example_task_group_decorator.py took 0.085 seconds
[2024-01-06T14:25:42.344-0800] {processor.py:161} INFO - Started process (PID=7483) to work on /mnt/c/Users/victo/OneDrive/Desktop/fantasy_nba_dashboard/airflow_env/lib/python3.10/site-packages/airflow/example_dags/example_task_group_decorator.py
[2024-01-06T14:25:42.345-0800] {processor.py:830} INFO - Processing file /mnt/c/Users/victo/OneDrive/Desktop/fantasy_nba_dashboard/airflow_env/lib/python3.10/site-packages/airflow/example_dags/example_task_group_decorator.py for tasks to queue
[2024-01-06T14:25:42.346-0800] {logging_mixin.py:188} INFO - [2024-01-06T14:25:42.346-0800] {dagbag.py:538} INFO - Filling up the DagBag from /mnt/c/Users/victo/OneDrive/Desktop/fantasy_nba_dashboard/airflow_env/lib/python3.10/site-packages/airflow/example_dags/example_task_group_decorator.py
[2024-01-06T14:25:42.358-0800] {processor.py:840} INFO - DAG(s) 'example_task_group_decorator' retrieved from /mnt/c/Users/victo/OneDrive/Desktop/fantasy_nba_dashboard/airflow_env/lib/python3.10/site-packages/airflow/example_dags/example_task_group_decorator.py
[2024-01-06T14:25:42.387-0800] {logging_mixin.py:188} INFO - [2024-01-06T14:25:42.387-0800] {dag.py:3033} INFO - Sync 1 DAGs
[2024-01-06T14:25:42.403-0800] {logging_mixin.py:188} INFO - [2024-01-06T14:25:42.403-0800] {dag.py:3820} INFO - Setting next_dagrun for example_task_group_decorator to 2024-01-05T00:00:00+00:00, run_after=2024-01-06T00:00:00+00:00
[2024-01-06T14:25:42.420-0800] {processor.py:183} INFO - Processing /mnt/c/Users/victo/OneDrive/Desktop/fantasy_nba_dashboard/airflow_env/lib/python3.10/site-packages/airflow/example_dags/example_task_group_decorator.py took 0.079 seconds
[2024-01-06T14:26:12.616-0800] {processor.py:161} INFO - Started process (PID=8022) to work on /mnt/c/Users/victo/OneDrive/Desktop/fantasy_nba_dashboard/airflow_env/lib/python3.10/site-packages/airflow/example_dags/example_task_group_decorator.py
[2024-01-06T14:26:12.618-0800] {processor.py:830} INFO - Processing file /mnt/c/Users/victo/OneDrive/Desktop/fantasy_nba_dashboard/airflow_env/lib/python3.10/site-packages/airflow/example_dags/example_task_group_decorator.py for tasks to queue
[2024-01-06T14:26:12.618-0800] {logging_mixin.py:188} INFO - [2024-01-06T14:26:12.618-0800] {dagbag.py:538} INFO - Filling up the DagBag from /mnt/c/Users/victo/OneDrive/Desktop/fantasy_nba_dashboard/airflow_env/lib/python3.10/site-packages/airflow/example_dags/example_task_group_decorator.py
[2024-01-06T14:26:12.631-0800] {processor.py:840} INFO - DAG(s) 'example_task_group_decorator' retrieved from /mnt/c/Users/victo/OneDrive/Desktop/fantasy_nba_dashboard/airflow_env/lib/python3.10/site-packages/airflow/example_dags/example_task_group_decorator.py
[2024-01-06T14:26:12.661-0800] {logging_mixin.py:188} INFO - [2024-01-06T14:26:12.661-0800] {dag.py:3033} INFO - Sync 1 DAGs
[2024-01-06T14:26:12.679-0800] {logging_mixin.py:188} INFO - [2024-01-06T14:26:12.679-0800] {dag.py:3820} INFO - Setting next_dagrun for example_task_group_decorator to 2024-01-05T00:00:00+00:00, run_after=2024-01-06T00:00:00+00:00
[2024-01-06T14:26:12.696-0800] {processor.py:183} INFO - Processing /mnt/c/Users/victo/OneDrive/Desktop/fantasy_nba_dashboard/airflow_env/lib/python3.10/site-packages/airflow/example_dags/example_task_group_decorator.py took 0.084 seconds
[2024-01-06T14:35:53.544-0800] {processor.py:161} INFO - Started process (PID=9531) to work on /mnt/c/Users/victo/OneDrive/Desktop/fantasy_nba_dashboard/airflow_env/lib/python3.10/site-packages/airflow/example_dags/example_task_group_decorator.py
[2024-01-06T14:35:53.545-0800] {processor.py:830} INFO - Processing file /mnt/c/Users/victo/OneDrive/Desktop/fantasy_nba_dashboard/airflow_env/lib/python3.10/site-packages/airflow/example_dags/example_task_group_decorator.py for tasks to queue
[2024-01-06T14:35:53.546-0800] {logging_mixin.py:188} INFO - [2024-01-06T14:35:53.545-0800] {dagbag.py:538} INFO - Filling up the DagBag from /mnt/c/Users/victo/OneDrive/Desktop/fantasy_nba_dashboard/airflow_env/lib/python3.10/site-packages/airflow/example_dags/example_task_group_decorator.py
[2024-01-06T14:35:53.562-0800] {processor.py:840} INFO - DAG(s) 'example_task_group_decorator' retrieved from /mnt/c/Users/victo/OneDrive/Desktop/fantasy_nba_dashboard/airflow_env/lib/python3.10/site-packages/airflow/example_dags/example_task_group_decorator.py
[2024-01-06T14:35:53.592-0800] {logging_mixin.py:188} INFO - [2024-01-06T14:35:53.592-0800] {dag.py:3033} INFO - Sync 1 DAGs
[2024-01-06T14:35:53.608-0800] {logging_mixin.py:188} INFO - [2024-01-06T14:35:53.607-0800] {dag.py:3820} INFO - Setting next_dagrun for example_task_group_decorator to 2024-01-05T00:00:00+00:00, run_after=2024-01-06T00:00:00+00:00
[2024-01-06T14:35:53.619-0800] {processor.py:183} INFO - Processing /mnt/c/Users/victo/OneDrive/Desktop/fantasy_nba_dashboard/airflow_env/lib/python3.10/site-packages/airflow/example_dags/example_task_group_decorator.py took 0.079 seconds
[2024-01-06T14:36:23.865-0800] {processor.py:161} INFO - Started process (PID=9712) to work on /mnt/c/Users/victo/OneDrive/Desktop/fantasy_nba_dashboard/airflow_env/lib/python3.10/site-packages/airflow/example_dags/example_task_group_decorator.py
[2024-01-06T14:36:23.866-0800] {processor.py:830} INFO - Processing file /mnt/c/Users/victo/OneDrive/Desktop/fantasy_nba_dashboard/airflow_env/lib/python3.10/site-packages/airflow/example_dags/example_task_group_decorator.py for tasks to queue
[2024-01-06T14:36:23.867-0800] {logging_mixin.py:188} INFO - [2024-01-06T14:36:23.867-0800] {dagbag.py:538} INFO - Filling up the DagBag from /mnt/c/Users/victo/OneDrive/Desktop/fantasy_nba_dashboard/airflow_env/lib/python3.10/site-packages/airflow/example_dags/example_task_group_decorator.py
[2024-01-06T14:36:23.879-0800] {processor.py:840} INFO - DAG(s) 'example_task_group_decorator' retrieved from /mnt/c/Users/victo/OneDrive/Desktop/fantasy_nba_dashboard/airflow_env/lib/python3.10/site-packages/airflow/example_dags/example_task_group_decorator.py
[2024-01-06T14:36:23.910-0800] {logging_mixin.py:188} INFO - [2024-01-06T14:36:23.910-0800] {dag.py:3033} INFO - Sync 1 DAGs
[2024-01-06T14:36:23.926-0800] {logging_mixin.py:188} INFO - [2024-01-06T14:36:23.926-0800] {dag.py:3820} INFO - Setting next_dagrun for example_task_group_decorator to 2024-01-05T00:00:00+00:00, run_after=2024-01-06T00:00:00+00:00
[2024-01-06T14:36:23.939-0800] {processor.py:183} INFO - Processing /mnt/c/Users/victo/OneDrive/Desktop/fantasy_nba_dashboard/airflow_env/lib/python3.10/site-packages/airflow/example_dags/example_task_group_decorator.py took 0.078 seconds
[2024-01-06T14:36:55.143-0800] {processor.py:161} INFO - Started process (PID=9990) to work on /mnt/c/Users/victo/OneDrive/Desktop/fantasy_nba_dashboard/airflow_env/lib/python3.10/site-packages/airflow/example_dags/example_task_group_decorator.py
[2024-01-06T14:36:55.144-0800] {processor.py:830} INFO - Processing file /mnt/c/Users/victo/OneDrive/Desktop/fantasy_nba_dashboard/airflow_env/lib/python3.10/site-packages/airflow/example_dags/example_task_group_decorator.py for tasks to queue
[2024-01-06T14:36:55.145-0800] {logging_mixin.py:188} INFO - [2024-01-06T14:36:55.144-0800] {dagbag.py:538} INFO - Filling up the DagBag from /mnt/c/Users/victo/OneDrive/Desktop/fantasy_nba_dashboard/airflow_env/lib/python3.10/site-packages/airflow/example_dags/example_task_group_decorator.py
[2024-01-06T14:36:55.158-0800] {processor.py:840} INFO - DAG(s) 'example_task_group_decorator' retrieved from /mnt/c/Users/victo/OneDrive/Desktop/fantasy_nba_dashboard/airflow_env/lib/python3.10/site-packages/airflow/example_dags/example_task_group_decorator.py
[2024-01-06T14:36:55.192-0800] {logging_mixin.py:188} INFO - [2024-01-06T14:36:55.192-0800] {dag.py:3033} INFO - Sync 1 DAGs
[2024-01-06T14:36:55.213-0800] {logging_mixin.py:188} INFO - [2024-01-06T14:36:55.213-0800] {dag.py:3820} INFO - Setting next_dagrun for example_task_group_decorator to 2024-01-05T00:00:00+00:00, run_after=2024-01-06T00:00:00+00:00
[2024-01-06T14:36:55.227-0800] {processor.py:183} INFO - Processing /mnt/c/Users/victo/OneDrive/Desktop/fantasy_nba_dashboard/airflow_env/lib/python3.10/site-packages/airflow/example_dags/example_task_group_decorator.py took 0.088 seconds
[2024-01-06T14:37:25.799-0800] {processor.py:161} INFO - Started process (PID=10270) to work on /mnt/c/Users/victo/OneDrive/Desktop/fantasy_nba_dashboard/airflow_env/lib/python3.10/site-packages/airflow/example_dags/example_task_group_decorator.py
[2024-01-06T14:37:25.800-0800] {processor.py:830} INFO - Processing file /mnt/c/Users/victo/OneDrive/Desktop/fantasy_nba_dashboard/airflow_env/lib/python3.10/site-packages/airflow/example_dags/example_task_group_decorator.py for tasks to queue
[2024-01-06T14:37:25.801-0800] {logging_mixin.py:188} INFO - [2024-01-06T14:37:25.800-0800] {dagbag.py:538} INFO - Filling up the DagBag from /mnt/c/Users/victo/OneDrive/Desktop/fantasy_nba_dashboard/airflow_env/lib/python3.10/site-packages/airflow/example_dags/example_task_group_decorator.py
[2024-01-06T14:37:25.813-0800] {processor.py:840} INFO - DAG(s) 'example_task_group_decorator' retrieved from /mnt/c/Users/victo/OneDrive/Desktop/fantasy_nba_dashboard/airflow_env/lib/python3.10/site-packages/airflow/example_dags/example_task_group_decorator.py
[2024-01-06T14:37:25.844-0800] {logging_mixin.py:188} INFO - [2024-01-06T14:37:25.844-0800] {dag.py:3033} INFO - Sync 1 DAGs
[2024-01-06T14:37:25.862-0800] {logging_mixin.py:188} INFO - [2024-01-06T14:37:25.861-0800] {dag.py:3820} INFO - Setting next_dagrun for example_task_group_decorator to 2024-01-05T00:00:00+00:00, run_after=2024-01-06T00:00:00+00:00
[2024-01-06T14:37:25.875-0800] {processor.py:183} INFO - Processing /mnt/c/Users/victo/OneDrive/Desktop/fantasy_nba_dashboard/airflow_env/lib/python3.10/site-packages/airflow/example_dags/example_task_group_decorator.py took 0.080 seconds
[2024-01-06T14:37:56.532-0800] {processor.py:161} INFO - Started process (PID=10470) to work on /mnt/c/Users/victo/OneDrive/Desktop/fantasy_nba_dashboard/airflow_env/lib/python3.10/site-packages/airflow/example_dags/example_task_group_decorator.py
[2024-01-06T14:37:56.533-0800] {processor.py:830} INFO - Processing file /mnt/c/Users/victo/OneDrive/Desktop/fantasy_nba_dashboard/airflow_env/lib/python3.10/site-packages/airflow/example_dags/example_task_group_decorator.py for tasks to queue
[2024-01-06T14:37:56.533-0800] {logging_mixin.py:188} INFO - [2024-01-06T14:37:56.533-0800] {dagbag.py:538} INFO - Filling up the DagBag from /mnt/c/Users/victo/OneDrive/Desktop/fantasy_nba_dashboard/airflow_env/lib/python3.10/site-packages/airflow/example_dags/example_task_group_decorator.py
[2024-01-06T14:37:56.546-0800] {processor.py:840} INFO - DAG(s) 'example_task_group_decorator' retrieved from /mnt/c/Users/victo/OneDrive/Desktop/fantasy_nba_dashboard/airflow_env/lib/python3.10/site-packages/airflow/example_dags/example_task_group_decorator.py
[2024-01-06T14:37:56.576-0800] {logging_mixin.py:188} INFO - [2024-01-06T14:37:56.576-0800] {dag.py:3033} INFO - Sync 1 DAGs
[2024-01-06T14:37:56.594-0800] {logging_mixin.py:188} INFO - [2024-01-06T14:37:56.593-0800] {dag.py:3820} INFO - Setting next_dagrun for example_task_group_decorator to 2024-01-05T00:00:00+00:00, run_after=2024-01-06T00:00:00+00:00
[2024-01-06T14:37:56.607-0800] {processor.py:183} INFO - Processing /mnt/c/Users/victo/OneDrive/Desktop/fantasy_nba_dashboard/airflow_env/lib/python3.10/site-packages/airflow/example_dags/example_task_group_decorator.py took 0.079 seconds
[2024-01-06T14:38:27.213-0800] {processor.py:161} INFO - Started process (PID=10643) to work on /mnt/c/Users/victo/OneDrive/Desktop/fantasy_nba_dashboard/airflow_env/lib/python3.10/site-packages/airflow/example_dags/example_task_group_decorator.py
[2024-01-06T14:38:27.214-0800] {processor.py:830} INFO - Processing file /mnt/c/Users/victo/OneDrive/Desktop/fantasy_nba_dashboard/airflow_env/lib/python3.10/site-packages/airflow/example_dags/example_task_group_decorator.py for tasks to queue
[2024-01-06T14:38:27.214-0800] {logging_mixin.py:188} INFO - [2024-01-06T14:38:27.214-0800] {dagbag.py:538} INFO - Filling up the DagBag from /mnt/c/Users/victo/OneDrive/Desktop/fantasy_nba_dashboard/airflow_env/lib/python3.10/site-packages/airflow/example_dags/example_task_group_decorator.py
[2024-01-06T14:38:27.227-0800] {processor.py:840} INFO - DAG(s) 'example_task_group_decorator' retrieved from /mnt/c/Users/victo/OneDrive/Desktop/fantasy_nba_dashboard/airflow_env/lib/python3.10/site-packages/airflow/example_dags/example_task_group_decorator.py
[2024-01-06T14:38:27.255-0800] {logging_mixin.py:188} INFO - [2024-01-06T14:38:27.255-0800] {dag.py:3033} INFO - Sync 1 DAGs
[2024-01-06T14:38:27.274-0800] {logging_mixin.py:188} INFO - [2024-01-06T14:38:27.274-0800] {dag.py:3820} INFO - Setting next_dagrun for example_task_group_decorator to 2024-01-05T00:00:00+00:00, run_after=2024-01-06T00:00:00+00:00
[2024-01-06T14:38:27.288-0800] {processor.py:183} INFO - Processing /mnt/c/Users/victo/OneDrive/Desktop/fantasy_nba_dashboard/airflow_env/lib/python3.10/site-packages/airflow/example_dags/example_task_group_decorator.py took 0.079 seconds
[2024-01-06T14:38:58.168-0800] {processor.py:161} INFO - Started process (PID=10824) to work on /mnt/c/Users/victo/OneDrive/Desktop/fantasy_nba_dashboard/airflow_env/lib/python3.10/site-packages/airflow/example_dags/example_task_group_decorator.py
[2024-01-06T14:38:58.170-0800] {processor.py:830} INFO - Processing file /mnt/c/Users/victo/OneDrive/Desktop/fantasy_nba_dashboard/airflow_env/lib/python3.10/site-packages/airflow/example_dags/example_task_group_decorator.py for tasks to queue
[2024-01-06T14:38:58.171-0800] {logging_mixin.py:188} INFO - [2024-01-06T14:38:58.170-0800] {dagbag.py:538} INFO - Filling up the DagBag from /mnt/c/Users/victo/OneDrive/Desktop/fantasy_nba_dashboard/airflow_env/lib/python3.10/site-packages/airflow/example_dags/example_task_group_decorator.py
[2024-01-06T14:38:58.198-0800] {processor.py:840} INFO - DAG(s) 'example_task_group_decorator' retrieved from /mnt/c/Users/victo/OneDrive/Desktop/fantasy_nba_dashboard/airflow_env/lib/python3.10/site-packages/airflow/example_dags/example_task_group_decorator.py
[2024-01-06T14:38:58.250-0800] {logging_mixin.py:188} INFO - [2024-01-06T14:38:58.250-0800] {dag.py:3033} INFO - Sync 1 DAGs
[2024-01-06T14:38:58.270-0800] {logging_mixin.py:188} INFO - [2024-01-06T14:38:58.270-0800] {dag.py:3820} INFO - Setting next_dagrun for example_task_group_decorator to 2024-01-05T00:00:00+00:00, run_after=2024-01-06T00:00:00+00:00
[2024-01-06T14:38:58.285-0800] {processor.py:183} INFO - Processing /mnt/c/Users/victo/OneDrive/Desktop/fantasy_nba_dashboard/airflow_env/lib/python3.10/site-packages/airflow/example_dags/example_task_group_decorator.py took 0.124 seconds
[2024-01-06T14:39:28.851-0800] {processor.py:161} INFO - Started process (PID=10995) to work on /mnt/c/Users/victo/OneDrive/Desktop/fantasy_nba_dashboard/airflow_env/lib/python3.10/site-packages/airflow/example_dags/example_task_group_decorator.py
[2024-01-06T14:39:28.852-0800] {processor.py:830} INFO - Processing file /mnt/c/Users/victo/OneDrive/Desktop/fantasy_nba_dashboard/airflow_env/lib/python3.10/site-packages/airflow/example_dags/example_task_group_decorator.py for tasks to queue
[2024-01-06T14:39:28.852-0800] {logging_mixin.py:188} INFO - [2024-01-06T14:39:28.852-0800] {dagbag.py:538} INFO - Filling up the DagBag from /mnt/c/Users/victo/OneDrive/Desktop/fantasy_nba_dashboard/airflow_env/lib/python3.10/site-packages/airflow/example_dags/example_task_group_decorator.py
[2024-01-06T14:39:28.865-0800] {processor.py:840} INFO - DAG(s) 'example_task_group_decorator' retrieved from /mnt/c/Users/victo/OneDrive/Desktop/fantasy_nba_dashboard/airflow_env/lib/python3.10/site-packages/airflow/example_dags/example_task_group_decorator.py
[2024-01-06T14:39:28.895-0800] {logging_mixin.py:188} INFO - [2024-01-06T14:39:28.895-0800] {dag.py:3033} INFO - Sync 1 DAGs
[2024-01-06T14:39:28.912-0800] {logging_mixin.py:188} INFO - [2024-01-06T14:39:28.912-0800] {dag.py:3820} INFO - Setting next_dagrun for example_task_group_decorator to 2024-01-05T00:00:00+00:00, run_after=2024-01-06T00:00:00+00:00
[2024-01-06T14:39:28.926-0800] {processor.py:183} INFO - Processing /mnt/c/Users/victo/OneDrive/Desktop/fantasy_nba_dashboard/airflow_env/lib/python3.10/site-packages/airflow/example_dags/example_task_group_decorator.py took 0.079 seconds
[2024-01-06T14:39:59.640-0800] {processor.py:161} INFO - Started process (PID=11148) to work on /mnt/c/Users/victo/OneDrive/Desktop/fantasy_nba_dashboard/airflow_env/lib/python3.10/site-packages/airflow/example_dags/example_task_group_decorator.py
[2024-01-06T14:39:59.642-0800] {processor.py:830} INFO - Processing file /mnt/c/Users/victo/OneDrive/Desktop/fantasy_nba_dashboard/airflow_env/lib/python3.10/site-packages/airflow/example_dags/example_task_group_decorator.py for tasks to queue
[2024-01-06T14:39:59.642-0800] {logging_mixin.py:188} INFO - [2024-01-06T14:39:59.642-0800] {dagbag.py:538} INFO - Filling up the DagBag from /mnt/c/Users/victo/OneDrive/Desktop/fantasy_nba_dashboard/airflow_env/lib/python3.10/site-packages/airflow/example_dags/example_task_group_decorator.py
[2024-01-06T14:39:59.654-0800] {processor.py:840} INFO - DAG(s) 'example_task_group_decorator' retrieved from /mnt/c/Users/victo/OneDrive/Desktop/fantasy_nba_dashboard/airflow_env/lib/python3.10/site-packages/airflow/example_dags/example_task_group_decorator.py
[2024-01-06T14:39:59.689-0800] {logging_mixin.py:188} INFO - [2024-01-06T14:39:59.689-0800] {dag.py:3033} INFO - Sync 1 DAGs
[2024-01-06T14:39:59.707-0800] {logging_mixin.py:188} INFO - [2024-01-06T14:39:59.707-0800] {dag.py:3820} INFO - Setting next_dagrun for example_task_group_decorator to 2024-01-05T00:00:00+00:00, run_after=2024-01-06T00:00:00+00:00
[2024-01-06T14:39:59.724-0800] {processor.py:183} INFO - Processing /mnt/c/Users/victo/OneDrive/Desktop/fantasy_nba_dashboard/airflow_env/lib/python3.10/site-packages/airflow/example_dags/example_task_group_decorator.py took 0.088 seconds
[2024-01-06T14:40:30.392-0800] {processor.py:161} INFO - Started process (PID=11306) to work on /mnt/c/Users/victo/OneDrive/Desktop/fantasy_nba_dashboard/airflow_env/lib/python3.10/site-packages/airflow/example_dags/example_task_group_decorator.py
[2024-01-06T14:40:30.393-0800] {processor.py:830} INFO - Processing file /mnt/c/Users/victo/OneDrive/Desktop/fantasy_nba_dashboard/airflow_env/lib/python3.10/site-packages/airflow/example_dags/example_task_group_decorator.py for tasks to queue
[2024-01-06T14:40:30.394-0800] {logging_mixin.py:188} INFO - [2024-01-06T14:40:30.394-0800] {dagbag.py:538} INFO - Filling up the DagBag from /mnt/c/Users/victo/OneDrive/Desktop/fantasy_nba_dashboard/airflow_env/lib/python3.10/site-packages/airflow/example_dags/example_task_group_decorator.py
[2024-01-06T14:40:30.406-0800] {processor.py:840} INFO - DAG(s) 'example_task_group_decorator' retrieved from /mnt/c/Users/victo/OneDrive/Desktop/fantasy_nba_dashboard/airflow_env/lib/python3.10/site-packages/airflow/example_dags/example_task_group_decorator.py
[2024-01-06T14:40:30.435-0800] {logging_mixin.py:188} INFO - [2024-01-06T14:40:30.435-0800] {dag.py:3033} INFO - Sync 1 DAGs
[2024-01-06T14:40:30.451-0800] {logging_mixin.py:188} INFO - [2024-01-06T14:40:30.451-0800] {dag.py:3820} INFO - Setting next_dagrun for example_task_group_decorator to 2024-01-05T00:00:00+00:00, run_after=2024-01-06T00:00:00+00:00
[2024-01-06T14:40:30.465-0800] {processor.py:183} INFO - Processing /mnt/c/Users/victo/OneDrive/Desktop/fantasy_nba_dashboard/airflow_env/lib/python3.10/site-packages/airflow/example_dags/example_task_group_decorator.py took 0.076 seconds
[2024-01-06T14:41:01.226-0800] {processor.py:161} INFO - Started process (PID=11491) to work on /mnt/c/Users/victo/OneDrive/Desktop/fantasy_nba_dashboard/airflow_env/lib/python3.10/site-packages/airflow/example_dags/example_task_group_decorator.py
[2024-01-06T14:41:01.227-0800] {processor.py:830} INFO - Processing file /mnt/c/Users/victo/OneDrive/Desktop/fantasy_nba_dashboard/airflow_env/lib/python3.10/site-packages/airflow/example_dags/example_task_group_decorator.py for tasks to queue
[2024-01-06T14:41:01.227-0800] {logging_mixin.py:188} INFO - [2024-01-06T14:41:01.227-0800] {dagbag.py:538} INFO - Filling up the DagBag from /mnt/c/Users/victo/OneDrive/Desktop/fantasy_nba_dashboard/airflow_env/lib/python3.10/site-packages/airflow/example_dags/example_task_group_decorator.py
[2024-01-06T14:41:01.240-0800] {processor.py:840} INFO - DAG(s) 'example_task_group_decorator' retrieved from /mnt/c/Users/victo/OneDrive/Desktop/fantasy_nba_dashboard/airflow_env/lib/python3.10/site-packages/airflow/example_dags/example_task_group_decorator.py
[2024-01-06T14:41:01.271-0800] {logging_mixin.py:188} INFO - [2024-01-06T14:41:01.271-0800] {dag.py:3033} INFO - Sync 1 DAGs
[2024-01-06T14:41:01.288-0800] {logging_mixin.py:188} INFO - [2024-01-06T14:41:01.288-0800] {dag.py:3820} INFO - Setting next_dagrun for example_task_group_decorator to 2024-01-05T00:00:00+00:00, run_after=2024-01-06T00:00:00+00:00
[2024-01-06T14:41:01.306-0800] {processor.py:183} INFO - Processing /mnt/c/Users/victo/OneDrive/Desktop/fantasy_nba_dashboard/airflow_env/lib/python3.10/site-packages/airflow/example_dags/example_task_group_decorator.py took 0.085 seconds
