[2024-01-06T14:24:43.913-0800] {processor.py:161} INFO - Started process (PID=7131) to work on /mnt/c/Users/victo/OneDrive/Desktop/fantasy_nba_dashboard/airflow_env/lib/python3.10/site-packages/airflow/example_dags/example_complex.py
[2024-01-06T14:24:43.914-0800] {processor.py:830} INFO - Processing file /mnt/c/Users/victo/OneDrive/Desktop/fantasy_nba_dashboard/airflow_env/lib/python3.10/site-packages/airflow/example_dags/example_complex.py for tasks to queue
[2024-01-06T14:24:43.915-0800] {logging_mixin.py:188} INFO - [2024-01-06T14:24:43.915-0800] {dagbag.py:538} INFO - Filling up the DagBag from /mnt/c/Users/victo/OneDrive/Desktop/fantasy_nba_dashboard/airflow_env/lib/python3.10/site-packages/airflow/example_dags/example_complex.py
[2024-01-06T14:24:43.923-0800] {processor.py:840} INFO - DAG(s) 'example_complex' retrieved from /mnt/c/Users/victo/OneDrive/Desktop/fantasy_nba_dashboard/airflow_env/lib/python3.10/site-packages/airflow/example_dags/example_complex.py
[2024-01-06T14:24:44.025-0800] {logging_mixin.py:188} INFO - [2024-01-06T14:24:44.025-0800] {dag.py:3033} INFO - Sync 1 DAGs
[2024-01-06T14:24:44.033-0800] {logging_mixin.py:188} INFO - [2024-01-06T14:24:44.033-0800] {dag.py:3820} INFO - Setting next_dagrun for example_complex to None, run_after=None
[2024-01-06T14:24:44.051-0800] {processor.py:183} INFO - Processing /mnt/c/Users/victo/OneDrive/Desktop/fantasy_nba_dashboard/airflow_env/lib/python3.10/site-packages/airflow/example_dags/example_complex.py took 0.141 seconds
[2024-01-06T14:25:14.788-0800] {processor.py:161} INFO - Started process (PID=7290) to work on /mnt/c/Users/victo/OneDrive/Desktop/fantasy_nba_dashboard/airflow_env/lib/python3.10/site-packages/airflow/example_dags/example_complex.py
[2024-01-06T14:25:14.789-0800] {processor.py:830} INFO - Processing file /mnt/c/Users/victo/OneDrive/Desktop/fantasy_nba_dashboard/airflow_env/lib/python3.10/site-packages/airflow/example_dags/example_complex.py for tasks to queue
[2024-01-06T14:25:14.789-0800] {logging_mixin.py:188} INFO - [2024-01-06T14:25:14.789-0800] {dagbag.py:538} INFO - Filling up the DagBag from /mnt/c/Users/victo/OneDrive/Desktop/fantasy_nba_dashboard/airflow_env/lib/python3.10/site-packages/airflow/example_dags/example_complex.py
[2024-01-06T14:25:14.798-0800] {processor.py:840} INFO - DAG(s) 'example_complex' retrieved from /mnt/c/Users/victo/OneDrive/Desktop/fantasy_nba_dashboard/airflow_env/lib/python3.10/site-packages/airflow/example_dags/example_complex.py
[2024-01-06T14:25:14.836-0800] {logging_mixin.py:188} INFO - [2024-01-06T14:25:14.836-0800] {dag.py:3033} INFO - Sync 1 DAGs
[2024-01-06T14:25:14.846-0800] {logging_mixin.py:188} INFO - [2024-01-06T14:25:14.846-0800] {dag.py:3820} INFO - Setting next_dagrun for example_complex to None, run_after=None
[2024-01-06T14:25:14.866-0800] {processor.py:183} INFO - Processing /mnt/c/Users/victo/OneDrive/Desktop/fantasy_nba_dashboard/airflow_env/lib/python3.10/site-packages/airflow/example_dags/example_complex.py took 0.082 seconds
[2024-01-06T14:25:44.919-0800] {processor.py:161} INFO - Started process (PID=7537) to work on /mnt/c/Users/victo/OneDrive/Desktop/fantasy_nba_dashboard/airflow_env/lib/python3.10/site-packages/airflow/example_dags/example_complex.py
[2024-01-06T14:25:44.919-0800] {processor.py:830} INFO - Processing file /mnt/c/Users/victo/OneDrive/Desktop/fantasy_nba_dashboard/airflow_env/lib/python3.10/site-packages/airflow/example_dags/example_complex.py for tasks to queue
[2024-01-06T14:25:44.920-0800] {logging_mixin.py:188} INFO - [2024-01-06T14:25:44.920-0800] {dagbag.py:538} INFO - Filling up the DagBag from /mnt/c/Users/victo/OneDrive/Desktop/fantasy_nba_dashboard/airflow_env/lib/python3.10/site-packages/airflow/example_dags/example_complex.py
[2024-01-06T14:25:44.928-0800] {processor.py:840} INFO - DAG(s) 'example_complex' retrieved from /mnt/c/Users/victo/OneDrive/Desktop/fantasy_nba_dashboard/airflow_env/lib/python3.10/site-packages/airflow/example_dags/example_complex.py
[2024-01-06T14:25:44.960-0800] {logging_mixin.py:188} INFO - [2024-01-06T14:25:44.960-0800] {dag.py:3033} INFO - Sync 1 DAGs
[2024-01-06T14:25:44.969-0800] {logging_mixin.py:188} INFO - [2024-01-06T14:25:44.969-0800] {dag.py:3820} INFO - Setting next_dagrun for example_complex to None, run_after=None
[2024-01-06T14:25:44.981-0800] {processor.py:183} INFO - Processing /mnt/c/Users/victo/OneDrive/Desktop/fantasy_nba_dashboard/airflow_env/lib/python3.10/site-packages/airflow/example_dags/example_complex.py took 0.066 seconds
[2024-01-06T14:26:15.214-0800] {processor.py:161} INFO - Started process (PID=8075) to work on /mnt/c/Users/victo/OneDrive/Desktop/fantasy_nba_dashboard/airflow_env/lib/python3.10/site-packages/airflow/example_dags/example_complex.py
[2024-01-06T14:26:15.215-0800] {processor.py:830} INFO - Processing file /mnt/c/Users/victo/OneDrive/Desktop/fantasy_nba_dashboard/airflow_env/lib/python3.10/site-packages/airflow/example_dags/example_complex.py for tasks to queue
[2024-01-06T14:26:15.215-0800] {logging_mixin.py:188} INFO - [2024-01-06T14:26:15.215-0800] {dagbag.py:538} INFO - Filling up the DagBag from /mnt/c/Users/victo/OneDrive/Desktop/fantasy_nba_dashboard/airflow_env/lib/python3.10/site-packages/airflow/example_dags/example_complex.py
[2024-01-06T14:26:15.224-0800] {processor.py:840} INFO - DAG(s) 'example_complex' retrieved from /mnt/c/Users/victo/OneDrive/Desktop/fantasy_nba_dashboard/airflow_env/lib/python3.10/site-packages/airflow/example_dags/example_complex.py
[2024-01-06T14:26:15.258-0800] {logging_mixin.py:188} INFO - [2024-01-06T14:26:15.258-0800] {dag.py:3033} INFO - Sync 1 DAGs
[2024-01-06T14:26:15.267-0800] {logging_mixin.py:188} INFO - [2024-01-06T14:26:15.267-0800] {dag.py:3820} INFO - Setting next_dagrun for example_complex to None, run_after=None
[2024-01-06T14:26:15.284-0800] {processor.py:183} INFO - Processing /mnt/c/Users/victo/OneDrive/Desktop/fantasy_nba_dashboard/airflow_env/lib/python3.10/site-packages/airflow/example_dags/example_complex.py took 0.074 seconds
[2024-01-06T14:35:55.233-0800] {processor.py:161} INFO - Started process (PID=9582) to work on /mnt/c/Users/victo/OneDrive/Desktop/fantasy_nba_dashboard/airflow_env/lib/python3.10/site-packages/airflow/example_dags/example_complex.py
[2024-01-06T14:35:55.234-0800] {processor.py:830} INFO - Processing file /mnt/c/Users/victo/OneDrive/Desktop/fantasy_nba_dashboard/airflow_env/lib/python3.10/site-packages/airflow/example_dags/example_complex.py for tasks to queue
[2024-01-06T14:35:55.234-0800] {logging_mixin.py:188} INFO - [2024-01-06T14:35:55.234-0800] {dagbag.py:538} INFO - Filling up the DagBag from /mnt/c/Users/victo/OneDrive/Desktop/fantasy_nba_dashboard/airflow_env/lib/python3.10/site-packages/airflow/example_dags/example_complex.py
[2024-01-06T14:35:55.243-0800] {processor.py:840} INFO - DAG(s) 'example_complex' retrieved from /mnt/c/Users/victo/OneDrive/Desktop/fantasy_nba_dashboard/airflow_env/lib/python3.10/site-packages/airflow/example_dags/example_complex.py
[2024-01-06T14:35:55.276-0800] {logging_mixin.py:188} INFO - [2024-01-06T14:35:55.276-0800] {dag.py:3033} INFO - Sync 1 DAGs
[2024-01-06T14:35:55.285-0800] {logging_mixin.py:188} INFO - [2024-01-06T14:35:55.285-0800] {dag.py:3820} INFO - Setting next_dagrun for example_complex to None, run_after=None
[2024-01-06T14:35:55.302-0800] {processor.py:183} INFO - Processing /mnt/c/Users/victo/OneDrive/Desktop/fantasy_nba_dashboard/airflow_env/lib/python3.10/site-packages/airflow/example_dags/example_complex.py took 0.073 seconds
[2024-01-06T14:36:25.403-0800] {processor.py:161} INFO - Started process (PID=9765) to work on /mnt/c/Users/victo/OneDrive/Desktop/fantasy_nba_dashboard/airflow_env/lib/python3.10/site-packages/airflow/example_dags/example_complex.py
[2024-01-06T14:36:25.404-0800] {processor.py:830} INFO - Processing file /mnt/c/Users/victo/OneDrive/Desktop/fantasy_nba_dashboard/airflow_env/lib/python3.10/site-packages/airflow/example_dags/example_complex.py for tasks to queue
[2024-01-06T14:36:25.405-0800] {logging_mixin.py:188} INFO - [2024-01-06T14:36:25.404-0800] {dagbag.py:538} INFO - Filling up the DagBag from /mnt/c/Users/victo/OneDrive/Desktop/fantasy_nba_dashboard/airflow_env/lib/python3.10/site-packages/airflow/example_dags/example_complex.py
[2024-01-06T14:36:25.413-0800] {processor.py:840} INFO - DAG(s) 'example_complex' retrieved from /mnt/c/Users/victo/OneDrive/Desktop/fantasy_nba_dashboard/airflow_env/lib/python3.10/site-packages/airflow/example_dags/example_complex.py
[2024-01-06T14:36:25.447-0800] {logging_mixin.py:188} INFO - [2024-01-06T14:36:25.446-0800] {dag.py:3033} INFO - Sync 1 DAGs
[2024-01-06T14:36:25.456-0800] {logging_mixin.py:188} INFO - [2024-01-06T14:36:25.456-0800] {dag.py:3820} INFO - Setting next_dagrun for example_complex to None, run_after=None
[2024-01-06T14:36:25.474-0800] {processor.py:183} INFO - Processing /mnt/c/Users/victo/OneDrive/Desktop/fantasy_nba_dashboard/airflow_env/lib/python3.10/site-packages/airflow/example_dags/example_complex.py took 0.075 seconds
[2024-01-06T14:36:56.421-0800] {processor.py:161} INFO - Started process (PID=10044) to work on /mnt/c/Users/victo/OneDrive/Desktop/fantasy_nba_dashboard/airflow_env/lib/python3.10/site-packages/airflow/example_dags/example_complex.py
[2024-01-06T14:36:56.422-0800] {processor.py:830} INFO - Processing file /mnt/c/Users/victo/OneDrive/Desktop/fantasy_nba_dashboard/airflow_env/lib/python3.10/site-packages/airflow/example_dags/example_complex.py for tasks to queue
[2024-01-06T14:36:56.422-0800] {logging_mixin.py:188} INFO - [2024-01-06T14:36:56.422-0800] {dagbag.py:538} INFO - Filling up the DagBag from /mnt/c/Users/victo/OneDrive/Desktop/fantasy_nba_dashboard/airflow_env/lib/python3.10/site-packages/airflow/example_dags/example_complex.py
[2024-01-06T14:36:56.431-0800] {processor.py:840} INFO - DAG(s) 'example_complex' retrieved from /mnt/c/Users/victo/OneDrive/Desktop/fantasy_nba_dashboard/airflow_env/lib/python3.10/site-packages/airflow/example_dags/example_complex.py
[2024-01-06T14:36:56.465-0800] {logging_mixin.py:188} INFO - [2024-01-06T14:36:56.465-0800] {dag.py:3033} INFO - Sync 1 DAGs
[2024-01-06T14:36:56.475-0800] {logging_mixin.py:188} INFO - [2024-01-06T14:36:56.475-0800] {dag.py:3820} INFO - Setting next_dagrun for example_complex to None, run_after=None
[2024-01-06T14:36:56.492-0800] {processor.py:183} INFO - Processing /mnt/c/Users/victo/OneDrive/Desktop/fantasy_nba_dashboard/airflow_env/lib/python3.10/site-packages/airflow/example_dags/example_complex.py took 0.075 seconds
[2024-01-06T14:37:27.092-0800] {processor.py:161} INFO - Started process (PID=10323) to work on /mnt/c/Users/victo/OneDrive/Desktop/fantasy_nba_dashboard/airflow_env/lib/python3.10/site-packages/airflow/example_dags/example_complex.py
[2024-01-06T14:37:27.093-0800] {processor.py:830} INFO - Processing file /mnt/c/Users/victo/OneDrive/Desktop/fantasy_nba_dashboard/airflow_env/lib/python3.10/site-packages/airflow/example_dags/example_complex.py for tasks to queue
[2024-01-06T14:37:27.094-0800] {logging_mixin.py:188} INFO - [2024-01-06T14:37:27.093-0800] {dagbag.py:538} INFO - Filling up the DagBag from /mnt/c/Users/victo/OneDrive/Desktop/fantasy_nba_dashboard/airflow_env/lib/python3.10/site-packages/airflow/example_dags/example_complex.py
[2024-01-06T14:37:27.102-0800] {processor.py:840} INFO - DAG(s) 'example_complex' retrieved from /mnt/c/Users/victo/OneDrive/Desktop/fantasy_nba_dashboard/airflow_env/lib/python3.10/site-packages/airflow/example_dags/example_complex.py
[2024-01-06T14:37:27.136-0800] {logging_mixin.py:188} INFO - [2024-01-06T14:37:27.136-0800] {dag.py:3033} INFO - Sync 1 DAGs
[2024-01-06T14:37:27.146-0800] {logging_mixin.py:188} INFO - [2024-01-06T14:37:27.146-0800] {dag.py:3820} INFO - Setting next_dagrun for example_complex to None, run_after=None
[2024-01-06T14:37:27.160-0800] {processor.py:183} INFO - Processing /mnt/c/Users/victo/OneDrive/Desktop/fantasy_nba_dashboard/airflow_env/lib/python3.10/site-packages/airflow/example_dags/example_complex.py took 0.071 seconds
[2024-01-06T14:37:57.798-0800] {processor.py:161} INFO - Started process (PID=10524) to work on /mnt/c/Users/victo/OneDrive/Desktop/fantasy_nba_dashboard/airflow_env/lib/python3.10/site-packages/airflow/example_dags/example_complex.py
[2024-01-06T14:37:57.799-0800] {processor.py:830} INFO - Processing file /mnt/c/Users/victo/OneDrive/Desktop/fantasy_nba_dashboard/airflow_env/lib/python3.10/site-packages/airflow/example_dags/example_complex.py for tasks to queue
[2024-01-06T14:37:57.800-0800] {logging_mixin.py:188} INFO - [2024-01-06T14:37:57.800-0800] {dagbag.py:538} INFO - Filling up the DagBag from /mnt/c/Users/victo/OneDrive/Desktop/fantasy_nba_dashboard/airflow_env/lib/python3.10/site-packages/airflow/example_dags/example_complex.py
[2024-01-06T14:37:57.809-0800] {processor.py:840} INFO - DAG(s) 'example_complex' retrieved from /mnt/c/Users/victo/OneDrive/Desktop/fantasy_nba_dashboard/airflow_env/lib/python3.10/site-packages/airflow/example_dags/example_complex.py
[2024-01-06T14:37:57.844-0800] {logging_mixin.py:188} INFO - [2024-01-06T14:37:57.844-0800] {dag.py:3033} INFO - Sync 1 DAGs
[2024-01-06T14:37:57.854-0800] {logging_mixin.py:188} INFO - [2024-01-06T14:37:57.854-0800] {dag.py:3820} INFO - Setting next_dagrun for example_complex to None, run_after=None
[2024-01-06T14:37:57.868-0800] {processor.py:183} INFO - Processing /mnt/c/Users/victo/OneDrive/Desktop/fantasy_nba_dashboard/airflow_env/lib/python3.10/site-packages/airflow/example_dags/example_complex.py took 0.073 seconds
[2024-01-06T14:38:28.585-0800] {processor.py:161} INFO - Started process (PID=10698) to work on /mnt/c/Users/victo/OneDrive/Desktop/fantasy_nba_dashboard/airflow_env/lib/python3.10/site-packages/airflow/example_dags/example_complex.py
[2024-01-06T14:38:28.586-0800] {processor.py:830} INFO - Processing file /mnt/c/Users/victo/OneDrive/Desktop/fantasy_nba_dashboard/airflow_env/lib/python3.10/site-packages/airflow/example_dags/example_complex.py for tasks to queue
[2024-01-06T14:38:28.586-0800] {logging_mixin.py:188} INFO - [2024-01-06T14:38:28.586-0800] {dagbag.py:538} INFO - Filling up the DagBag from /mnt/c/Users/victo/OneDrive/Desktop/fantasy_nba_dashboard/airflow_env/lib/python3.10/site-packages/airflow/example_dags/example_complex.py
[2024-01-06T14:38:28.595-0800] {processor.py:840} INFO - DAG(s) 'example_complex' retrieved from /mnt/c/Users/victo/OneDrive/Desktop/fantasy_nba_dashboard/airflow_env/lib/python3.10/site-packages/airflow/example_dags/example_complex.py
[2024-01-06T14:38:28.631-0800] {logging_mixin.py:188} INFO - [2024-01-06T14:38:28.630-0800] {dag.py:3033} INFO - Sync 1 DAGs
[2024-01-06T14:38:28.640-0800] {logging_mixin.py:188} INFO - [2024-01-06T14:38:28.640-0800] {dag.py:3820} INFO - Setting next_dagrun for example_complex to None, run_after=None
[2024-01-06T14:38:28.653-0800] {processor.py:183} INFO - Processing /mnt/c/Users/victo/OneDrive/Desktop/fantasy_nba_dashboard/airflow_env/lib/python3.10/site-packages/airflow/example_dags/example_complex.py took 0.073 seconds
[2024-01-06T14:38:59.501-0800] {processor.py:161} INFO - Started process (PID=10886) to work on /mnt/c/Users/victo/OneDrive/Desktop/fantasy_nba_dashboard/airflow_env/lib/python3.10/site-packages/airflow/example_dags/example_complex.py
[2024-01-06T14:38:59.502-0800] {processor.py:830} INFO - Processing file /mnt/c/Users/victo/OneDrive/Desktop/fantasy_nba_dashboard/airflow_env/lib/python3.10/site-packages/airflow/example_dags/example_complex.py for tasks to queue
[2024-01-06T14:38:59.503-0800] {logging_mixin.py:188} INFO - [2024-01-06T14:38:59.503-0800] {dagbag.py:538} INFO - Filling up the DagBag from /mnt/c/Users/victo/OneDrive/Desktop/fantasy_nba_dashboard/airflow_env/lib/python3.10/site-packages/airflow/example_dags/example_complex.py
[2024-01-06T14:38:59.514-0800] {processor.py:840} INFO - DAG(s) 'example_complex' retrieved from /mnt/c/Users/victo/OneDrive/Desktop/fantasy_nba_dashboard/airflow_env/lib/python3.10/site-packages/airflow/example_dags/example_complex.py
[2024-01-06T14:38:59.555-0800] {logging_mixin.py:188} INFO - [2024-01-06T14:38:59.555-0800] {dag.py:3033} INFO - Sync 1 DAGs
[2024-01-06T14:38:59.568-0800] {logging_mixin.py:188} INFO - [2024-01-06T14:38:59.568-0800] {dag.py:3820} INFO - Setting next_dagrun for example_complex to None, run_after=None
[2024-01-06T14:38:59.583-0800] {processor.py:183} INFO - Processing /mnt/c/Users/victo/OneDrive/Desktop/fantasy_nba_dashboard/airflow_env/lib/python3.10/site-packages/airflow/example_dags/example_complex.py took 0.089 seconds
[2024-01-06T14:39:30.094-0800] {processor.py:161} INFO - Started process (PID=11045) to work on /mnt/c/Users/victo/OneDrive/Desktop/fantasy_nba_dashboard/airflow_env/lib/python3.10/site-packages/airflow/example_dags/example_complex.py
[2024-01-06T14:39:30.095-0800] {processor.py:830} INFO - Processing file /mnt/c/Users/victo/OneDrive/Desktop/fantasy_nba_dashboard/airflow_env/lib/python3.10/site-packages/airflow/example_dags/example_complex.py for tasks to queue
[2024-01-06T14:39:30.096-0800] {logging_mixin.py:188} INFO - [2024-01-06T14:39:30.096-0800] {dagbag.py:538} INFO - Filling up the DagBag from /mnt/c/Users/victo/OneDrive/Desktop/fantasy_nba_dashboard/airflow_env/lib/python3.10/site-packages/airflow/example_dags/example_complex.py
[2024-01-06T14:39:30.105-0800] {processor.py:840} INFO - DAG(s) 'example_complex' retrieved from /mnt/c/Users/victo/OneDrive/Desktop/fantasy_nba_dashboard/airflow_env/lib/python3.10/site-packages/airflow/example_dags/example_complex.py
[2024-01-06T14:39:30.146-0800] {logging_mixin.py:188} INFO - [2024-01-06T14:39:30.146-0800] {dag.py:3033} INFO - Sync 1 DAGs
[2024-01-06T14:39:30.158-0800] {logging_mixin.py:188} INFO - [2024-01-06T14:39:30.158-0800] {dag.py:3820} INFO - Setting next_dagrun for example_complex to None, run_after=None
[2024-01-06T14:39:30.174-0800] {processor.py:183} INFO - Processing /mnt/c/Users/victo/OneDrive/Desktop/fantasy_nba_dashboard/airflow_env/lib/python3.10/site-packages/airflow/example_dags/example_complex.py took 0.083 seconds
[2024-01-06T14:40:00.907-0800] {processor.py:161} INFO - Started process (PID=11202) to work on /mnt/c/Users/victo/OneDrive/Desktop/fantasy_nba_dashboard/airflow_env/lib/python3.10/site-packages/airflow/example_dags/example_complex.py
[2024-01-06T14:40:00.908-0800] {processor.py:830} INFO - Processing file /mnt/c/Users/victo/OneDrive/Desktop/fantasy_nba_dashboard/airflow_env/lib/python3.10/site-packages/airflow/example_dags/example_complex.py for tasks to queue
[2024-01-06T14:40:00.908-0800] {logging_mixin.py:188} INFO - [2024-01-06T14:40:00.908-0800] {dagbag.py:538} INFO - Filling up the DagBag from /mnt/c/Users/victo/OneDrive/Desktop/fantasy_nba_dashboard/airflow_env/lib/python3.10/site-packages/airflow/example_dags/example_complex.py
[2024-01-06T14:40:00.917-0800] {processor.py:840} INFO - DAG(s) 'example_complex' retrieved from /mnt/c/Users/victo/OneDrive/Desktop/fantasy_nba_dashboard/airflow_env/lib/python3.10/site-packages/airflow/example_dags/example_complex.py
[2024-01-06T14:40:00.950-0800] {logging_mixin.py:188} INFO - [2024-01-06T14:40:00.950-0800] {dag.py:3033} INFO - Sync 1 DAGs
[2024-01-06T14:40:00.960-0800] {logging_mixin.py:188} INFO - [2024-01-06T14:40:00.960-0800] {dag.py:3820} INFO - Setting next_dagrun for example_complex to None, run_after=None
[2024-01-06T14:40:00.974-0800] {processor.py:183} INFO - Processing /mnt/c/Users/victo/OneDrive/Desktop/fantasy_nba_dashboard/airflow_env/lib/python3.10/site-packages/airflow/example_dags/example_complex.py took 0.071 seconds
[2024-01-06T14:40:31.698-0800] {processor.py:161} INFO - Started process (PID=11359) to work on /mnt/c/Users/victo/OneDrive/Desktop/fantasy_nba_dashboard/airflow_env/lib/python3.10/site-packages/airflow/example_dags/example_complex.py
[2024-01-06T14:40:31.698-0800] {processor.py:830} INFO - Processing file /mnt/c/Users/victo/OneDrive/Desktop/fantasy_nba_dashboard/airflow_env/lib/python3.10/site-packages/airflow/example_dags/example_complex.py for tasks to queue
[2024-01-06T14:40:31.699-0800] {logging_mixin.py:188} INFO - [2024-01-06T14:40:31.699-0800] {dagbag.py:538} INFO - Filling up the DagBag from /mnt/c/Users/victo/OneDrive/Desktop/fantasy_nba_dashboard/airflow_env/lib/python3.10/site-packages/airflow/example_dags/example_complex.py
[2024-01-06T14:40:31.708-0800] {processor.py:840} INFO - DAG(s) 'example_complex' retrieved from /mnt/c/Users/victo/OneDrive/Desktop/fantasy_nba_dashboard/airflow_env/lib/python3.10/site-packages/airflow/example_dags/example_complex.py
[2024-01-06T14:40:31.740-0800] {logging_mixin.py:188} INFO - [2024-01-06T14:40:31.740-0800] {dag.py:3033} INFO - Sync 1 DAGs
[2024-01-06T14:40:31.749-0800] {logging_mixin.py:188} INFO - [2024-01-06T14:40:31.749-0800] {dag.py:3820} INFO - Setting next_dagrun for example_complex to None, run_after=None
[2024-01-06T14:40:31.762-0800] {processor.py:183} INFO - Processing /mnt/c/Users/victo/OneDrive/Desktop/fantasy_nba_dashboard/airflow_env/lib/python3.10/site-packages/airflow/example_dags/example_complex.py took 0.068 seconds
[2024-01-06T14:41:02.613-0800] {processor.py:161} INFO - Started process (PID=11544) to work on /mnt/c/Users/victo/OneDrive/Desktop/fantasy_nba_dashboard/airflow_env/lib/python3.10/site-packages/airflow/example_dags/example_complex.py
[2024-01-06T14:41:02.614-0800] {processor.py:830} INFO - Processing file /mnt/c/Users/victo/OneDrive/Desktop/fantasy_nba_dashboard/airflow_env/lib/python3.10/site-packages/airflow/example_dags/example_complex.py for tasks to queue
[2024-01-06T14:41:02.614-0800] {logging_mixin.py:188} INFO - [2024-01-06T14:41:02.614-0800] {dagbag.py:538} INFO - Filling up the DagBag from /mnt/c/Users/victo/OneDrive/Desktop/fantasy_nba_dashboard/airflow_env/lib/python3.10/site-packages/airflow/example_dags/example_complex.py
[2024-01-06T14:41:02.623-0800] {processor.py:840} INFO - DAG(s) 'example_complex' retrieved from /mnt/c/Users/victo/OneDrive/Desktop/fantasy_nba_dashboard/airflow_env/lib/python3.10/site-packages/airflow/example_dags/example_complex.py
[2024-01-06T14:41:02.655-0800] {logging_mixin.py:188} INFO - [2024-01-06T14:41:02.655-0800] {dag.py:3033} INFO - Sync 1 DAGs
[2024-01-06T14:41:02.665-0800] {logging_mixin.py:188} INFO - [2024-01-06T14:41:02.665-0800] {dag.py:3820} INFO - Setting next_dagrun for example_complex to None, run_after=None
[2024-01-06T14:41:02.678-0800] {processor.py:183} INFO - Processing /mnt/c/Users/victo/OneDrive/Desktop/fantasy_nba_dashboard/airflow_env/lib/python3.10/site-packages/airflow/example_dags/example_complex.py took 0.069 seconds
