[2024-01-06T14:24:42.583-0800] {processor.py:161} INFO - Started process (PID=7099) to work on /mnt/c/Users/victo/OneDrive/Desktop/fantasy_nba_dashboard/airflow_env/lib/python3.10/site-packages/airflow/example_dags/example_sensor_decorator.py
[2024-01-06T14:24:42.584-0800] {processor.py:830} INFO - Processing file /mnt/c/Users/victo/OneDrive/Desktop/fantasy_nba_dashboard/airflow_env/lib/python3.10/site-packages/airflow/example_dags/example_sensor_decorator.py for tasks to queue
[2024-01-06T14:24:42.585-0800] {logging_mixin.py:188} INFO - [2024-01-06T14:24:42.585-0800] {dagbag.py:538} INFO - Filling up the DagBag from /mnt/c/Users/victo/OneDrive/Desktop/fantasy_nba_dashboard/airflow_env/lib/python3.10/site-packages/airflow/example_dags/example_sensor_decorator.py
[2024-01-06T14:24:42.591-0800] {processor.py:840} INFO - DAG(s) 'example_sensor_decorator' retrieved from /mnt/c/Users/victo/OneDrive/Desktop/fantasy_nba_dashboard/airflow_env/lib/python3.10/site-packages/airflow/example_dags/example_sensor_decorator.py
[2024-01-06T14:24:42.693-0800] {logging_mixin.py:188} INFO - [2024-01-06T14:24:42.693-0800] {dag.py:3033} INFO - Sync 1 DAGs
[2024-01-06T14:24:42.701-0800] {logging_mixin.py:188} INFO - [2024-01-06T14:24:42.701-0800] {dag.py:3820} INFO - Setting next_dagrun for example_sensor_decorator to None, run_after=None
[2024-01-06T14:24:42.718-0800] {processor.py:183} INFO - Processing /mnt/c/Users/victo/OneDrive/Desktop/fantasy_nba_dashboard/airflow_env/lib/python3.10/site-packages/airflow/example_dags/example_sensor_decorator.py took 0.138 seconds
[2024-01-06T14:25:12.797-0800] {processor.py:161} INFO - Started process (PID=7258) to work on /mnt/c/Users/victo/OneDrive/Desktop/fantasy_nba_dashboard/airflow_env/lib/python3.10/site-packages/airflow/example_dags/example_sensor_decorator.py
[2024-01-06T14:25:12.798-0800] {processor.py:830} INFO - Processing file /mnt/c/Users/victo/OneDrive/Desktop/fantasy_nba_dashboard/airflow_env/lib/python3.10/site-packages/airflow/example_dags/example_sensor_decorator.py for tasks to queue
[2024-01-06T14:25:12.799-0800] {logging_mixin.py:188} INFO - [2024-01-06T14:25:12.799-0800] {dagbag.py:538} INFO - Filling up the DagBag from /mnt/c/Users/victo/OneDrive/Desktop/fantasy_nba_dashboard/airflow_env/lib/python3.10/site-packages/airflow/example_dags/example_sensor_decorator.py
[2024-01-06T14:25:12.805-0800] {processor.py:840} INFO - DAG(s) 'example_sensor_decorator' retrieved from /mnt/c/Users/victo/OneDrive/Desktop/fantasy_nba_dashboard/airflow_env/lib/python3.10/site-packages/airflow/example_dags/example_sensor_decorator.py
[2024-01-06T14:25:12.833-0800] {logging_mixin.py:188} INFO - [2024-01-06T14:25:12.833-0800] {dag.py:3033} INFO - Sync 1 DAGs
[2024-01-06T14:25:12.842-0800] {logging_mixin.py:188} INFO - [2024-01-06T14:25:12.842-0800] {dag.py:3820} INFO - Setting next_dagrun for example_sensor_decorator to None, run_after=None
[2024-01-06T14:25:12.859-0800] {processor.py:183} INFO - Processing /mnt/c/Users/victo/OneDrive/Desktop/fantasy_nba_dashboard/airflow_env/lib/python3.10/site-packages/airflow/example_dags/example_sensor_decorator.py took 0.065 seconds
[2024-01-06T14:25:43.003-0800] {processor.py:161} INFO - Started process (PID=7505) to work on /mnt/c/Users/victo/OneDrive/Desktop/fantasy_nba_dashboard/airflow_env/lib/python3.10/site-packages/airflow/example_dags/example_sensor_decorator.py
[2024-01-06T14:25:43.004-0800] {processor.py:830} INFO - Processing file /mnt/c/Users/victo/OneDrive/Desktop/fantasy_nba_dashboard/airflow_env/lib/python3.10/site-packages/airflow/example_dags/example_sensor_decorator.py for tasks to queue
[2024-01-06T14:25:43.004-0800] {logging_mixin.py:188} INFO - [2024-01-06T14:25:43.004-0800] {dagbag.py:538} INFO - Filling up the DagBag from /mnt/c/Users/victo/OneDrive/Desktop/fantasy_nba_dashboard/airflow_env/lib/python3.10/site-packages/airflow/example_dags/example_sensor_decorator.py
[2024-01-06T14:25:43.011-0800] {processor.py:840} INFO - DAG(s) 'example_sensor_decorator' retrieved from /mnt/c/Users/victo/OneDrive/Desktop/fantasy_nba_dashboard/airflow_env/lib/python3.10/site-packages/airflow/example_dags/example_sensor_decorator.py
[2024-01-06T14:25:43.038-0800] {logging_mixin.py:188} INFO - [2024-01-06T14:25:43.038-0800] {dag.py:3033} INFO - Sync 1 DAGs
[2024-01-06T14:25:43.047-0800] {logging_mixin.py:188} INFO - [2024-01-06T14:25:43.047-0800] {dag.py:3820} INFO - Setting next_dagrun for example_sensor_decorator to None, run_after=None
[2024-01-06T14:25:43.058-0800] {processor.py:183} INFO - Processing /mnt/c/Users/victo/OneDrive/Desktop/fantasy_nba_dashboard/airflow_env/lib/python3.10/site-packages/airflow/example_dags/example_sensor_decorator.py took 0.059 seconds
[2024-01-06T14:26:13.327-0800] {processor.py:161} INFO - Started process (PID=8043) to work on /mnt/c/Users/victo/OneDrive/Desktop/fantasy_nba_dashboard/airflow_env/lib/python3.10/site-packages/airflow/example_dags/example_sensor_decorator.py
[2024-01-06T14:26:13.328-0800] {processor.py:830} INFO - Processing file /mnt/c/Users/victo/OneDrive/Desktop/fantasy_nba_dashboard/airflow_env/lib/python3.10/site-packages/airflow/example_dags/example_sensor_decorator.py for tasks to queue
[2024-01-06T14:26:13.329-0800] {logging_mixin.py:188} INFO - [2024-01-06T14:26:13.329-0800] {dagbag.py:538} INFO - Filling up the DagBag from /mnt/c/Users/victo/OneDrive/Desktop/fantasy_nba_dashboard/airflow_env/lib/python3.10/site-packages/airflow/example_dags/example_sensor_decorator.py
[2024-01-06T14:26:13.336-0800] {processor.py:840} INFO - DAG(s) 'example_sensor_decorator' retrieved from /mnt/c/Users/victo/OneDrive/Desktop/fantasy_nba_dashboard/airflow_env/lib/python3.10/site-packages/airflow/example_dags/example_sensor_decorator.py
[2024-01-06T14:26:13.363-0800] {logging_mixin.py:188} INFO - [2024-01-06T14:26:13.363-0800] {dag.py:3033} INFO - Sync 1 DAGs
[2024-01-06T14:26:13.373-0800] {logging_mixin.py:188} INFO - [2024-01-06T14:26:13.373-0800] {dag.py:3820} INFO - Setting next_dagrun for example_sensor_decorator to None, run_after=None
[2024-01-06T14:26:13.391-0800] {processor.py:183} INFO - Processing /mnt/c/Users/victo/OneDrive/Desktop/fantasy_nba_dashboard/airflow_env/lib/python3.10/site-packages/airflow/example_dags/example_sensor_decorator.py took 0.067 seconds
[2024-01-06T14:35:54.168-0800] {processor.py:161} INFO - Started process (PID=9552) to work on /mnt/c/Users/victo/OneDrive/Desktop/fantasy_nba_dashboard/airflow_env/lib/python3.10/site-packages/airflow/example_dags/example_sensor_decorator.py
[2024-01-06T14:35:54.169-0800] {processor.py:830} INFO - Processing file /mnt/c/Users/victo/OneDrive/Desktop/fantasy_nba_dashboard/airflow_env/lib/python3.10/site-packages/airflow/example_dags/example_sensor_decorator.py for tasks to queue
[2024-01-06T14:35:54.169-0800] {logging_mixin.py:188} INFO - [2024-01-06T14:35:54.169-0800] {dagbag.py:538} INFO - Filling up the DagBag from /mnt/c/Users/victo/OneDrive/Desktop/fantasy_nba_dashboard/airflow_env/lib/python3.10/site-packages/airflow/example_dags/example_sensor_decorator.py
[2024-01-06T14:35:54.175-0800] {processor.py:840} INFO - DAG(s) 'example_sensor_decorator' retrieved from /mnt/c/Users/victo/OneDrive/Desktop/fantasy_nba_dashboard/airflow_env/lib/python3.10/site-packages/airflow/example_dags/example_sensor_decorator.py
[2024-01-06T14:35:54.205-0800] {logging_mixin.py:188} INFO - [2024-01-06T14:35:54.205-0800] {dag.py:3033} INFO - Sync 1 DAGs
[2024-01-06T14:35:54.215-0800] {logging_mixin.py:188} INFO - [2024-01-06T14:35:54.215-0800] {dag.py:3820} INFO - Setting next_dagrun for example_sensor_decorator to None, run_after=None
[2024-01-06T14:35:54.232-0800] {processor.py:183} INFO - Processing /mnt/c/Users/victo/OneDrive/Desktop/fantasy_nba_dashboard/airflow_env/lib/python3.10/site-packages/airflow/example_dags/example_sensor_decorator.py took 0.068 seconds
[2024-01-06T14:36:24.405-0800] {processor.py:161} INFO - Started process (PID=9735) to work on /mnt/c/Users/victo/OneDrive/Desktop/fantasy_nba_dashboard/airflow_env/lib/python3.10/site-packages/airflow/example_dags/example_sensor_decorator.py
[2024-01-06T14:36:24.406-0800] {processor.py:830} INFO - Processing file /mnt/c/Users/victo/OneDrive/Desktop/fantasy_nba_dashboard/airflow_env/lib/python3.10/site-packages/airflow/example_dags/example_sensor_decorator.py for tasks to queue
[2024-01-06T14:36:24.407-0800] {logging_mixin.py:188} INFO - [2024-01-06T14:36:24.406-0800] {dagbag.py:538} INFO - Filling up the DagBag from /mnt/c/Users/victo/OneDrive/Desktop/fantasy_nba_dashboard/airflow_env/lib/python3.10/site-packages/airflow/example_dags/example_sensor_decorator.py
[2024-01-06T14:36:24.415-0800] {processor.py:840} INFO - DAG(s) 'example_sensor_decorator' retrieved from /mnt/c/Users/victo/OneDrive/Desktop/fantasy_nba_dashboard/airflow_env/lib/python3.10/site-packages/airflow/example_dags/example_sensor_decorator.py
[2024-01-06T14:36:24.446-0800] {logging_mixin.py:188} INFO - [2024-01-06T14:36:24.446-0800] {dag.py:3033} INFO - Sync 1 DAGs
[2024-01-06T14:36:24.456-0800] {logging_mixin.py:188} INFO - [2024-01-06T14:36:24.456-0800] {dag.py:3820} INFO - Setting next_dagrun for example_sensor_decorator to None, run_after=None
[2024-01-06T14:36:24.474-0800] {processor.py:183} INFO - Processing /mnt/c/Users/victo/OneDrive/Desktop/fantasy_nba_dashboard/airflow_env/lib/python3.10/site-packages/airflow/example_dags/example_sensor_decorator.py took 0.075 seconds
[2024-01-06T14:36:55.774-0800] {processor.py:161} INFO - Started process (PID=10016) to work on /mnt/c/Users/victo/OneDrive/Desktop/fantasy_nba_dashboard/airflow_env/lib/python3.10/site-packages/airflow/example_dags/example_sensor_decorator.py
[2024-01-06T14:36:55.775-0800] {processor.py:830} INFO - Processing file /mnt/c/Users/victo/OneDrive/Desktop/fantasy_nba_dashboard/airflow_env/lib/python3.10/site-packages/airflow/example_dags/example_sensor_decorator.py for tasks to queue
[2024-01-06T14:36:55.776-0800] {logging_mixin.py:188} INFO - [2024-01-06T14:36:55.776-0800] {dagbag.py:538} INFO - Filling up the DagBag from /mnt/c/Users/victo/OneDrive/Desktop/fantasy_nba_dashboard/airflow_env/lib/python3.10/site-packages/airflow/example_dags/example_sensor_decorator.py
[2024-01-06T14:36:55.784-0800] {processor.py:840} INFO - DAG(s) 'example_sensor_decorator' retrieved from /mnt/c/Users/victo/OneDrive/Desktop/fantasy_nba_dashboard/airflow_env/lib/python3.10/site-packages/airflow/example_dags/example_sensor_decorator.py
[2024-01-06T14:36:55.816-0800] {logging_mixin.py:188} INFO - [2024-01-06T14:36:55.816-0800] {dag.py:3033} INFO - Sync 1 DAGs
[2024-01-06T14:36:55.827-0800] {logging_mixin.py:188} INFO - [2024-01-06T14:36:55.827-0800] {dag.py:3820} INFO - Setting next_dagrun for example_sensor_decorator to None, run_after=None
[2024-01-06T14:36:55.841-0800] {processor.py:183} INFO - Processing /mnt/c/Users/victo/OneDrive/Desktop/fantasy_nba_dashboard/airflow_env/lib/python3.10/site-packages/airflow/example_dags/example_sensor_decorator.py took 0.072 seconds
[2024-01-06T14:37:26.364-0800] {processor.py:161} INFO - Started process (PID=10292) to work on /mnt/c/Users/victo/OneDrive/Desktop/fantasy_nba_dashboard/airflow_env/lib/python3.10/site-packages/airflow/example_dags/example_sensor_decorator.py
[2024-01-06T14:37:26.365-0800] {processor.py:830} INFO - Processing file /mnt/c/Users/victo/OneDrive/Desktop/fantasy_nba_dashboard/airflow_env/lib/python3.10/site-packages/airflow/example_dags/example_sensor_decorator.py for tasks to queue
[2024-01-06T14:37:26.366-0800] {logging_mixin.py:188} INFO - [2024-01-06T14:37:26.365-0800] {dagbag.py:538} INFO - Filling up the DagBag from /mnt/c/Users/victo/OneDrive/Desktop/fantasy_nba_dashboard/airflow_env/lib/python3.10/site-packages/airflow/example_dags/example_sensor_decorator.py
[2024-01-06T14:37:26.373-0800] {processor.py:840} INFO - DAG(s) 'example_sensor_decorator' retrieved from /mnt/c/Users/victo/OneDrive/Desktop/fantasy_nba_dashboard/airflow_env/lib/python3.10/site-packages/airflow/example_dags/example_sensor_decorator.py
[2024-01-06T14:37:26.405-0800] {logging_mixin.py:188} INFO - [2024-01-06T14:37:26.405-0800] {dag.py:3033} INFO - Sync 1 DAGs
[2024-01-06T14:37:26.415-0800] {logging_mixin.py:188} INFO - [2024-01-06T14:37:26.415-0800] {dag.py:3820} INFO - Setting next_dagrun for example_sensor_decorator to None, run_after=None
[2024-01-06T14:37:26.429-0800] {processor.py:183} INFO - Processing /mnt/c/Users/victo/OneDrive/Desktop/fantasy_nba_dashboard/airflow_env/lib/python3.10/site-packages/airflow/example_dags/example_sensor_decorator.py took 0.070 seconds
[2024-01-06T14:37:57.111-0800] {processor.py:161} INFO - Started process (PID=10493) to work on /mnt/c/Users/victo/OneDrive/Desktop/fantasy_nba_dashboard/airflow_env/lib/python3.10/site-packages/airflow/example_dags/example_sensor_decorator.py
[2024-01-06T14:37:57.112-0800] {processor.py:830} INFO - Processing file /mnt/c/Users/victo/OneDrive/Desktop/fantasy_nba_dashboard/airflow_env/lib/python3.10/site-packages/airflow/example_dags/example_sensor_decorator.py for tasks to queue
[2024-01-06T14:37:57.112-0800] {logging_mixin.py:188} INFO - [2024-01-06T14:37:57.112-0800] {dagbag.py:538} INFO - Filling up the DagBag from /mnt/c/Users/victo/OneDrive/Desktop/fantasy_nba_dashboard/airflow_env/lib/python3.10/site-packages/airflow/example_dags/example_sensor_decorator.py
[2024-01-06T14:37:57.119-0800] {processor.py:840} INFO - DAG(s) 'example_sensor_decorator' retrieved from /mnt/c/Users/victo/OneDrive/Desktop/fantasy_nba_dashboard/airflow_env/lib/python3.10/site-packages/airflow/example_dags/example_sensor_decorator.py
[2024-01-06T14:37:57.156-0800] {logging_mixin.py:188} INFO - [2024-01-06T14:37:57.155-0800] {dag.py:3033} INFO - Sync 1 DAGs
[2024-01-06T14:37:57.167-0800] {logging_mixin.py:188} INFO - [2024-01-06T14:37:57.167-0800] {dag.py:3820} INFO - Setting next_dagrun for example_sensor_decorator to None, run_after=None
[2024-01-06T14:37:57.181-0800] {processor.py:183} INFO - Processing /mnt/c/Users/victo/OneDrive/Desktop/fantasy_nba_dashboard/airflow_env/lib/python3.10/site-packages/airflow/example_dags/example_sensor_decorator.py took 0.074 seconds
[2024-01-06T14:38:27.779-0800] {processor.py:161} INFO - Started process (PID=10667) to work on /mnt/c/Users/victo/OneDrive/Desktop/fantasy_nba_dashboard/airflow_env/lib/python3.10/site-packages/airflow/example_dags/example_sensor_decorator.py
[2024-01-06T14:38:27.780-0800] {processor.py:830} INFO - Processing file /mnt/c/Users/victo/OneDrive/Desktop/fantasy_nba_dashboard/airflow_env/lib/python3.10/site-packages/airflow/example_dags/example_sensor_decorator.py for tasks to queue
[2024-01-06T14:38:27.781-0800] {logging_mixin.py:188} INFO - [2024-01-06T14:38:27.780-0800] {dagbag.py:538} INFO - Filling up the DagBag from /mnt/c/Users/victo/OneDrive/Desktop/fantasy_nba_dashboard/airflow_env/lib/python3.10/site-packages/airflow/example_dags/example_sensor_decorator.py
[2024-01-06T14:38:27.787-0800] {processor.py:840} INFO - DAG(s) 'example_sensor_decorator' retrieved from /mnt/c/Users/victo/OneDrive/Desktop/fantasy_nba_dashboard/airflow_env/lib/python3.10/site-packages/airflow/example_dags/example_sensor_decorator.py
[2024-01-06T14:38:27.819-0800] {logging_mixin.py:188} INFO - [2024-01-06T14:38:27.819-0800] {dag.py:3033} INFO - Sync 1 DAGs
[2024-01-06T14:38:27.829-0800] {logging_mixin.py:188} INFO - [2024-01-06T14:38:27.829-0800] {dag.py:3820} INFO - Setting next_dagrun for example_sensor_decorator to None, run_after=None
[2024-01-06T14:38:27.843-0800] {processor.py:183} INFO - Processing /mnt/c/Users/victo/OneDrive/Desktop/fantasy_nba_dashboard/airflow_env/lib/python3.10/site-packages/airflow/example_dags/example_sensor_decorator.py took 0.068 seconds
[2024-01-06T14:38:58.833-0800] {processor.py:161} INFO - Started process (PID=10858) to work on /mnt/c/Users/victo/OneDrive/Desktop/fantasy_nba_dashboard/airflow_env/lib/python3.10/site-packages/airflow/example_dags/example_sensor_decorator.py
[2024-01-06T14:38:58.834-0800] {processor.py:830} INFO - Processing file /mnt/c/Users/victo/OneDrive/Desktop/fantasy_nba_dashboard/airflow_env/lib/python3.10/site-packages/airflow/example_dags/example_sensor_decorator.py for tasks to queue
[2024-01-06T14:38:58.834-0800] {logging_mixin.py:188} INFO - [2024-01-06T14:38:58.834-0800] {dagbag.py:538} INFO - Filling up the DagBag from /mnt/c/Users/victo/OneDrive/Desktop/fantasy_nba_dashboard/airflow_env/lib/python3.10/site-packages/airflow/example_dags/example_sensor_decorator.py
[2024-01-06T14:38:58.841-0800] {processor.py:840} INFO - DAG(s) 'example_sensor_decorator' retrieved from /mnt/c/Users/victo/OneDrive/Desktop/fantasy_nba_dashboard/airflow_env/lib/python3.10/site-packages/airflow/example_dags/example_sensor_decorator.py
[2024-01-06T14:38:58.872-0800] {logging_mixin.py:188} INFO - [2024-01-06T14:38:58.872-0800] {dag.py:3033} INFO - Sync 1 DAGs
[2024-01-06T14:38:58.881-0800] {logging_mixin.py:188} INFO - [2024-01-06T14:38:58.881-0800] {dag.py:3820} INFO - Setting next_dagrun for example_sensor_decorator to None, run_after=None
[2024-01-06T14:38:58.895-0800] {processor.py:183} INFO - Processing /mnt/c/Users/victo/OneDrive/Desktop/fantasy_nba_dashboard/airflow_env/lib/python3.10/site-packages/airflow/example_dags/example_sensor_decorator.py took 0.066 seconds
[2024-01-06T14:39:29.404-0800] {processor.py:161} INFO - Started process (PID=11017) to work on /mnt/c/Users/victo/OneDrive/Desktop/fantasy_nba_dashboard/airflow_env/lib/python3.10/site-packages/airflow/example_dags/example_sensor_decorator.py
[2024-01-06T14:39:29.405-0800] {processor.py:830} INFO - Processing file /mnt/c/Users/victo/OneDrive/Desktop/fantasy_nba_dashboard/airflow_env/lib/python3.10/site-packages/airflow/example_dags/example_sensor_decorator.py for tasks to queue
[2024-01-06T14:39:29.406-0800] {logging_mixin.py:188} INFO - [2024-01-06T14:39:29.405-0800] {dagbag.py:538} INFO - Filling up the DagBag from /mnt/c/Users/victo/OneDrive/Desktop/fantasy_nba_dashboard/airflow_env/lib/python3.10/site-packages/airflow/example_dags/example_sensor_decorator.py
[2024-01-06T14:39:29.412-0800] {processor.py:840} INFO - DAG(s) 'example_sensor_decorator' retrieved from /mnt/c/Users/victo/OneDrive/Desktop/fantasy_nba_dashboard/airflow_env/lib/python3.10/site-packages/airflow/example_dags/example_sensor_decorator.py
[2024-01-06T14:39:29.440-0800] {logging_mixin.py:188} INFO - [2024-01-06T14:39:29.440-0800] {dag.py:3033} INFO - Sync 1 DAGs
[2024-01-06T14:39:29.450-0800] {logging_mixin.py:188} INFO - [2024-01-06T14:39:29.450-0800] {dag.py:3820} INFO - Setting next_dagrun for example_sensor_decorator to None, run_after=None
[2024-01-06T14:39:29.463-0800] {processor.py:183} INFO - Processing /mnt/c/Users/victo/OneDrive/Desktop/fantasy_nba_dashboard/airflow_env/lib/python3.10/site-packages/airflow/example_dags/example_sensor_decorator.py took 0.063 seconds
[2024-01-06T14:40:00.216-0800] {processor.py:161} INFO - Started process (PID=11174) to work on /mnt/c/Users/victo/OneDrive/Desktop/fantasy_nba_dashboard/airflow_env/lib/python3.10/site-packages/airflow/example_dags/example_sensor_decorator.py
[2024-01-06T14:40:00.217-0800] {processor.py:830} INFO - Processing file /mnt/c/Users/victo/OneDrive/Desktop/fantasy_nba_dashboard/airflow_env/lib/python3.10/site-packages/airflow/example_dags/example_sensor_decorator.py for tasks to queue
[2024-01-06T14:40:00.217-0800] {logging_mixin.py:188} INFO - [2024-01-06T14:40:00.217-0800] {dagbag.py:538} INFO - Filling up the DagBag from /mnt/c/Users/victo/OneDrive/Desktop/fantasy_nba_dashboard/airflow_env/lib/python3.10/site-packages/airflow/example_dags/example_sensor_decorator.py
[2024-01-06T14:40:00.224-0800] {processor.py:840} INFO - DAG(s) 'example_sensor_decorator' retrieved from /mnt/c/Users/victo/OneDrive/Desktop/fantasy_nba_dashboard/airflow_env/lib/python3.10/site-packages/airflow/example_dags/example_sensor_decorator.py
[2024-01-06T14:40:00.257-0800] {logging_mixin.py:188} INFO - [2024-01-06T14:40:00.257-0800] {dag.py:3033} INFO - Sync 1 DAGs
[2024-01-06T14:40:00.266-0800] {logging_mixin.py:188} INFO - [2024-01-06T14:40:00.266-0800] {dag.py:3820} INFO - Setting next_dagrun for example_sensor_decorator to None, run_after=None
[2024-01-06T14:40:00.279-0800] {processor.py:183} INFO - Processing /mnt/c/Users/victo/OneDrive/Desktop/fantasy_nba_dashboard/airflow_env/lib/python3.10/site-packages/airflow/example_dags/example_sensor_decorator.py took 0.067 seconds
[2024-01-06T14:40:30.966-0800] {processor.py:161} INFO - Started process (PID=11332) to work on /mnt/c/Users/victo/OneDrive/Desktop/fantasy_nba_dashboard/airflow_env/lib/python3.10/site-packages/airflow/example_dags/example_sensor_decorator.py
[2024-01-06T14:40:30.967-0800] {processor.py:830} INFO - Processing file /mnt/c/Users/victo/OneDrive/Desktop/fantasy_nba_dashboard/airflow_env/lib/python3.10/site-packages/airflow/example_dags/example_sensor_decorator.py for tasks to queue
[2024-01-06T14:40:30.968-0800] {logging_mixin.py:188} INFO - [2024-01-06T14:40:30.967-0800] {dagbag.py:538} INFO - Filling up the DagBag from /mnt/c/Users/victo/OneDrive/Desktop/fantasy_nba_dashboard/airflow_env/lib/python3.10/site-packages/airflow/example_dags/example_sensor_decorator.py
[2024-01-06T14:40:30.974-0800] {processor.py:840} INFO - DAG(s) 'example_sensor_decorator' retrieved from /mnt/c/Users/victo/OneDrive/Desktop/fantasy_nba_dashboard/airflow_env/lib/python3.10/site-packages/airflow/example_dags/example_sensor_decorator.py
[2024-01-06T14:40:31.006-0800] {logging_mixin.py:188} INFO - [2024-01-06T14:40:31.005-0800] {dag.py:3033} INFO - Sync 1 DAGs
[2024-01-06T14:40:31.016-0800] {logging_mixin.py:188} INFO - [2024-01-06T14:40:31.016-0800] {dag.py:3820} INFO - Setting next_dagrun for example_sensor_decorator to None, run_after=None
[2024-01-06T14:40:31.029-0800] {processor.py:183} INFO - Processing /mnt/c/Users/victo/OneDrive/Desktop/fantasy_nba_dashboard/airflow_env/lib/python3.10/site-packages/airflow/example_dags/example_sensor_decorator.py took 0.068 seconds
[2024-01-06T14:41:01.926-0800] {processor.py:161} INFO - Started process (PID=11516) to work on /mnt/c/Users/victo/OneDrive/Desktop/fantasy_nba_dashboard/airflow_env/lib/python3.10/site-packages/airflow/example_dags/example_sensor_decorator.py
[2024-01-06T14:41:01.927-0800] {processor.py:830} INFO - Processing file /mnt/c/Users/victo/OneDrive/Desktop/fantasy_nba_dashboard/airflow_env/lib/python3.10/site-packages/airflow/example_dags/example_sensor_decorator.py for tasks to queue
[2024-01-06T14:41:01.928-0800] {logging_mixin.py:188} INFO - [2024-01-06T14:41:01.928-0800] {dagbag.py:538} INFO - Filling up the DagBag from /mnt/c/Users/victo/OneDrive/Desktop/fantasy_nba_dashboard/airflow_env/lib/python3.10/site-packages/airflow/example_dags/example_sensor_decorator.py
[2024-01-06T14:41:01.934-0800] {processor.py:840} INFO - DAG(s) 'example_sensor_decorator' retrieved from /mnt/c/Users/victo/OneDrive/Desktop/fantasy_nba_dashboard/airflow_env/lib/python3.10/site-packages/airflow/example_dags/example_sensor_decorator.py
[2024-01-06T14:41:01.961-0800] {logging_mixin.py:188} INFO - [2024-01-06T14:41:01.961-0800] {dag.py:3033} INFO - Sync 1 DAGs
[2024-01-06T14:41:01.970-0800] {logging_mixin.py:188} INFO - [2024-01-06T14:41:01.970-0800] {dag.py:3820} INFO - Setting next_dagrun for example_sensor_decorator to None, run_after=None
[2024-01-06T14:41:01.982-0800] {processor.py:183} INFO - Processing /mnt/c/Users/victo/OneDrive/Desktop/fantasy_nba_dashboard/airflow_env/lib/python3.10/site-packages/airflow/example_dags/example_sensor_decorator.py took 0.060 seconds
