[2024-01-06T14:24:42.678-0800] {processor.py:161} INFO - Started process (PID=7101) to work on /mnt/c/Users/victo/OneDrive/Desktop/fantasy_nba_dashboard/airflow_env/lib/python3.10/site-packages/airflow/example_dags/example_python_decorator.py
[2024-01-06T14:24:42.679-0800] {processor.py:830} INFO - Processing file /mnt/c/Users/victo/OneDrive/Desktop/fantasy_nba_dashboard/airflow_env/lib/python3.10/site-packages/airflow/example_dags/example_python_decorator.py for tasks to queue
[2024-01-06T14:24:42.680-0800] {logging_mixin.py:188} INFO - [2024-01-06T14:24:42.680-0800] {dagbag.py:538} INFO - Filling up the DagBag from /mnt/c/Users/victo/OneDrive/Desktop/fantasy_nba_dashboard/airflow_env/lib/python3.10/site-packages/airflow/example_dags/example_python_decorator.py
[2024-01-06T14:24:42.689-0800] {processor.py:840} INFO - DAG(s) 'example_python_decorator' retrieved from /mnt/c/Users/victo/OneDrive/Desktop/fantasy_nba_dashboard/airflow_env/lib/python3.10/site-packages/airflow/example_dags/example_python_decorator.py
[2024-01-06T14:24:42.790-0800] {logging_mixin.py:188} INFO - [2024-01-06T14:24:42.790-0800] {dag.py:3033} INFO - Sync 1 DAGs
[2024-01-06T14:24:42.798-0800] {logging_mixin.py:188} INFO - [2024-01-06T14:24:42.798-0800] {dag.py:3820} INFO - Setting next_dagrun for example_python_decorator to None, run_after=None
[2024-01-06T14:24:42.816-0800] {processor.py:183} INFO - Processing /mnt/c/Users/victo/OneDrive/Desktop/fantasy_nba_dashboard/airflow_env/lib/python3.10/site-packages/airflow/example_dags/example_python_decorator.py took 0.141 seconds
[2024-01-06T14:25:12.886-0800] {processor.py:161} INFO - Started process (PID=7260) to work on /mnt/c/Users/victo/OneDrive/Desktop/fantasy_nba_dashboard/airflow_env/lib/python3.10/site-packages/airflow/example_dags/example_python_decorator.py
[2024-01-06T14:25:12.887-0800] {processor.py:830} INFO - Processing file /mnt/c/Users/victo/OneDrive/Desktop/fantasy_nba_dashboard/airflow_env/lib/python3.10/site-packages/airflow/example_dags/example_python_decorator.py for tasks to queue
[2024-01-06T14:25:12.887-0800] {logging_mixin.py:188} INFO - [2024-01-06T14:25:12.887-0800] {dagbag.py:538} INFO - Filling up the DagBag from /mnt/c/Users/victo/OneDrive/Desktop/fantasy_nba_dashboard/airflow_env/lib/python3.10/site-packages/airflow/example_dags/example_python_decorator.py
[2024-01-06T14:25:12.896-0800] {processor.py:840} INFO - DAG(s) 'example_python_decorator' retrieved from /mnt/c/Users/victo/OneDrive/Desktop/fantasy_nba_dashboard/airflow_env/lib/python3.10/site-packages/airflow/example_dags/example_python_decorator.py
[2024-01-06T14:25:12.925-0800] {logging_mixin.py:188} INFO - [2024-01-06T14:25:12.925-0800] {dag.py:3033} INFO - Sync 1 DAGs
[2024-01-06T14:25:12.934-0800] {logging_mixin.py:188} INFO - [2024-01-06T14:25:12.934-0800] {dag.py:3820} INFO - Setting next_dagrun for example_python_decorator to None, run_after=None
[2024-01-06T14:25:12.947-0800] {processor.py:183} INFO - Processing /mnt/c/Users/victo/OneDrive/Desktop/fantasy_nba_dashboard/airflow_env/lib/python3.10/site-packages/airflow/example_dags/example_python_decorator.py took 0.064 seconds
[2024-01-06T14:25:43.083-0800] {processor.py:161} INFO - Started process (PID=7507) to work on /mnt/c/Users/victo/OneDrive/Desktop/fantasy_nba_dashboard/airflow_env/lib/python3.10/site-packages/airflow/example_dags/example_python_decorator.py
[2024-01-06T14:25:43.084-0800] {processor.py:830} INFO - Processing file /mnt/c/Users/victo/OneDrive/Desktop/fantasy_nba_dashboard/airflow_env/lib/python3.10/site-packages/airflow/example_dags/example_python_decorator.py for tasks to queue
[2024-01-06T14:25:43.084-0800] {logging_mixin.py:188} INFO - [2024-01-06T14:25:43.084-0800] {dagbag.py:538} INFO - Filling up the DagBag from /mnt/c/Users/victo/OneDrive/Desktop/fantasy_nba_dashboard/airflow_env/lib/python3.10/site-packages/airflow/example_dags/example_python_decorator.py
[2024-01-06T14:25:43.093-0800] {processor.py:840} INFO - DAG(s) 'example_python_decorator' retrieved from /mnt/c/Users/victo/OneDrive/Desktop/fantasy_nba_dashboard/airflow_env/lib/python3.10/site-packages/airflow/example_dags/example_python_decorator.py
[2024-01-06T14:25:43.121-0800] {logging_mixin.py:188} INFO - [2024-01-06T14:25:43.121-0800] {dag.py:3033} INFO - Sync 1 DAGs
[2024-01-06T14:25:43.131-0800] {logging_mixin.py:188} INFO - [2024-01-06T14:25:43.131-0800] {dag.py:3820} INFO - Setting next_dagrun for example_python_decorator to None, run_after=None
[2024-01-06T14:25:43.144-0800] {processor.py:183} INFO - Processing /mnt/c/Users/victo/OneDrive/Desktop/fantasy_nba_dashboard/airflow_env/lib/python3.10/site-packages/airflow/example_dags/example_python_decorator.py took 0.065 seconds
[2024-01-06T14:26:13.409-0800] {processor.py:161} INFO - Started process (PID=8046) to work on /mnt/c/Users/victo/OneDrive/Desktop/fantasy_nba_dashboard/airflow_env/lib/python3.10/site-packages/airflow/example_dags/example_python_decorator.py
[2024-01-06T14:26:13.410-0800] {processor.py:830} INFO - Processing file /mnt/c/Users/victo/OneDrive/Desktop/fantasy_nba_dashboard/airflow_env/lib/python3.10/site-packages/airflow/example_dags/example_python_decorator.py for tasks to queue
[2024-01-06T14:26:13.410-0800] {logging_mixin.py:188} INFO - [2024-01-06T14:26:13.410-0800] {dagbag.py:538} INFO - Filling up the DagBag from /mnt/c/Users/victo/OneDrive/Desktop/fantasy_nba_dashboard/airflow_env/lib/python3.10/site-packages/airflow/example_dags/example_python_decorator.py
[2024-01-06T14:26:13.420-0800] {processor.py:840} INFO - DAG(s) 'example_python_decorator' retrieved from /mnt/c/Users/victo/OneDrive/Desktop/fantasy_nba_dashboard/airflow_env/lib/python3.10/site-packages/airflow/example_dags/example_python_decorator.py
[2024-01-06T14:26:13.449-0800] {logging_mixin.py:188} INFO - [2024-01-06T14:26:13.448-0800] {dag.py:3033} INFO - Sync 1 DAGs
[2024-01-06T14:26:13.458-0800] {logging_mixin.py:188} INFO - [2024-01-06T14:26:13.458-0800] {dag.py:3820} INFO - Setting next_dagrun for example_python_decorator to None, run_after=None
[2024-01-06T14:26:13.475-0800] {processor.py:183} INFO - Processing /mnt/c/Users/victo/OneDrive/Desktop/fantasy_nba_dashboard/airflow_env/lib/python3.10/site-packages/airflow/example_dags/example_python_decorator.py took 0.070 seconds
[2024-01-06T14:35:54.256-0800] {processor.py:161} INFO - Started process (PID=9555) to work on /mnt/c/Users/victo/OneDrive/Desktop/fantasy_nba_dashboard/airflow_env/lib/python3.10/site-packages/airflow/example_dags/example_python_decorator.py
[2024-01-06T14:35:54.257-0800] {processor.py:830} INFO - Processing file /mnt/c/Users/victo/OneDrive/Desktop/fantasy_nba_dashboard/airflow_env/lib/python3.10/site-packages/airflow/example_dags/example_python_decorator.py for tasks to queue
[2024-01-06T14:35:54.257-0800] {logging_mixin.py:188} INFO - [2024-01-06T14:35:54.257-0800] {dagbag.py:538} INFO - Filling up the DagBag from /mnt/c/Users/victo/OneDrive/Desktop/fantasy_nba_dashboard/airflow_env/lib/python3.10/site-packages/airflow/example_dags/example_python_decorator.py
[2024-01-06T14:35:54.266-0800] {processor.py:840} INFO - DAG(s) 'example_python_decorator' retrieved from /mnt/c/Users/victo/OneDrive/Desktop/fantasy_nba_dashboard/airflow_env/lib/python3.10/site-packages/airflow/example_dags/example_python_decorator.py
[2024-01-06T14:35:54.297-0800] {logging_mixin.py:188} INFO - [2024-01-06T14:35:54.297-0800] {dag.py:3033} INFO - Sync 1 DAGs
[2024-01-06T14:35:54.306-0800] {logging_mixin.py:188} INFO - [2024-01-06T14:35:54.306-0800] {dag.py:3820} INFO - Setting next_dagrun for example_python_decorator to None, run_after=None
[2024-01-06T14:35:54.324-0800] {processor.py:183} INFO - Processing /mnt/c/Users/victo/OneDrive/Desktop/fantasy_nba_dashboard/airflow_env/lib/python3.10/site-packages/airflow/example_dags/example_python_decorator.py took 0.072 seconds
[2024-01-06T14:36:24.427-0800] {processor.py:161} INFO - Started process (PID=9736) to work on /mnt/c/Users/victo/OneDrive/Desktop/fantasy_nba_dashboard/airflow_env/lib/python3.10/site-packages/airflow/example_dags/example_python_decorator.py
[2024-01-06T14:36:24.428-0800] {processor.py:830} INFO - Processing file /mnt/c/Users/victo/OneDrive/Desktop/fantasy_nba_dashboard/airflow_env/lib/python3.10/site-packages/airflow/example_dags/example_python_decorator.py for tasks to queue
[2024-01-06T14:36:24.429-0800] {logging_mixin.py:188} INFO - [2024-01-06T14:36:24.429-0800] {dagbag.py:538} INFO - Filling up the DagBag from /mnt/c/Users/victo/OneDrive/Desktop/fantasy_nba_dashboard/airflow_env/lib/python3.10/site-packages/airflow/example_dags/example_python_decorator.py
[2024-01-06T14:36:24.438-0800] {processor.py:840} INFO - DAG(s) 'example_python_decorator' retrieved from /mnt/c/Users/victo/OneDrive/Desktop/fantasy_nba_dashboard/airflow_env/lib/python3.10/site-packages/airflow/example_dags/example_python_decorator.py
[2024-01-06T14:36:24.469-0800] {logging_mixin.py:188} INFO - [2024-01-06T14:36:24.469-0800] {dag.py:3033} INFO - Sync 1 DAGs
[2024-01-06T14:36:24.480-0800] {logging_mixin.py:188} INFO - [2024-01-06T14:36:24.479-0800] {dag.py:3820} INFO - Setting next_dagrun for example_python_decorator to None, run_after=None
[2024-01-06T14:36:24.494-0800] {processor.py:183} INFO - Processing /mnt/c/Users/victo/OneDrive/Desktop/fantasy_nba_dashboard/airflow_env/lib/python3.10/site-packages/airflow/example_dags/example_python_decorator.py took 0.071 seconds
[2024-01-06T14:36:55.800-0800] {processor.py:161} INFO - Started process (PID=10017) to work on /mnt/c/Users/victo/OneDrive/Desktop/fantasy_nba_dashboard/airflow_env/lib/python3.10/site-packages/airflow/example_dags/example_python_decorator.py
[2024-01-06T14:36:55.801-0800] {processor.py:830} INFO - Processing file /mnt/c/Users/victo/OneDrive/Desktop/fantasy_nba_dashboard/airflow_env/lib/python3.10/site-packages/airflow/example_dags/example_python_decorator.py for tasks to queue
[2024-01-06T14:36:55.802-0800] {logging_mixin.py:188} INFO - [2024-01-06T14:36:55.802-0800] {dagbag.py:538} INFO - Filling up the DagBag from /mnt/c/Users/victo/OneDrive/Desktop/fantasy_nba_dashboard/airflow_env/lib/python3.10/site-packages/airflow/example_dags/example_python_decorator.py
[2024-01-06T14:36:55.811-0800] {processor.py:840} INFO - DAG(s) 'example_python_decorator' retrieved from /mnt/c/Users/victo/OneDrive/Desktop/fantasy_nba_dashboard/airflow_env/lib/python3.10/site-packages/airflow/example_dags/example_python_decorator.py
[2024-01-06T14:36:55.843-0800] {logging_mixin.py:188} INFO - [2024-01-06T14:36:55.843-0800] {dag.py:3033} INFO - Sync 1 DAGs
[2024-01-06T14:36:55.855-0800] {logging_mixin.py:188} INFO - [2024-01-06T14:36:55.854-0800] {dag.py:3820} INFO - Setting next_dagrun for example_python_decorator to None, run_after=None
[2024-01-06T14:36:55.870-0800] {processor.py:183} INFO - Processing /mnt/c/Users/victo/OneDrive/Desktop/fantasy_nba_dashboard/airflow_env/lib/python3.10/site-packages/airflow/example_dags/example_python_decorator.py took 0.074 seconds
[2024-01-06T14:37:26.407-0800] {processor.py:161} INFO - Started process (PID=10297) to work on /mnt/c/Users/victo/OneDrive/Desktop/fantasy_nba_dashboard/airflow_env/lib/python3.10/site-packages/airflow/example_dags/example_python_decorator.py
[2024-01-06T14:37:26.408-0800] {processor.py:830} INFO - Processing file /mnt/c/Users/victo/OneDrive/Desktop/fantasy_nba_dashboard/airflow_env/lib/python3.10/site-packages/airflow/example_dags/example_python_decorator.py for tasks to queue
[2024-01-06T14:37:26.409-0800] {logging_mixin.py:188} INFO - [2024-01-06T14:37:26.408-0800] {dagbag.py:538} INFO - Filling up the DagBag from /mnt/c/Users/victo/OneDrive/Desktop/fantasy_nba_dashboard/airflow_env/lib/python3.10/site-packages/airflow/example_dags/example_python_decorator.py
[2024-01-06T14:37:26.418-0800] {processor.py:840} INFO - DAG(s) 'example_python_decorator' retrieved from /mnt/c/Users/victo/OneDrive/Desktop/fantasy_nba_dashboard/airflow_env/lib/python3.10/site-packages/airflow/example_dags/example_python_decorator.py
[2024-01-06T14:37:26.450-0800] {logging_mixin.py:188} INFO - [2024-01-06T14:37:26.450-0800] {dag.py:3033} INFO - Sync 1 DAGs
[2024-01-06T14:37:26.460-0800] {logging_mixin.py:188} INFO - [2024-01-06T14:37:26.460-0800] {dag.py:3820} INFO - Setting next_dagrun for example_python_decorator to None, run_after=None
[2024-01-06T14:37:26.474-0800] {processor.py:183} INFO - Processing /mnt/c/Users/victo/OneDrive/Desktop/fantasy_nba_dashboard/airflow_env/lib/python3.10/site-packages/airflow/example_dags/example_python_decorator.py took 0.071 seconds
[2024-01-06T14:37:57.150-0800] {processor.py:161} INFO - Started process (PID=10495) to work on /mnt/c/Users/victo/OneDrive/Desktop/fantasy_nba_dashboard/airflow_env/lib/python3.10/site-packages/airflow/example_dags/example_python_decorator.py
[2024-01-06T14:37:57.151-0800] {processor.py:830} INFO - Processing file /mnt/c/Users/victo/OneDrive/Desktop/fantasy_nba_dashboard/airflow_env/lib/python3.10/site-packages/airflow/example_dags/example_python_decorator.py for tasks to queue
[2024-01-06T14:37:57.152-0800] {logging_mixin.py:188} INFO - [2024-01-06T14:37:57.151-0800] {dagbag.py:538} INFO - Filling up the DagBag from /mnt/c/Users/victo/OneDrive/Desktop/fantasy_nba_dashboard/airflow_env/lib/python3.10/site-packages/airflow/example_dags/example_python_decorator.py
[2024-01-06T14:37:57.161-0800] {processor.py:840} INFO - DAG(s) 'example_python_decorator' retrieved from /mnt/c/Users/victo/OneDrive/Desktop/fantasy_nba_dashboard/airflow_env/lib/python3.10/site-packages/airflow/example_dags/example_python_decorator.py
[2024-01-06T14:37:57.191-0800] {logging_mixin.py:188} INFO - [2024-01-06T14:37:57.191-0800] {dag.py:3033} INFO - Sync 1 DAGs
[2024-01-06T14:37:57.204-0800] {logging_mixin.py:188} INFO - [2024-01-06T14:37:57.203-0800] {dag.py:3820} INFO - Setting next_dagrun for example_python_decorator to None, run_after=None
[2024-01-06T14:37:57.223-0800] {processor.py:183} INFO - Processing /mnt/c/Users/victo/OneDrive/Desktop/fantasy_nba_dashboard/airflow_env/lib/python3.10/site-packages/airflow/example_dags/example_python_decorator.py took 0.077 seconds
[2024-01-06T14:38:27.822-0800] {processor.py:161} INFO - Started process (PID=10669) to work on /mnt/c/Users/victo/OneDrive/Desktop/fantasy_nba_dashboard/airflow_env/lib/python3.10/site-packages/airflow/example_dags/example_python_decorator.py
[2024-01-06T14:38:27.823-0800] {processor.py:830} INFO - Processing file /mnt/c/Users/victo/OneDrive/Desktop/fantasy_nba_dashboard/airflow_env/lib/python3.10/site-packages/airflow/example_dags/example_python_decorator.py for tasks to queue
[2024-01-06T14:38:27.823-0800] {logging_mixin.py:188} INFO - [2024-01-06T14:38:27.823-0800] {dagbag.py:538} INFO - Filling up the DagBag from /mnt/c/Users/victo/OneDrive/Desktop/fantasy_nba_dashboard/airflow_env/lib/python3.10/site-packages/airflow/example_dags/example_python_decorator.py
[2024-01-06T14:38:27.832-0800] {processor.py:840} INFO - DAG(s) 'example_python_decorator' retrieved from /mnt/c/Users/victo/OneDrive/Desktop/fantasy_nba_dashboard/airflow_env/lib/python3.10/site-packages/airflow/example_dags/example_python_decorator.py
[2024-01-06T14:38:27.864-0800] {logging_mixin.py:188} INFO - [2024-01-06T14:38:27.864-0800] {dag.py:3033} INFO - Sync 1 DAGs
[2024-01-06T14:38:27.874-0800] {logging_mixin.py:188} INFO - [2024-01-06T14:38:27.874-0800] {dag.py:3820} INFO - Setting next_dagrun for example_python_decorator to None, run_after=None
[2024-01-06T14:38:27.887-0800] {processor.py:183} INFO - Processing /mnt/c/Users/victo/OneDrive/Desktop/fantasy_nba_dashboard/airflow_env/lib/python3.10/site-packages/airflow/example_dags/example_python_decorator.py took 0.070 seconds
[2024-01-06T14:38:58.867-0800] {processor.py:161} INFO - Started process (PID=10860) to work on /mnt/c/Users/victo/OneDrive/Desktop/fantasy_nba_dashboard/airflow_env/lib/python3.10/site-packages/airflow/example_dags/example_python_decorator.py
[2024-01-06T14:38:58.868-0800] {processor.py:830} INFO - Processing file /mnt/c/Users/victo/OneDrive/Desktop/fantasy_nba_dashboard/airflow_env/lib/python3.10/site-packages/airflow/example_dags/example_python_decorator.py for tasks to queue
[2024-01-06T14:38:58.869-0800] {logging_mixin.py:188} INFO - [2024-01-06T14:38:58.868-0800] {dagbag.py:538} INFO - Filling up the DagBag from /mnt/c/Users/victo/OneDrive/Desktop/fantasy_nba_dashboard/airflow_env/lib/python3.10/site-packages/airflow/example_dags/example_python_decorator.py
[2024-01-06T14:38:58.878-0800] {processor.py:840} INFO - DAG(s) 'example_python_decorator' retrieved from /mnt/c/Users/victo/OneDrive/Desktop/fantasy_nba_dashboard/airflow_env/lib/python3.10/site-packages/airflow/example_dags/example_python_decorator.py
[2024-01-06T14:38:58.907-0800] {logging_mixin.py:188} INFO - [2024-01-06T14:38:58.907-0800] {dag.py:3033} INFO - Sync 1 DAGs
[2024-01-06T14:38:58.918-0800] {logging_mixin.py:188} INFO - [2024-01-06T14:38:58.917-0800] {dag.py:3820} INFO - Setting next_dagrun for example_python_decorator to None, run_after=None
[2024-01-06T14:38:58.931-0800] {processor.py:183} INFO - Processing /mnt/c/Users/victo/OneDrive/Desktop/fantasy_nba_dashboard/airflow_env/lib/python3.10/site-packages/airflow/example_dags/example_python_decorator.py took 0.067 seconds
[2024-01-06T14:39:29.452-0800] {processor.py:161} INFO - Started process (PID=11019) to work on /mnt/c/Users/victo/OneDrive/Desktop/fantasy_nba_dashboard/airflow_env/lib/python3.10/site-packages/airflow/example_dags/example_python_decorator.py
[2024-01-06T14:39:29.453-0800] {processor.py:830} INFO - Processing file /mnt/c/Users/victo/OneDrive/Desktop/fantasy_nba_dashboard/airflow_env/lib/python3.10/site-packages/airflow/example_dags/example_python_decorator.py for tasks to queue
[2024-01-06T14:39:29.454-0800] {logging_mixin.py:188} INFO - [2024-01-06T14:39:29.453-0800] {dagbag.py:538} INFO - Filling up the DagBag from /mnt/c/Users/victo/OneDrive/Desktop/fantasy_nba_dashboard/airflow_env/lib/python3.10/site-packages/airflow/example_dags/example_python_decorator.py
[2024-01-06T14:39:29.462-0800] {processor.py:840} INFO - DAG(s) 'example_python_decorator' retrieved from /mnt/c/Users/victo/OneDrive/Desktop/fantasy_nba_dashboard/airflow_env/lib/python3.10/site-packages/airflow/example_dags/example_python_decorator.py
[2024-01-06T14:39:29.496-0800] {logging_mixin.py:188} INFO - [2024-01-06T14:39:29.496-0800] {dag.py:3033} INFO - Sync 1 DAGs
[2024-01-06T14:39:29.506-0800] {logging_mixin.py:188} INFO - [2024-01-06T14:39:29.505-0800] {dag.py:3820} INFO - Setting next_dagrun for example_python_decorator to None, run_after=None
[2024-01-06T14:39:29.518-0800] {processor.py:183} INFO - Processing /mnt/c/Users/victo/OneDrive/Desktop/fantasy_nba_dashboard/airflow_env/lib/python3.10/site-packages/airflow/example_dags/example_python_decorator.py took 0.070 seconds
[2024-01-06T14:40:00.252-0800] {processor.py:161} INFO - Started process (PID=11176) to work on /mnt/c/Users/victo/OneDrive/Desktop/fantasy_nba_dashboard/airflow_env/lib/python3.10/site-packages/airflow/example_dags/example_python_decorator.py
[2024-01-06T14:40:00.253-0800] {processor.py:830} INFO - Processing file /mnt/c/Users/victo/OneDrive/Desktop/fantasy_nba_dashboard/airflow_env/lib/python3.10/site-packages/airflow/example_dags/example_python_decorator.py for tasks to queue
[2024-01-06T14:40:00.254-0800] {logging_mixin.py:188} INFO - [2024-01-06T14:40:00.254-0800] {dagbag.py:538} INFO - Filling up the DagBag from /mnt/c/Users/victo/OneDrive/Desktop/fantasy_nba_dashboard/airflow_env/lib/python3.10/site-packages/airflow/example_dags/example_python_decorator.py
[2024-01-06T14:40:00.262-0800] {processor.py:840} INFO - DAG(s) 'example_python_decorator' retrieved from /mnt/c/Users/victo/OneDrive/Desktop/fantasy_nba_dashboard/airflow_env/lib/python3.10/site-packages/airflow/example_dags/example_python_decorator.py
[2024-01-06T14:40:00.291-0800] {logging_mixin.py:188} INFO - [2024-01-06T14:40:00.291-0800] {dag.py:3033} INFO - Sync 1 DAGs
[2024-01-06T14:40:00.301-0800] {logging_mixin.py:188} INFO - [2024-01-06T14:40:00.301-0800] {dag.py:3820} INFO - Setting next_dagrun for example_python_decorator to None, run_after=None
[2024-01-06T14:40:00.319-0800] {processor.py:183} INFO - Processing /mnt/c/Users/victo/OneDrive/Desktop/fantasy_nba_dashboard/airflow_env/lib/python3.10/site-packages/airflow/example_dags/example_python_decorator.py took 0.070 seconds
[2024-01-06T14:40:30.985-0800] {processor.py:161} INFO - Started process (PID=11333) to work on /mnt/c/Users/victo/OneDrive/Desktop/fantasy_nba_dashboard/airflow_env/lib/python3.10/site-packages/airflow/example_dags/example_python_decorator.py
[2024-01-06T14:40:30.986-0800] {processor.py:830} INFO - Processing file /mnt/c/Users/victo/OneDrive/Desktop/fantasy_nba_dashboard/airflow_env/lib/python3.10/site-packages/airflow/example_dags/example_python_decorator.py for tasks to queue
[2024-01-06T14:40:30.986-0800] {logging_mixin.py:188} INFO - [2024-01-06T14:40:30.986-0800] {dagbag.py:538} INFO - Filling up the DagBag from /mnt/c/Users/victo/OneDrive/Desktop/fantasy_nba_dashboard/airflow_env/lib/python3.10/site-packages/airflow/example_dags/example_python_decorator.py
[2024-01-06T14:40:30.995-0800] {processor.py:840} INFO - DAG(s) 'example_python_decorator' retrieved from /mnt/c/Users/victo/OneDrive/Desktop/fantasy_nba_dashboard/airflow_env/lib/python3.10/site-packages/airflow/example_dags/example_python_decorator.py
[2024-01-06T14:40:31.027-0800] {logging_mixin.py:188} INFO - [2024-01-06T14:40:31.027-0800] {dag.py:3033} INFO - Sync 1 DAGs
[2024-01-06T14:40:31.037-0800] {logging_mixin.py:188} INFO - [2024-01-06T14:40:31.037-0800] {dag.py:3820} INFO - Setting next_dagrun for example_python_decorator to None, run_after=None
[2024-01-06T14:40:31.051-0800] {processor.py:183} INFO - Processing /mnt/c/Users/victo/OneDrive/Desktop/fantasy_nba_dashboard/airflow_env/lib/python3.10/site-packages/airflow/example_dags/example_python_decorator.py took 0.071 seconds
[2024-01-06T14:41:02.008-0800] {processor.py:161} INFO - Started process (PID=11518) to work on /mnt/c/Users/victo/OneDrive/Desktop/fantasy_nba_dashboard/airflow_env/lib/python3.10/site-packages/airflow/example_dags/example_python_decorator.py
[2024-01-06T14:41:02.009-0800] {processor.py:830} INFO - Processing file /mnt/c/Users/victo/OneDrive/Desktop/fantasy_nba_dashboard/airflow_env/lib/python3.10/site-packages/airflow/example_dags/example_python_decorator.py for tasks to queue
[2024-01-06T14:41:02.010-0800] {logging_mixin.py:188} INFO - [2024-01-06T14:41:02.010-0800] {dagbag.py:538} INFO - Filling up the DagBag from /mnt/c/Users/victo/OneDrive/Desktop/fantasy_nba_dashboard/airflow_env/lib/python3.10/site-packages/airflow/example_dags/example_python_decorator.py
[2024-01-06T14:41:02.019-0800] {processor.py:840} INFO - DAG(s) 'example_python_decorator' retrieved from /mnt/c/Users/victo/OneDrive/Desktop/fantasy_nba_dashboard/airflow_env/lib/python3.10/site-packages/airflow/example_dags/example_python_decorator.py
[2024-01-06T14:41:02.051-0800] {logging_mixin.py:188} INFO - [2024-01-06T14:41:02.050-0800] {dag.py:3033} INFO - Sync 1 DAGs
[2024-01-06T14:41:02.060-0800] {logging_mixin.py:188} INFO - [2024-01-06T14:41:02.060-0800] {dag.py:3820} INFO - Setting next_dagrun for example_python_decorator to None, run_after=None
[2024-01-06T14:41:02.073-0800] {processor.py:183} INFO - Processing /mnt/c/Users/victo/OneDrive/Desktop/fantasy_nba_dashboard/airflow_env/lib/python3.10/site-packages/airflow/example_dags/example_python_decorator.py took 0.069 seconds
