[2024-01-06T14:24:44.778-0800] {processor.py:161} INFO - Started process (PID=7145) to work on /mnt/c/Users/victo/OneDrive/Desktop/fantasy_nba_dashboard/airflow_env/lib/python3.10/site-packages/airflow/example_dags/example_branch_datetime_operator.py
[2024-01-06T14:24:44.779-0800] {processor.py:830} INFO - Processing file /mnt/c/Users/victo/OneDrive/Desktop/fantasy_nba_dashboard/airflow_env/lib/python3.10/site-packages/airflow/example_dags/example_branch_datetime_operator.py for tasks to queue
[2024-01-06T14:24:44.779-0800] {logging_mixin.py:188} INFO - [2024-01-06T14:24:44.779-0800] {dagbag.py:538} INFO - Filling up the DagBag from /mnt/c/Users/victo/OneDrive/Desktop/fantasy_nba_dashboard/airflow_env/lib/python3.10/site-packages/airflow/example_dags/example_branch_datetime_operator.py
[2024-01-06T14:24:44.788-0800] {processor.py:840} INFO - DAG(s) 'example_branch_datetime_operator', 'example_branch_datetime_operator_2', 'example_branch_datetime_operator_3' retrieved from /mnt/c/Users/victo/OneDrive/Desktop/fantasy_nba_dashboard/airflow_env/lib/python3.10/site-packages/airflow/example_dags/example_branch_datetime_operator.py
[2024-01-06T14:24:44.898-0800] {logging_mixin.py:188} INFO - [2024-01-06T14:24:44.898-0800] {dag.py:3033} INFO - Sync 3 DAGs
[2024-01-06T14:24:44.913-0800] {logging_mixin.py:188} INFO - [2024-01-06T14:24:44.913-0800] {dag.py:3820} INFO - Setting next_dagrun for example_branch_datetime_operator to 2024-01-05T00:00:00+00:00, run_after=2024-01-06T00:00:00+00:00
[2024-01-06T14:24:44.915-0800] {logging_mixin.py:188} INFO - [2024-01-06T14:24:44.915-0800] {dag.py:3820} INFO - Setting next_dagrun for example_branch_datetime_operator_2 to 2024-01-05T00:00:00+00:00, run_after=2024-01-06T00:00:00+00:00
[2024-01-06T14:24:44.916-0800] {logging_mixin.py:188} INFO - [2024-01-06T14:24:44.916-0800] {dag.py:3820} INFO - Setting next_dagrun for example_branch_datetime_operator_3 to 2024-01-05T00:00:00+00:00, run_after=2024-01-06T00:00:00+00:00
[2024-01-06T14:24:44.928-0800] {processor.py:183} INFO - Processing /mnt/c/Users/victo/OneDrive/Desktop/fantasy_nba_dashboard/airflow_env/lib/python3.10/site-packages/airflow/example_dags/example_branch_datetime_operator.py took 0.154 seconds
[2024-01-06T14:25:15.306-0800] {processor.py:161} INFO - Started process (PID=7303) to work on /mnt/c/Users/victo/OneDrive/Desktop/fantasy_nba_dashboard/airflow_env/lib/python3.10/site-packages/airflow/example_dags/example_branch_datetime_operator.py
[2024-01-06T14:25:15.307-0800] {processor.py:830} INFO - Processing file /mnt/c/Users/victo/OneDrive/Desktop/fantasy_nba_dashboard/airflow_env/lib/python3.10/site-packages/airflow/example_dags/example_branch_datetime_operator.py for tasks to queue
[2024-01-06T14:25:15.308-0800] {logging_mixin.py:188} INFO - [2024-01-06T14:25:15.307-0800] {dagbag.py:538} INFO - Filling up the DagBag from /mnt/c/Users/victo/OneDrive/Desktop/fantasy_nba_dashboard/airflow_env/lib/python3.10/site-packages/airflow/example_dags/example_branch_datetime_operator.py
[2024-01-06T14:25:15.317-0800] {processor.py:840} INFO - DAG(s) 'example_branch_datetime_operator_3', 'example_branch_datetime_operator', 'example_branch_datetime_operator_2' retrieved from /mnt/c/Users/victo/OneDrive/Desktop/fantasy_nba_dashboard/airflow_env/lib/python3.10/site-packages/airflow/example_dags/example_branch_datetime_operator.py
[2024-01-06T14:25:15.351-0800] {logging_mixin.py:188} INFO - [2024-01-06T14:25:15.351-0800] {dag.py:3033} INFO - Sync 3 DAGs
[2024-01-06T14:25:15.368-0800] {logging_mixin.py:188} INFO - [2024-01-06T14:25:15.368-0800] {dag.py:3820} INFO - Setting next_dagrun for example_branch_datetime_operator to 2024-01-05T00:00:00+00:00, run_after=2024-01-06T00:00:00+00:00
[2024-01-06T14:25:15.371-0800] {logging_mixin.py:188} INFO - [2024-01-06T14:25:15.371-0800] {dag.py:3820} INFO - Setting next_dagrun for example_branch_datetime_operator_2 to 2024-01-05T00:00:00+00:00, run_after=2024-01-06T00:00:00+00:00
[2024-01-06T14:25:15.372-0800] {logging_mixin.py:188} INFO - [2024-01-06T14:25:15.372-0800] {dag.py:3820} INFO - Setting next_dagrun for example_branch_datetime_operator_3 to 2024-01-05T00:00:00+00:00, run_after=2024-01-06T00:00:00+00:00
[2024-01-06T14:25:15.383-0800] {processor.py:183} INFO - Processing /mnt/c/Users/victo/OneDrive/Desktop/fantasy_nba_dashboard/airflow_env/lib/python3.10/site-packages/airflow/example_dags/example_branch_datetime_operator.py took 0.081 seconds
[2024-01-06T14:25:45.474-0800] {processor.py:161} INFO - Started process (PID=7554) to work on /mnt/c/Users/victo/OneDrive/Desktop/fantasy_nba_dashboard/airflow_env/lib/python3.10/site-packages/airflow/example_dags/example_branch_datetime_operator.py
[2024-01-06T14:25:45.475-0800] {processor.py:830} INFO - Processing file /mnt/c/Users/victo/OneDrive/Desktop/fantasy_nba_dashboard/airflow_env/lib/python3.10/site-packages/airflow/example_dags/example_branch_datetime_operator.py for tasks to queue
[2024-01-06T14:25:45.475-0800] {logging_mixin.py:188} INFO - [2024-01-06T14:25:45.475-0800] {dagbag.py:538} INFO - Filling up the DagBag from /mnt/c/Users/victo/OneDrive/Desktop/fantasy_nba_dashboard/airflow_env/lib/python3.10/site-packages/airflow/example_dags/example_branch_datetime_operator.py
[2024-01-06T14:25:45.485-0800] {processor.py:840} INFO - DAG(s) 'example_branch_datetime_operator_2', 'example_branch_datetime_operator_3', 'example_branch_datetime_operator' retrieved from /mnt/c/Users/victo/OneDrive/Desktop/fantasy_nba_dashboard/airflow_env/lib/python3.10/site-packages/airflow/example_dags/example_branch_datetime_operator.py
[2024-01-06T14:25:45.519-0800] {logging_mixin.py:188} INFO - [2024-01-06T14:25:45.519-0800] {dag.py:3033} INFO - Sync 3 DAGs
[2024-01-06T14:25:45.538-0800] {logging_mixin.py:188} INFO - [2024-01-06T14:25:45.538-0800] {dag.py:3820} INFO - Setting next_dagrun for example_branch_datetime_operator to 2024-01-05T00:00:00+00:00, run_after=2024-01-06T00:00:00+00:00
[2024-01-06T14:25:45.542-0800] {logging_mixin.py:188} INFO - [2024-01-06T14:25:45.542-0800] {dag.py:3820} INFO - Setting next_dagrun for example_branch_datetime_operator_2 to 2024-01-05T00:00:00+00:00, run_after=2024-01-06T00:00:00+00:00
[2024-01-06T14:25:45.545-0800] {logging_mixin.py:188} INFO - [2024-01-06T14:25:45.544-0800] {dag.py:3820} INFO - Setting next_dagrun for example_branch_datetime_operator_3 to 2024-01-05T00:00:00+00:00, run_after=2024-01-06T00:00:00+00:00
[2024-01-06T14:25:45.560-0800] {processor.py:183} INFO - Processing /mnt/c/Users/victo/OneDrive/Desktop/fantasy_nba_dashboard/airflow_env/lib/python3.10/site-packages/airflow/example_dags/example_branch_datetime_operator.py took 0.090 seconds
[2024-01-06T14:26:15.718-0800] {processor.py:161} INFO - Started process (PID=8089) to work on /mnt/c/Users/victo/OneDrive/Desktop/fantasy_nba_dashboard/airflow_env/lib/python3.10/site-packages/airflow/example_dags/example_branch_datetime_operator.py
[2024-01-06T14:26:15.719-0800] {processor.py:830} INFO - Processing file /mnt/c/Users/victo/OneDrive/Desktop/fantasy_nba_dashboard/airflow_env/lib/python3.10/site-packages/airflow/example_dags/example_branch_datetime_operator.py for tasks to queue
[2024-01-06T14:26:15.719-0800] {logging_mixin.py:188} INFO - [2024-01-06T14:26:15.719-0800] {dagbag.py:538} INFO - Filling up the DagBag from /mnt/c/Users/victo/OneDrive/Desktop/fantasy_nba_dashboard/airflow_env/lib/python3.10/site-packages/airflow/example_dags/example_branch_datetime_operator.py
[2024-01-06T14:26:15.728-0800] {processor.py:840} INFO - DAG(s) 'example_branch_datetime_operator', 'example_branch_datetime_operator_3', 'example_branch_datetime_operator_2' retrieved from /mnt/c/Users/victo/OneDrive/Desktop/fantasy_nba_dashboard/airflow_env/lib/python3.10/site-packages/airflow/example_dags/example_branch_datetime_operator.py
[2024-01-06T14:26:15.759-0800] {logging_mixin.py:188} INFO - [2024-01-06T14:26:15.759-0800] {dag.py:3033} INFO - Sync 3 DAGs
[2024-01-06T14:26:15.776-0800] {logging_mixin.py:188} INFO - [2024-01-06T14:26:15.776-0800] {dag.py:3820} INFO - Setting next_dagrun for example_branch_datetime_operator to 2024-01-05T00:00:00+00:00, run_after=2024-01-06T00:00:00+00:00
[2024-01-06T14:26:15.779-0800] {logging_mixin.py:188} INFO - [2024-01-06T14:26:15.779-0800] {dag.py:3820} INFO - Setting next_dagrun for example_branch_datetime_operator_2 to 2024-01-05T00:00:00+00:00, run_after=2024-01-06T00:00:00+00:00
[2024-01-06T14:26:15.781-0800] {logging_mixin.py:188} INFO - [2024-01-06T14:26:15.781-0800] {dag.py:3820} INFO - Setting next_dagrun for example_branch_datetime_operator_3 to 2024-01-05T00:00:00+00:00, run_after=2024-01-06T00:00:00+00:00
[2024-01-06T14:26:15.791-0800] {processor.py:183} INFO - Processing /mnt/c/Users/victo/OneDrive/Desktop/fantasy_nba_dashboard/airflow_env/lib/python3.10/site-packages/airflow/example_dags/example_branch_datetime_operator.py took 0.077 seconds
[2024-01-06T14:35:55.845-0800] {processor.py:161} INFO - Started process (PID=9597) to work on /mnt/c/Users/victo/OneDrive/Desktop/fantasy_nba_dashboard/airflow_env/lib/python3.10/site-packages/airflow/example_dags/example_branch_datetime_operator.py
[2024-01-06T14:35:55.846-0800] {processor.py:830} INFO - Processing file /mnt/c/Users/victo/OneDrive/Desktop/fantasy_nba_dashboard/airflow_env/lib/python3.10/site-packages/airflow/example_dags/example_branch_datetime_operator.py for tasks to queue
[2024-01-06T14:35:55.847-0800] {logging_mixin.py:188} INFO - [2024-01-06T14:35:55.847-0800] {dagbag.py:538} INFO - Filling up the DagBag from /mnt/c/Users/victo/OneDrive/Desktop/fantasy_nba_dashboard/airflow_env/lib/python3.10/site-packages/airflow/example_dags/example_branch_datetime_operator.py
[2024-01-06T14:35:55.856-0800] {processor.py:840} INFO - DAG(s) 'example_branch_datetime_operator_2', 'example_branch_datetime_operator_3', 'example_branch_datetime_operator' retrieved from /mnt/c/Users/victo/OneDrive/Desktop/fantasy_nba_dashboard/airflow_env/lib/python3.10/site-packages/airflow/example_dags/example_branch_datetime_operator.py
[2024-01-06T14:35:55.891-0800] {logging_mixin.py:188} INFO - [2024-01-06T14:35:55.890-0800] {dag.py:3033} INFO - Sync 3 DAGs
[2024-01-06T14:35:55.910-0800] {logging_mixin.py:188} INFO - [2024-01-06T14:35:55.910-0800] {dag.py:3820} INFO - Setting next_dagrun for example_branch_datetime_operator to 2024-01-05T00:00:00+00:00, run_after=2024-01-06T00:00:00+00:00
[2024-01-06T14:35:55.913-0800] {logging_mixin.py:188} INFO - [2024-01-06T14:35:55.913-0800] {dag.py:3820} INFO - Setting next_dagrun for example_branch_datetime_operator_2 to 2024-01-05T00:00:00+00:00, run_after=2024-01-06T00:00:00+00:00
[2024-01-06T14:35:55.915-0800] {logging_mixin.py:188} INFO - [2024-01-06T14:35:55.915-0800] {dag.py:3820} INFO - Setting next_dagrun for example_branch_datetime_operator_3 to 2024-01-05T00:00:00+00:00, run_after=2024-01-06T00:00:00+00:00
[2024-01-06T14:35:55.927-0800] {processor.py:183} INFO - Processing /mnt/c/Users/victo/OneDrive/Desktop/fantasy_nba_dashboard/airflow_env/lib/python3.10/site-packages/airflow/example_dags/example_branch_datetime_operator.py took 0.086 seconds
[2024-01-06T14:36:26.936-0800] {processor.py:161} INFO - Started process (PID=9782) to work on /mnt/c/Users/victo/OneDrive/Desktop/fantasy_nba_dashboard/airflow_env/lib/python3.10/site-packages/airflow/example_dags/example_branch_datetime_operator.py
[2024-01-06T14:36:26.937-0800] {processor.py:830} INFO - Processing file /mnt/c/Users/victo/OneDrive/Desktop/fantasy_nba_dashboard/airflow_env/lib/python3.10/site-packages/airflow/example_dags/example_branch_datetime_operator.py for tasks to queue
[2024-01-06T14:36:26.938-0800] {logging_mixin.py:188} INFO - [2024-01-06T14:36:26.938-0800] {dagbag.py:538} INFO - Filling up the DagBag from /mnt/c/Users/victo/OneDrive/Desktop/fantasy_nba_dashboard/airflow_env/lib/python3.10/site-packages/airflow/example_dags/example_branch_datetime_operator.py
[2024-01-06T14:36:26.947-0800] {processor.py:840} INFO - DAG(s) 'example_branch_datetime_operator', 'example_branch_datetime_operator_2', 'example_branch_datetime_operator_3' retrieved from /mnt/c/Users/victo/OneDrive/Desktop/fantasy_nba_dashboard/airflow_env/lib/python3.10/site-packages/airflow/example_dags/example_branch_datetime_operator.py
[2024-01-06T14:36:26.983-0800] {logging_mixin.py:188} INFO - [2024-01-06T14:36:26.983-0800] {dag.py:3033} INFO - Sync 3 DAGs
[2024-01-06T14:36:27.001-0800] {logging_mixin.py:188} INFO - [2024-01-06T14:36:27.001-0800] {dag.py:3820} INFO - Setting next_dagrun for example_branch_datetime_operator to 2024-01-05T00:00:00+00:00, run_after=2024-01-06T00:00:00+00:00
[2024-01-06T14:36:27.004-0800] {logging_mixin.py:188} INFO - [2024-01-06T14:36:27.004-0800] {dag.py:3820} INFO - Setting next_dagrun for example_branch_datetime_operator_2 to 2024-01-05T00:00:00+00:00, run_after=2024-01-06T00:00:00+00:00
[2024-01-06T14:36:27.005-0800] {logging_mixin.py:188} INFO - [2024-01-06T14:36:27.005-0800] {dag.py:3820} INFO - Setting next_dagrun for example_branch_datetime_operator_3 to 2024-01-05T00:00:00+00:00, run_after=2024-01-06T00:00:00+00:00
[2024-01-06T14:36:27.016-0800] {processor.py:183} INFO - Processing /mnt/c/Users/victo/OneDrive/Desktop/fantasy_nba_dashboard/airflow_env/lib/python3.10/site-packages/airflow/example_dags/example_branch_datetime_operator.py took 0.085 seconds
[2024-01-06T14:36:57.898-0800] {processor.py:161} INFO - Started process (PID=10063) to work on /mnt/c/Users/victo/OneDrive/Desktop/fantasy_nba_dashboard/airflow_env/lib/python3.10/site-packages/airflow/example_dags/example_branch_datetime_operator.py
[2024-01-06T14:36:57.899-0800] {processor.py:830} INFO - Processing file /mnt/c/Users/victo/OneDrive/Desktop/fantasy_nba_dashboard/airflow_env/lib/python3.10/site-packages/airflow/example_dags/example_branch_datetime_operator.py for tasks to queue
[2024-01-06T14:36:57.900-0800] {logging_mixin.py:188} INFO - [2024-01-06T14:36:57.900-0800] {dagbag.py:538} INFO - Filling up the DagBag from /mnt/c/Users/victo/OneDrive/Desktop/fantasy_nba_dashboard/airflow_env/lib/python3.10/site-packages/airflow/example_dags/example_branch_datetime_operator.py
[2024-01-06T14:36:57.909-0800] {processor.py:840} INFO - DAG(s) 'example_branch_datetime_operator', 'example_branch_datetime_operator_3', 'example_branch_datetime_operator_2' retrieved from /mnt/c/Users/victo/OneDrive/Desktop/fantasy_nba_dashboard/airflow_env/lib/python3.10/site-packages/airflow/example_dags/example_branch_datetime_operator.py
[2024-01-06T14:36:57.945-0800] {logging_mixin.py:188} INFO - [2024-01-06T14:36:57.945-0800] {dag.py:3033} INFO - Sync 3 DAGs
[2024-01-06T14:36:57.964-0800] {logging_mixin.py:188} INFO - [2024-01-06T14:36:57.964-0800] {dag.py:3820} INFO - Setting next_dagrun for example_branch_datetime_operator to 2024-01-05T00:00:00+00:00, run_after=2024-01-06T00:00:00+00:00
[2024-01-06T14:36:57.968-0800] {logging_mixin.py:188} INFO - [2024-01-06T14:36:57.968-0800] {dag.py:3820} INFO - Setting next_dagrun for example_branch_datetime_operator_2 to 2024-01-05T00:00:00+00:00, run_after=2024-01-06T00:00:00+00:00
[2024-01-06T14:36:57.969-0800] {logging_mixin.py:188} INFO - [2024-01-06T14:36:57.969-0800] {dag.py:3820} INFO - Setting next_dagrun for example_branch_datetime_operator_3 to 2024-01-05T00:00:00+00:00, run_after=2024-01-06T00:00:00+00:00
[2024-01-06T14:36:57.985-0800] {processor.py:183} INFO - Processing /mnt/c/Users/victo/OneDrive/Desktop/fantasy_nba_dashboard/airflow_env/lib/python3.10/site-packages/airflow/example_dags/example_branch_datetime_operator.py took 0.092 seconds
[2024-01-06T14:37:28.603-0800] {processor.py:161} INFO - Started process (PID=10384) to work on /mnt/c/Users/victo/OneDrive/Desktop/fantasy_nba_dashboard/airflow_env/lib/python3.10/site-packages/airflow/example_dags/example_branch_datetime_operator.py
[2024-01-06T14:37:28.604-0800] {processor.py:830} INFO - Processing file /mnt/c/Users/victo/OneDrive/Desktop/fantasy_nba_dashboard/airflow_env/lib/python3.10/site-packages/airflow/example_dags/example_branch_datetime_operator.py for tasks to queue
[2024-01-06T14:37:28.604-0800] {logging_mixin.py:188} INFO - [2024-01-06T14:37:28.604-0800] {dagbag.py:538} INFO - Filling up the DagBag from /mnt/c/Users/victo/OneDrive/Desktop/fantasy_nba_dashboard/airflow_env/lib/python3.10/site-packages/airflow/example_dags/example_branch_datetime_operator.py
[2024-01-06T14:37:28.614-0800] {processor.py:840} INFO - DAG(s) 'example_branch_datetime_operator_3', 'example_branch_datetime_operator_2', 'example_branch_datetime_operator' retrieved from /mnt/c/Users/victo/OneDrive/Desktop/fantasy_nba_dashboard/airflow_env/lib/python3.10/site-packages/airflow/example_dags/example_branch_datetime_operator.py
[2024-01-06T14:37:28.652-0800] {logging_mixin.py:188} INFO - [2024-01-06T14:37:28.651-0800] {dag.py:3033} INFO - Sync 3 DAGs
[2024-01-06T14:37:28.671-0800] {logging_mixin.py:188} INFO - [2024-01-06T14:37:28.671-0800] {dag.py:3820} INFO - Setting next_dagrun for example_branch_datetime_operator to 2024-01-05T00:00:00+00:00, run_after=2024-01-06T00:00:00+00:00
[2024-01-06T14:37:28.674-0800] {logging_mixin.py:188} INFO - [2024-01-06T14:37:28.674-0800] {dag.py:3820} INFO - Setting next_dagrun for example_branch_datetime_operator_2 to 2024-01-05T00:00:00+00:00, run_after=2024-01-06T00:00:00+00:00
[2024-01-06T14:37:28.676-0800] {logging_mixin.py:188} INFO - [2024-01-06T14:37:28.675-0800] {dag.py:3820} INFO - Setting next_dagrun for example_branch_datetime_operator_3 to 2024-01-05T00:00:00+00:00, run_after=2024-01-06T00:00:00+00:00
[2024-01-06T14:37:28.688-0800] {processor.py:183} INFO - Processing /mnt/c/Users/victo/OneDrive/Desktop/fantasy_nba_dashboard/airflow_env/lib/python3.10/site-packages/airflow/example_dags/example_branch_datetime_operator.py took 0.090 seconds
[2024-01-06T14:37:59.289-0800] {processor.py:161} INFO - Started process (PID=10538) to work on /mnt/c/Users/victo/OneDrive/Desktop/fantasy_nba_dashboard/airflow_env/lib/python3.10/site-packages/airflow/example_dags/example_branch_datetime_operator.py
[2024-01-06T14:37:59.290-0800] {processor.py:830} INFO - Processing file /mnt/c/Users/victo/OneDrive/Desktop/fantasy_nba_dashboard/airflow_env/lib/python3.10/site-packages/airflow/example_dags/example_branch_datetime_operator.py for tasks to queue
[2024-01-06T14:37:59.291-0800] {logging_mixin.py:188} INFO - [2024-01-06T14:37:59.291-0800] {dagbag.py:538} INFO - Filling up the DagBag from /mnt/c/Users/victo/OneDrive/Desktop/fantasy_nba_dashboard/airflow_env/lib/python3.10/site-packages/airflow/example_dags/example_branch_datetime_operator.py
[2024-01-06T14:37:59.300-0800] {processor.py:840} INFO - DAG(s) 'example_branch_datetime_operator', 'example_branch_datetime_operator_3', 'example_branch_datetime_operator_2' retrieved from /mnt/c/Users/victo/OneDrive/Desktop/fantasy_nba_dashboard/airflow_env/lib/python3.10/site-packages/airflow/example_dags/example_branch_datetime_operator.py
[2024-01-06T14:37:59.336-0800] {logging_mixin.py:188} INFO - [2024-01-06T14:37:59.336-0800] {dag.py:3033} INFO - Sync 3 DAGs
[2024-01-06T14:37:59.354-0800] {logging_mixin.py:188} INFO - [2024-01-06T14:37:59.354-0800] {dag.py:3820} INFO - Setting next_dagrun for example_branch_datetime_operator to 2024-01-05T00:00:00+00:00, run_after=2024-01-06T00:00:00+00:00
[2024-01-06T14:37:59.357-0800] {logging_mixin.py:188} INFO - [2024-01-06T14:37:59.357-0800] {dag.py:3820} INFO - Setting next_dagrun for example_branch_datetime_operator_2 to 2024-01-05T00:00:00+00:00, run_after=2024-01-06T00:00:00+00:00
[2024-01-06T14:37:59.359-0800] {logging_mixin.py:188} INFO - [2024-01-06T14:37:59.359-0800] {dag.py:3820} INFO - Setting next_dagrun for example_branch_datetime_operator_3 to 2024-01-05T00:00:00+00:00, run_after=2024-01-06T00:00:00+00:00
[2024-01-06T14:37:59.371-0800] {processor.py:183} INFO - Processing /mnt/c/Users/victo/OneDrive/Desktop/fantasy_nba_dashboard/airflow_env/lib/python3.10/site-packages/airflow/example_dags/example_branch_datetime_operator.py took 0.085 seconds
[2024-01-06T14:38:30.022-0800] {processor.py:161} INFO - Started process (PID=10712) to work on /mnt/c/Users/victo/OneDrive/Desktop/fantasy_nba_dashboard/airflow_env/lib/python3.10/site-packages/airflow/example_dags/example_branch_datetime_operator.py
[2024-01-06T14:38:30.023-0800] {processor.py:830} INFO - Processing file /mnt/c/Users/victo/OneDrive/Desktop/fantasy_nba_dashboard/airflow_env/lib/python3.10/site-packages/airflow/example_dags/example_branch_datetime_operator.py for tasks to queue
[2024-01-06T14:38:30.024-0800] {logging_mixin.py:188} INFO - [2024-01-06T14:38:30.024-0800] {dagbag.py:538} INFO - Filling up the DagBag from /mnt/c/Users/victo/OneDrive/Desktop/fantasy_nba_dashboard/airflow_env/lib/python3.10/site-packages/airflow/example_dags/example_branch_datetime_operator.py
[2024-01-06T14:38:30.033-0800] {processor.py:840} INFO - DAG(s) 'example_branch_datetime_operator_3', 'example_branch_datetime_operator', 'example_branch_datetime_operator_2' retrieved from /mnt/c/Users/victo/OneDrive/Desktop/fantasy_nba_dashboard/airflow_env/lib/python3.10/site-packages/airflow/example_dags/example_branch_datetime_operator.py
[2024-01-06T14:38:30.067-0800] {logging_mixin.py:188} INFO - [2024-01-06T14:38:30.067-0800] {dag.py:3033} INFO - Sync 3 DAGs
[2024-01-06T14:38:30.086-0800] {logging_mixin.py:188} INFO - [2024-01-06T14:38:30.085-0800] {dag.py:3820} INFO - Setting next_dagrun for example_branch_datetime_operator to 2024-01-05T00:00:00+00:00, run_after=2024-01-06T00:00:00+00:00
[2024-01-06T14:38:30.089-0800] {logging_mixin.py:188} INFO - [2024-01-06T14:38:30.089-0800] {dag.py:3820} INFO - Setting next_dagrun for example_branch_datetime_operator_2 to 2024-01-05T00:00:00+00:00, run_after=2024-01-06T00:00:00+00:00
[2024-01-06T14:38:30.090-0800] {logging_mixin.py:188} INFO - [2024-01-06T14:38:30.090-0800] {dag.py:3820} INFO - Setting next_dagrun for example_branch_datetime_operator_3 to 2024-01-05T00:00:00+00:00, run_after=2024-01-06T00:00:00+00:00
[2024-01-06T14:38:30.102-0800] {processor.py:183} INFO - Processing /mnt/c/Users/victo/OneDrive/Desktop/fantasy_nba_dashboard/airflow_env/lib/python3.10/site-packages/airflow/example_dags/example_branch_datetime_operator.py took 0.084 seconds
[2024-01-06T14:39:00.891-0800] {processor.py:161} INFO - Started process (PID=10903) to work on /mnt/c/Users/victo/OneDrive/Desktop/fantasy_nba_dashboard/airflow_env/lib/python3.10/site-packages/airflow/example_dags/example_branch_datetime_operator.py
[2024-01-06T14:39:00.892-0800] {processor.py:830} INFO - Processing file /mnt/c/Users/victo/OneDrive/Desktop/fantasy_nba_dashboard/airflow_env/lib/python3.10/site-packages/airflow/example_dags/example_branch_datetime_operator.py for tasks to queue
[2024-01-06T14:39:00.893-0800] {logging_mixin.py:188} INFO - [2024-01-06T14:39:00.892-0800] {dagbag.py:538} INFO - Filling up the DagBag from /mnt/c/Users/victo/OneDrive/Desktop/fantasy_nba_dashboard/airflow_env/lib/python3.10/site-packages/airflow/example_dags/example_branch_datetime_operator.py
[2024-01-06T14:39:00.901-0800] {processor.py:840} INFO - DAG(s) 'example_branch_datetime_operator_2', 'example_branch_datetime_operator', 'example_branch_datetime_operator_3' retrieved from /mnt/c/Users/victo/OneDrive/Desktop/fantasy_nba_dashboard/airflow_env/lib/python3.10/site-packages/airflow/example_dags/example_branch_datetime_operator.py
[2024-01-06T14:39:00.937-0800] {logging_mixin.py:188} INFO - [2024-01-06T14:39:00.937-0800] {dag.py:3033} INFO - Sync 3 DAGs
[2024-01-06T14:39:00.956-0800] {logging_mixin.py:188} INFO - [2024-01-06T14:39:00.956-0800] {dag.py:3820} INFO - Setting next_dagrun for example_branch_datetime_operator to 2024-01-05T00:00:00+00:00, run_after=2024-01-06T00:00:00+00:00
[2024-01-06T14:39:00.959-0800] {logging_mixin.py:188} INFO - [2024-01-06T14:39:00.959-0800] {dag.py:3820} INFO - Setting next_dagrun for example_branch_datetime_operator_2 to 2024-01-05T00:00:00+00:00, run_after=2024-01-06T00:00:00+00:00
[2024-01-06T14:39:00.960-0800] {logging_mixin.py:188} INFO - [2024-01-06T14:39:00.960-0800] {dag.py:3820} INFO - Setting next_dagrun for example_branch_datetime_operator_3 to 2024-01-05T00:00:00+00:00, run_after=2024-01-06T00:00:00+00:00
[2024-01-06T14:39:00.972-0800] {processor.py:183} INFO - Processing /mnt/c/Users/victo/OneDrive/Desktop/fantasy_nba_dashboard/airflow_env/lib/python3.10/site-packages/airflow/example_dags/example_branch_datetime_operator.py took 0.085 seconds
[2024-01-06T14:39:31.604-0800] {processor.py:161} INFO - Started process (PID=11062) to work on /mnt/c/Users/victo/OneDrive/Desktop/fantasy_nba_dashboard/airflow_env/lib/python3.10/site-packages/airflow/example_dags/example_branch_datetime_operator.py
[2024-01-06T14:39:31.605-0800] {processor.py:830} INFO - Processing file /mnt/c/Users/victo/OneDrive/Desktop/fantasy_nba_dashboard/airflow_env/lib/python3.10/site-packages/airflow/example_dags/example_branch_datetime_operator.py for tasks to queue
[2024-01-06T14:39:31.606-0800] {logging_mixin.py:188} INFO - [2024-01-06T14:39:31.606-0800] {dagbag.py:538} INFO - Filling up the DagBag from /mnt/c/Users/victo/OneDrive/Desktop/fantasy_nba_dashboard/airflow_env/lib/python3.10/site-packages/airflow/example_dags/example_branch_datetime_operator.py
[2024-01-06T14:39:31.616-0800] {processor.py:840} INFO - DAG(s) 'example_branch_datetime_operator_3', 'example_branch_datetime_operator', 'example_branch_datetime_operator_2' retrieved from /mnt/c/Users/victo/OneDrive/Desktop/fantasy_nba_dashboard/airflow_env/lib/python3.10/site-packages/airflow/example_dags/example_branch_datetime_operator.py
[2024-01-06T14:39:31.661-0800] {logging_mixin.py:188} INFO - [2024-01-06T14:39:31.661-0800] {dag.py:3033} INFO - Sync 3 DAGs
[2024-01-06T14:39:31.682-0800] {logging_mixin.py:188} INFO - [2024-01-06T14:39:31.682-0800] {dag.py:3820} INFO - Setting next_dagrun for example_branch_datetime_operator to 2024-01-05T00:00:00+00:00, run_after=2024-01-06T00:00:00+00:00
[2024-01-06T14:39:31.686-0800] {logging_mixin.py:188} INFO - [2024-01-06T14:39:31.686-0800] {dag.py:3820} INFO - Setting next_dagrun for example_branch_datetime_operator_2 to 2024-01-05T00:00:00+00:00, run_after=2024-01-06T00:00:00+00:00
[2024-01-06T14:39:31.688-0800] {logging_mixin.py:188} INFO - [2024-01-06T14:39:31.688-0800] {dag.py:3820} INFO - Setting next_dagrun for example_branch_datetime_operator_3 to 2024-01-05T00:00:00+00:00, run_after=2024-01-06T00:00:00+00:00
[2024-01-06T14:39:31.708-0800] {processor.py:183} INFO - Processing /mnt/c/Users/victo/OneDrive/Desktop/fantasy_nba_dashboard/airflow_env/lib/python3.10/site-packages/airflow/example_dags/example_branch_datetime_operator.py took 0.109 seconds
[2024-01-06T14:40:02.380-0800] {processor.py:161} INFO - Started process (PID=11219) to work on /mnt/c/Users/victo/OneDrive/Desktop/fantasy_nba_dashboard/airflow_env/lib/python3.10/site-packages/airflow/example_dags/example_branch_datetime_operator.py
[2024-01-06T14:40:02.381-0800] {processor.py:830} INFO - Processing file /mnt/c/Users/victo/OneDrive/Desktop/fantasy_nba_dashboard/airflow_env/lib/python3.10/site-packages/airflow/example_dags/example_branch_datetime_operator.py for tasks to queue
[2024-01-06T14:40:02.382-0800] {logging_mixin.py:188} INFO - [2024-01-06T14:40:02.382-0800] {dagbag.py:538} INFO - Filling up the DagBag from /mnt/c/Users/victo/OneDrive/Desktop/fantasy_nba_dashboard/airflow_env/lib/python3.10/site-packages/airflow/example_dags/example_branch_datetime_operator.py
[2024-01-06T14:40:02.391-0800] {processor.py:840} INFO - DAG(s) 'example_branch_datetime_operator_2', 'example_branch_datetime_operator_3', 'example_branch_datetime_operator' retrieved from /mnt/c/Users/victo/OneDrive/Desktop/fantasy_nba_dashboard/airflow_env/lib/python3.10/site-packages/airflow/example_dags/example_branch_datetime_operator.py
[2024-01-06T14:40:02.426-0800] {logging_mixin.py:188} INFO - [2024-01-06T14:40:02.426-0800] {dag.py:3033} INFO - Sync 3 DAGs
[2024-01-06T14:40:02.445-0800] {logging_mixin.py:188} INFO - [2024-01-06T14:40:02.445-0800] {dag.py:3820} INFO - Setting next_dagrun for example_branch_datetime_operator to 2024-01-05T00:00:00+00:00, run_after=2024-01-06T00:00:00+00:00
[2024-01-06T14:40:02.448-0800] {logging_mixin.py:188} INFO - [2024-01-06T14:40:02.447-0800] {dag.py:3820} INFO - Setting next_dagrun for example_branch_datetime_operator_2 to 2024-01-05T00:00:00+00:00, run_after=2024-01-06T00:00:00+00:00
[2024-01-06T14:40:02.449-0800] {logging_mixin.py:188} INFO - [2024-01-06T14:40:02.449-0800] {dag.py:3820} INFO - Setting next_dagrun for example_branch_datetime_operator_3 to 2024-01-05T00:00:00+00:00, run_after=2024-01-06T00:00:00+00:00
[2024-01-06T14:40:02.460-0800] {processor.py:183} INFO - Processing /mnt/c/Users/victo/OneDrive/Desktop/fantasy_nba_dashboard/airflow_env/lib/python3.10/site-packages/airflow/example_dags/example_branch_datetime_operator.py took 0.085 seconds
[2024-01-06T14:40:33.229-0800] {processor.py:161} INFO - Started process (PID=11377) to work on /mnt/c/Users/victo/OneDrive/Desktop/fantasy_nba_dashboard/airflow_env/lib/python3.10/site-packages/airflow/example_dags/example_branch_datetime_operator.py
[2024-01-06T14:40:33.231-0800] {processor.py:830} INFO - Processing file /mnt/c/Users/victo/OneDrive/Desktop/fantasy_nba_dashboard/airflow_env/lib/python3.10/site-packages/airflow/example_dags/example_branch_datetime_operator.py for tasks to queue
[2024-01-06T14:40:33.231-0800] {logging_mixin.py:188} INFO - [2024-01-06T14:40:33.231-0800] {dagbag.py:538} INFO - Filling up the DagBag from /mnt/c/Users/victo/OneDrive/Desktop/fantasy_nba_dashboard/airflow_env/lib/python3.10/site-packages/airflow/example_dags/example_branch_datetime_operator.py
[2024-01-06T14:40:33.240-0800] {processor.py:840} INFO - DAG(s) 'example_branch_datetime_operator_3', 'example_branch_datetime_operator', 'example_branch_datetime_operator_2' retrieved from /mnt/c/Users/victo/OneDrive/Desktop/fantasy_nba_dashboard/airflow_env/lib/python3.10/site-packages/airflow/example_dags/example_branch_datetime_operator.py
[2024-01-06T14:40:33.276-0800] {logging_mixin.py:188} INFO - [2024-01-06T14:40:33.276-0800] {dag.py:3033} INFO - Sync 3 DAGs
[2024-01-06T14:40:33.294-0800] {logging_mixin.py:188} INFO - [2024-01-06T14:40:33.294-0800] {dag.py:3820} INFO - Setting next_dagrun for example_branch_datetime_operator to 2024-01-05T00:00:00+00:00, run_after=2024-01-06T00:00:00+00:00
[2024-01-06T14:40:33.297-0800] {logging_mixin.py:188} INFO - [2024-01-06T14:40:33.297-0800] {dag.py:3820} INFO - Setting next_dagrun for example_branch_datetime_operator_2 to 2024-01-05T00:00:00+00:00, run_after=2024-01-06T00:00:00+00:00
[2024-01-06T14:40:33.299-0800] {logging_mixin.py:188} INFO - [2024-01-06T14:40:33.299-0800] {dag.py:3820} INFO - Setting next_dagrun for example_branch_datetime_operator_3 to 2024-01-05T00:00:00+00:00, run_after=2024-01-06T00:00:00+00:00
[2024-01-06T14:40:33.315-0800] {processor.py:183} INFO - Processing /mnt/c/Users/victo/OneDrive/Desktop/fantasy_nba_dashboard/airflow_env/lib/python3.10/site-packages/airflow/example_dags/example_branch_datetime_operator.py took 0.089 seconds
[2024-01-06T14:41:04.108-0800] {processor.py:161} INFO - Started process (PID=11561) to work on /mnt/c/Users/victo/OneDrive/Desktop/fantasy_nba_dashboard/airflow_env/lib/python3.10/site-packages/airflow/example_dags/example_branch_datetime_operator.py
[2024-01-06T14:41:04.109-0800] {processor.py:830} INFO - Processing file /mnt/c/Users/victo/OneDrive/Desktop/fantasy_nba_dashboard/airflow_env/lib/python3.10/site-packages/airflow/example_dags/example_branch_datetime_operator.py for tasks to queue
[2024-01-06T14:41:04.110-0800] {logging_mixin.py:188} INFO - [2024-01-06T14:41:04.110-0800] {dagbag.py:538} INFO - Filling up the DagBag from /mnt/c/Users/victo/OneDrive/Desktop/fantasy_nba_dashboard/airflow_env/lib/python3.10/site-packages/airflow/example_dags/example_branch_datetime_operator.py
[2024-01-06T14:41:04.119-0800] {processor.py:840} INFO - DAG(s) 'example_branch_datetime_operator_3', 'example_branch_datetime_operator', 'example_branch_datetime_operator_2' retrieved from /mnt/c/Users/victo/OneDrive/Desktop/fantasy_nba_dashboard/airflow_env/lib/python3.10/site-packages/airflow/example_dags/example_branch_datetime_operator.py
[2024-01-06T14:41:04.156-0800] {logging_mixin.py:188} INFO - [2024-01-06T14:41:04.156-0800] {dag.py:3033} INFO - Sync 3 DAGs
[2024-01-06T14:41:04.174-0800] {logging_mixin.py:188} INFO - [2024-01-06T14:41:04.174-0800] {dag.py:3820} INFO - Setting next_dagrun for example_branch_datetime_operator to 2024-01-05T00:00:00+00:00, run_after=2024-01-06T00:00:00+00:00
[2024-01-06T14:41:04.178-0800] {logging_mixin.py:188} INFO - [2024-01-06T14:41:04.177-0800] {dag.py:3820} INFO - Setting next_dagrun for example_branch_datetime_operator_2 to 2024-01-05T00:00:00+00:00, run_after=2024-01-06T00:00:00+00:00
[2024-01-06T14:41:04.179-0800] {logging_mixin.py:188} INFO - [2024-01-06T14:41:04.179-0800] {dag.py:3820} INFO - Setting next_dagrun for example_branch_datetime_operator_3 to 2024-01-05T00:00:00+00:00, run_after=2024-01-06T00:00:00+00:00
[2024-01-06T14:41:04.195-0800] {processor.py:183} INFO - Processing /mnt/c/Users/victo/OneDrive/Desktop/fantasy_nba_dashboard/airflow_env/lib/python3.10/site-packages/airflow/example_dags/example_branch_datetime_operator.py took 0.091 seconds
