[2024-01-06T14:24:42.423-0800] {processor.py:161} INFO - Started process (PID=7095) to work on /mnt/c/Users/victo/OneDrive/Desktop/fantasy_nba_dashboard/airflow_env/lib/python3.10/site-packages/airflow/example_dags/example_sensors.py
[2024-01-06T14:24:42.424-0800] {processor.py:830} INFO - Processing file /mnt/c/Users/victo/OneDrive/Desktop/fantasy_nba_dashboard/airflow_env/lib/python3.10/site-packages/airflow/example_dags/example_sensors.py for tasks to queue
[2024-01-06T14:24:42.425-0800] {logging_mixin.py:188} INFO - [2024-01-06T14:24:42.425-0800] {dagbag.py:538} INFO - Filling up the DagBag from /mnt/c/Users/victo/OneDrive/Desktop/fantasy_nba_dashboard/airflow_env/lib/python3.10/site-packages/airflow/example_dags/example_sensors.py
[2024-01-06T14:24:42.434-0800] {processor.py:840} INFO - DAG(s) 'example_sensors' retrieved from /mnt/c/Users/victo/OneDrive/Desktop/fantasy_nba_dashboard/airflow_env/lib/python3.10/site-packages/airflow/example_dags/example_sensors.py
[2024-01-06T14:24:42.539-0800] {logging_mixin.py:188} INFO - [2024-01-06T14:24:42.538-0800] {dag.py:3033} INFO - Sync 1 DAGs
[2024-01-06T14:24:42.546-0800] {logging_mixin.py:188} INFO - [2024-01-06T14:24:42.546-0800] {dag.py:3820} INFO - Setting next_dagrun for example_sensors to None, run_after=None
[2024-01-06T14:24:42.560-0800] {processor.py:183} INFO - Processing /mnt/c/Users/victo/OneDrive/Desktop/fantasy_nba_dashboard/airflow_env/lib/python3.10/site-packages/airflow/example_dags/example_sensors.py took 0.140 seconds
[2024-01-06T14:25:12.614-0800] {processor.py:161} INFO - Started process (PID=7253) to work on /mnt/c/Users/victo/OneDrive/Desktop/fantasy_nba_dashboard/airflow_env/lib/python3.10/site-packages/airflow/example_dags/example_sensors.py
[2024-01-06T14:25:12.616-0800] {processor.py:830} INFO - Processing file /mnt/c/Users/victo/OneDrive/Desktop/fantasy_nba_dashboard/airflow_env/lib/python3.10/site-packages/airflow/example_dags/example_sensors.py for tasks to queue
[2024-01-06T14:25:12.616-0800] {logging_mixin.py:188} INFO - [2024-01-06T14:25:12.616-0800] {dagbag.py:538} INFO - Filling up the DagBag from /mnt/c/Users/victo/OneDrive/Desktop/fantasy_nba_dashboard/airflow_env/lib/python3.10/site-packages/airflow/example_dags/example_sensors.py
[2024-01-06T14:25:12.629-0800] {processor.py:840} INFO - DAG(s) 'example_sensors' retrieved from /mnt/c/Users/victo/OneDrive/Desktop/fantasy_nba_dashboard/airflow_env/lib/python3.10/site-packages/airflow/example_dags/example_sensors.py
[2024-01-06T14:25:12.661-0800] {logging_mixin.py:188} INFO - [2024-01-06T14:25:12.661-0800] {dag.py:3033} INFO - Sync 1 DAGs
[2024-01-06T14:25:12.670-0800] {logging_mixin.py:188} INFO - [2024-01-06T14:25:12.670-0800] {dag.py:3820} INFO - Setting next_dagrun for example_sensors to None, run_after=None
[2024-01-06T14:25:12.688-0800] {processor.py:183} INFO - Processing /mnt/c/Users/victo/OneDrive/Desktop/fantasy_nba_dashboard/airflow_env/lib/python3.10/site-packages/airflow/example_dags/example_sensors.py took 0.078 seconds
[2024-01-06T14:25:42.909-0800] {processor.py:161} INFO - Started process (PID=7501) to work on /mnt/c/Users/victo/OneDrive/Desktop/fantasy_nba_dashboard/airflow_env/lib/python3.10/site-packages/airflow/example_dags/example_sensors.py
[2024-01-06T14:25:42.910-0800] {processor.py:830} INFO - Processing file /mnt/c/Users/victo/OneDrive/Desktop/fantasy_nba_dashboard/airflow_env/lib/python3.10/site-packages/airflow/example_dags/example_sensors.py for tasks to queue
[2024-01-06T14:25:42.910-0800] {logging_mixin.py:188} INFO - [2024-01-06T14:25:42.910-0800] {dagbag.py:538} INFO - Filling up the DagBag from /mnt/c/Users/victo/OneDrive/Desktop/fantasy_nba_dashboard/airflow_env/lib/python3.10/site-packages/airflow/example_dags/example_sensors.py
[2024-01-06T14:25:42.919-0800] {processor.py:840} INFO - DAG(s) 'example_sensors' retrieved from /mnt/c/Users/victo/OneDrive/Desktop/fantasy_nba_dashboard/airflow_env/lib/python3.10/site-packages/airflow/example_dags/example_sensors.py
[2024-01-06T14:25:42.950-0800] {logging_mixin.py:188} INFO - [2024-01-06T14:25:42.950-0800] {dag.py:3033} INFO - Sync 1 DAGs
[2024-01-06T14:25:42.959-0800] {logging_mixin.py:188} INFO - [2024-01-06T14:25:42.959-0800] {dag.py:3820} INFO - Setting next_dagrun for example_sensors to None, run_after=None
[2024-01-06T14:25:42.976-0800] {processor.py:183} INFO - Processing /mnt/c/Users/victo/OneDrive/Desktop/fantasy_nba_dashboard/airflow_env/lib/python3.10/site-packages/airflow/example_dags/example_sensors.py took 0.071 seconds
[2024-01-06T14:26:13.221-0800] {processor.py:161} INFO - Started process (PID=8040) to work on /mnt/c/Users/victo/OneDrive/Desktop/fantasy_nba_dashboard/airflow_env/lib/python3.10/site-packages/airflow/example_dags/example_sensors.py
[2024-01-06T14:26:13.222-0800] {processor.py:830} INFO - Processing file /mnt/c/Users/victo/OneDrive/Desktop/fantasy_nba_dashboard/airflow_env/lib/python3.10/site-packages/airflow/example_dags/example_sensors.py for tasks to queue
[2024-01-06T14:26:13.222-0800] {logging_mixin.py:188} INFO - [2024-01-06T14:26:13.222-0800] {dagbag.py:538} INFO - Filling up the DagBag from /mnt/c/Users/victo/OneDrive/Desktop/fantasy_nba_dashboard/airflow_env/lib/python3.10/site-packages/airflow/example_dags/example_sensors.py
[2024-01-06T14:26:13.231-0800] {processor.py:840} INFO - DAG(s) 'example_sensors' retrieved from /mnt/c/Users/victo/OneDrive/Desktop/fantasy_nba_dashboard/airflow_env/lib/python3.10/site-packages/airflow/example_dags/example_sensors.py
[2024-01-06T14:26:13.262-0800] {logging_mixin.py:188} INFO - [2024-01-06T14:26:13.262-0800] {dag.py:3033} INFO - Sync 1 DAGs
[2024-01-06T14:26:13.272-0800] {logging_mixin.py:188} INFO - [2024-01-06T14:26:13.271-0800] {dag.py:3820} INFO - Setting next_dagrun for example_sensors to None, run_after=None
[2024-01-06T14:26:13.289-0800] {processor.py:183} INFO - Processing /mnt/c/Users/victo/OneDrive/Desktop/fantasy_nba_dashboard/airflow_env/lib/python3.10/site-packages/airflow/example_dags/example_sensors.py took 0.072 seconds
[2024-01-06T14:35:54.071-0800] {processor.py:161} INFO - Started process (PID=9549) to work on /mnt/c/Users/victo/OneDrive/Desktop/fantasy_nba_dashboard/airflow_env/lib/python3.10/site-packages/airflow/example_dags/example_sensors.py
[2024-01-06T14:35:54.072-0800] {processor.py:830} INFO - Processing file /mnt/c/Users/victo/OneDrive/Desktop/fantasy_nba_dashboard/airflow_env/lib/python3.10/site-packages/airflow/example_dags/example_sensors.py for tasks to queue
[2024-01-06T14:35:54.073-0800] {logging_mixin.py:188} INFO - [2024-01-06T14:35:54.073-0800] {dagbag.py:538} INFO - Filling up the DagBag from /mnt/c/Users/victo/OneDrive/Desktop/fantasy_nba_dashboard/airflow_env/lib/python3.10/site-packages/airflow/example_dags/example_sensors.py
[2024-01-06T14:35:54.082-0800] {processor.py:840} INFO - DAG(s) 'example_sensors' retrieved from /mnt/c/Users/victo/OneDrive/Desktop/fantasy_nba_dashboard/airflow_env/lib/python3.10/site-packages/airflow/example_dags/example_sensors.py
[2024-01-06T14:35:54.112-0800] {logging_mixin.py:188} INFO - [2024-01-06T14:35:54.112-0800] {dag.py:3033} INFO - Sync 1 DAGs
[2024-01-06T14:35:54.121-0800] {logging_mixin.py:188} INFO - [2024-01-06T14:35:54.121-0800] {dag.py:3820} INFO - Setting next_dagrun for example_sensors to None, run_after=None
[2024-01-06T14:35:54.133-0800] {processor.py:183} INFO - Processing /mnt/c/Users/victo/OneDrive/Desktop/fantasy_nba_dashboard/airflow_env/lib/python3.10/site-packages/airflow/example_dags/example_sensors.py took 0.065 seconds
[2024-01-06T14:36:24.326-0800] {processor.py:161} INFO - Started process (PID=9732) to work on /mnt/c/Users/victo/OneDrive/Desktop/fantasy_nba_dashboard/airflow_env/lib/python3.10/site-packages/airflow/example_dags/example_sensors.py
[2024-01-06T14:36:24.327-0800] {processor.py:830} INFO - Processing file /mnt/c/Users/victo/OneDrive/Desktop/fantasy_nba_dashboard/airflow_env/lib/python3.10/site-packages/airflow/example_dags/example_sensors.py for tasks to queue
[2024-01-06T14:36:24.328-0800] {logging_mixin.py:188} INFO - [2024-01-06T14:36:24.327-0800] {dagbag.py:538} INFO - Filling up the DagBag from /mnt/c/Users/victo/OneDrive/Desktop/fantasy_nba_dashboard/airflow_env/lib/python3.10/site-packages/airflow/example_dags/example_sensors.py
[2024-01-06T14:36:24.337-0800] {processor.py:840} INFO - DAG(s) 'example_sensors' retrieved from /mnt/c/Users/victo/OneDrive/Desktop/fantasy_nba_dashboard/airflow_env/lib/python3.10/site-packages/airflow/example_dags/example_sensors.py
[2024-01-06T14:36:24.369-0800] {logging_mixin.py:188} INFO - [2024-01-06T14:36:24.369-0800] {dag.py:3033} INFO - Sync 1 DAGs
[2024-01-06T14:36:24.379-0800] {logging_mixin.py:188} INFO - [2024-01-06T14:36:24.379-0800] {dag.py:3820} INFO - Setting next_dagrun for example_sensors to None, run_after=None
[2024-01-06T14:36:24.394-0800] {processor.py:183} INFO - Processing /mnt/c/Users/victo/OneDrive/Desktop/fantasy_nba_dashboard/airflow_env/lib/python3.10/site-packages/airflow/example_dags/example_sensors.py took 0.072 seconds
[2024-01-06T14:36:55.676-0800] {processor.py:161} INFO - Started process (PID=10012) to work on /mnt/c/Users/victo/OneDrive/Desktop/fantasy_nba_dashboard/airflow_env/lib/python3.10/site-packages/airflow/example_dags/example_sensors.py
[2024-01-06T14:36:55.677-0800] {processor.py:830} INFO - Processing file /mnt/c/Users/victo/OneDrive/Desktop/fantasy_nba_dashboard/airflow_env/lib/python3.10/site-packages/airflow/example_dags/example_sensors.py for tasks to queue
[2024-01-06T14:36:55.677-0800] {logging_mixin.py:188} INFO - [2024-01-06T14:36:55.677-0800] {dagbag.py:538} INFO - Filling up the DagBag from /mnt/c/Users/victo/OneDrive/Desktop/fantasy_nba_dashboard/airflow_env/lib/python3.10/site-packages/airflow/example_dags/example_sensors.py
[2024-01-06T14:36:55.687-0800] {processor.py:840} INFO - DAG(s) 'example_sensors' retrieved from /mnt/c/Users/victo/OneDrive/Desktop/fantasy_nba_dashboard/airflow_env/lib/python3.10/site-packages/airflow/example_dags/example_sensors.py
[2024-01-06T14:36:55.720-0800] {logging_mixin.py:188} INFO - [2024-01-06T14:36:55.720-0800] {dag.py:3033} INFO - Sync 1 DAGs
[2024-01-06T14:36:55.730-0800] {logging_mixin.py:188} INFO - [2024-01-06T14:36:55.730-0800] {dag.py:3820} INFO - Setting next_dagrun for example_sensors to None, run_after=None
[2024-01-06T14:36:55.744-0800] {processor.py:183} INFO - Processing /mnt/c/Users/victo/OneDrive/Desktop/fantasy_nba_dashboard/airflow_env/lib/python3.10/site-packages/airflow/example_dags/example_sensors.py took 0.073 seconds
[2024-01-06T14:37:26.261-0800] {processor.py:161} INFO - Started process (PID=10288) to work on /mnt/c/Users/victo/OneDrive/Desktop/fantasy_nba_dashboard/airflow_env/lib/python3.10/site-packages/airflow/example_dags/example_sensors.py
[2024-01-06T14:37:26.262-0800] {processor.py:830} INFO - Processing file /mnt/c/Users/victo/OneDrive/Desktop/fantasy_nba_dashboard/airflow_env/lib/python3.10/site-packages/airflow/example_dags/example_sensors.py for tasks to queue
[2024-01-06T14:37:26.263-0800] {logging_mixin.py:188} INFO - [2024-01-06T14:37:26.263-0800] {dagbag.py:538} INFO - Filling up the DagBag from /mnt/c/Users/victo/OneDrive/Desktop/fantasy_nba_dashboard/airflow_env/lib/python3.10/site-packages/airflow/example_dags/example_sensors.py
[2024-01-06T14:37:26.272-0800] {processor.py:840} INFO - DAG(s) 'example_sensors' retrieved from /mnt/c/Users/victo/OneDrive/Desktop/fantasy_nba_dashboard/airflow_env/lib/python3.10/site-packages/airflow/example_dags/example_sensors.py
[2024-01-06T14:37:26.304-0800] {logging_mixin.py:188} INFO - [2024-01-06T14:37:26.304-0800] {dag.py:3033} INFO - Sync 1 DAGs
[2024-01-06T14:37:26.314-0800] {logging_mixin.py:188} INFO - [2024-01-06T14:37:26.314-0800] {dag.py:3820} INFO - Setting next_dagrun for example_sensors to None, run_after=None
[2024-01-06T14:37:26.333-0800] {processor.py:183} INFO - Processing /mnt/c/Users/victo/OneDrive/Desktop/fantasy_nba_dashboard/airflow_env/lib/python3.10/site-packages/airflow/example_dags/example_sensors.py took 0.075 seconds
[2024-01-06T14:37:57.012-0800] {processor.py:161} INFO - Started process (PID=10489) to work on /mnt/c/Users/victo/OneDrive/Desktop/fantasy_nba_dashboard/airflow_env/lib/python3.10/site-packages/airflow/example_dags/example_sensors.py
[2024-01-06T14:37:57.013-0800] {processor.py:830} INFO - Processing file /mnt/c/Users/victo/OneDrive/Desktop/fantasy_nba_dashboard/airflow_env/lib/python3.10/site-packages/airflow/example_dags/example_sensors.py for tasks to queue
[2024-01-06T14:37:57.014-0800] {logging_mixin.py:188} INFO - [2024-01-06T14:37:57.013-0800] {dagbag.py:538} INFO - Filling up the DagBag from /mnt/c/Users/victo/OneDrive/Desktop/fantasy_nba_dashboard/airflow_env/lib/python3.10/site-packages/airflow/example_dags/example_sensors.py
[2024-01-06T14:37:57.023-0800] {processor.py:840} INFO - DAG(s) 'example_sensors' retrieved from /mnt/c/Users/victo/OneDrive/Desktop/fantasy_nba_dashboard/airflow_env/lib/python3.10/site-packages/airflow/example_dags/example_sensors.py
[2024-01-06T14:37:57.058-0800] {logging_mixin.py:188} INFO - [2024-01-06T14:37:57.057-0800] {dag.py:3033} INFO - Sync 1 DAGs
[2024-01-06T14:37:57.069-0800] {logging_mixin.py:188} INFO - [2024-01-06T14:37:57.068-0800] {dag.py:3820} INFO - Setting next_dagrun for example_sensors to None, run_after=None
[2024-01-06T14:37:57.083-0800] {processor.py:183} INFO - Processing /mnt/c/Users/victo/OneDrive/Desktop/fantasy_nba_dashboard/airflow_env/lib/python3.10/site-packages/airflow/example_dags/example_sensors.py took 0.076 seconds
[2024-01-06T14:38:27.679-0800] {processor.py:161} INFO - Started process (PID=10663) to work on /mnt/c/Users/victo/OneDrive/Desktop/fantasy_nba_dashboard/airflow_env/lib/python3.10/site-packages/airflow/example_dags/example_sensors.py
[2024-01-06T14:38:27.681-0800] {processor.py:830} INFO - Processing file /mnt/c/Users/victo/OneDrive/Desktop/fantasy_nba_dashboard/airflow_env/lib/python3.10/site-packages/airflow/example_dags/example_sensors.py for tasks to queue
[2024-01-06T14:38:27.681-0800] {logging_mixin.py:188} INFO - [2024-01-06T14:38:27.681-0800] {dagbag.py:538} INFO - Filling up the DagBag from /mnt/c/Users/victo/OneDrive/Desktop/fantasy_nba_dashboard/airflow_env/lib/python3.10/site-packages/airflow/example_dags/example_sensors.py
[2024-01-06T14:38:27.694-0800] {processor.py:840} INFO - DAG(s) 'example_sensors' retrieved from /mnt/c/Users/victo/OneDrive/Desktop/fantasy_nba_dashboard/airflow_env/lib/python3.10/site-packages/airflow/example_dags/example_sensors.py
[2024-01-06T14:38:27.729-0800] {logging_mixin.py:188} INFO - [2024-01-06T14:38:27.729-0800] {dag.py:3033} INFO - Sync 1 DAGs
[2024-01-06T14:38:27.739-0800] {logging_mixin.py:188} INFO - [2024-01-06T14:38:27.739-0800] {dag.py:3820} INFO - Setting next_dagrun for example_sensors to None, run_after=None
[2024-01-06T14:38:27.752-0800] {processor.py:183} INFO - Processing /mnt/c/Users/victo/OneDrive/Desktop/fantasy_nba_dashboard/airflow_env/lib/python3.10/site-packages/airflow/example_dags/example_sensors.py took 0.077 seconds
[2024-01-06T14:38:58.740-0800] {processor.py:161} INFO - Started process (PID=10854) to work on /mnt/c/Users/victo/OneDrive/Desktop/fantasy_nba_dashboard/airflow_env/lib/python3.10/site-packages/airflow/example_dags/example_sensors.py
[2024-01-06T14:38:58.740-0800] {processor.py:830} INFO - Processing file /mnt/c/Users/victo/OneDrive/Desktop/fantasy_nba_dashboard/airflow_env/lib/python3.10/site-packages/airflow/example_dags/example_sensors.py for tasks to queue
[2024-01-06T14:38:58.741-0800] {logging_mixin.py:188} INFO - [2024-01-06T14:38:58.741-0800] {dagbag.py:538} INFO - Filling up the DagBag from /mnt/c/Users/victo/OneDrive/Desktop/fantasy_nba_dashboard/airflow_env/lib/python3.10/site-packages/airflow/example_dags/example_sensors.py
[2024-01-06T14:38:58.750-0800] {processor.py:840} INFO - DAG(s) 'example_sensors' retrieved from /mnt/c/Users/victo/OneDrive/Desktop/fantasy_nba_dashboard/airflow_env/lib/python3.10/site-packages/airflow/example_dags/example_sensors.py
[2024-01-06T14:38:58.784-0800] {logging_mixin.py:188} INFO - [2024-01-06T14:38:58.784-0800] {dag.py:3033} INFO - Sync 1 DAGs
[2024-01-06T14:38:58.794-0800] {logging_mixin.py:188} INFO - [2024-01-06T14:38:58.794-0800] {dag.py:3820} INFO - Setting next_dagrun for example_sensors to None, run_after=None
[2024-01-06T14:38:58.807-0800] {processor.py:183} INFO - Processing /mnt/c/Users/victo/OneDrive/Desktop/fantasy_nba_dashboard/airflow_env/lib/python3.10/site-packages/airflow/example_dags/example_sensors.py took 0.071 seconds
[2024-01-06T14:39:29.310-0800] {processor.py:161} INFO - Started process (PID=11013) to work on /mnt/c/Users/victo/OneDrive/Desktop/fantasy_nba_dashboard/airflow_env/lib/python3.10/site-packages/airflow/example_dags/example_sensors.py
[2024-01-06T14:39:29.311-0800] {processor.py:830} INFO - Processing file /mnt/c/Users/victo/OneDrive/Desktop/fantasy_nba_dashboard/airflow_env/lib/python3.10/site-packages/airflow/example_dags/example_sensors.py for tasks to queue
[2024-01-06T14:39:29.311-0800] {logging_mixin.py:188} INFO - [2024-01-06T14:39:29.311-0800] {dagbag.py:538} INFO - Filling up the DagBag from /mnt/c/Users/victo/OneDrive/Desktop/fantasy_nba_dashboard/airflow_env/lib/python3.10/site-packages/airflow/example_dags/example_sensors.py
[2024-01-06T14:39:29.321-0800] {processor.py:840} INFO - DAG(s) 'example_sensors' retrieved from /mnt/c/Users/victo/OneDrive/Desktop/fantasy_nba_dashboard/airflow_env/lib/python3.10/site-packages/airflow/example_dags/example_sensors.py
[2024-01-06T14:39:29.352-0800] {logging_mixin.py:188} INFO - [2024-01-06T14:39:29.352-0800] {dag.py:3033} INFO - Sync 1 DAGs
[2024-01-06T14:39:29.362-0800] {logging_mixin.py:188} INFO - [2024-01-06T14:39:29.362-0800] {dag.py:3820} INFO - Setting next_dagrun for example_sensors to None, run_after=None
[2024-01-06T14:39:29.376-0800] {processor.py:183} INFO - Processing /mnt/c/Users/victo/OneDrive/Desktop/fantasy_nba_dashboard/airflow_env/lib/python3.10/site-packages/airflow/example_dags/example_sensors.py took 0.070 seconds
[2024-01-06T14:40:00.124-0800] {processor.py:161} INFO - Started process (PID=11170) to work on /mnt/c/Users/victo/OneDrive/Desktop/fantasy_nba_dashboard/airflow_env/lib/python3.10/site-packages/airflow/example_dags/example_sensors.py
[2024-01-06T14:40:00.125-0800] {processor.py:830} INFO - Processing file /mnt/c/Users/victo/OneDrive/Desktop/fantasy_nba_dashboard/airflow_env/lib/python3.10/site-packages/airflow/example_dags/example_sensors.py for tasks to queue
[2024-01-06T14:40:00.125-0800] {logging_mixin.py:188} INFO - [2024-01-06T14:40:00.125-0800] {dagbag.py:538} INFO - Filling up the DagBag from /mnt/c/Users/victo/OneDrive/Desktop/fantasy_nba_dashboard/airflow_env/lib/python3.10/site-packages/airflow/example_dags/example_sensors.py
[2024-01-06T14:40:00.135-0800] {processor.py:840} INFO - DAG(s) 'example_sensors' retrieved from /mnt/c/Users/victo/OneDrive/Desktop/fantasy_nba_dashboard/airflow_env/lib/python3.10/site-packages/airflow/example_dags/example_sensors.py
[2024-01-06T14:40:00.167-0800] {logging_mixin.py:188} INFO - [2024-01-06T14:40:00.167-0800] {dag.py:3033} INFO - Sync 1 DAGs
[2024-01-06T14:40:00.177-0800] {logging_mixin.py:188} INFO - [2024-01-06T14:40:00.177-0800] {dag.py:3820} INFO - Setting next_dagrun for example_sensors to None, run_after=None
[2024-01-06T14:40:00.190-0800] {processor.py:183} INFO - Processing /mnt/c/Users/victo/OneDrive/Desktop/fantasy_nba_dashboard/airflow_env/lib/python3.10/site-packages/airflow/example_dags/example_sensors.py took 0.070 seconds
[2024-01-06T14:40:30.872-0800] {processor.py:161} INFO - Started process (PID=11328) to work on /mnt/c/Users/victo/OneDrive/Desktop/fantasy_nba_dashboard/airflow_env/lib/python3.10/site-packages/airflow/example_dags/example_sensors.py
[2024-01-06T14:40:30.873-0800] {processor.py:830} INFO - Processing file /mnt/c/Users/victo/OneDrive/Desktop/fantasy_nba_dashboard/airflow_env/lib/python3.10/site-packages/airflow/example_dags/example_sensors.py for tasks to queue
[2024-01-06T14:40:30.873-0800] {logging_mixin.py:188} INFO - [2024-01-06T14:40:30.873-0800] {dagbag.py:538} INFO - Filling up the DagBag from /mnt/c/Users/victo/OneDrive/Desktop/fantasy_nba_dashboard/airflow_env/lib/python3.10/site-packages/airflow/example_dags/example_sensors.py
[2024-01-06T14:40:30.883-0800] {processor.py:840} INFO - DAG(s) 'example_sensors' retrieved from /mnt/c/Users/victo/OneDrive/Desktop/fantasy_nba_dashboard/airflow_env/lib/python3.10/site-packages/airflow/example_dags/example_sensors.py
[2024-01-06T14:40:30.916-0800] {logging_mixin.py:188} INFO - [2024-01-06T14:40:30.915-0800] {dag.py:3033} INFO - Sync 1 DAGs
[2024-01-06T14:40:30.925-0800] {logging_mixin.py:188} INFO - [2024-01-06T14:40:30.925-0800] {dag.py:3820} INFO - Setting next_dagrun for example_sensors to None, run_after=None
[2024-01-06T14:40:30.938-0800] {processor.py:183} INFO - Processing /mnt/c/Users/victo/OneDrive/Desktop/fantasy_nba_dashboard/airflow_env/lib/python3.10/site-packages/airflow/example_dags/example_sensors.py took 0.070 seconds
[2024-01-06T14:41:01.833-0800] {processor.py:161} INFO - Started process (PID=11512) to work on /mnt/c/Users/victo/OneDrive/Desktop/fantasy_nba_dashboard/airflow_env/lib/python3.10/site-packages/airflow/example_dags/example_sensors.py
[2024-01-06T14:41:01.834-0800] {processor.py:830} INFO - Processing file /mnt/c/Users/victo/OneDrive/Desktop/fantasy_nba_dashboard/airflow_env/lib/python3.10/site-packages/airflow/example_dags/example_sensors.py for tasks to queue
[2024-01-06T14:41:01.834-0800] {logging_mixin.py:188} INFO - [2024-01-06T14:41:01.834-0800] {dagbag.py:538} INFO - Filling up the DagBag from /mnt/c/Users/victo/OneDrive/Desktop/fantasy_nba_dashboard/airflow_env/lib/python3.10/site-packages/airflow/example_dags/example_sensors.py
[2024-01-06T14:41:01.844-0800] {processor.py:840} INFO - DAG(s) 'example_sensors' retrieved from /mnt/c/Users/victo/OneDrive/Desktop/fantasy_nba_dashboard/airflow_env/lib/python3.10/site-packages/airflow/example_dags/example_sensors.py
[2024-01-06T14:41:01.876-0800] {logging_mixin.py:188} INFO - [2024-01-06T14:41:01.876-0800] {dag.py:3033} INFO - Sync 1 DAGs
[2024-01-06T14:41:01.886-0800] {logging_mixin.py:188} INFO - [2024-01-06T14:41:01.886-0800] {dag.py:3820} INFO - Setting next_dagrun for example_sensors to None, run_after=None
[2024-01-06T14:41:01.899-0800] {processor.py:183} INFO - Processing /mnt/c/Users/victo/OneDrive/Desktop/fantasy_nba_dashboard/airflow_env/lib/python3.10/site-packages/airflow/example_dags/example_sensors.py took 0.070 seconds
