[2024-01-06T14:24:43.518-0800] {processor.py:161} INFO - Started process (PID=7121) to work on /mnt/c/Users/victo/OneDrive/Desktop/fantasy_nba_dashboard/airflow_env/lib/python3.10/site-packages/airflow/example_dags/example_dynamic_task_mapping.py
[2024-01-06T14:24:43.519-0800] {processor.py:830} INFO - Processing file /mnt/c/Users/victo/OneDrive/Desktop/fantasy_nba_dashboard/airflow_env/lib/python3.10/site-packages/airflow/example_dags/example_dynamic_task_mapping.py for tasks to queue
[2024-01-06T14:24:43.520-0800] {logging_mixin.py:188} INFO - [2024-01-06T14:24:43.520-0800] {dagbag.py:538} INFO - Filling up the DagBag from /mnt/c/Users/victo/OneDrive/Desktop/fantasy_nba_dashboard/airflow_env/lib/python3.10/site-packages/airflow/example_dags/example_dynamic_task_mapping.py
[2024-01-06T14:24:43.528-0800] {processor.py:840} INFO - DAG(s) 'example_dynamic_task_mapping' retrieved from /mnt/c/Users/victo/OneDrive/Desktop/fantasy_nba_dashboard/airflow_env/lib/python3.10/site-packages/airflow/example_dags/example_dynamic_task_mapping.py
[2024-01-06T14:24:43.633-0800] {logging_mixin.py:188} INFO - [2024-01-06T14:24:43.632-0800] {dag.py:3033} INFO - Sync 1 DAGs
[2024-01-06T14:24:43.647-0800] {logging_mixin.py:188} INFO - [2024-01-06T14:24:43.646-0800] {dag.py:3820} INFO - Setting next_dagrun for example_dynamic_task_mapping to 2022-03-04T00:00:00+00:00, run_after=2022-03-05T00:00:00+00:00
[2024-01-06T14:24:43.666-0800] {processor.py:183} INFO - Processing /mnt/c/Users/victo/OneDrive/Desktop/fantasy_nba_dashboard/airflow_env/lib/python3.10/site-packages/airflow/example_dags/example_dynamic_task_mapping.py took 0.152 seconds
[2024-01-06T14:25:14.550-0800] {processor.py:161} INFO - Started process (PID=7283) to work on /mnt/c/Users/victo/OneDrive/Desktop/fantasy_nba_dashboard/airflow_env/lib/python3.10/site-packages/airflow/example_dags/example_dynamic_task_mapping.py
[2024-01-06T14:25:14.551-0800] {processor.py:830} INFO - Processing file /mnt/c/Users/victo/OneDrive/Desktop/fantasy_nba_dashboard/airflow_env/lib/python3.10/site-packages/airflow/example_dags/example_dynamic_task_mapping.py for tasks to queue
[2024-01-06T14:25:14.551-0800] {logging_mixin.py:188} INFO - [2024-01-06T14:25:14.551-0800] {dagbag.py:538} INFO - Filling up the DagBag from /mnt/c/Users/victo/OneDrive/Desktop/fantasy_nba_dashboard/airflow_env/lib/python3.10/site-packages/airflow/example_dags/example_dynamic_task_mapping.py
[2024-01-06T14:25:14.560-0800] {processor.py:840} INFO - DAG(s) 'example_dynamic_task_mapping' retrieved from /mnt/c/Users/victo/OneDrive/Desktop/fantasy_nba_dashboard/airflow_env/lib/python3.10/site-packages/airflow/example_dags/example_dynamic_task_mapping.py
[2024-01-06T14:25:14.591-0800] {logging_mixin.py:188} INFO - [2024-01-06T14:25:14.590-0800] {dag.py:3033} INFO - Sync 1 DAGs
[2024-01-06T14:25:14.607-0800] {logging_mixin.py:188} INFO - [2024-01-06T14:25:14.607-0800] {dag.py:3820} INFO - Setting next_dagrun for example_dynamic_task_mapping to 2022-03-04T00:00:00+00:00, run_after=2022-03-05T00:00:00+00:00
[2024-01-06T14:25:14.625-0800] {processor.py:183} INFO - Processing /mnt/c/Users/victo/OneDrive/Desktop/fantasy_nba_dashboard/airflow_env/lib/python3.10/site-packages/airflow/example_dags/example_dynamic_task_mapping.py took 0.079 seconds
[2024-01-06T14:25:44.657-0800] {processor.py:161} INFO - Started process (PID=7530) to work on /mnt/c/Users/victo/OneDrive/Desktop/fantasy_nba_dashboard/airflow_env/lib/python3.10/site-packages/airflow/example_dags/example_dynamic_task_mapping.py
[2024-01-06T14:25:44.658-0800] {processor.py:830} INFO - Processing file /mnt/c/Users/victo/OneDrive/Desktop/fantasy_nba_dashboard/airflow_env/lib/python3.10/site-packages/airflow/example_dags/example_dynamic_task_mapping.py for tasks to queue
[2024-01-06T14:25:44.658-0800] {logging_mixin.py:188} INFO - [2024-01-06T14:25:44.658-0800] {dagbag.py:538} INFO - Filling up the DagBag from /mnt/c/Users/victo/OneDrive/Desktop/fantasy_nba_dashboard/airflow_env/lib/python3.10/site-packages/airflow/example_dags/example_dynamic_task_mapping.py
[2024-01-06T14:25:44.666-0800] {processor.py:840} INFO - DAG(s) 'example_dynamic_task_mapping' retrieved from /mnt/c/Users/victo/OneDrive/Desktop/fantasy_nba_dashboard/airflow_env/lib/python3.10/site-packages/airflow/example_dags/example_dynamic_task_mapping.py
[2024-01-06T14:25:44.692-0800] {logging_mixin.py:188} INFO - [2024-01-06T14:25:44.692-0800] {dag.py:3033} INFO - Sync 1 DAGs
[2024-01-06T14:25:44.708-0800] {logging_mixin.py:188} INFO - [2024-01-06T14:25:44.708-0800] {dag.py:3820} INFO - Setting next_dagrun for example_dynamic_task_mapping to 2022-03-04T00:00:00+00:00, run_after=2022-03-05T00:00:00+00:00
[2024-01-06T14:25:44.725-0800] {processor.py:183} INFO - Processing /mnt/c/Users/victo/OneDrive/Desktop/fantasy_nba_dashboard/airflow_env/lib/python3.10/site-packages/airflow/example_dags/example_dynamic_task_mapping.py took 0.071 seconds
[2024-01-06T14:26:14.995-0800] {processor.py:161} INFO - Started process (PID=8069) to work on /mnt/c/Users/victo/OneDrive/Desktop/fantasy_nba_dashboard/airflow_env/lib/python3.10/site-packages/airflow/example_dags/example_dynamic_task_mapping.py
[2024-01-06T14:26:14.996-0800] {processor.py:830} INFO - Processing file /mnt/c/Users/victo/OneDrive/Desktop/fantasy_nba_dashboard/airflow_env/lib/python3.10/site-packages/airflow/example_dags/example_dynamic_task_mapping.py for tasks to queue
[2024-01-06T14:26:14.997-0800] {logging_mixin.py:188} INFO - [2024-01-06T14:26:14.996-0800] {dagbag.py:538} INFO - Filling up the DagBag from /mnt/c/Users/victo/OneDrive/Desktop/fantasy_nba_dashboard/airflow_env/lib/python3.10/site-packages/airflow/example_dags/example_dynamic_task_mapping.py
[2024-01-06T14:26:15.004-0800] {processor.py:840} INFO - DAG(s) 'example_dynamic_task_mapping' retrieved from /mnt/c/Users/victo/OneDrive/Desktop/fantasy_nba_dashboard/airflow_env/lib/python3.10/site-packages/airflow/example_dags/example_dynamic_task_mapping.py
[2024-01-06T14:26:15.034-0800] {logging_mixin.py:188} INFO - [2024-01-06T14:26:15.034-0800] {dag.py:3033} INFO - Sync 1 DAGs
[2024-01-06T14:26:15.049-0800] {logging_mixin.py:188} INFO - [2024-01-06T14:26:15.049-0800] {dag.py:3820} INFO - Setting next_dagrun for example_dynamic_task_mapping to 2022-03-04T00:00:00+00:00, run_after=2022-03-05T00:00:00+00:00
[2024-01-06T14:26:15.066-0800] {processor.py:183} INFO - Processing /mnt/c/Users/victo/OneDrive/Desktop/fantasy_nba_dashboard/airflow_env/lib/python3.10/site-packages/airflow/example_dags/example_dynamic_task_mapping.py took 0.075 seconds
[2024-01-06T14:35:55.000-0800] {processor.py:161} INFO - Started process (PID=9575) to work on /mnt/c/Users/victo/OneDrive/Desktop/fantasy_nba_dashboard/airflow_env/lib/python3.10/site-packages/airflow/example_dags/example_dynamic_task_mapping.py
[2024-01-06T14:35:55.001-0800] {processor.py:830} INFO - Processing file /mnt/c/Users/victo/OneDrive/Desktop/fantasy_nba_dashboard/airflow_env/lib/python3.10/site-packages/airflow/example_dags/example_dynamic_task_mapping.py for tasks to queue
[2024-01-06T14:35:55.002-0800] {logging_mixin.py:188} INFO - [2024-01-06T14:35:55.002-0800] {dagbag.py:538} INFO - Filling up the DagBag from /mnt/c/Users/victo/OneDrive/Desktop/fantasy_nba_dashboard/airflow_env/lib/python3.10/site-packages/airflow/example_dags/example_dynamic_task_mapping.py
[2024-01-06T14:35:55.011-0800] {processor.py:840} INFO - DAG(s) 'example_dynamic_task_mapping' retrieved from /mnt/c/Users/victo/OneDrive/Desktop/fantasy_nba_dashboard/airflow_env/lib/python3.10/site-packages/airflow/example_dags/example_dynamic_task_mapping.py
[2024-01-06T14:35:55.040-0800] {logging_mixin.py:188} INFO - [2024-01-06T14:35:55.040-0800] {dag.py:3033} INFO - Sync 1 DAGs
[2024-01-06T14:35:55.057-0800] {logging_mixin.py:188} INFO - [2024-01-06T14:35:55.057-0800] {dag.py:3820} INFO - Setting next_dagrun for example_dynamic_task_mapping to 2022-03-04T00:00:00+00:00, run_after=2022-03-05T00:00:00+00:00
[2024-01-06T14:35:55.069-0800] {processor.py:183} INFO - Processing /mnt/c/Users/victo/OneDrive/Desktop/fantasy_nba_dashboard/airflow_env/lib/python3.10/site-packages/airflow/example_dags/example_dynamic_task_mapping.py took 0.073 seconds
[2024-01-06T14:36:25.104-0800] {processor.py:161} INFO - Started process (PID=9759) to work on /mnt/c/Users/victo/OneDrive/Desktop/fantasy_nba_dashboard/airflow_env/lib/python3.10/site-packages/airflow/example_dags/example_dynamic_task_mapping.py
[2024-01-06T14:36:25.105-0800] {processor.py:830} INFO - Processing file /mnt/c/Users/victo/OneDrive/Desktop/fantasy_nba_dashboard/airflow_env/lib/python3.10/site-packages/airflow/example_dags/example_dynamic_task_mapping.py for tasks to queue
[2024-01-06T14:36:25.105-0800] {logging_mixin.py:188} INFO - [2024-01-06T14:36:25.105-0800] {dagbag.py:538} INFO - Filling up the DagBag from /mnt/c/Users/victo/OneDrive/Desktop/fantasy_nba_dashboard/airflow_env/lib/python3.10/site-packages/airflow/example_dags/example_dynamic_task_mapping.py
[2024-01-06T14:36:25.113-0800] {processor.py:840} INFO - DAG(s) 'example_dynamic_task_mapping' retrieved from /mnt/c/Users/victo/OneDrive/Desktop/fantasy_nba_dashboard/airflow_env/lib/python3.10/site-packages/airflow/example_dags/example_dynamic_task_mapping.py
[2024-01-06T14:36:25.139-0800] {logging_mixin.py:188} INFO - [2024-01-06T14:36:25.139-0800] {dag.py:3033} INFO - Sync 1 DAGs
[2024-01-06T14:36:25.154-0800] {logging_mixin.py:188} INFO - [2024-01-06T14:36:25.154-0800] {dag.py:3820} INFO - Setting next_dagrun for example_dynamic_task_mapping to 2022-03-04T00:00:00+00:00, run_after=2022-03-05T00:00:00+00:00
[2024-01-06T14:36:25.165-0800] {processor.py:183} INFO - Processing /mnt/c/Users/victo/OneDrive/Desktop/fantasy_nba_dashboard/airflow_env/lib/python3.10/site-packages/airflow/example_dags/example_dynamic_task_mapping.py took 0.065 seconds
[2024-01-06T14:36:56.261-0800] {processor.py:161} INFO - Started process (PID=10038) to work on /mnt/c/Users/victo/OneDrive/Desktop/fantasy_nba_dashboard/airflow_env/lib/python3.10/site-packages/airflow/example_dags/example_dynamic_task_mapping.py
[2024-01-06T14:36:56.262-0800] {processor.py:830} INFO - Processing file /mnt/c/Users/victo/OneDrive/Desktop/fantasy_nba_dashboard/airflow_env/lib/python3.10/site-packages/airflow/example_dags/example_dynamic_task_mapping.py for tasks to queue
[2024-01-06T14:36:56.263-0800] {logging_mixin.py:188} INFO - [2024-01-06T14:36:56.262-0800] {dagbag.py:538} INFO - Filling up the DagBag from /mnt/c/Users/victo/OneDrive/Desktop/fantasy_nba_dashboard/airflow_env/lib/python3.10/site-packages/airflow/example_dags/example_dynamic_task_mapping.py
[2024-01-06T14:36:56.271-0800] {processor.py:840} INFO - DAG(s) 'example_dynamic_task_mapping' retrieved from /mnt/c/Users/victo/OneDrive/Desktop/fantasy_nba_dashboard/airflow_env/lib/python3.10/site-packages/airflow/example_dags/example_dynamic_task_mapping.py
[2024-01-06T14:36:56.298-0800] {logging_mixin.py:188} INFO - [2024-01-06T14:36:56.298-0800] {dag.py:3033} INFO - Sync 1 DAGs
[2024-01-06T14:36:56.315-0800] {logging_mixin.py:188} INFO - [2024-01-06T14:36:56.314-0800] {dag.py:3820} INFO - Setting next_dagrun for example_dynamic_task_mapping to 2022-03-04T00:00:00+00:00, run_after=2022-03-05T00:00:00+00:00
[2024-01-06T14:36:56.332-0800] {processor.py:183} INFO - Processing /mnt/c/Users/victo/OneDrive/Desktop/fantasy_nba_dashboard/airflow_env/lib/python3.10/site-packages/airflow/example_dags/example_dynamic_task_mapping.py took 0.075 seconds
[2024-01-06T14:37:26.933-0800] {processor.py:161} INFO - Started process (PID=10317) to work on /mnt/c/Users/victo/OneDrive/Desktop/fantasy_nba_dashboard/airflow_env/lib/python3.10/site-packages/airflow/example_dags/example_dynamic_task_mapping.py
[2024-01-06T14:37:26.934-0800] {processor.py:830} INFO - Processing file /mnt/c/Users/victo/OneDrive/Desktop/fantasy_nba_dashboard/airflow_env/lib/python3.10/site-packages/airflow/example_dags/example_dynamic_task_mapping.py for tasks to queue
[2024-01-06T14:37:26.934-0800] {logging_mixin.py:188} INFO - [2024-01-06T14:37:26.934-0800] {dagbag.py:538} INFO - Filling up the DagBag from /mnt/c/Users/victo/OneDrive/Desktop/fantasy_nba_dashboard/airflow_env/lib/python3.10/site-packages/airflow/example_dags/example_dynamic_task_mapping.py
[2024-01-06T14:37:26.943-0800] {processor.py:840} INFO - DAG(s) 'example_dynamic_task_mapping' retrieved from /mnt/c/Users/victo/OneDrive/Desktop/fantasy_nba_dashboard/airflow_env/lib/python3.10/site-packages/airflow/example_dags/example_dynamic_task_mapping.py
[2024-01-06T14:37:26.970-0800] {logging_mixin.py:188} INFO - [2024-01-06T14:37:26.970-0800] {dag.py:3033} INFO - Sync 1 DAGs
[2024-01-06T14:37:26.988-0800] {logging_mixin.py:188} INFO - [2024-01-06T14:37:26.988-0800] {dag.py:3820} INFO - Setting next_dagrun for example_dynamic_task_mapping to 2022-03-04T00:00:00+00:00, run_after=2022-03-05T00:00:00+00:00
[2024-01-06T14:37:27.001-0800] {processor.py:183} INFO - Processing /mnt/c/Users/victo/OneDrive/Desktop/fantasy_nba_dashboard/airflow_env/lib/python3.10/site-packages/airflow/example_dags/example_dynamic_task_mapping.py took 0.072 seconds
[2024-01-06T14:37:57.639-0800] {processor.py:161} INFO - Started process (PID=10518) to work on /mnt/c/Users/victo/OneDrive/Desktop/fantasy_nba_dashboard/airflow_env/lib/python3.10/site-packages/airflow/example_dags/example_dynamic_task_mapping.py
[2024-01-06T14:37:57.639-0800] {processor.py:830} INFO - Processing file /mnt/c/Users/victo/OneDrive/Desktop/fantasy_nba_dashboard/airflow_env/lib/python3.10/site-packages/airflow/example_dags/example_dynamic_task_mapping.py for tasks to queue
[2024-01-06T14:37:57.640-0800] {logging_mixin.py:188} INFO - [2024-01-06T14:37:57.640-0800] {dagbag.py:538} INFO - Filling up the DagBag from /mnt/c/Users/victo/OneDrive/Desktop/fantasy_nba_dashboard/airflow_env/lib/python3.10/site-packages/airflow/example_dags/example_dynamic_task_mapping.py
[2024-01-06T14:37:57.648-0800] {processor.py:840} INFO - DAG(s) 'example_dynamic_task_mapping' retrieved from /mnt/c/Users/victo/OneDrive/Desktop/fantasy_nba_dashboard/airflow_env/lib/python3.10/site-packages/airflow/example_dags/example_dynamic_task_mapping.py
[2024-01-06T14:37:57.676-0800] {logging_mixin.py:188} INFO - [2024-01-06T14:37:57.676-0800] {dag.py:3033} INFO - Sync 1 DAGs
[2024-01-06T14:37:57.693-0800] {logging_mixin.py:188} INFO - [2024-01-06T14:37:57.693-0800] {dag.py:3820} INFO - Setting next_dagrun for example_dynamic_task_mapping to 2022-03-04T00:00:00+00:00, run_after=2022-03-05T00:00:00+00:00
[2024-01-06T14:37:57.706-0800] {processor.py:183} INFO - Processing /mnt/c/Users/victo/OneDrive/Desktop/fantasy_nba_dashboard/airflow_env/lib/python3.10/site-packages/airflow/example_dags/example_dynamic_task_mapping.py took 0.071 seconds
[2024-01-06T14:38:28.292-0800] {processor.py:161} INFO - Started process (PID=10688) to work on /mnt/c/Users/victo/OneDrive/Desktop/fantasy_nba_dashboard/airflow_env/lib/python3.10/site-packages/airflow/example_dags/example_dynamic_task_mapping.py
[2024-01-06T14:38:28.293-0800] {processor.py:830} INFO - Processing file /mnt/c/Users/victo/OneDrive/Desktop/fantasy_nba_dashboard/airflow_env/lib/python3.10/site-packages/airflow/example_dags/example_dynamic_task_mapping.py for tasks to queue
[2024-01-06T14:38:28.293-0800] {logging_mixin.py:188} INFO - [2024-01-06T14:38:28.293-0800] {dagbag.py:538} INFO - Filling up the DagBag from /mnt/c/Users/victo/OneDrive/Desktop/fantasy_nba_dashboard/airflow_env/lib/python3.10/site-packages/airflow/example_dags/example_dynamic_task_mapping.py
[2024-01-06T14:38:28.301-0800] {processor.py:840} INFO - DAG(s) 'example_dynamic_task_mapping' retrieved from /mnt/c/Users/victo/OneDrive/Desktop/fantasy_nba_dashboard/airflow_env/lib/python3.10/site-packages/airflow/example_dags/example_dynamic_task_mapping.py
[2024-01-06T14:38:28.329-0800] {logging_mixin.py:188} INFO - [2024-01-06T14:38:28.329-0800] {dag.py:3033} INFO - Sync 1 DAGs
[2024-01-06T14:38:28.345-0800] {logging_mixin.py:188} INFO - [2024-01-06T14:38:28.345-0800] {dag.py:3820} INFO - Setting next_dagrun for example_dynamic_task_mapping to 2022-03-04T00:00:00+00:00, run_after=2022-03-05T00:00:00+00:00
[2024-01-06T14:38:28.359-0800] {processor.py:183} INFO - Processing /mnt/c/Users/victo/OneDrive/Desktop/fantasy_nba_dashboard/airflow_env/lib/python3.10/site-packages/airflow/example_dags/example_dynamic_task_mapping.py took 0.071 seconds
[2024-01-06T14:38:59.326-0800] {processor.py:161} INFO - Started process (PID=10880) to work on /mnt/c/Users/victo/OneDrive/Desktop/fantasy_nba_dashboard/airflow_env/lib/python3.10/site-packages/airflow/example_dags/example_dynamic_task_mapping.py
[2024-01-06T14:38:59.327-0800] {processor.py:830} INFO - Processing file /mnt/c/Users/victo/OneDrive/Desktop/fantasy_nba_dashboard/airflow_env/lib/python3.10/site-packages/airflow/example_dags/example_dynamic_task_mapping.py for tasks to queue
[2024-01-06T14:38:59.328-0800] {logging_mixin.py:188} INFO - [2024-01-06T14:38:59.328-0800] {dagbag.py:538} INFO - Filling up the DagBag from /mnt/c/Users/victo/OneDrive/Desktop/fantasy_nba_dashboard/airflow_env/lib/python3.10/site-packages/airflow/example_dags/example_dynamic_task_mapping.py
[2024-01-06T14:38:59.336-0800] {processor.py:840} INFO - DAG(s) 'example_dynamic_task_mapping' retrieved from /mnt/c/Users/victo/OneDrive/Desktop/fantasy_nba_dashboard/airflow_env/lib/python3.10/site-packages/airflow/example_dags/example_dynamic_task_mapping.py
[2024-01-06T14:38:59.363-0800] {logging_mixin.py:188} INFO - [2024-01-06T14:38:59.362-0800] {dag.py:3033} INFO - Sync 1 DAGs
[2024-01-06T14:38:59.380-0800] {logging_mixin.py:188} INFO - [2024-01-06T14:38:59.380-0800] {dag.py:3820} INFO - Setting next_dagrun for example_dynamic_task_mapping to 2022-03-04T00:00:00+00:00, run_after=2022-03-05T00:00:00+00:00
[2024-01-06T14:38:59.393-0800] {processor.py:183} INFO - Processing /mnt/c/Users/victo/OneDrive/Desktop/fantasy_nba_dashboard/airflow_env/lib/python3.10/site-packages/airflow/example_dags/example_dynamic_task_mapping.py took 0.070 seconds
[2024-01-06T14:39:29.942-0800] {processor.py:161} INFO - Started process (PID=11039) to work on /mnt/c/Users/victo/OneDrive/Desktop/fantasy_nba_dashboard/airflow_env/lib/python3.10/site-packages/airflow/example_dags/example_dynamic_task_mapping.py
[2024-01-06T14:39:29.943-0800] {processor.py:830} INFO - Processing file /mnt/c/Users/victo/OneDrive/Desktop/fantasy_nba_dashboard/airflow_env/lib/python3.10/site-packages/airflow/example_dags/example_dynamic_task_mapping.py for tasks to queue
[2024-01-06T14:39:29.944-0800] {logging_mixin.py:188} INFO - [2024-01-06T14:39:29.944-0800] {dagbag.py:538} INFO - Filling up the DagBag from /mnt/c/Users/victo/OneDrive/Desktop/fantasy_nba_dashboard/airflow_env/lib/python3.10/site-packages/airflow/example_dags/example_dynamic_task_mapping.py
[2024-01-06T14:39:29.952-0800] {processor.py:840} INFO - DAG(s) 'example_dynamic_task_mapping' retrieved from /mnt/c/Users/victo/OneDrive/Desktop/fantasy_nba_dashboard/airflow_env/lib/python3.10/site-packages/airflow/example_dags/example_dynamic_task_mapping.py
[2024-01-06T14:39:29.979-0800] {logging_mixin.py:188} INFO - [2024-01-06T14:39:29.979-0800] {dag.py:3033} INFO - Sync 1 DAGs
[2024-01-06T14:39:29.996-0800] {logging_mixin.py:188} INFO - [2024-01-06T14:39:29.995-0800] {dag.py:3820} INFO - Setting next_dagrun for example_dynamic_task_mapping to 2022-03-04T00:00:00+00:00, run_after=2022-03-05T00:00:00+00:00
[2024-01-06T14:39:30.008-0800] {processor.py:183} INFO - Processing /mnt/c/Users/victo/OneDrive/Desktop/fantasy_nba_dashboard/airflow_env/lib/python3.10/site-packages/airflow/example_dags/example_dynamic_task_mapping.py took 0.070 seconds
[2024-01-06T14:40:00.753-0800] {processor.py:161} INFO - Started process (PID=11196) to work on /mnt/c/Users/victo/OneDrive/Desktop/fantasy_nba_dashboard/airflow_env/lib/python3.10/site-packages/airflow/example_dags/example_dynamic_task_mapping.py
[2024-01-06T14:40:00.754-0800] {processor.py:830} INFO - Processing file /mnt/c/Users/victo/OneDrive/Desktop/fantasy_nba_dashboard/airflow_env/lib/python3.10/site-packages/airflow/example_dags/example_dynamic_task_mapping.py for tasks to queue
[2024-01-06T14:40:00.754-0800] {logging_mixin.py:188} INFO - [2024-01-06T14:40:00.754-0800] {dagbag.py:538} INFO - Filling up the DagBag from /mnt/c/Users/victo/OneDrive/Desktop/fantasy_nba_dashboard/airflow_env/lib/python3.10/site-packages/airflow/example_dags/example_dynamic_task_mapping.py
[2024-01-06T14:40:00.762-0800] {processor.py:840} INFO - DAG(s) 'example_dynamic_task_mapping' retrieved from /mnt/c/Users/victo/OneDrive/Desktop/fantasy_nba_dashboard/airflow_env/lib/python3.10/site-packages/airflow/example_dags/example_dynamic_task_mapping.py
[2024-01-06T14:40:00.788-0800] {logging_mixin.py:188} INFO - [2024-01-06T14:40:00.788-0800] {dag.py:3033} INFO - Sync 1 DAGs
[2024-01-06T14:40:00.806-0800] {logging_mixin.py:188} INFO - [2024-01-06T14:40:00.805-0800] {dag.py:3820} INFO - Setting next_dagrun for example_dynamic_task_mapping to 2022-03-04T00:00:00+00:00, run_after=2022-03-05T00:00:00+00:00
[2024-01-06T14:40:00.819-0800] {processor.py:183} INFO - Processing /mnt/c/Users/victo/OneDrive/Desktop/fantasy_nba_dashboard/airflow_env/lib/python3.10/site-packages/airflow/example_dags/example_dynamic_task_mapping.py took 0.070 seconds
[2024-01-06T14:40:31.516-0800] {processor.py:161} INFO - Started process (PID=11353) to work on /mnt/c/Users/victo/OneDrive/Desktop/fantasy_nba_dashboard/airflow_env/lib/python3.10/site-packages/airflow/example_dags/example_dynamic_task_mapping.py
[2024-01-06T14:40:31.517-0800] {processor.py:830} INFO - Processing file /mnt/c/Users/victo/OneDrive/Desktop/fantasy_nba_dashboard/airflow_env/lib/python3.10/site-packages/airflow/example_dags/example_dynamic_task_mapping.py for tasks to queue
[2024-01-06T14:40:31.517-0800] {logging_mixin.py:188} INFO - [2024-01-06T14:40:31.517-0800] {dagbag.py:538} INFO - Filling up the DagBag from /mnt/c/Users/victo/OneDrive/Desktop/fantasy_nba_dashboard/airflow_env/lib/python3.10/site-packages/airflow/example_dags/example_dynamic_task_mapping.py
[2024-01-06T14:40:31.525-0800] {processor.py:840} INFO - DAG(s) 'example_dynamic_task_mapping' retrieved from /mnt/c/Users/victo/OneDrive/Desktop/fantasy_nba_dashboard/airflow_env/lib/python3.10/site-packages/airflow/example_dags/example_dynamic_task_mapping.py
[2024-01-06T14:40:31.554-0800] {logging_mixin.py:188} INFO - [2024-01-06T14:40:31.554-0800] {dag.py:3033} INFO - Sync 1 DAGs
[2024-01-06T14:40:31.570-0800] {logging_mixin.py:188} INFO - [2024-01-06T14:40:31.569-0800] {dag.py:3820} INFO - Setting next_dagrun for example_dynamic_task_mapping to 2022-03-04T00:00:00+00:00, run_after=2022-03-05T00:00:00+00:00
[2024-01-06T14:40:31.583-0800] {processor.py:183} INFO - Processing /mnt/c/Users/victo/OneDrive/Desktop/fantasy_nba_dashboard/airflow_env/lib/python3.10/site-packages/airflow/example_dags/example_dynamic_task_mapping.py took 0.072 seconds
[2024-01-06T14:41:02.453-0800] {processor.py:161} INFO - Started process (PID=11538) to work on /mnt/c/Users/victo/OneDrive/Desktop/fantasy_nba_dashboard/airflow_env/lib/python3.10/site-packages/airflow/example_dags/example_dynamic_task_mapping.py
[2024-01-06T14:41:02.454-0800] {processor.py:830} INFO - Processing file /mnt/c/Users/victo/OneDrive/Desktop/fantasy_nba_dashboard/airflow_env/lib/python3.10/site-packages/airflow/example_dags/example_dynamic_task_mapping.py for tasks to queue
[2024-01-06T14:41:02.455-0800] {logging_mixin.py:188} INFO - [2024-01-06T14:41:02.454-0800] {dagbag.py:538} INFO - Filling up the DagBag from /mnt/c/Users/victo/OneDrive/Desktop/fantasy_nba_dashboard/airflow_env/lib/python3.10/site-packages/airflow/example_dags/example_dynamic_task_mapping.py
[2024-01-06T14:41:02.463-0800] {processor.py:840} INFO - DAG(s) 'example_dynamic_task_mapping' retrieved from /mnt/c/Users/victo/OneDrive/Desktop/fantasy_nba_dashboard/airflow_env/lib/python3.10/site-packages/airflow/example_dags/example_dynamic_task_mapping.py
[2024-01-06T14:41:02.490-0800] {logging_mixin.py:188} INFO - [2024-01-06T14:41:02.489-0800] {dag.py:3033} INFO - Sync 1 DAGs
[2024-01-06T14:41:02.507-0800] {logging_mixin.py:188} INFO - [2024-01-06T14:41:02.507-0800] {dag.py:3820} INFO - Setting next_dagrun for example_dynamic_task_mapping to 2022-03-04T00:00:00+00:00, run_after=2022-03-05T00:00:00+00:00
[2024-01-06T14:41:02.526-0800] {processor.py:183} INFO - Processing /mnt/c/Users/victo/OneDrive/Desktop/fantasy_nba_dashboard/airflow_env/lib/python3.10/site-packages/airflow/example_dags/example_dynamic_task_mapping.py took 0.076 seconds
