[2024-01-06T14:24:41.462-0800] {processor.py:161} INFO - Started process (PID=7070) to work on /mnt/c/Users/victo/OneDrive/Desktop/fantasy_nba_dashboard/airflow_env/lib/python3.10/site-packages/airflow/example_dags/example_trigger_controller_dag.py
[2024-01-06T14:24:41.463-0800] {processor.py:830} INFO - Processing file /mnt/c/Users/victo/OneDrive/Desktop/fantasy_nba_dashboard/airflow_env/lib/python3.10/site-packages/airflow/example_dags/example_trigger_controller_dag.py for tasks to queue
[2024-01-06T14:24:41.464-0800] {logging_mixin.py:188} INFO - [2024-01-06T14:24:41.464-0800] {dagbag.py:538} INFO - Filling up the DagBag from /mnt/c/Users/victo/OneDrive/Desktop/fantasy_nba_dashboard/airflow_env/lib/python3.10/site-packages/airflow/example_dags/example_trigger_controller_dag.py
[2024-01-06T14:24:41.471-0800] {processor.py:840} INFO - DAG(s) 'example_trigger_controller_dag' retrieved from /mnt/c/Users/victo/OneDrive/Desktop/fantasy_nba_dashboard/airflow_env/lib/python3.10/site-packages/airflow/example_dags/example_trigger_controller_dag.py
[2024-01-06T14:24:41.583-0800] {logging_mixin.py:188} INFO - [2024-01-06T14:24:41.583-0800] {dag.py:3033} INFO - Sync 1 DAGs
[2024-01-06T14:24:41.597-0800] {logging_mixin.py:188} INFO - [2024-01-06T14:24:41.596-0800] {dag.py:3820} INFO - Setting next_dagrun for example_trigger_controller_dag to 2021-01-01T00:00:00+00:00, run_after=2021-01-01T00:00:00+00:00
[2024-01-06T14:24:41.614-0800] {processor.py:183} INFO - Processing /mnt/c/Users/victo/OneDrive/Desktop/fantasy_nba_dashboard/airflow_env/lib/python3.10/site-packages/airflow/example_dags/example_trigger_controller_dag.py took 0.156 seconds
[2024-01-06T14:25:11.830-0800] {processor.py:161} INFO - Started process (PID=7229) to work on /mnt/c/Users/victo/OneDrive/Desktop/fantasy_nba_dashboard/airflow_env/lib/python3.10/site-packages/airflow/example_dags/example_trigger_controller_dag.py
[2024-01-06T14:25:11.831-0800] {processor.py:830} INFO - Processing file /mnt/c/Users/victo/OneDrive/Desktop/fantasy_nba_dashboard/airflow_env/lib/python3.10/site-packages/airflow/example_dags/example_trigger_controller_dag.py for tasks to queue
[2024-01-06T14:25:11.831-0800] {logging_mixin.py:188} INFO - [2024-01-06T14:25:11.831-0800] {dagbag.py:538} INFO - Filling up the DagBag from /mnt/c/Users/victo/OneDrive/Desktop/fantasy_nba_dashboard/airflow_env/lib/python3.10/site-packages/airflow/example_dags/example_trigger_controller_dag.py
[2024-01-06T14:25:11.837-0800] {processor.py:840} INFO - DAG(s) 'example_trigger_controller_dag' retrieved from /mnt/c/Users/victo/OneDrive/Desktop/fantasy_nba_dashboard/airflow_env/lib/python3.10/site-packages/airflow/example_dags/example_trigger_controller_dag.py
[2024-01-06T14:25:11.866-0800] {logging_mixin.py:188} INFO - [2024-01-06T14:25:11.866-0800] {dag.py:3033} INFO - Sync 1 DAGs
[2024-01-06T14:25:11.885-0800] {logging_mixin.py:188} INFO - [2024-01-06T14:25:11.885-0800] {dag.py:3820} INFO - Setting next_dagrun for example_trigger_controller_dag to 2021-01-01T00:00:00+00:00, run_after=2021-01-01T00:00:00+00:00
[2024-01-06T14:25:11.898-0800] {processor.py:183} INFO - Processing /mnt/c/Users/victo/OneDrive/Desktop/fantasy_nba_dashboard/airflow_env/lib/python3.10/site-packages/airflow/example_dags/example_trigger_controller_dag.py took 0.072 seconds
[2024-01-06T14:25:42.183-0800] {processor.py:161} INFO - Started process (PID=7478) to work on /mnt/c/Users/victo/OneDrive/Desktop/fantasy_nba_dashboard/airflow_env/lib/python3.10/site-packages/airflow/example_dags/example_trigger_controller_dag.py
[2024-01-06T14:25:42.184-0800] {processor.py:830} INFO - Processing file /mnt/c/Users/victo/OneDrive/Desktop/fantasy_nba_dashboard/airflow_env/lib/python3.10/site-packages/airflow/example_dags/example_trigger_controller_dag.py for tasks to queue
[2024-01-06T14:25:42.185-0800] {logging_mixin.py:188} INFO - [2024-01-06T14:25:42.185-0800] {dagbag.py:538} INFO - Filling up the DagBag from /mnt/c/Users/victo/OneDrive/Desktop/fantasy_nba_dashboard/airflow_env/lib/python3.10/site-packages/airflow/example_dags/example_trigger_controller_dag.py
[2024-01-06T14:25:42.190-0800] {processor.py:840} INFO - DAG(s) 'example_trigger_controller_dag' retrieved from /mnt/c/Users/victo/OneDrive/Desktop/fantasy_nba_dashboard/airflow_env/lib/python3.10/site-packages/airflow/example_dags/example_trigger_controller_dag.py
[2024-01-06T14:25:42.218-0800] {logging_mixin.py:188} INFO - [2024-01-06T14:25:42.218-0800] {dag.py:3033} INFO - Sync 1 DAGs
[2024-01-06T14:25:42.233-0800] {logging_mixin.py:188} INFO - [2024-01-06T14:25:42.233-0800] {dag.py:3820} INFO - Setting next_dagrun for example_trigger_controller_dag to 2021-01-01T00:00:00+00:00, run_after=2021-01-01T00:00:00+00:00
[2024-01-06T14:25:42.250-0800] {processor.py:183} INFO - Processing /mnt/c/Users/victo/OneDrive/Desktop/fantasy_nba_dashboard/airflow_env/lib/python3.10/site-packages/airflow/example_dags/example_trigger_controller_dag.py took 0.071 seconds
[2024-01-06T14:26:12.433-0800] {processor.py:161} INFO - Started process (PID=8000) to work on /mnt/c/Users/victo/OneDrive/Desktop/fantasy_nba_dashboard/airflow_env/lib/python3.10/site-packages/airflow/example_dags/example_trigger_controller_dag.py
[2024-01-06T14:26:12.434-0800] {processor.py:830} INFO - Processing file /mnt/c/Users/victo/OneDrive/Desktop/fantasy_nba_dashboard/airflow_env/lib/python3.10/site-packages/airflow/example_dags/example_trigger_controller_dag.py for tasks to queue
[2024-01-06T14:26:12.434-0800] {logging_mixin.py:188} INFO - [2024-01-06T14:26:12.434-0800] {dagbag.py:538} INFO - Filling up the DagBag from /mnt/c/Users/victo/OneDrive/Desktop/fantasy_nba_dashboard/airflow_env/lib/python3.10/site-packages/airflow/example_dags/example_trigger_controller_dag.py
[2024-01-06T14:26:12.440-0800] {processor.py:840} INFO - DAG(s) 'example_trigger_controller_dag' retrieved from /mnt/c/Users/victo/OneDrive/Desktop/fantasy_nba_dashboard/airflow_env/lib/python3.10/site-packages/airflow/example_dags/example_trigger_controller_dag.py
[2024-01-06T14:26:12.471-0800] {logging_mixin.py:188} INFO - [2024-01-06T14:26:12.471-0800] {dag.py:3033} INFO - Sync 1 DAGs
[2024-01-06T14:26:12.486-0800] {logging_mixin.py:188} INFO - [2024-01-06T14:26:12.486-0800] {dag.py:3820} INFO - Setting next_dagrun for example_trigger_controller_dag to 2021-01-01T00:00:00+00:00, run_after=2021-01-01T00:00:00+00:00
[2024-01-06T14:26:12.502-0800] {processor.py:183} INFO - Processing /mnt/c/Users/victo/OneDrive/Desktop/fantasy_nba_dashboard/airflow_env/lib/python3.10/site-packages/airflow/example_dags/example_trigger_controller_dag.py took 0.073 seconds
[2024-01-06T14:35:53.441-0800] {processor.py:161} INFO - Started process (PID=9527) to work on /mnt/c/Users/victo/OneDrive/Desktop/fantasy_nba_dashboard/airflow_env/lib/python3.10/site-packages/airflow/example_dags/example_trigger_controller_dag.py
[2024-01-06T14:35:53.442-0800] {processor.py:830} INFO - Processing file /mnt/c/Users/victo/OneDrive/Desktop/fantasy_nba_dashboard/airflow_env/lib/python3.10/site-packages/airflow/example_dags/example_trigger_controller_dag.py for tasks to queue
[2024-01-06T14:35:53.443-0800] {logging_mixin.py:188} INFO - [2024-01-06T14:35:53.443-0800] {dagbag.py:538} INFO - Filling up the DagBag from /mnt/c/Users/victo/OneDrive/Desktop/fantasy_nba_dashboard/airflow_env/lib/python3.10/site-packages/airflow/example_dags/example_trigger_controller_dag.py
[2024-01-06T14:35:53.450-0800] {processor.py:840} INFO - DAG(s) 'example_trigger_controller_dag' retrieved from /mnt/c/Users/victo/OneDrive/Desktop/fantasy_nba_dashboard/airflow_env/lib/python3.10/site-packages/airflow/example_dags/example_trigger_controller_dag.py
[2024-01-06T14:35:53.484-0800] {logging_mixin.py:188} INFO - [2024-01-06T14:35:53.484-0800] {dag.py:3033} INFO - Sync 1 DAGs
[2024-01-06T14:35:53.500-0800] {logging_mixin.py:188} INFO - [2024-01-06T14:35:53.500-0800] {dag.py:3820} INFO - Setting next_dagrun for example_trigger_controller_dag to 2021-01-01T00:00:00+00:00, run_after=2021-01-01T00:00:00+00:00
[2024-01-06T14:35:53.518-0800] {processor.py:183} INFO - Processing /mnt/c/Users/victo/OneDrive/Desktop/fantasy_nba_dashboard/airflow_env/lib/python3.10/site-packages/airflow/example_dags/example_trigger_controller_dag.py took 0.081 seconds
[2024-01-06T14:36:23.771-0800] {processor.py:161} INFO - Started process (PID=9708) to work on /mnt/c/Users/victo/OneDrive/Desktop/fantasy_nba_dashboard/airflow_env/lib/python3.10/site-packages/airflow/example_dags/example_trigger_controller_dag.py
[2024-01-06T14:36:23.772-0800] {processor.py:830} INFO - Processing file /mnt/c/Users/victo/OneDrive/Desktop/fantasy_nba_dashboard/airflow_env/lib/python3.10/site-packages/airflow/example_dags/example_trigger_controller_dag.py for tasks to queue
[2024-01-06T14:36:23.773-0800] {logging_mixin.py:188} INFO - [2024-01-06T14:36:23.772-0800] {dagbag.py:538} INFO - Filling up the DagBag from /mnt/c/Users/victo/OneDrive/Desktop/fantasy_nba_dashboard/airflow_env/lib/python3.10/site-packages/airflow/example_dags/example_trigger_controller_dag.py
[2024-01-06T14:36:23.778-0800] {processor.py:840} INFO - DAG(s) 'example_trigger_controller_dag' retrieved from /mnt/c/Users/victo/OneDrive/Desktop/fantasy_nba_dashboard/airflow_env/lib/python3.10/site-packages/airflow/example_dags/example_trigger_controller_dag.py
[2024-01-06T14:36:23.808-0800] {logging_mixin.py:188} INFO - [2024-01-06T14:36:23.808-0800] {dag.py:3033} INFO - Sync 1 DAGs
[2024-01-06T14:36:23.824-0800] {logging_mixin.py:188} INFO - [2024-01-06T14:36:23.824-0800] {dag.py:3820} INFO - Setting next_dagrun for example_trigger_controller_dag to 2021-01-01T00:00:00+00:00, run_after=2021-01-01T00:00:00+00:00
[2024-01-06T14:36:23.838-0800] {processor.py:183} INFO - Processing /mnt/c/Users/victo/OneDrive/Desktop/fantasy_nba_dashboard/airflow_env/lib/python3.10/site-packages/airflow/example_dags/example_trigger_controller_dag.py took 0.071 seconds
[2024-01-06T14:36:54.991-0800] {processor.py:161} INFO - Started process (PID=9987) to work on /mnt/c/Users/victo/OneDrive/Desktop/fantasy_nba_dashboard/airflow_env/lib/python3.10/site-packages/airflow/example_dags/example_trigger_controller_dag.py
[2024-01-06T14:36:54.993-0800] {processor.py:830} INFO - Processing file /mnt/c/Users/victo/OneDrive/Desktop/fantasy_nba_dashboard/airflow_env/lib/python3.10/site-packages/airflow/example_dags/example_trigger_controller_dag.py for tasks to queue
[2024-01-06T14:36:54.994-0800] {logging_mixin.py:188} INFO - [2024-01-06T14:36:54.994-0800] {dagbag.py:538} INFO - Filling up the DagBag from /mnt/c/Users/victo/OneDrive/Desktop/fantasy_nba_dashboard/airflow_env/lib/python3.10/site-packages/airflow/example_dags/example_trigger_controller_dag.py
[2024-01-06T14:36:55.003-0800] {processor.py:840} INFO - DAG(s) 'example_trigger_controller_dag' retrieved from /mnt/c/Users/victo/OneDrive/Desktop/fantasy_nba_dashboard/airflow_env/lib/python3.10/site-packages/airflow/example_dags/example_trigger_controller_dag.py
[2024-01-06T14:36:55.042-0800] {logging_mixin.py:188} INFO - [2024-01-06T14:36:55.042-0800] {dag.py:3033} INFO - Sync 1 DAGs
[2024-01-06T14:36:55.067-0800] {logging_mixin.py:188} INFO - [2024-01-06T14:36:55.067-0800] {dag.py:3820} INFO - Setting next_dagrun for example_trigger_controller_dag to 2021-01-01T00:00:00+00:00, run_after=2021-01-01T00:00:00+00:00
[2024-01-06T14:36:55.096-0800] {processor.py:183} INFO - Processing /mnt/c/Users/victo/OneDrive/Desktop/fantasy_nba_dashboard/airflow_env/lib/python3.10/site-packages/airflow/example_dags/example_trigger_controller_dag.py took 0.110 seconds
[2024-01-06T14:37:25.705-0800] {processor.py:161} INFO - Started process (PID=10265) to work on /mnt/c/Users/victo/OneDrive/Desktop/fantasy_nba_dashboard/airflow_env/lib/python3.10/site-packages/airflow/example_dags/example_trigger_controller_dag.py
[2024-01-06T14:37:25.706-0800] {processor.py:830} INFO - Processing file /mnt/c/Users/victo/OneDrive/Desktop/fantasy_nba_dashboard/airflow_env/lib/python3.10/site-packages/airflow/example_dags/example_trigger_controller_dag.py for tasks to queue
[2024-01-06T14:37:25.707-0800] {logging_mixin.py:188} INFO - [2024-01-06T14:37:25.707-0800] {dagbag.py:538} INFO - Filling up the DagBag from /mnt/c/Users/victo/OneDrive/Desktop/fantasy_nba_dashboard/airflow_env/lib/python3.10/site-packages/airflow/example_dags/example_trigger_controller_dag.py
[2024-01-06T14:37:25.713-0800] {processor.py:840} INFO - DAG(s) 'example_trigger_controller_dag' retrieved from /mnt/c/Users/victo/OneDrive/Desktop/fantasy_nba_dashboard/airflow_env/lib/python3.10/site-packages/airflow/example_dags/example_trigger_controller_dag.py
[2024-01-06T14:37:25.742-0800] {logging_mixin.py:188} INFO - [2024-01-06T14:37:25.741-0800] {dag.py:3033} INFO - Sync 1 DAGs
[2024-01-06T14:37:25.759-0800] {logging_mixin.py:188} INFO - [2024-01-06T14:37:25.759-0800] {dag.py:3820} INFO - Setting next_dagrun for example_trigger_controller_dag to 2021-01-01T00:00:00+00:00, run_after=2021-01-01T00:00:00+00:00
[2024-01-06T14:37:25.772-0800] {processor.py:183} INFO - Processing /mnt/c/Users/victo/OneDrive/Desktop/fantasy_nba_dashboard/airflow_env/lib/python3.10/site-packages/airflow/example_dags/example_trigger_controller_dag.py took 0.071 seconds
[2024-01-06T14:37:56.431-0800] {processor.py:161} INFO - Started process (PID=10467) to work on /mnt/c/Users/victo/OneDrive/Desktop/fantasy_nba_dashboard/airflow_env/lib/python3.10/site-packages/airflow/example_dags/example_trigger_controller_dag.py
[2024-01-06T14:37:56.432-0800] {processor.py:830} INFO - Processing file /mnt/c/Users/victo/OneDrive/Desktop/fantasy_nba_dashboard/airflow_env/lib/python3.10/site-packages/airflow/example_dags/example_trigger_controller_dag.py for tasks to queue
[2024-01-06T14:37:56.432-0800] {logging_mixin.py:188} INFO - [2024-01-06T14:37:56.432-0800] {dagbag.py:538} INFO - Filling up the DagBag from /mnt/c/Users/victo/OneDrive/Desktop/fantasy_nba_dashboard/airflow_env/lib/python3.10/site-packages/airflow/example_dags/example_trigger_controller_dag.py
[2024-01-06T14:37:56.438-0800] {processor.py:840} INFO - DAG(s) 'example_trigger_controller_dag' retrieved from /mnt/c/Users/victo/OneDrive/Desktop/fantasy_nba_dashboard/airflow_env/lib/python3.10/site-packages/airflow/example_dags/example_trigger_controller_dag.py
[2024-01-06T14:37:56.467-0800] {logging_mixin.py:188} INFO - [2024-01-06T14:37:56.467-0800] {dag.py:3033} INFO - Sync 1 DAGs
[2024-01-06T14:37:56.483-0800] {logging_mixin.py:188} INFO - [2024-01-06T14:37:56.483-0800] {dag.py:3820} INFO - Setting next_dagrun for example_trigger_controller_dag to 2021-01-01T00:00:00+00:00, run_after=2021-01-01T00:00:00+00:00
[2024-01-06T14:37:56.495-0800] {processor.py:183} INFO - Processing /mnt/c/Users/victo/OneDrive/Desktop/fantasy_nba_dashboard/airflow_env/lib/python3.10/site-packages/airflow/example_dags/example_trigger_controller_dag.py took 0.068 seconds
[2024-01-06T14:38:27.124-0800] {processor.py:161} INFO - Started process (PID=10639) to work on /mnt/c/Users/victo/OneDrive/Desktop/fantasy_nba_dashboard/airflow_env/lib/python3.10/site-packages/airflow/example_dags/example_trigger_controller_dag.py
[2024-01-06T14:38:27.125-0800] {processor.py:830} INFO - Processing file /mnt/c/Users/victo/OneDrive/Desktop/fantasy_nba_dashboard/airflow_env/lib/python3.10/site-packages/airflow/example_dags/example_trigger_controller_dag.py for tasks to queue
[2024-01-06T14:38:27.125-0800] {logging_mixin.py:188} INFO - [2024-01-06T14:38:27.125-0800] {dagbag.py:538} INFO - Filling up the DagBag from /mnt/c/Users/victo/OneDrive/Desktop/fantasy_nba_dashboard/airflow_env/lib/python3.10/site-packages/airflow/example_dags/example_trigger_controller_dag.py
[2024-01-06T14:38:27.131-0800] {processor.py:840} INFO - DAG(s) 'example_trigger_controller_dag' retrieved from /mnt/c/Users/victo/OneDrive/Desktop/fantasy_nba_dashboard/airflow_env/lib/python3.10/site-packages/airflow/example_dags/example_trigger_controller_dag.py
[2024-01-06T14:38:27.159-0800] {logging_mixin.py:188} INFO - [2024-01-06T14:38:27.159-0800] {dag.py:3033} INFO - Sync 1 DAGs
[2024-01-06T14:38:27.175-0800] {logging_mixin.py:188} INFO - [2024-01-06T14:38:27.175-0800] {dag.py:3820} INFO - Setting next_dagrun for example_trigger_controller_dag to 2021-01-01T00:00:00+00:00, run_after=2021-01-01T00:00:00+00:00
[2024-01-06T14:38:27.188-0800] {processor.py:183} INFO - Processing /mnt/c/Users/victo/OneDrive/Desktop/fantasy_nba_dashboard/airflow_env/lib/python3.10/site-packages/airflow/example_dags/example_trigger_controller_dag.py took 0.068 seconds
[2024-01-06T14:38:58.013-0800] {processor.py:161} INFO - Started process (PID=10799) to work on /mnt/c/Users/victo/OneDrive/Desktop/fantasy_nba_dashboard/airflow_env/lib/python3.10/site-packages/airflow/example_dags/example_trigger_controller_dag.py
[2024-01-06T14:38:58.014-0800] {processor.py:830} INFO - Processing file /mnt/c/Users/victo/OneDrive/Desktop/fantasy_nba_dashboard/airflow_env/lib/python3.10/site-packages/airflow/example_dags/example_trigger_controller_dag.py for tasks to queue
[2024-01-06T14:38:58.015-0800] {logging_mixin.py:188} INFO - [2024-01-06T14:38:58.015-0800] {dagbag.py:538} INFO - Filling up the DagBag from /mnt/c/Users/victo/OneDrive/Desktop/fantasy_nba_dashboard/airflow_env/lib/python3.10/site-packages/airflow/example_dags/example_trigger_controller_dag.py
[2024-01-06T14:38:58.021-0800] {processor.py:840} INFO - DAG(s) 'example_trigger_controller_dag' retrieved from /mnt/c/Users/victo/OneDrive/Desktop/fantasy_nba_dashboard/airflow_env/lib/python3.10/site-packages/airflow/example_dags/example_trigger_controller_dag.py
[2024-01-06T14:38:58.054-0800] {logging_mixin.py:188} INFO - [2024-01-06T14:38:58.054-0800] {dag.py:3033} INFO - Sync 1 DAGs
[2024-01-06T14:38:58.074-0800] {logging_mixin.py:188} INFO - [2024-01-06T14:38:58.074-0800] {dag.py:3820} INFO - Setting next_dagrun for example_trigger_controller_dag to 2021-01-01T00:00:00+00:00, run_after=2021-01-01T00:00:00+00:00
[2024-01-06T14:38:58.089-0800] {processor.py:183} INFO - Processing /mnt/c/Users/victo/OneDrive/Desktop/fantasy_nba_dashboard/airflow_env/lib/python3.10/site-packages/airflow/example_dags/example_trigger_controller_dag.py took 0.081 seconds
[2024-01-06T14:39:28.757-0800] {processor.py:161} INFO - Started process (PID=10991) to work on /mnt/c/Users/victo/OneDrive/Desktop/fantasy_nba_dashboard/airflow_env/lib/python3.10/site-packages/airflow/example_dags/example_trigger_controller_dag.py
[2024-01-06T14:39:28.758-0800] {processor.py:830} INFO - Processing file /mnt/c/Users/victo/OneDrive/Desktop/fantasy_nba_dashboard/airflow_env/lib/python3.10/site-packages/airflow/example_dags/example_trigger_controller_dag.py for tasks to queue
[2024-01-06T14:39:28.758-0800] {logging_mixin.py:188} INFO - [2024-01-06T14:39:28.758-0800] {dagbag.py:538} INFO - Filling up the DagBag from /mnt/c/Users/victo/OneDrive/Desktop/fantasy_nba_dashboard/airflow_env/lib/python3.10/site-packages/airflow/example_dags/example_trigger_controller_dag.py
[2024-01-06T14:39:28.764-0800] {processor.py:840} INFO - DAG(s) 'example_trigger_controller_dag' retrieved from /mnt/c/Users/victo/OneDrive/Desktop/fantasy_nba_dashboard/airflow_env/lib/python3.10/site-packages/airflow/example_dags/example_trigger_controller_dag.py
[2024-01-06T14:39:28.793-0800] {logging_mixin.py:188} INFO - [2024-01-06T14:39:28.793-0800] {dag.py:3033} INFO - Sync 1 DAGs
[2024-01-06T14:39:28.810-0800] {logging_mixin.py:188} INFO - [2024-01-06T14:39:28.810-0800] {dag.py:3820} INFO - Setting next_dagrun for example_trigger_controller_dag to 2021-01-01T00:00:00+00:00, run_after=2021-01-01T00:00:00+00:00
[2024-01-06T14:39:28.824-0800] {processor.py:183} INFO - Processing /mnt/c/Users/victo/OneDrive/Desktop/fantasy_nba_dashboard/airflow_env/lib/python3.10/site-packages/airflow/example_dags/example_trigger_controller_dag.py took 0.071 seconds
[2024-01-06T14:39:59.539-0800] {processor.py:161} INFO - Started process (PID=11145) to work on /mnt/c/Users/victo/OneDrive/Desktop/fantasy_nba_dashboard/airflow_env/lib/python3.10/site-packages/airflow/example_dags/example_trigger_controller_dag.py
[2024-01-06T14:39:59.539-0800] {processor.py:830} INFO - Processing file /mnt/c/Users/victo/OneDrive/Desktop/fantasy_nba_dashboard/airflow_env/lib/python3.10/site-packages/airflow/example_dags/example_trigger_controller_dag.py for tasks to queue
[2024-01-06T14:39:59.540-0800] {logging_mixin.py:188} INFO - [2024-01-06T14:39:59.540-0800] {dagbag.py:538} INFO - Filling up the DagBag from /mnt/c/Users/victo/OneDrive/Desktop/fantasy_nba_dashboard/airflow_env/lib/python3.10/site-packages/airflow/example_dags/example_trigger_controller_dag.py
[2024-01-06T14:39:59.545-0800] {processor.py:840} INFO - DAG(s) 'example_trigger_controller_dag' retrieved from /mnt/c/Users/victo/OneDrive/Desktop/fantasy_nba_dashboard/airflow_env/lib/python3.10/site-packages/airflow/example_dags/example_trigger_controller_dag.py
[2024-01-06T14:39:59.573-0800] {logging_mixin.py:188} INFO - [2024-01-06T14:39:59.573-0800] {dag.py:3033} INFO - Sync 1 DAGs
[2024-01-06T14:39:59.588-0800] {logging_mixin.py:188} INFO - [2024-01-06T14:39:59.588-0800] {dag.py:3820} INFO - Setting next_dagrun for example_trigger_controller_dag to 2021-01-01T00:00:00+00:00, run_after=2021-01-01T00:00:00+00:00
[2024-01-06T14:39:59.605-0800] {processor.py:183} INFO - Processing /mnt/c/Users/victo/OneDrive/Desktop/fantasy_nba_dashboard/airflow_env/lib/python3.10/site-packages/airflow/example_dags/example_trigger_controller_dag.py took 0.070 seconds
[2024-01-06T14:40:30.296-0800] {processor.py:161} INFO - Started process (PID=11303) to work on /mnt/c/Users/victo/OneDrive/Desktop/fantasy_nba_dashboard/airflow_env/lib/python3.10/site-packages/airflow/example_dags/example_trigger_controller_dag.py
[2024-01-06T14:40:30.297-0800] {processor.py:830} INFO - Processing file /mnt/c/Users/victo/OneDrive/Desktop/fantasy_nba_dashboard/airflow_env/lib/python3.10/site-packages/airflow/example_dags/example_trigger_controller_dag.py for tasks to queue
[2024-01-06T14:40:30.298-0800] {logging_mixin.py:188} INFO - [2024-01-06T14:40:30.297-0800] {dagbag.py:538} INFO - Filling up the DagBag from /mnt/c/Users/victo/OneDrive/Desktop/fantasy_nba_dashboard/airflow_env/lib/python3.10/site-packages/airflow/example_dags/example_trigger_controller_dag.py
[2024-01-06T14:40:30.303-0800] {processor.py:840} INFO - DAG(s) 'example_trigger_controller_dag' retrieved from /mnt/c/Users/victo/OneDrive/Desktop/fantasy_nba_dashboard/airflow_env/lib/python3.10/site-packages/airflow/example_dags/example_trigger_controller_dag.py
[2024-01-06T14:40:30.330-0800] {logging_mixin.py:188} INFO - [2024-01-06T14:40:30.330-0800] {dag.py:3033} INFO - Sync 1 DAGs
[2024-01-06T14:40:30.345-0800] {logging_mixin.py:188} INFO - [2024-01-06T14:40:30.345-0800] {dag.py:3820} INFO - Setting next_dagrun for example_trigger_controller_dag to 2021-01-01T00:00:00+00:00, run_after=2021-01-01T00:00:00+00:00
[2024-01-06T14:40:30.357-0800] {processor.py:183} INFO - Processing /mnt/c/Users/victo/OneDrive/Desktop/fantasy_nba_dashboard/airflow_env/lib/python3.10/site-packages/airflow/example_dags/example_trigger_controller_dag.py took 0.065 seconds
[2024-01-06T14:41:01.061-0800] {processor.py:161} INFO - Started process (PID=11486) to work on /mnt/c/Users/victo/OneDrive/Desktop/fantasy_nba_dashboard/airflow_env/lib/python3.10/site-packages/airflow/example_dags/example_trigger_controller_dag.py
[2024-01-06T14:41:01.062-0800] {processor.py:830} INFO - Processing file /mnt/c/Users/victo/OneDrive/Desktop/fantasy_nba_dashboard/airflow_env/lib/python3.10/site-packages/airflow/example_dags/example_trigger_controller_dag.py for tasks to queue
[2024-01-06T14:41:01.063-0800] {logging_mixin.py:188} INFO - [2024-01-06T14:41:01.063-0800] {dagbag.py:538} INFO - Filling up the DagBag from /mnt/c/Users/victo/OneDrive/Desktop/fantasy_nba_dashboard/airflow_env/lib/python3.10/site-packages/airflow/example_dags/example_trigger_controller_dag.py
[2024-01-06T14:41:01.068-0800] {processor.py:840} INFO - DAG(s) 'example_trigger_controller_dag' retrieved from /mnt/c/Users/victo/OneDrive/Desktop/fantasy_nba_dashboard/airflow_env/lib/python3.10/site-packages/airflow/example_dags/example_trigger_controller_dag.py
[2024-01-06T14:41:01.098-0800] {logging_mixin.py:188} INFO - [2024-01-06T14:41:01.098-0800] {dag.py:3033} INFO - Sync 1 DAGs
[2024-01-06T14:41:01.115-0800] {logging_mixin.py:188} INFO - [2024-01-06T14:41:01.115-0800] {dag.py:3820} INFO - Setting next_dagrun for example_trigger_controller_dag to 2021-01-01T00:00:00+00:00, run_after=2021-01-01T00:00:00+00:00
[2024-01-06T14:41:01.129-0800] {processor.py:183} INFO - Processing /mnt/c/Users/victo/OneDrive/Desktop/fantasy_nba_dashboard/airflow_env/lib/python3.10/site-packages/airflow/example_dags/example_trigger_controller_dag.py took 0.072 seconds
