[2024-01-06T14:24:41.893-0800] {processor.py:161} INFO - Started process (PID=7083) to work on /mnt/c/Users/victo/OneDrive/Desktop/fantasy_nba_dashboard/airflow_env/lib/python3.10/site-packages/airflow/example_dags/example_sla_dag.py
[2024-01-06T14:24:41.894-0800] {processor.py:830} INFO - Processing file /mnt/c/Users/victo/OneDrive/Desktop/fantasy_nba_dashboard/airflow_env/lib/python3.10/site-packages/airflow/example_dags/example_sla_dag.py for tasks to queue
[2024-01-06T14:24:41.895-0800] {logging_mixin.py:188} INFO - [2024-01-06T14:24:41.895-0800] {dagbag.py:538} INFO - Filling up the DagBag from /mnt/c/Users/victo/OneDrive/Desktop/fantasy_nba_dashboard/airflow_env/lib/python3.10/site-packages/airflow/example_dags/example_sla_dag.py
[2024-01-06T14:24:41.904-0800] {processor.py:840} INFO - DAG(s) 'example_sla_dag' retrieved from /mnt/c/Users/victo/OneDrive/Desktop/fantasy_nba_dashboard/airflow_env/lib/python3.10/site-packages/airflow/example_dags/example_sla_dag.py
[2024-01-06T14:24:42.006-0800] {logging_mixin.py:188} INFO - [2024-01-06T14:24:42.005-0800] {dag.py:3033} INFO - Sync 1 DAGs
[2024-01-06T14:24:42.021-0800] {logging_mixin.py:188} INFO - [2024-01-06T14:24:42.021-0800] {dag.py:3820} INFO - Setting next_dagrun for example_sla_dag to 2024-01-06T22:22:00+00:00, run_after=2024-01-06T22:24:00+00:00
[2024-01-06T14:24:42.034-0800] {processor.py:183} INFO - Processing /mnt/c/Users/victo/OneDrive/Desktop/fantasy_nba_dashboard/airflow_env/lib/python3.10/site-packages/airflow/example_dags/example_sla_dag.py took 0.144 seconds
[2024-01-06T14:25:12.081-0800] {processor.py:161} INFO - Started process (PID=7239) to work on /mnt/c/Users/victo/OneDrive/Desktop/fantasy_nba_dashboard/airflow_env/lib/python3.10/site-packages/airflow/example_dags/example_sla_dag.py
[2024-01-06T14:25:12.082-0800] {processor.py:830} INFO - Processing file /mnt/c/Users/victo/OneDrive/Desktop/fantasy_nba_dashboard/airflow_env/lib/python3.10/site-packages/airflow/example_dags/example_sla_dag.py for tasks to queue
[2024-01-06T14:25:12.083-0800] {logging_mixin.py:188} INFO - [2024-01-06T14:25:12.082-0800] {dagbag.py:538} INFO - Filling up the DagBag from /mnt/c/Users/victo/OneDrive/Desktop/fantasy_nba_dashboard/airflow_env/lib/python3.10/site-packages/airflow/example_dags/example_sla_dag.py
[2024-01-06T14:25:12.092-0800] {processor.py:840} INFO - DAG(s) 'example_sla_dag' retrieved from /mnt/c/Users/victo/OneDrive/Desktop/fantasy_nba_dashboard/airflow_env/lib/python3.10/site-packages/airflow/example_dags/example_sla_dag.py
[2024-01-06T14:25:12.120-0800] {logging_mixin.py:188} INFO - [2024-01-06T14:25:12.120-0800] {dag.py:3033} INFO - Sync 1 DAGs
[2024-01-06T14:25:12.140-0800] {logging_mixin.py:188} INFO - [2024-01-06T14:25:12.139-0800] {dag.py:3820} INFO - Setting next_dagrun for example_sla_dag to 2024-01-06T22:22:00+00:00, run_after=2024-01-06T22:24:00+00:00
[2024-01-06T14:25:12.151-0800] {processor.py:183} INFO - Processing /mnt/c/Users/victo/OneDrive/Desktop/fantasy_nba_dashboard/airflow_env/lib/python3.10/site-packages/airflow/example_dags/example_sla_dag.py took 0.074 seconds
[2024-01-06T14:25:42.542-0800] {processor.py:161} INFO - Started process (PID=7489) to work on /mnt/c/Users/victo/OneDrive/Desktop/fantasy_nba_dashboard/airflow_env/lib/python3.10/site-packages/airflow/example_dags/example_sla_dag.py
[2024-01-06T14:25:42.543-0800] {processor.py:830} INFO - Processing file /mnt/c/Users/victo/OneDrive/Desktop/fantasy_nba_dashboard/airflow_env/lib/python3.10/site-packages/airflow/example_dags/example_sla_dag.py for tasks to queue
[2024-01-06T14:25:42.544-0800] {logging_mixin.py:188} INFO - [2024-01-06T14:25:42.543-0800] {dagbag.py:538} INFO - Filling up the DagBag from /mnt/c/Users/victo/OneDrive/Desktop/fantasy_nba_dashboard/airflow_env/lib/python3.10/site-packages/airflow/example_dags/example_sla_dag.py
[2024-01-06T14:25:42.552-0800] {processor.py:840} INFO - DAG(s) 'example_sla_dag' retrieved from /mnt/c/Users/victo/OneDrive/Desktop/fantasy_nba_dashboard/airflow_env/lib/python3.10/site-packages/airflow/example_dags/example_sla_dag.py
[2024-01-06T14:25:42.580-0800] {logging_mixin.py:188} INFO - [2024-01-06T14:25:42.580-0800] {dag.py:3033} INFO - Sync 1 DAGs
[2024-01-06T14:25:42.598-0800] {logging_mixin.py:188} INFO - [2024-01-06T14:25:42.598-0800] {dag.py:3820} INFO - Setting next_dagrun for example_sla_dag to 2024-01-06T22:22:00+00:00, run_after=2024-01-06T22:24:00+00:00
[2024-01-06T14:25:42.610-0800] {processor.py:183} INFO - Processing /mnt/c/Users/victo/OneDrive/Desktop/fantasy_nba_dashboard/airflow_env/lib/python3.10/site-packages/airflow/example_dags/example_sla_dag.py took 0.072 seconds
[2024-01-06T14:26:12.829-0800] {processor.py:161} INFO - Started process (PID=8028) to work on /mnt/c/Users/victo/OneDrive/Desktop/fantasy_nba_dashboard/airflow_env/lib/python3.10/site-packages/airflow/example_dags/example_sla_dag.py
[2024-01-06T14:26:12.830-0800] {processor.py:830} INFO - Processing file /mnt/c/Users/victo/OneDrive/Desktop/fantasy_nba_dashboard/airflow_env/lib/python3.10/site-packages/airflow/example_dags/example_sla_dag.py for tasks to queue
[2024-01-06T14:26:12.831-0800] {logging_mixin.py:188} INFO - [2024-01-06T14:26:12.831-0800] {dagbag.py:538} INFO - Filling up the DagBag from /mnt/c/Users/victo/OneDrive/Desktop/fantasy_nba_dashboard/airflow_env/lib/python3.10/site-packages/airflow/example_dags/example_sla_dag.py
[2024-01-06T14:26:12.840-0800] {processor.py:840} INFO - DAG(s) 'example_sla_dag' retrieved from /mnt/c/Users/victo/OneDrive/Desktop/fantasy_nba_dashboard/airflow_env/lib/python3.10/site-packages/airflow/example_dags/example_sla_dag.py
[2024-01-06T14:26:12.870-0800] {logging_mixin.py:188} INFO - [2024-01-06T14:26:12.870-0800] {dag.py:3033} INFO - Sync 1 DAGs
[2024-01-06T14:26:12.888-0800] {logging_mixin.py:188} INFO - [2024-01-06T14:26:12.888-0800] {dag.py:3820} INFO - Setting next_dagrun for example_sla_dag to 2024-01-06T22:24:00+00:00, run_after=2024-01-06T22:26:00+00:00
[2024-01-06T14:26:12.906-0800] {processor.py:183} INFO - Processing /mnt/c/Users/victo/OneDrive/Desktop/fantasy_nba_dashboard/airflow_env/lib/python3.10/site-packages/airflow/example_dags/example_sla_dag.py took 0.081 seconds
[2024-01-06T14:35:53.748-0800] {processor.py:161} INFO - Started process (PID=9537) to work on /mnt/c/Users/victo/OneDrive/Desktop/fantasy_nba_dashboard/airflow_env/lib/python3.10/site-packages/airflow/example_dags/example_sla_dag.py
[2024-01-06T14:35:53.749-0800] {processor.py:830} INFO - Processing file /mnt/c/Users/victo/OneDrive/Desktop/fantasy_nba_dashboard/airflow_env/lib/python3.10/site-packages/airflow/example_dags/example_sla_dag.py for tasks to queue
[2024-01-06T14:35:53.749-0800] {logging_mixin.py:188} INFO - [2024-01-06T14:35:53.749-0800] {dagbag.py:538} INFO - Filling up the DagBag from /mnt/c/Users/victo/OneDrive/Desktop/fantasy_nba_dashboard/airflow_env/lib/python3.10/site-packages/airflow/example_dags/example_sla_dag.py
[2024-01-06T14:35:53.759-0800] {processor.py:840} INFO - DAG(s) 'example_sla_dag' retrieved from /mnt/c/Users/victo/OneDrive/Desktop/fantasy_nba_dashboard/airflow_env/lib/python3.10/site-packages/airflow/example_dags/example_sla_dag.py
[2024-01-06T14:35:53.790-0800] {logging_mixin.py:188} INFO - [2024-01-06T14:35:53.790-0800] {dag.py:3033} INFO - Sync 1 DAGs
[2024-01-06T14:35:53.809-0800] {logging_mixin.py:188} INFO - [2024-01-06T14:35:53.809-0800] {dag.py:3820} INFO - Setting next_dagrun for example_sla_dag to 2024-01-06T22:32:00+00:00, run_after=2024-01-06T22:34:00+00:00
[2024-01-06T14:35:53.821-0800] {processor.py:183} INFO - Processing /mnt/c/Users/victo/OneDrive/Desktop/fantasy_nba_dashboard/airflow_env/lib/python3.10/site-packages/airflow/example_dags/example_sla_dag.py took 0.078 seconds
[2024-01-06T14:36:24.006-0800] {processor.py:161} INFO - Started process (PID=9718) to work on /mnt/c/Users/victo/OneDrive/Desktop/fantasy_nba_dashboard/airflow_env/lib/python3.10/site-packages/airflow/example_dags/example_sla_dag.py
[2024-01-06T14:36:24.007-0800] {processor.py:830} INFO - Processing file /mnt/c/Users/victo/OneDrive/Desktop/fantasy_nba_dashboard/airflow_env/lib/python3.10/site-packages/airflow/example_dags/example_sla_dag.py for tasks to queue
[2024-01-06T14:36:24.008-0800] {logging_mixin.py:188} INFO - [2024-01-06T14:36:24.008-0800] {dagbag.py:538} INFO - Filling up the DagBag from /mnt/c/Users/victo/OneDrive/Desktop/fantasy_nba_dashboard/airflow_env/lib/python3.10/site-packages/airflow/example_dags/example_sla_dag.py
[2024-01-06T14:36:24.017-0800] {processor.py:840} INFO - DAG(s) 'example_sla_dag' retrieved from /mnt/c/Users/victo/OneDrive/Desktop/fantasy_nba_dashboard/airflow_env/lib/python3.10/site-packages/airflow/example_dags/example_sla_dag.py
[2024-01-06T14:36:24.046-0800] {logging_mixin.py:188} INFO - [2024-01-06T14:36:24.046-0800] {dag.py:3033} INFO - Sync 1 DAGs
[2024-01-06T14:36:24.066-0800] {logging_mixin.py:188} INFO - [2024-01-06T14:36:24.066-0800] {dag.py:3820} INFO - Setting next_dagrun for example_sla_dag to 2024-01-06T22:34:00+00:00, run_after=2024-01-06T22:36:00+00:00
[2024-01-06T14:36:24.079-0800] {processor.py:183} INFO - Processing /mnt/c/Users/victo/OneDrive/Desktop/fantasy_nba_dashboard/airflow_env/lib/python3.10/site-packages/airflow/example_dags/example_sla_dag.py took 0.077 seconds
[2024-01-06T14:36:55.346-0800] {processor.py:161} INFO - Started process (PID=9998) to work on /mnt/c/Users/victo/OneDrive/Desktop/fantasy_nba_dashboard/airflow_env/lib/python3.10/site-packages/airflow/example_dags/example_sla_dag.py
[2024-01-06T14:36:55.347-0800] {processor.py:830} INFO - Processing file /mnt/c/Users/victo/OneDrive/Desktop/fantasy_nba_dashboard/airflow_env/lib/python3.10/site-packages/airflow/example_dags/example_sla_dag.py for tasks to queue
[2024-01-06T14:36:55.348-0800] {logging_mixin.py:188} INFO - [2024-01-06T14:36:55.348-0800] {dagbag.py:538} INFO - Filling up the DagBag from /mnt/c/Users/victo/OneDrive/Desktop/fantasy_nba_dashboard/airflow_env/lib/python3.10/site-packages/airflow/example_dags/example_sla_dag.py
[2024-01-06T14:36:55.357-0800] {processor.py:840} INFO - DAG(s) 'example_sla_dag' retrieved from /mnt/c/Users/victo/OneDrive/Desktop/fantasy_nba_dashboard/airflow_env/lib/python3.10/site-packages/airflow/example_dags/example_sla_dag.py
[2024-01-06T14:36:55.394-0800] {logging_mixin.py:188} INFO - [2024-01-06T14:36:55.394-0800] {dag.py:3033} INFO - Sync 1 DAGs
[2024-01-06T14:36:55.417-0800] {logging_mixin.py:188} INFO - [2024-01-06T14:36:55.416-0800] {dag.py:3820} INFO - Setting next_dagrun for example_sla_dag to 2024-01-06T22:34:00+00:00, run_after=2024-01-06T22:36:00+00:00
[2024-01-06T14:36:55.436-0800] {processor.py:183} INFO - Processing /mnt/c/Users/victo/OneDrive/Desktop/fantasy_nba_dashboard/airflow_env/lib/python3.10/site-packages/airflow/example_dags/example_sla_dag.py took 0.094 seconds
[2024-01-06T14:37:25.965-0800] {processor.py:161} INFO - Started process (PID=10276) to work on /mnt/c/Users/victo/OneDrive/Desktop/fantasy_nba_dashboard/airflow_env/lib/python3.10/site-packages/airflow/example_dags/example_sla_dag.py
[2024-01-06T14:37:25.966-0800] {processor.py:830} INFO - Processing file /mnt/c/Users/victo/OneDrive/Desktop/fantasy_nba_dashboard/airflow_env/lib/python3.10/site-packages/airflow/example_dags/example_sla_dag.py for tasks to queue
[2024-01-06T14:37:25.966-0800] {logging_mixin.py:188} INFO - [2024-01-06T14:37:25.966-0800] {dagbag.py:538} INFO - Filling up the DagBag from /mnt/c/Users/victo/OneDrive/Desktop/fantasy_nba_dashboard/airflow_env/lib/python3.10/site-packages/airflow/example_dags/example_sla_dag.py
[2024-01-06T14:37:25.975-0800] {processor.py:840} INFO - DAG(s) 'example_sla_dag' retrieved from /mnt/c/Users/victo/OneDrive/Desktop/fantasy_nba_dashboard/airflow_env/lib/python3.10/site-packages/airflow/example_dags/example_sla_dag.py
[2024-01-06T14:37:26.005-0800] {logging_mixin.py:188} INFO - [2024-01-06T14:37:26.004-0800] {dag.py:3033} INFO - Sync 1 DAGs
[2024-01-06T14:37:26.023-0800] {logging_mixin.py:188} INFO - [2024-01-06T14:37:26.023-0800] {dag.py:3820} INFO - Setting next_dagrun for example_sla_dag to 2024-01-06T22:34:00+00:00, run_after=2024-01-06T22:36:00+00:00
[2024-01-06T14:37:26.036-0800] {processor.py:183} INFO - Processing /mnt/c/Users/victo/OneDrive/Desktop/fantasy_nba_dashboard/airflow_env/lib/python3.10/site-packages/airflow/example_dags/example_sla_dag.py took 0.075 seconds
[2024-01-06T14:37:56.710-0800] {processor.py:161} INFO - Started process (PID=10477) to work on /mnt/c/Users/victo/OneDrive/Desktop/fantasy_nba_dashboard/airflow_env/lib/python3.10/site-packages/airflow/example_dags/example_sla_dag.py
[2024-01-06T14:37:56.711-0800] {processor.py:830} INFO - Processing file /mnt/c/Users/victo/OneDrive/Desktop/fantasy_nba_dashboard/airflow_env/lib/python3.10/site-packages/airflow/example_dags/example_sla_dag.py for tasks to queue
[2024-01-06T14:37:56.712-0800] {logging_mixin.py:188} INFO - [2024-01-06T14:37:56.712-0800] {dagbag.py:538} INFO - Filling up the DagBag from /mnt/c/Users/victo/OneDrive/Desktop/fantasy_nba_dashboard/airflow_env/lib/python3.10/site-packages/airflow/example_dags/example_sla_dag.py
[2024-01-06T14:37:56.720-0800] {processor.py:840} INFO - DAG(s) 'example_sla_dag' retrieved from /mnt/c/Users/victo/OneDrive/Desktop/fantasy_nba_dashboard/airflow_env/lib/python3.10/site-packages/airflow/example_dags/example_sla_dag.py
[2024-01-06T14:37:56.753-0800] {logging_mixin.py:188} INFO - [2024-01-06T14:37:56.753-0800] {dag.py:3033} INFO - Sync 1 DAGs
[2024-01-06T14:37:56.771-0800] {logging_mixin.py:188} INFO - [2024-01-06T14:37:56.771-0800] {dag.py:3820} INFO - Setting next_dagrun for example_sla_dag to 2024-01-06T22:34:00+00:00, run_after=2024-01-06T22:36:00+00:00
[2024-01-06T14:37:56.784-0800] {processor.py:183} INFO - Processing /mnt/c/Users/victo/OneDrive/Desktop/fantasy_nba_dashboard/airflow_env/lib/python3.10/site-packages/airflow/example_dags/example_sla_dag.py took 0.078 seconds
[2024-01-06T14:38:27.376-0800] {processor.py:161} INFO - Started process (PID=10651) to work on /mnt/c/Users/victo/OneDrive/Desktop/fantasy_nba_dashboard/airflow_env/lib/python3.10/site-packages/airflow/example_dags/example_sla_dag.py
[2024-01-06T14:38:27.377-0800] {processor.py:830} INFO - Processing file /mnt/c/Users/victo/OneDrive/Desktop/fantasy_nba_dashboard/airflow_env/lib/python3.10/site-packages/airflow/example_dags/example_sla_dag.py for tasks to queue
[2024-01-06T14:38:27.378-0800] {logging_mixin.py:188} INFO - [2024-01-06T14:38:27.378-0800] {dagbag.py:538} INFO - Filling up the DagBag from /mnt/c/Users/victo/OneDrive/Desktop/fantasy_nba_dashboard/airflow_env/lib/python3.10/site-packages/airflow/example_dags/example_sla_dag.py
[2024-01-06T14:38:27.386-0800] {processor.py:840} INFO - DAG(s) 'example_sla_dag' retrieved from /mnt/c/Users/victo/OneDrive/Desktop/fantasy_nba_dashboard/airflow_env/lib/python3.10/site-packages/airflow/example_dags/example_sla_dag.py
[2024-01-06T14:38:27.415-0800] {logging_mixin.py:188} INFO - [2024-01-06T14:38:27.415-0800] {dag.py:3033} INFO - Sync 1 DAGs
[2024-01-06T14:38:27.435-0800] {logging_mixin.py:188} INFO - [2024-01-06T14:38:27.435-0800] {dag.py:3820} INFO - Setting next_dagrun for example_sla_dag to 2024-01-06T22:36:00+00:00, run_after=2024-01-06T22:38:00+00:00
[2024-01-06T14:38:27.447-0800] {processor.py:183} INFO - Processing /mnt/c/Users/victo/OneDrive/Desktop/fantasy_nba_dashboard/airflow_env/lib/python3.10/site-packages/airflow/example_dags/example_sla_dag.py took 0.074 seconds
[2024-01-06T14:38:58.406-0800] {processor.py:161} INFO - Started process (PID=10842) to work on /mnt/c/Users/victo/OneDrive/Desktop/fantasy_nba_dashboard/airflow_env/lib/python3.10/site-packages/airflow/example_dags/example_sla_dag.py
[2024-01-06T14:38:58.407-0800] {processor.py:830} INFO - Processing file /mnt/c/Users/victo/OneDrive/Desktop/fantasy_nba_dashboard/airflow_env/lib/python3.10/site-packages/airflow/example_dags/example_sla_dag.py for tasks to queue
[2024-01-06T14:38:58.407-0800] {logging_mixin.py:188} INFO - [2024-01-06T14:38:58.407-0800] {dagbag.py:538} INFO - Filling up the DagBag from /mnt/c/Users/victo/OneDrive/Desktop/fantasy_nba_dashboard/airflow_env/lib/python3.10/site-packages/airflow/example_dags/example_sla_dag.py
[2024-01-06T14:38:58.417-0800] {processor.py:840} INFO - DAG(s) 'example_sla_dag' retrieved from /mnt/c/Users/victo/OneDrive/Desktop/fantasy_nba_dashboard/airflow_env/lib/python3.10/site-packages/airflow/example_dags/example_sla_dag.py
[2024-01-06T14:38:58.449-0800] {logging_mixin.py:188} INFO - [2024-01-06T14:38:58.449-0800] {dag.py:3033} INFO - Sync 1 DAGs
[2024-01-06T14:38:58.469-0800] {logging_mixin.py:188} INFO - [2024-01-06T14:38:58.469-0800] {dag.py:3820} INFO - Setting next_dagrun for example_sla_dag to 2024-01-06T22:36:00+00:00, run_after=2024-01-06T22:38:00+00:00
[2024-01-06T14:38:58.483-0800] {processor.py:183} INFO - Processing /mnt/c/Users/victo/OneDrive/Desktop/fantasy_nba_dashboard/airflow_env/lib/python3.10/site-packages/airflow/example_dags/example_sla_dag.py took 0.082 seconds
[2024-01-06T14:39:29.003-0800] {processor.py:161} INFO - Started process (PID=11001) to work on /mnt/c/Users/victo/OneDrive/Desktop/fantasy_nba_dashboard/airflow_env/lib/python3.10/site-packages/airflow/example_dags/example_sla_dag.py
[2024-01-06T14:39:29.003-0800] {processor.py:830} INFO - Processing file /mnt/c/Users/victo/OneDrive/Desktop/fantasy_nba_dashboard/airflow_env/lib/python3.10/site-packages/airflow/example_dags/example_sla_dag.py for tasks to queue
[2024-01-06T14:39:29.004-0800] {logging_mixin.py:188} INFO - [2024-01-06T14:39:29.004-0800] {dagbag.py:538} INFO - Filling up the DagBag from /mnt/c/Users/victo/OneDrive/Desktop/fantasy_nba_dashboard/airflow_env/lib/python3.10/site-packages/airflow/example_dags/example_sla_dag.py
[2024-01-06T14:39:29.012-0800] {processor.py:840} INFO - DAG(s) 'example_sla_dag' retrieved from /mnt/c/Users/victo/OneDrive/Desktop/fantasy_nba_dashboard/airflow_env/lib/python3.10/site-packages/airflow/example_dags/example_sla_dag.py
[2024-01-06T14:39:29.040-0800] {logging_mixin.py:188} INFO - [2024-01-06T14:39:29.040-0800] {dag.py:3033} INFO - Sync 1 DAGs
[2024-01-06T14:39:29.059-0800] {logging_mixin.py:188} INFO - [2024-01-06T14:39:29.059-0800] {dag.py:3820} INFO - Setting next_dagrun for example_sla_dag to 2024-01-06T22:36:00+00:00, run_after=2024-01-06T22:38:00+00:00
[2024-01-06T14:39:29.078-0800] {processor.py:183} INFO - Processing /mnt/c/Users/victo/OneDrive/Desktop/fantasy_nba_dashboard/airflow_env/lib/python3.10/site-packages/airflow/example_dags/example_sla_dag.py took 0.079 seconds
[2024-01-06T14:39:59.826-0800] {processor.py:161} INFO - Started process (PID=11158) to work on /mnt/c/Users/victo/OneDrive/Desktop/fantasy_nba_dashboard/airflow_env/lib/python3.10/site-packages/airflow/example_dags/example_sla_dag.py
[2024-01-06T14:39:59.827-0800] {processor.py:830} INFO - Processing file /mnt/c/Users/victo/OneDrive/Desktop/fantasy_nba_dashboard/airflow_env/lib/python3.10/site-packages/airflow/example_dags/example_sla_dag.py for tasks to queue
[2024-01-06T14:39:59.828-0800] {logging_mixin.py:188} INFO - [2024-01-06T14:39:59.827-0800] {dagbag.py:538} INFO - Filling up the DagBag from /mnt/c/Users/victo/OneDrive/Desktop/fantasy_nba_dashboard/airflow_env/lib/python3.10/site-packages/airflow/example_dags/example_sla_dag.py
[2024-01-06T14:39:59.837-0800] {processor.py:840} INFO - DAG(s) 'example_sla_dag' retrieved from /mnt/c/Users/victo/OneDrive/Desktop/fantasy_nba_dashboard/airflow_env/lib/python3.10/site-packages/airflow/example_dags/example_sla_dag.py
[2024-01-06T14:39:59.869-0800] {logging_mixin.py:188} INFO - [2024-01-06T14:39:59.869-0800] {dag.py:3033} INFO - Sync 1 DAGs
[2024-01-06T14:39:59.888-0800] {logging_mixin.py:188} INFO - [2024-01-06T14:39:59.888-0800] {dag.py:3820} INFO - Setting next_dagrun for example_sla_dag to 2024-01-06T22:36:00+00:00, run_after=2024-01-06T22:38:00+00:00
[2024-01-06T14:39:59.900-0800] {processor.py:183} INFO - Processing /mnt/c/Users/victo/OneDrive/Desktop/fantasy_nba_dashboard/airflow_env/lib/python3.10/site-packages/airflow/example_dags/example_sla_dag.py took 0.079 seconds
[2024-01-06T14:40:30.569-0800] {processor.py:161} INFO - Started process (PID=11313) to work on /mnt/c/Users/victo/OneDrive/Desktop/fantasy_nba_dashboard/airflow_env/lib/python3.10/site-packages/airflow/example_dags/example_sla_dag.py
[2024-01-06T14:40:30.570-0800] {processor.py:830} INFO - Processing file /mnt/c/Users/victo/OneDrive/Desktop/fantasy_nba_dashboard/airflow_env/lib/python3.10/site-packages/airflow/example_dags/example_sla_dag.py for tasks to queue
[2024-01-06T14:40:30.570-0800] {logging_mixin.py:188} INFO - [2024-01-06T14:40:30.570-0800] {dagbag.py:538} INFO - Filling up the DagBag from /mnt/c/Users/victo/OneDrive/Desktop/fantasy_nba_dashboard/airflow_env/lib/python3.10/site-packages/airflow/example_dags/example_sla_dag.py
[2024-01-06T14:40:30.581-0800] {processor.py:840} INFO - DAG(s) 'example_sla_dag' retrieved from /mnt/c/Users/victo/OneDrive/Desktop/fantasy_nba_dashboard/airflow_env/lib/python3.10/site-packages/airflow/example_dags/example_sla_dag.py
[2024-01-06T14:40:30.611-0800] {logging_mixin.py:188} INFO - [2024-01-06T14:40:30.611-0800] {dag.py:3033} INFO - Sync 1 DAGs
[2024-01-06T14:40:30.631-0800] {logging_mixin.py:188} INFO - [2024-01-06T14:40:30.631-0800] {dag.py:3820} INFO - Setting next_dagrun for example_sla_dag to 2024-01-06T22:38:00+00:00, run_after=2024-01-06T22:40:00+00:00
[2024-01-06T14:40:30.642-0800] {processor.py:183} INFO - Processing /mnt/c/Users/victo/OneDrive/Desktop/fantasy_nba_dashboard/airflow_env/lib/python3.10/site-packages/airflow/example_dags/example_sla_dag.py took 0.078 seconds
[2024-01-06T14:41:01.437-0800] {processor.py:161} INFO - Started process (PID=11497) to work on /mnt/c/Users/victo/OneDrive/Desktop/fantasy_nba_dashboard/airflow_env/lib/python3.10/site-packages/airflow/example_dags/example_sla_dag.py
[2024-01-06T14:41:01.439-0800] {processor.py:830} INFO - Processing file /mnt/c/Users/victo/OneDrive/Desktop/fantasy_nba_dashboard/airflow_env/lib/python3.10/site-packages/airflow/example_dags/example_sla_dag.py for tasks to queue
[2024-01-06T14:41:01.439-0800] {logging_mixin.py:188} INFO - [2024-01-06T14:41:01.439-0800] {dagbag.py:538} INFO - Filling up the DagBag from /mnt/c/Users/victo/OneDrive/Desktop/fantasy_nba_dashboard/airflow_env/lib/python3.10/site-packages/airflow/example_dags/example_sla_dag.py
[2024-01-06T14:41:01.449-0800] {processor.py:840} INFO - DAG(s) 'example_sla_dag' retrieved from /mnt/c/Users/victo/OneDrive/Desktop/fantasy_nba_dashboard/airflow_env/lib/python3.10/site-packages/airflow/example_dags/example_sla_dag.py
[2024-01-06T14:41:01.481-0800] {logging_mixin.py:188} INFO - [2024-01-06T14:41:01.481-0800] {dag.py:3033} INFO - Sync 1 DAGs
[2024-01-06T14:41:01.500-0800] {logging_mixin.py:188} INFO - [2024-01-06T14:41:01.500-0800] {dag.py:3820} INFO - Setting next_dagrun for example_sla_dag to 2024-01-06T22:38:00+00:00, run_after=2024-01-06T22:40:00+00:00
[2024-01-06T14:41:01.518-0800] {processor.py:183} INFO - Processing /mnt/c/Users/victo/OneDrive/Desktop/fantasy_nba_dashboard/airflow_env/lib/python3.10/site-packages/airflow/example_dags/example_sla_dag.py took 0.084 seconds
