[2024-01-06T14:24:42.515-0800] {processor.py:161} INFO - Started process (PID=7097) to work on /mnt/c/Users/victo/OneDrive/Desktop/fantasy_nba_dashboard/airflow_env/lib/python3.10/site-packages/airflow/example_dags/example_python_operator.py
[2024-01-06T14:24:42.516-0800] {processor.py:830} INFO - Processing file /mnt/c/Users/victo/OneDrive/Desktop/fantasy_nba_dashboard/airflow_env/lib/python3.10/site-packages/airflow/example_dags/example_python_operator.py for tasks to queue
[2024-01-06T14:24:42.517-0800] {logging_mixin.py:188} INFO - [2024-01-06T14:24:42.516-0800] {dagbag.py:538} INFO - Filling up the DagBag from /mnt/c/Users/victo/OneDrive/Desktop/fantasy_nba_dashboard/airflow_env/lib/python3.10/site-packages/airflow/example_dags/example_python_operator.py
[2024-01-06T14:24:42.527-0800] {processor.py:840} INFO - DAG(s) 'example_python_operator' retrieved from /mnt/c/Users/victo/OneDrive/Desktop/fantasy_nba_dashboard/airflow_env/lib/python3.10/site-packages/airflow/example_dags/example_python_operator.py
[2024-01-06T14:24:42.628-0800] {logging_mixin.py:188} INFO - [2024-01-06T14:24:42.627-0800] {dag.py:3033} INFO - Sync 1 DAGs
[2024-01-06T14:24:42.635-0800] {logging_mixin.py:188} INFO - [2024-01-06T14:24:42.635-0800] {dag.py:3820} INFO - Setting next_dagrun for example_python_operator to None, run_after=None
[2024-01-06T14:24:42.652-0800] {processor.py:183} INFO - Processing /mnt/c/Users/victo/OneDrive/Desktop/fantasy_nba_dashboard/airflow_env/lib/python3.10/site-packages/airflow/example_dags/example_python_operator.py took 0.141 seconds
[2024-01-06T14:25:12.704-0800] {processor.py:161} INFO - Started process (PID=7256) to work on /mnt/c/Users/victo/OneDrive/Desktop/fantasy_nba_dashboard/airflow_env/lib/python3.10/site-packages/airflow/example_dags/example_python_operator.py
[2024-01-06T14:25:12.705-0800] {processor.py:830} INFO - Processing file /mnt/c/Users/victo/OneDrive/Desktop/fantasy_nba_dashboard/airflow_env/lib/python3.10/site-packages/airflow/example_dags/example_python_operator.py for tasks to queue
[2024-01-06T14:25:12.706-0800] {logging_mixin.py:188} INFO - [2024-01-06T14:25:12.706-0800] {dagbag.py:538} INFO - Filling up the DagBag from /mnt/c/Users/victo/OneDrive/Desktop/fantasy_nba_dashboard/airflow_env/lib/python3.10/site-packages/airflow/example_dags/example_python_operator.py
[2024-01-06T14:25:12.716-0800] {processor.py:840} INFO - DAG(s) 'example_python_operator' retrieved from /mnt/c/Users/victo/OneDrive/Desktop/fantasy_nba_dashboard/airflow_env/lib/python3.10/site-packages/airflow/example_dags/example_python_operator.py
[2024-01-06T14:25:12.747-0800] {logging_mixin.py:188} INFO - [2024-01-06T14:25:12.746-0800] {dag.py:3033} INFO - Sync 1 DAGs
[2024-01-06T14:25:12.756-0800] {logging_mixin.py:188} INFO - [2024-01-06T14:25:12.756-0800] {dag.py:3820} INFO - Setting next_dagrun for example_python_operator to None, run_after=None
[2024-01-06T14:25:12.773-0800] {processor.py:183} INFO - Processing /mnt/c/Users/victo/OneDrive/Desktop/fantasy_nba_dashboard/airflow_env/lib/python3.10/site-packages/airflow/example_dags/example_python_operator.py took 0.072 seconds
[2024-01-06T14:25:42.920-0800] {processor.py:161} INFO - Started process (PID=7502) to work on /mnt/c/Users/victo/OneDrive/Desktop/fantasy_nba_dashboard/airflow_env/lib/python3.10/site-packages/airflow/example_dags/example_python_operator.py
[2024-01-06T14:25:42.921-0800] {processor.py:830} INFO - Processing file /mnt/c/Users/victo/OneDrive/Desktop/fantasy_nba_dashboard/airflow_env/lib/python3.10/site-packages/airflow/example_dags/example_python_operator.py for tasks to queue
[2024-01-06T14:25:42.921-0800] {logging_mixin.py:188} INFO - [2024-01-06T14:25:42.921-0800] {dagbag.py:538} INFO - Filling up the DagBag from /mnt/c/Users/victo/OneDrive/Desktop/fantasy_nba_dashboard/airflow_env/lib/python3.10/site-packages/airflow/example_dags/example_python_operator.py
[2024-01-06T14:25:42.932-0800] {processor.py:840} INFO - DAG(s) 'example_python_operator' retrieved from /mnt/c/Users/victo/OneDrive/Desktop/fantasy_nba_dashboard/airflow_env/lib/python3.10/site-packages/airflow/example_dags/example_python_operator.py
[2024-01-06T14:25:42.961-0800] {logging_mixin.py:188} INFO - [2024-01-06T14:25:42.961-0800] {dag.py:3033} INFO - Sync 1 DAGs
[2024-01-06T14:25:42.971-0800] {logging_mixin.py:188} INFO - [2024-01-06T14:25:42.971-0800] {dag.py:3820} INFO - Setting next_dagrun for example_python_operator to None, run_after=None
[2024-01-06T14:25:42.989-0800] {processor.py:183} INFO - Processing /mnt/c/Users/victo/OneDrive/Desktop/fantasy_nba_dashboard/airflow_env/lib/python3.10/site-packages/airflow/example_dags/example_python_operator.py took 0.073 seconds
[2024-01-06T14:26:13.315-0800] {processor.py:161} INFO - Started process (PID=8042) to work on /mnt/c/Users/victo/OneDrive/Desktop/fantasy_nba_dashboard/airflow_env/lib/python3.10/site-packages/airflow/example_dags/example_python_operator.py
[2024-01-06T14:26:13.317-0800] {processor.py:830} INFO - Processing file /mnt/c/Users/victo/OneDrive/Desktop/fantasy_nba_dashboard/airflow_env/lib/python3.10/site-packages/airflow/example_dags/example_python_operator.py for tasks to queue
[2024-01-06T14:26:13.317-0800] {logging_mixin.py:188} INFO - [2024-01-06T14:26:13.317-0800] {dagbag.py:538} INFO - Filling up the DagBag from /mnt/c/Users/victo/OneDrive/Desktop/fantasy_nba_dashboard/airflow_env/lib/python3.10/site-packages/airflow/example_dags/example_python_operator.py
[2024-01-06T14:26:13.328-0800] {processor.py:840} INFO - DAG(s) 'example_python_operator' retrieved from /mnt/c/Users/victo/OneDrive/Desktop/fantasy_nba_dashboard/airflow_env/lib/python3.10/site-packages/airflow/example_dags/example_python_operator.py
[2024-01-06T14:26:13.358-0800] {logging_mixin.py:188} INFO - [2024-01-06T14:26:13.358-0800] {dag.py:3033} INFO - Sync 1 DAGs
[2024-01-06T14:26:13.368-0800] {logging_mixin.py:188} INFO - [2024-01-06T14:26:13.368-0800] {dag.py:3820} INFO - Setting next_dagrun for example_python_operator to None, run_after=None
[2024-01-06T14:26:13.381-0800] {processor.py:183} INFO - Processing /mnt/c/Users/victo/OneDrive/Desktop/fantasy_nba_dashboard/airflow_env/lib/python3.10/site-packages/airflow/example_dags/example_python_operator.py took 0.070 seconds
[2024-01-06T14:35:54.159-0800] {processor.py:161} INFO - Started process (PID=9551) to work on /mnt/c/Users/victo/OneDrive/Desktop/fantasy_nba_dashboard/airflow_env/lib/python3.10/site-packages/airflow/example_dags/example_python_operator.py
[2024-01-06T14:35:54.160-0800] {processor.py:830} INFO - Processing file /mnt/c/Users/victo/OneDrive/Desktop/fantasy_nba_dashboard/airflow_env/lib/python3.10/site-packages/airflow/example_dags/example_python_operator.py for tasks to queue
[2024-01-06T14:35:54.161-0800] {logging_mixin.py:188} INFO - [2024-01-06T14:35:54.161-0800] {dagbag.py:538} INFO - Filling up the DagBag from /mnt/c/Users/victo/OneDrive/Desktop/fantasy_nba_dashboard/airflow_env/lib/python3.10/site-packages/airflow/example_dags/example_python_operator.py
[2024-01-06T14:35:54.176-0800] {processor.py:840} INFO - DAG(s) 'example_python_operator' retrieved from /mnt/c/Users/victo/OneDrive/Desktop/fantasy_nba_dashboard/airflow_env/lib/python3.10/site-packages/airflow/example_dags/example_python_operator.py
[2024-01-06T14:35:54.616-0800] {logging_mixin.py:188} INFO - [2024-01-06T14:35:54.616-0800] {dag.py:3033} INFO - Sync 1 DAGs
[2024-01-06T14:35:54.624-0800] {logging_mixin.py:188} INFO - [2024-01-06T14:35:54.624-0800] {dag.py:3820} INFO - Setting next_dagrun for example_python_operator to None, run_after=None
[2024-01-06T14:35:54.637-0800] {processor.py:183} INFO - Processing /mnt/c/Users/victo/OneDrive/Desktop/fantasy_nba_dashboard/airflow_env/lib/python3.10/site-packages/airflow/example_dags/example_python_operator.py took 0.482 seconds
[2024-01-06T14:36:24.724-0800] {processor.py:161} INFO - Started process (PID=9743) to work on /mnt/c/Users/victo/OneDrive/Desktop/fantasy_nba_dashboard/airflow_env/lib/python3.10/site-packages/airflow/example_dags/example_python_operator.py
[2024-01-06T14:36:24.725-0800] {processor.py:830} INFO - Processing file /mnt/c/Users/victo/OneDrive/Desktop/fantasy_nba_dashboard/airflow_env/lib/python3.10/site-packages/airflow/example_dags/example_python_operator.py for tasks to queue
[2024-01-06T14:36:24.726-0800] {logging_mixin.py:188} INFO - [2024-01-06T14:36:24.726-0800] {dagbag.py:538} INFO - Filling up the DagBag from /mnt/c/Users/victo/OneDrive/Desktop/fantasy_nba_dashboard/airflow_env/lib/python3.10/site-packages/airflow/example_dags/example_python_operator.py
[2024-01-06T14:36:24.737-0800] {processor.py:840} INFO - DAG(s) 'example_python_operator' retrieved from /mnt/c/Users/victo/OneDrive/Desktop/fantasy_nba_dashboard/airflow_env/lib/python3.10/site-packages/airflow/example_dags/example_python_operator.py
[2024-01-06T14:36:24.768-0800] {logging_mixin.py:188} INFO - [2024-01-06T14:36:24.767-0800] {dag.py:3033} INFO - Sync 1 DAGs
[2024-01-06T14:36:24.776-0800] {logging_mixin.py:188} INFO - [2024-01-06T14:36:24.776-0800] {dag.py:3820} INFO - Setting next_dagrun for example_python_operator to None, run_after=None
[2024-01-06T14:36:24.789-0800] {processor.py:183} INFO - Processing /mnt/c/Users/victo/OneDrive/Desktop/fantasy_nba_dashboard/airflow_env/lib/python3.10/site-packages/airflow/example_dags/example_python_operator.py took 0.069 seconds
[2024-01-06T14:36:55.699-0800] {processor.py:161} INFO - Started process (PID=10013) to work on /mnt/c/Users/victo/OneDrive/Desktop/fantasy_nba_dashboard/airflow_env/lib/python3.10/site-packages/airflow/example_dags/example_python_operator.py
[2024-01-06T14:36:55.700-0800] {processor.py:830} INFO - Processing file /mnt/c/Users/victo/OneDrive/Desktop/fantasy_nba_dashboard/airflow_env/lib/python3.10/site-packages/airflow/example_dags/example_python_operator.py for tasks to queue
[2024-01-06T14:36:55.701-0800] {logging_mixin.py:188} INFO - [2024-01-06T14:36:55.700-0800] {dagbag.py:538} INFO - Filling up the DagBag from /mnt/c/Users/victo/OneDrive/Desktop/fantasy_nba_dashboard/airflow_env/lib/python3.10/site-packages/airflow/example_dags/example_python_operator.py
[2024-01-06T14:36:55.711-0800] {processor.py:840} INFO - DAG(s) 'example_python_operator' retrieved from /mnt/c/Users/victo/OneDrive/Desktop/fantasy_nba_dashboard/airflow_env/lib/python3.10/site-packages/airflow/example_dags/example_python_operator.py
[2024-01-06T14:36:55.743-0800] {logging_mixin.py:188} INFO - [2024-01-06T14:36:55.743-0800] {dag.py:3033} INFO - Sync 1 DAGs
[2024-01-06T14:36:55.757-0800] {logging_mixin.py:188} INFO - [2024-01-06T14:36:55.756-0800] {dag.py:3820} INFO - Setting next_dagrun for example_python_operator to None, run_after=None
[2024-01-06T14:36:55.772-0800] {processor.py:183} INFO - Processing /mnt/c/Users/victo/OneDrive/Desktop/fantasy_nba_dashboard/airflow_env/lib/python3.10/site-packages/airflow/example_dags/example_python_operator.py took 0.077 seconds
[2024-01-06T14:37:26.306-0800] {processor.py:161} INFO - Started process (PID=10290) to work on /mnt/c/Users/victo/OneDrive/Desktop/fantasy_nba_dashboard/airflow_env/lib/python3.10/site-packages/airflow/example_dags/example_python_operator.py
[2024-01-06T14:37:26.307-0800] {processor.py:830} INFO - Processing file /mnt/c/Users/victo/OneDrive/Desktop/fantasy_nba_dashboard/airflow_env/lib/python3.10/site-packages/airflow/example_dags/example_python_operator.py for tasks to queue
[2024-01-06T14:37:26.307-0800] {logging_mixin.py:188} INFO - [2024-01-06T14:37:26.307-0800] {dagbag.py:538} INFO - Filling up the DagBag from /mnt/c/Users/victo/OneDrive/Desktop/fantasy_nba_dashboard/airflow_env/lib/python3.10/site-packages/airflow/example_dags/example_python_operator.py
[2024-01-06T14:37:26.318-0800] {processor.py:840} INFO - DAG(s) 'example_python_operator' retrieved from /mnt/c/Users/victo/OneDrive/Desktop/fantasy_nba_dashboard/airflow_env/lib/python3.10/site-packages/airflow/example_dags/example_python_operator.py
[2024-01-06T14:37:26.350-0800] {logging_mixin.py:188} INFO - [2024-01-06T14:37:26.350-0800] {dag.py:3033} INFO - Sync 1 DAGs
[2024-01-06T14:37:26.362-0800] {logging_mixin.py:188} INFO - [2024-01-06T14:37:26.362-0800] {dag.py:3820} INFO - Setting next_dagrun for example_python_operator to None, run_after=None
[2024-01-06T14:37:26.378-0800] {processor.py:183} INFO - Processing /mnt/c/Users/victo/OneDrive/Desktop/fantasy_nba_dashboard/airflow_env/lib/python3.10/site-packages/airflow/example_dags/example_python_operator.py took 0.076 seconds
[2024-01-06T14:37:57.052-0800] {processor.py:161} INFO - Started process (PID=10491) to work on /mnt/c/Users/victo/OneDrive/Desktop/fantasy_nba_dashboard/airflow_env/lib/python3.10/site-packages/airflow/example_dags/example_python_operator.py
[2024-01-06T14:37:57.052-0800] {processor.py:830} INFO - Processing file /mnt/c/Users/victo/OneDrive/Desktop/fantasy_nba_dashboard/airflow_env/lib/python3.10/site-packages/airflow/example_dags/example_python_operator.py for tasks to queue
[2024-01-06T14:37:57.053-0800] {logging_mixin.py:188} INFO - [2024-01-06T14:37:57.053-0800] {dagbag.py:538} INFO - Filling up the DagBag from /mnt/c/Users/victo/OneDrive/Desktop/fantasy_nba_dashboard/airflow_env/lib/python3.10/site-packages/airflow/example_dags/example_python_operator.py
[2024-01-06T14:37:57.065-0800] {processor.py:840} INFO - DAG(s) 'example_python_operator' retrieved from /mnt/c/Users/victo/OneDrive/Desktop/fantasy_nba_dashboard/airflow_env/lib/python3.10/site-packages/airflow/example_dags/example_python_operator.py
[2024-01-06T14:37:57.097-0800] {logging_mixin.py:188} INFO - [2024-01-06T14:37:57.097-0800] {dag.py:3033} INFO - Sync 1 DAGs
[2024-01-06T14:37:57.107-0800] {logging_mixin.py:188} INFO - [2024-01-06T14:37:57.107-0800] {dag.py:3820} INFO - Setting next_dagrun for example_python_operator to None, run_after=None
[2024-01-06T14:37:57.121-0800] {processor.py:183} INFO - Processing /mnt/c/Users/victo/OneDrive/Desktop/fantasy_nba_dashboard/airflow_env/lib/python3.10/site-packages/airflow/example_dags/example_python_operator.py took 0.073 seconds
[2024-01-06T14:38:27.727-0800] {processor.py:161} INFO - Started process (PID=10665) to work on /mnt/c/Users/victo/OneDrive/Desktop/fantasy_nba_dashboard/airflow_env/lib/python3.10/site-packages/airflow/example_dags/example_python_operator.py
[2024-01-06T14:38:27.728-0800] {processor.py:830} INFO - Processing file /mnt/c/Users/victo/OneDrive/Desktop/fantasy_nba_dashboard/airflow_env/lib/python3.10/site-packages/airflow/example_dags/example_python_operator.py for tasks to queue
[2024-01-06T14:38:27.729-0800] {logging_mixin.py:188} INFO - [2024-01-06T14:38:27.729-0800] {dagbag.py:538} INFO - Filling up the DagBag from /mnt/c/Users/victo/OneDrive/Desktop/fantasy_nba_dashboard/airflow_env/lib/python3.10/site-packages/airflow/example_dags/example_python_operator.py
[2024-01-06T14:38:27.740-0800] {processor.py:840} INFO - DAG(s) 'example_python_operator' retrieved from /mnt/c/Users/victo/OneDrive/Desktop/fantasy_nba_dashboard/airflow_env/lib/python3.10/site-packages/airflow/example_dags/example_python_operator.py
[2024-01-06T14:38:27.772-0800] {logging_mixin.py:188} INFO - [2024-01-06T14:38:27.771-0800] {dag.py:3033} INFO - Sync 1 DAGs
[2024-01-06T14:38:27.782-0800] {logging_mixin.py:188} INFO - [2024-01-06T14:38:27.782-0800] {dag.py:3820} INFO - Setting next_dagrun for example_python_operator to None, run_after=None
[2024-01-06T14:38:27.796-0800] {processor.py:183} INFO - Processing /mnt/c/Users/victo/OneDrive/Desktop/fantasy_nba_dashboard/airflow_env/lib/python3.10/site-packages/airflow/example_dags/example_python_operator.py took 0.072 seconds
[2024-01-06T14:38:58.775-0800] {processor.py:161} INFO - Started process (PID=10856) to work on /mnt/c/Users/victo/OneDrive/Desktop/fantasy_nba_dashboard/airflow_env/lib/python3.10/site-packages/airflow/example_dags/example_python_operator.py
[2024-01-06T14:38:58.776-0800] {processor.py:830} INFO - Processing file /mnt/c/Users/victo/OneDrive/Desktop/fantasy_nba_dashboard/airflow_env/lib/python3.10/site-packages/airflow/example_dags/example_python_operator.py for tasks to queue
[2024-01-06T14:38:58.776-0800] {logging_mixin.py:188} INFO - [2024-01-06T14:38:58.776-0800] {dagbag.py:538} INFO - Filling up the DagBag from /mnt/c/Users/victo/OneDrive/Desktop/fantasy_nba_dashboard/airflow_env/lib/python3.10/site-packages/airflow/example_dags/example_python_operator.py
[2024-01-06T14:38:58.787-0800] {processor.py:840} INFO - DAG(s) 'example_python_operator' retrieved from /mnt/c/Users/victo/OneDrive/Desktop/fantasy_nba_dashboard/airflow_env/lib/python3.10/site-packages/airflow/example_dags/example_python_operator.py
[2024-01-06T14:38:58.816-0800] {logging_mixin.py:188} INFO - [2024-01-06T14:38:58.816-0800] {dag.py:3033} INFO - Sync 1 DAGs
[2024-01-06T14:38:58.827-0800] {logging_mixin.py:188} INFO - [2024-01-06T14:38:58.827-0800] {dag.py:3820} INFO - Setting next_dagrun for example_python_operator to None, run_after=None
[2024-01-06T14:38:58.840-0800] {processor.py:183} INFO - Processing /mnt/c/Users/victo/OneDrive/Desktop/fantasy_nba_dashboard/airflow_env/lib/python3.10/site-packages/airflow/example_dags/example_python_operator.py took 0.069 seconds
[2024-01-06T14:39:29.355-0800] {processor.py:161} INFO - Started process (PID=11015) to work on /mnt/c/Users/victo/OneDrive/Desktop/fantasy_nba_dashboard/airflow_env/lib/python3.10/site-packages/airflow/example_dags/example_python_operator.py
[2024-01-06T14:39:29.356-0800] {processor.py:830} INFO - Processing file /mnt/c/Users/victo/OneDrive/Desktop/fantasy_nba_dashboard/airflow_env/lib/python3.10/site-packages/airflow/example_dags/example_python_operator.py for tasks to queue
[2024-01-06T14:39:29.357-0800] {logging_mixin.py:188} INFO - [2024-01-06T14:39:29.356-0800] {dagbag.py:538} INFO - Filling up the DagBag from /mnt/c/Users/victo/OneDrive/Desktop/fantasy_nba_dashboard/airflow_env/lib/python3.10/site-packages/airflow/example_dags/example_python_operator.py
[2024-01-06T14:39:29.367-0800] {processor.py:840} INFO - DAG(s) 'example_python_operator' retrieved from /mnt/c/Users/victo/OneDrive/Desktop/fantasy_nba_dashboard/airflow_env/lib/python3.10/site-packages/airflow/example_dags/example_python_operator.py
[2024-01-06T14:39:29.398-0800] {logging_mixin.py:188} INFO - [2024-01-06T14:39:29.398-0800] {dag.py:3033} INFO - Sync 1 DAGs
[2024-01-06T14:39:29.409-0800] {logging_mixin.py:188} INFO - [2024-01-06T14:39:29.409-0800] {dag.py:3820} INFO - Setting next_dagrun for example_python_operator to None, run_after=None
[2024-01-06T14:39:29.426-0800] {processor.py:183} INFO - Processing /mnt/c/Users/victo/OneDrive/Desktop/fantasy_nba_dashboard/airflow_env/lib/python3.10/site-packages/airflow/example_dags/example_python_operator.py took 0.075 seconds
[2024-01-06T14:40:00.160-0800] {processor.py:161} INFO - Started process (PID=11172) to work on /mnt/c/Users/victo/OneDrive/Desktop/fantasy_nba_dashboard/airflow_env/lib/python3.10/site-packages/airflow/example_dags/example_python_operator.py
[2024-01-06T14:40:00.161-0800] {processor.py:830} INFO - Processing file /mnt/c/Users/victo/OneDrive/Desktop/fantasy_nba_dashboard/airflow_env/lib/python3.10/site-packages/airflow/example_dags/example_python_operator.py for tasks to queue
[2024-01-06T14:40:00.161-0800] {logging_mixin.py:188} INFO - [2024-01-06T14:40:00.161-0800] {dagbag.py:538} INFO - Filling up the DagBag from /mnt/c/Users/victo/OneDrive/Desktop/fantasy_nba_dashboard/airflow_env/lib/python3.10/site-packages/airflow/example_dags/example_python_operator.py
[2024-01-06T14:40:00.172-0800] {processor.py:840} INFO - DAG(s) 'example_python_operator' retrieved from /mnt/c/Users/victo/OneDrive/Desktop/fantasy_nba_dashboard/airflow_env/lib/python3.10/site-packages/airflow/example_dags/example_python_operator.py
[2024-01-06T14:40:00.202-0800] {logging_mixin.py:188} INFO - [2024-01-06T14:40:00.202-0800] {dag.py:3033} INFO - Sync 1 DAGs
[2024-01-06T14:40:00.212-0800] {logging_mixin.py:188} INFO - [2024-01-06T14:40:00.212-0800] {dag.py:3820} INFO - Setting next_dagrun for example_python_operator to None, run_after=None
[2024-01-06T14:40:00.225-0800] {processor.py:183} INFO - Processing /mnt/c/Users/victo/OneDrive/Desktop/fantasy_nba_dashboard/airflow_env/lib/python3.10/site-packages/airflow/example_dags/example_python_operator.py took 0.069 seconds
[2024-01-06T14:40:30.891-0800] {processor.py:161} INFO - Started process (PID=11329) to work on /mnt/c/Users/victo/OneDrive/Desktop/fantasy_nba_dashboard/airflow_env/lib/python3.10/site-packages/airflow/example_dags/example_python_operator.py
[2024-01-06T14:40:30.892-0800] {processor.py:830} INFO - Processing file /mnt/c/Users/victo/OneDrive/Desktop/fantasy_nba_dashboard/airflow_env/lib/python3.10/site-packages/airflow/example_dags/example_python_operator.py for tasks to queue
[2024-01-06T14:40:30.893-0800] {logging_mixin.py:188} INFO - [2024-01-06T14:40:30.893-0800] {dagbag.py:538} INFO - Filling up the DagBag from /mnt/c/Users/victo/OneDrive/Desktop/fantasy_nba_dashboard/airflow_env/lib/python3.10/site-packages/airflow/example_dags/example_python_operator.py
[2024-01-06T14:40:30.903-0800] {processor.py:840} INFO - DAG(s) 'example_python_operator' retrieved from /mnt/c/Users/victo/OneDrive/Desktop/fantasy_nba_dashboard/airflow_env/lib/python3.10/site-packages/airflow/example_dags/example_python_operator.py
[2024-01-06T14:40:30.934-0800] {logging_mixin.py:188} INFO - [2024-01-06T14:40:30.934-0800] {dag.py:3033} INFO - Sync 1 DAGs
[2024-01-06T14:40:30.944-0800] {logging_mixin.py:188} INFO - [2024-01-06T14:40:30.944-0800] {dag.py:3820} INFO - Setting next_dagrun for example_python_operator to None, run_after=None
[2024-01-06T14:40:30.958-0800] {processor.py:183} INFO - Processing /mnt/c/Users/victo/OneDrive/Desktop/fantasy_nba_dashboard/airflow_env/lib/python3.10/site-packages/airflow/example_dags/example_python_operator.py took 0.072 seconds
[2024-01-06T14:41:01.843-0800] {processor.py:161} INFO - Started process (PID=11513) to work on /mnt/c/Users/victo/OneDrive/Desktop/fantasy_nba_dashboard/airflow_env/lib/python3.10/site-packages/airflow/example_dags/example_python_operator.py
[2024-01-06T14:41:01.844-0800] {processor.py:830} INFO - Processing file /mnt/c/Users/victo/OneDrive/Desktop/fantasy_nba_dashboard/airflow_env/lib/python3.10/site-packages/airflow/example_dags/example_python_operator.py for tasks to queue
[2024-01-06T14:41:01.845-0800] {logging_mixin.py:188} INFO - [2024-01-06T14:41:01.845-0800] {dagbag.py:538} INFO - Filling up the DagBag from /mnt/c/Users/victo/OneDrive/Desktop/fantasy_nba_dashboard/airflow_env/lib/python3.10/site-packages/airflow/example_dags/example_python_operator.py
[2024-01-06T14:41:01.856-0800] {processor.py:840} INFO - DAG(s) 'example_python_operator' retrieved from /mnt/c/Users/victo/OneDrive/Desktop/fantasy_nba_dashboard/airflow_env/lib/python3.10/site-packages/airflow/example_dags/example_python_operator.py
[2024-01-06T14:41:01.886-0800] {logging_mixin.py:188} INFO - [2024-01-06T14:41:01.886-0800] {dag.py:3033} INFO - Sync 1 DAGs
[2024-01-06T14:41:01.895-0800] {logging_mixin.py:188} INFO - [2024-01-06T14:41:01.895-0800] {dag.py:3820} INFO - Setting next_dagrun for example_python_operator to None, run_after=None
[2024-01-06T14:41:01.913-0800] {processor.py:183} INFO - Processing /mnt/c/Users/victo/OneDrive/Desktop/fantasy_nba_dashboard/airflow_env/lib/python3.10/site-packages/airflow/example_dags/example_python_operator.py took 0.074 seconds
