[2024-01-06T14:24:43.192-0800] {processor.py:161} INFO - Started process (PID=7115) to work on /mnt/c/Users/victo/OneDrive/Desktop/fantasy_nba_dashboard/airflow_env/lib/python3.10/site-packages/airflow/example_dags/example_latest_only.py
[2024-01-06T14:24:43.193-0800] {processor.py:830} INFO - Processing file /mnt/c/Users/victo/OneDrive/Desktop/fantasy_nba_dashboard/airflow_env/lib/python3.10/site-packages/airflow/example_dags/example_latest_only.py for tasks to queue
[2024-01-06T14:24:43.194-0800] {logging_mixin.py:188} INFO - [2024-01-06T14:24:43.194-0800] {dagbag.py:538} INFO - Filling up the DagBag from /mnt/c/Users/victo/OneDrive/Desktop/fantasy_nba_dashboard/airflow_env/lib/python3.10/site-packages/airflow/example_dags/example_latest_only.py
[2024-01-06T14:24:43.201-0800] {processor.py:840} INFO - DAG(s) 'latest_only' retrieved from /mnt/c/Users/victo/OneDrive/Desktop/fantasy_nba_dashboard/airflow_env/lib/python3.10/site-packages/airflow/example_dags/example_latest_only.py
[2024-01-06T14:24:43.301-0800] {logging_mixin.py:188} INFO - [2024-01-06T14:24:43.300-0800] {dag.py:3033} INFO - Sync 1 DAGs
[2024-01-06T14:24:43.315-0800] {logging_mixin.py:188} INFO - [2024-01-06T14:24:43.315-0800] {dag.py:3820} INFO - Setting next_dagrun for latest_only to 2024-01-06T16:00:00+00:00, run_after=2024-01-06T20:00:00+00:00
[2024-01-06T14:24:43.330-0800] {processor.py:183} INFO - Processing /mnt/c/Users/victo/OneDrive/Desktop/fantasy_nba_dashboard/airflow_env/lib/python3.10/site-packages/airflow/example_dags/example_latest_only.py took 0.141 seconds
[2024-01-06T14:25:13.450-0800] {processor.py:161} INFO - Started process (PID=7274) to work on /mnt/c/Users/victo/OneDrive/Desktop/fantasy_nba_dashboard/airflow_env/lib/python3.10/site-packages/airflow/example_dags/example_latest_only.py
[2024-01-06T14:25:13.451-0800] {processor.py:830} INFO - Processing file /mnt/c/Users/victo/OneDrive/Desktop/fantasy_nba_dashboard/airflow_env/lib/python3.10/site-packages/airflow/example_dags/example_latest_only.py for tasks to queue
[2024-01-06T14:25:13.452-0800] {logging_mixin.py:188} INFO - [2024-01-06T14:25:13.452-0800] {dagbag.py:538} INFO - Filling up the DagBag from /mnt/c/Users/victo/OneDrive/Desktop/fantasy_nba_dashboard/airflow_env/lib/python3.10/site-packages/airflow/example_dags/example_latest_only.py
[2024-01-06T14:25:13.459-0800] {processor.py:840} INFO - DAG(s) 'latest_only' retrieved from /mnt/c/Users/victo/OneDrive/Desktop/fantasy_nba_dashboard/airflow_env/lib/python3.10/site-packages/airflow/example_dags/example_latest_only.py
[2024-01-06T14:25:13.488-0800] {logging_mixin.py:188} INFO - [2024-01-06T14:25:13.488-0800] {dag.py:3033} INFO - Sync 1 DAGs
[2024-01-06T14:25:13.504-0800] {logging_mixin.py:188} INFO - [2024-01-06T14:25:13.504-0800] {dag.py:3820} INFO - Setting next_dagrun for latest_only to 2024-01-06T16:00:00+00:00, run_after=2024-01-06T20:00:00+00:00
[2024-01-06T14:25:13.518-0800] {processor.py:183} INFO - Processing /mnt/c/Users/victo/OneDrive/Desktop/fantasy_nba_dashboard/airflow_env/lib/python3.10/site-packages/airflow/example_dags/example_latest_only.py took 0.072 seconds
[2024-01-06T14:25:43.552-0800] {processor.py:161} INFO - Started process (PID=7524) to work on /mnt/c/Users/victo/OneDrive/Desktop/fantasy_nba_dashboard/airflow_env/lib/python3.10/site-packages/airflow/example_dags/example_latest_only.py
[2024-01-06T14:25:43.553-0800] {processor.py:830} INFO - Processing file /mnt/c/Users/victo/OneDrive/Desktop/fantasy_nba_dashboard/airflow_env/lib/python3.10/site-packages/airflow/example_dags/example_latest_only.py for tasks to queue
[2024-01-06T14:25:43.554-0800] {logging_mixin.py:188} INFO - [2024-01-06T14:25:43.554-0800] {dagbag.py:538} INFO - Filling up the DagBag from /mnt/c/Users/victo/OneDrive/Desktop/fantasy_nba_dashboard/airflow_env/lib/python3.10/site-packages/airflow/example_dags/example_latest_only.py
[2024-01-06T14:25:43.561-0800] {processor.py:840} INFO - DAG(s) 'latest_only' retrieved from /mnt/c/Users/victo/OneDrive/Desktop/fantasy_nba_dashboard/airflow_env/lib/python3.10/site-packages/airflow/example_dags/example_latest_only.py
[2024-01-06T14:25:43.591-0800] {logging_mixin.py:188} INFO - [2024-01-06T14:25:43.591-0800] {dag.py:3033} INFO - Sync 1 DAGs
[2024-01-06T14:25:43.608-0800] {logging_mixin.py:188} INFO - [2024-01-06T14:25:43.608-0800] {dag.py:3820} INFO - Setting next_dagrun for latest_only to 2024-01-06T16:00:00+00:00, run_after=2024-01-06T20:00:00+00:00
[2024-01-06T14:25:43.626-0800] {processor.py:183} INFO - Processing /mnt/c/Users/victo/OneDrive/Desktop/fantasy_nba_dashboard/airflow_env/lib/python3.10/site-packages/airflow/example_dags/example_latest_only.py took 0.078 seconds
[2024-01-06T14:26:13.891-0800] {processor.py:161} INFO - Started process (PID=8062) to work on /mnt/c/Users/victo/OneDrive/Desktop/fantasy_nba_dashboard/airflow_env/lib/python3.10/site-packages/airflow/example_dags/example_latest_only.py
[2024-01-06T14:26:13.892-0800] {processor.py:830} INFO - Processing file /mnt/c/Users/victo/OneDrive/Desktop/fantasy_nba_dashboard/airflow_env/lib/python3.10/site-packages/airflow/example_dags/example_latest_only.py for tasks to queue
[2024-01-06T14:26:13.893-0800] {logging_mixin.py:188} INFO - [2024-01-06T14:26:13.893-0800] {dagbag.py:538} INFO - Filling up the DagBag from /mnt/c/Users/victo/OneDrive/Desktop/fantasy_nba_dashboard/airflow_env/lib/python3.10/site-packages/airflow/example_dags/example_latest_only.py
[2024-01-06T14:26:13.900-0800] {processor.py:840} INFO - DAG(s) 'latest_only' retrieved from /mnt/c/Users/victo/OneDrive/Desktop/fantasy_nba_dashboard/airflow_env/lib/python3.10/site-packages/airflow/example_dags/example_latest_only.py
[2024-01-06T14:26:13.929-0800] {logging_mixin.py:188} INFO - [2024-01-06T14:26:13.929-0800] {dag.py:3033} INFO - Sync 1 DAGs
[2024-01-06T14:26:13.946-0800] {logging_mixin.py:188} INFO - [2024-01-06T14:26:13.946-0800] {dag.py:3820} INFO - Setting next_dagrun for latest_only to 2024-01-06T16:00:00+00:00, run_after=2024-01-06T20:00:00+00:00
[2024-01-06T14:26:13.964-0800] {processor.py:183} INFO - Processing /mnt/c/Users/victo/OneDrive/Desktop/fantasy_nba_dashboard/airflow_env/lib/python3.10/site-packages/airflow/example_dags/example_latest_only.py took 0.076 seconds
[2024-01-06T14:35:54.814-0800] {processor.py:161} INFO - Started process (PID=9569) to work on /mnt/c/Users/victo/OneDrive/Desktop/fantasy_nba_dashboard/airflow_env/lib/python3.10/site-packages/airflow/example_dags/example_latest_only.py
[2024-01-06T14:35:54.815-0800] {processor.py:830} INFO - Processing file /mnt/c/Users/victo/OneDrive/Desktop/fantasy_nba_dashboard/airflow_env/lib/python3.10/site-packages/airflow/example_dags/example_latest_only.py for tasks to queue
[2024-01-06T14:35:54.816-0800] {logging_mixin.py:188} INFO - [2024-01-06T14:35:54.815-0800] {dagbag.py:538} INFO - Filling up the DagBag from /mnt/c/Users/victo/OneDrive/Desktop/fantasy_nba_dashboard/airflow_env/lib/python3.10/site-packages/airflow/example_dags/example_latest_only.py
[2024-01-06T14:35:54.823-0800] {processor.py:840} INFO - DAG(s) 'latest_only' retrieved from /mnt/c/Users/victo/OneDrive/Desktop/fantasy_nba_dashboard/airflow_env/lib/python3.10/site-packages/airflow/example_dags/example_latest_only.py
[2024-01-06T14:35:54.853-0800] {logging_mixin.py:188} INFO - [2024-01-06T14:35:54.852-0800] {dag.py:3033} INFO - Sync 1 DAGs
[2024-01-06T14:35:54.869-0800] {logging_mixin.py:188} INFO - [2024-01-06T14:35:54.869-0800] {dag.py:3820} INFO - Setting next_dagrun for latest_only to 2024-01-06T16:00:00+00:00, run_after=2024-01-06T20:00:00+00:00
[2024-01-06T14:35:54.888-0800] {processor.py:183} INFO - Processing /mnt/c/Users/victo/OneDrive/Desktop/fantasy_nba_dashboard/airflow_env/lib/python3.10/site-packages/airflow/example_dags/example_latest_only.py took 0.078 seconds
[2024-01-06T14:36:24.920-0800] {processor.py:161} INFO - Started process (PID=9752) to work on /mnt/c/Users/victo/OneDrive/Desktop/fantasy_nba_dashboard/airflow_env/lib/python3.10/site-packages/airflow/example_dags/example_latest_only.py
[2024-01-06T14:36:24.921-0800] {processor.py:830} INFO - Processing file /mnt/c/Users/victo/OneDrive/Desktop/fantasy_nba_dashboard/airflow_env/lib/python3.10/site-packages/airflow/example_dags/example_latest_only.py for tasks to queue
[2024-01-06T14:36:24.922-0800] {logging_mixin.py:188} INFO - [2024-01-06T14:36:24.921-0800] {dagbag.py:538} INFO - Filling up the DagBag from /mnt/c/Users/victo/OneDrive/Desktop/fantasy_nba_dashboard/airflow_env/lib/python3.10/site-packages/airflow/example_dags/example_latest_only.py
[2024-01-06T14:36:24.928-0800] {processor.py:840} INFO - DAG(s) 'latest_only' retrieved from /mnt/c/Users/victo/OneDrive/Desktop/fantasy_nba_dashboard/airflow_env/lib/python3.10/site-packages/airflow/example_dags/example_latest_only.py
[2024-01-06T14:36:24.956-0800] {logging_mixin.py:188} INFO - [2024-01-06T14:36:24.956-0800] {dag.py:3033} INFO - Sync 1 DAGs
[2024-01-06T14:36:24.973-0800] {logging_mixin.py:188} INFO - [2024-01-06T14:36:24.973-0800] {dag.py:3820} INFO - Setting next_dagrun for latest_only to 2024-01-06T16:00:00+00:00, run_after=2024-01-06T20:00:00+00:00
[2024-01-06T14:36:24.987-0800] {processor.py:183} INFO - Processing /mnt/c/Users/victo/OneDrive/Desktop/fantasy_nba_dashboard/airflow_env/lib/python3.10/site-packages/airflow/example_dags/example_latest_only.py took 0.070 seconds
[2024-01-06T14:36:56.140-0800] {processor.py:161} INFO - Started process (PID=10032) to work on /mnt/c/Users/victo/OneDrive/Desktop/fantasy_nba_dashboard/airflow_env/lib/python3.10/site-packages/airflow/example_dags/example_latest_only.py
[2024-01-06T14:36:56.141-0800] {processor.py:830} INFO - Processing file /mnt/c/Users/victo/OneDrive/Desktop/fantasy_nba_dashboard/airflow_env/lib/python3.10/site-packages/airflow/example_dags/example_latest_only.py for tasks to queue
[2024-01-06T14:36:56.142-0800] {logging_mixin.py:188} INFO - [2024-01-06T14:36:56.142-0800] {dagbag.py:538} INFO - Filling up the DagBag from /mnt/c/Users/victo/OneDrive/Desktop/fantasy_nba_dashboard/airflow_env/lib/python3.10/site-packages/airflow/example_dags/example_latest_only.py
[2024-01-06T14:36:56.149-0800] {processor.py:840} INFO - DAG(s) 'latest_only' retrieved from /mnt/c/Users/victo/OneDrive/Desktop/fantasy_nba_dashboard/airflow_env/lib/python3.10/site-packages/airflow/example_dags/example_latest_only.py
[2024-01-06T14:36:56.176-0800] {logging_mixin.py:188} INFO - [2024-01-06T14:36:56.176-0800] {dag.py:3033} INFO - Sync 1 DAGs
[2024-01-06T14:36:56.193-0800] {logging_mixin.py:188} INFO - [2024-01-06T14:36:56.193-0800] {dag.py:3820} INFO - Setting next_dagrun for latest_only to 2024-01-06T16:00:00+00:00, run_after=2024-01-06T20:00:00+00:00
[2024-01-06T14:36:56.206-0800] {processor.py:183} INFO - Processing /mnt/c/Users/victo/OneDrive/Desktop/fantasy_nba_dashboard/airflow_env/lib/python3.10/site-packages/airflow/example_dags/example_latest_only.py took 0.069 seconds
[2024-01-06T14:37:26.834-0800] {processor.py:161} INFO - Started process (PID=10311) to work on /mnt/c/Users/victo/OneDrive/Desktop/fantasy_nba_dashboard/airflow_env/lib/python3.10/site-packages/airflow/example_dags/example_latest_only.py
[2024-01-06T14:37:26.835-0800] {processor.py:830} INFO - Processing file /mnt/c/Users/victo/OneDrive/Desktop/fantasy_nba_dashboard/airflow_env/lib/python3.10/site-packages/airflow/example_dags/example_latest_only.py for tasks to queue
[2024-01-06T14:37:26.835-0800] {logging_mixin.py:188} INFO - [2024-01-06T14:37:26.835-0800] {dagbag.py:538} INFO - Filling up the DagBag from /mnt/c/Users/victo/OneDrive/Desktop/fantasy_nba_dashboard/airflow_env/lib/python3.10/site-packages/airflow/example_dags/example_latest_only.py
[2024-01-06T14:37:26.842-0800] {processor.py:840} INFO - DAG(s) 'latest_only' retrieved from /mnt/c/Users/victo/OneDrive/Desktop/fantasy_nba_dashboard/airflow_env/lib/python3.10/site-packages/airflow/example_dags/example_latest_only.py
[2024-01-06T14:37:26.871-0800] {logging_mixin.py:188} INFO - [2024-01-06T14:37:26.871-0800] {dag.py:3033} INFO - Sync 1 DAGs
[2024-01-06T14:37:26.889-0800] {logging_mixin.py:188} INFO - [2024-01-06T14:37:26.889-0800] {dag.py:3820} INFO - Setting next_dagrun for latest_only to 2024-01-06T16:00:00+00:00, run_after=2024-01-06T20:00:00+00:00
[2024-01-06T14:37:26.907-0800] {processor.py:183} INFO - Processing /mnt/c/Users/victo/OneDrive/Desktop/fantasy_nba_dashboard/airflow_env/lib/python3.10/site-packages/airflow/example_dags/example_latest_only.py took 0.077 seconds
[2024-01-06T14:37:57.502-0800] {processor.py:161} INFO - Started process (PID=10511) to work on /mnt/c/Users/victo/OneDrive/Desktop/fantasy_nba_dashboard/airflow_env/lib/python3.10/site-packages/airflow/example_dags/example_latest_only.py
[2024-01-06T14:37:57.503-0800] {processor.py:830} INFO - Processing file /mnt/c/Users/victo/OneDrive/Desktop/fantasy_nba_dashboard/airflow_env/lib/python3.10/site-packages/airflow/example_dags/example_latest_only.py for tasks to queue
[2024-01-06T14:37:57.504-0800] {logging_mixin.py:188} INFO - [2024-01-06T14:37:57.503-0800] {dagbag.py:538} INFO - Filling up the DagBag from /mnt/c/Users/victo/OneDrive/Desktop/fantasy_nba_dashboard/airflow_env/lib/python3.10/site-packages/airflow/example_dags/example_latest_only.py
[2024-01-06T14:37:57.511-0800] {processor.py:840} INFO - DAG(s) 'latest_only' retrieved from /mnt/c/Users/victo/OneDrive/Desktop/fantasy_nba_dashboard/airflow_env/lib/python3.10/site-packages/airflow/example_dags/example_latest_only.py
[2024-01-06T14:37:57.539-0800] {logging_mixin.py:188} INFO - [2024-01-06T14:37:57.539-0800] {dag.py:3033} INFO - Sync 1 DAGs
[2024-01-06T14:37:57.556-0800] {logging_mixin.py:188} INFO - [2024-01-06T14:37:57.556-0800] {dag.py:3820} INFO - Setting next_dagrun for latest_only to 2024-01-06T16:00:00+00:00, run_after=2024-01-06T20:00:00+00:00
[2024-01-06T14:37:57.570-0800] {processor.py:183} INFO - Processing /mnt/c/Users/victo/OneDrive/Desktop/fantasy_nba_dashboard/airflow_env/lib/python3.10/site-packages/airflow/example_dags/example_latest_only.py took 0.072 seconds
[2024-01-06T14:38:28.147-0800] {processor.py:161} INFO - Started process (PID=10682) to work on /mnt/c/Users/victo/OneDrive/Desktop/fantasy_nba_dashboard/airflow_env/lib/python3.10/site-packages/airflow/example_dags/example_latest_only.py
[2024-01-06T14:38:28.148-0800] {processor.py:830} INFO - Processing file /mnt/c/Users/victo/OneDrive/Desktop/fantasy_nba_dashboard/airflow_env/lib/python3.10/site-packages/airflow/example_dags/example_latest_only.py for tasks to queue
[2024-01-06T14:38:28.149-0800] {logging_mixin.py:188} INFO - [2024-01-06T14:38:28.148-0800] {dagbag.py:538} INFO - Filling up the DagBag from /mnt/c/Users/victo/OneDrive/Desktop/fantasy_nba_dashboard/airflow_env/lib/python3.10/site-packages/airflow/example_dags/example_latest_only.py
[2024-01-06T14:38:28.155-0800] {processor.py:840} INFO - DAG(s) 'latest_only' retrieved from /mnt/c/Users/victo/OneDrive/Desktop/fantasy_nba_dashboard/airflow_env/lib/python3.10/site-packages/airflow/example_dags/example_latest_only.py
[2024-01-06T14:38:28.183-0800] {logging_mixin.py:188} INFO - [2024-01-06T14:38:28.183-0800] {dag.py:3033} INFO - Sync 1 DAGs
[2024-01-06T14:38:28.199-0800] {logging_mixin.py:188} INFO - [2024-01-06T14:38:28.199-0800] {dag.py:3820} INFO - Setting next_dagrun for latest_only to 2024-01-06T16:00:00+00:00, run_after=2024-01-06T20:00:00+00:00
[2024-01-06T14:38:28.213-0800] {processor.py:183} INFO - Processing /mnt/c/Users/victo/OneDrive/Desktop/fantasy_nba_dashboard/airflow_env/lib/python3.10/site-packages/airflow/example_dags/example_latest_only.py took 0.070 seconds
[2024-01-06T14:38:59.195-0800] {processor.py:161} INFO - Started process (PID=10874) to work on /mnt/c/Users/victo/OneDrive/Desktop/fantasy_nba_dashboard/airflow_env/lib/python3.10/site-packages/airflow/example_dags/example_latest_only.py
[2024-01-06T14:38:59.196-0800] {processor.py:830} INFO - Processing file /mnt/c/Users/victo/OneDrive/Desktop/fantasy_nba_dashboard/airflow_env/lib/python3.10/site-packages/airflow/example_dags/example_latest_only.py for tasks to queue
[2024-01-06T14:38:59.196-0800] {logging_mixin.py:188} INFO - [2024-01-06T14:38:59.196-0800] {dagbag.py:538} INFO - Filling up the DagBag from /mnt/c/Users/victo/OneDrive/Desktop/fantasy_nba_dashboard/airflow_env/lib/python3.10/site-packages/airflow/example_dags/example_latest_only.py
[2024-01-06T14:38:59.203-0800] {processor.py:840} INFO - DAG(s) 'latest_only' retrieved from /mnt/c/Users/victo/OneDrive/Desktop/fantasy_nba_dashboard/airflow_env/lib/python3.10/site-packages/airflow/example_dags/example_latest_only.py
[2024-01-06T14:38:59.233-0800] {logging_mixin.py:188} INFO - [2024-01-06T14:38:59.232-0800] {dag.py:3033} INFO - Sync 1 DAGs
[2024-01-06T14:38:59.250-0800] {logging_mixin.py:188} INFO - [2024-01-06T14:38:59.250-0800] {dag.py:3820} INFO - Setting next_dagrun for latest_only to 2024-01-06T16:00:00+00:00, run_after=2024-01-06T20:00:00+00:00
[2024-01-06T14:38:59.264-0800] {processor.py:183} INFO - Processing /mnt/c/Users/victo/OneDrive/Desktop/fantasy_nba_dashboard/airflow_env/lib/python3.10/site-packages/airflow/example_dags/example_latest_only.py took 0.073 seconds
[2024-01-06T14:39:29.840-0800] {processor.py:161} INFO - Started process (PID=11033) to work on /mnt/c/Users/victo/OneDrive/Desktop/fantasy_nba_dashboard/airflow_env/lib/python3.10/site-packages/airflow/example_dags/example_latest_only.py
[2024-01-06T14:39:29.841-0800] {processor.py:830} INFO - Processing file /mnt/c/Users/victo/OneDrive/Desktop/fantasy_nba_dashboard/airflow_env/lib/python3.10/site-packages/airflow/example_dags/example_latest_only.py for tasks to queue
[2024-01-06T14:39:29.842-0800] {logging_mixin.py:188} INFO - [2024-01-06T14:39:29.841-0800] {dagbag.py:538} INFO - Filling up the DagBag from /mnt/c/Users/victo/OneDrive/Desktop/fantasy_nba_dashboard/airflow_env/lib/python3.10/site-packages/airflow/example_dags/example_latest_only.py
[2024-01-06T14:39:29.848-0800] {processor.py:840} INFO - DAG(s) 'latest_only' retrieved from /mnt/c/Users/victo/OneDrive/Desktop/fantasy_nba_dashboard/airflow_env/lib/python3.10/site-packages/airflow/example_dags/example_latest_only.py
[2024-01-06T14:39:29.878-0800] {logging_mixin.py:188} INFO - [2024-01-06T14:39:29.878-0800] {dag.py:3033} INFO - Sync 1 DAGs
[2024-01-06T14:39:29.897-0800] {logging_mixin.py:188} INFO - [2024-01-06T14:39:29.897-0800] {dag.py:3820} INFO - Setting next_dagrun for latest_only to 2024-01-06T16:00:00+00:00, run_after=2024-01-06T20:00:00+00:00
[2024-01-06T14:39:29.914-0800] {processor.py:183} INFO - Processing /mnt/c/Users/victo/OneDrive/Desktop/fantasy_nba_dashboard/airflow_env/lib/python3.10/site-packages/airflow/example_dags/example_latest_only.py took 0.079 seconds
[2024-01-06T14:40:00.656-0800] {processor.py:161} INFO - Started process (PID=11190) to work on /mnt/c/Users/victo/OneDrive/Desktop/fantasy_nba_dashboard/airflow_env/lib/python3.10/site-packages/airflow/example_dags/example_latest_only.py
[2024-01-06T14:40:00.657-0800] {processor.py:830} INFO - Processing file /mnt/c/Users/victo/OneDrive/Desktop/fantasy_nba_dashboard/airflow_env/lib/python3.10/site-packages/airflow/example_dags/example_latest_only.py for tasks to queue
[2024-01-06T14:40:00.658-0800] {logging_mixin.py:188} INFO - [2024-01-06T14:40:00.658-0800] {dagbag.py:538} INFO - Filling up the DagBag from /mnt/c/Users/victo/OneDrive/Desktop/fantasy_nba_dashboard/airflow_env/lib/python3.10/site-packages/airflow/example_dags/example_latest_only.py
[2024-01-06T14:40:00.665-0800] {processor.py:840} INFO - DAG(s) 'latest_only' retrieved from /mnt/c/Users/victo/OneDrive/Desktop/fantasy_nba_dashboard/airflow_env/lib/python3.10/site-packages/airflow/example_dags/example_latest_only.py
[2024-01-06T14:40:00.694-0800] {logging_mixin.py:188} INFO - [2024-01-06T14:40:00.693-0800] {dag.py:3033} INFO - Sync 1 DAGs
[2024-01-06T14:40:00.711-0800] {logging_mixin.py:188} INFO - [2024-01-06T14:40:00.711-0800] {dag.py:3820} INFO - Setting next_dagrun for latest_only to 2024-01-06T16:00:00+00:00, run_after=2024-01-06T20:00:00+00:00
[2024-01-06T14:40:00.727-0800] {processor.py:183} INFO - Processing /mnt/c/Users/victo/OneDrive/Desktop/fantasy_nba_dashboard/airflow_env/lib/python3.10/site-packages/airflow/example_dags/example_latest_only.py took 0.075 seconds
[2024-01-06T14:40:31.349-0800] {processor.py:161} INFO - Started process (PID=11347) to work on /mnt/c/Users/victo/OneDrive/Desktop/fantasy_nba_dashboard/airflow_env/lib/python3.10/site-packages/airflow/example_dags/example_latest_only.py
[2024-01-06T14:40:31.350-0800] {processor.py:830} INFO - Processing file /mnt/c/Users/victo/OneDrive/Desktop/fantasy_nba_dashboard/airflow_env/lib/python3.10/site-packages/airflow/example_dags/example_latest_only.py for tasks to queue
[2024-01-06T14:40:31.350-0800] {logging_mixin.py:188} INFO - [2024-01-06T14:40:31.350-0800] {dagbag.py:538} INFO - Filling up the DagBag from /mnt/c/Users/victo/OneDrive/Desktop/fantasy_nba_dashboard/airflow_env/lib/python3.10/site-packages/airflow/example_dags/example_latest_only.py
[2024-01-06T14:40:31.357-0800] {processor.py:840} INFO - DAG(s) 'latest_only' retrieved from /mnt/c/Users/victo/OneDrive/Desktop/fantasy_nba_dashboard/airflow_env/lib/python3.10/site-packages/airflow/example_dags/example_latest_only.py
[2024-01-06T14:40:31.391-0800] {logging_mixin.py:188} INFO - [2024-01-06T14:40:31.390-0800] {dag.py:3033} INFO - Sync 1 DAGs
[2024-01-06T14:40:31.410-0800] {logging_mixin.py:188} INFO - [2024-01-06T14:40:31.410-0800] {dag.py:3820} INFO - Setting next_dagrun for latest_only to 2024-01-06T16:00:00+00:00, run_after=2024-01-06T20:00:00+00:00
[2024-01-06T14:40:31.428-0800] {processor.py:183} INFO - Processing /mnt/c/Users/victo/OneDrive/Desktop/fantasy_nba_dashboard/airflow_env/lib/python3.10/site-packages/airflow/example_dags/example_latest_only.py took 0.083 seconds
[2024-01-06T14:41:02.330-0800] {processor.py:161} INFO - Started process (PID=11532) to work on /mnt/c/Users/victo/OneDrive/Desktop/fantasy_nba_dashboard/airflow_env/lib/python3.10/site-packages/airflow/example_dags/example_latest_only.py
[2024-01-06T14:41:02.331-0800] {processor.py:830} INFO - Processing file /mnt/c/Users/victo/OneDrive/Desktop/fantasy_nba_dashboard/airflow_env/lib/python3.10/site-packages/airflow/example_dags/example_latest_only.py for tasks to queue
[2024-01-06T14:41:02.332-0800] {logging_mixin.py:188} INFO - [2024-01-06T14:41:02.331-0800] {dagbag.py:538} INFO - Filling up the DagBag from /mnt/c/Users/victo/OneDrive/Desktop/fantasy_nba_dashboard/airflow_env/lib/python3.10/site-packages/airflow/example_dags/example_latest_only.py
[2024-01-06T14:41:02.338-0800] {processor.py:840} INFO - DAG(s) 'latest_only' retrieved from /mnt/c/Users/victo/OneDrive/Desktop/fantasy_nba_dashboard/airflow_env/lib/python3.10/site-packages/airflow/example_dags/example_latest_only.py
[2024-01-06T14:41:02.365-0800] {logging_mixin.py:188} INFO - [2024-01-06T14:41:02.365-0800] {dag.py:3033} INFO - Sync 1 DAGs
[2024-01-06T14:41:02.384-0800] {logging_mixin.py:188} INFO - [2024-01-06T14:41:02.384-0800] {dag.py:3820} INFO - Setting next_dagrun for latest_only to 2024-01-06T16:00:00+00:00, run_after=2024-01-06T20:00:00+00:00
[2024-01-06T14:41:02.397-0800] {processor.py:183} INFO - Processing /mnt/c/Users/victo/OneDrive/Desktop/fantasy_nba_dashboard/airflow_env/lib/python3.10/site-packages/airflow/example_dags/example_latest_only.py took 0.072 seconds
