[2024-01-06T14:24:42.231-0800] {processor.py:161} INFO - Started process (PID=7091) to work on /mnt/c/Users/victo/OneDrive/Desktop/fantasy_nba_dashboard/airflow_env/lib/python3.10/site-packages/airflow/example_dags/example_setup_teardown_taskflow.py
[2024-01-06T14:24:42.232-0800] {processor.py:830} INFO - Processing file /mnt/c/Users/victo/OneDrive/Desktop/fantasy_nba_dashboard/airflow_env/lib/python3.10/site-packages/airflow/example_dags/example_setup_teardown_taskflow.py for tasks to queue
[2024-01-06T14:24:42.233-0800] {logging_mixin.py:188} INFO - [2024-01-06T14:24:42.233-0800] {dagbag.py:538} INFO - Filling up the DagBag from /mnt/c/Users/victo/OneDrive/Desktop/fantasy_nba_dashboard/airflow_env/lib/python3.10/site-packages/airflow/example_dags/example_setup_teardown_taskflow.py
[2024-01-06T14:24:42.245-0800] {processor.py:840} INFO - DAG(s) 'example_setup_teardown_taskflow' retrieved from /mnt/c/Users/victo/OneDrive/Desktop/fantasy_nba_dashboard/airflow_env/lib/python3.10/site-packages/airflow/example_dags/example_setup_teardown_taskflow.py
[2024-01-06T14:24:42.346-0800] {logging_mixin.py:188} INFO - [2024-01-06T14:24:42.346-0800] {dag.py:3033} INFO - Sync 1 DAGs
[2024-01-06T14:24:42.360-0800] {logging_mixin.py:188} INFO - [2024-01-06T14:24:42.360-0800] {dag.py:3820} INFO - Setting next_dagrun for example_setup_teardown_taskflow to 2024-01-05T00:00:00+00:00, run_after=2024-01-06T00:00:00+00:00
[2024-01-06T14:24:42.373-0800] {processor.py:183} INFO - Processing /mnt/c/Users/victo/OneDrive/Desktop/fantasy_nba_dashboard/airflow_env/lib/python3.10/site-packages/airflow/example_dags/example_setup_teardown_taskflow.py took 0.145 seconds
[2024-01-06T14:25:12.491-0800] {processor.py:161} INFO - Started process (PID=7250) to work on /mnt/c/Users/victo/OneDrive/Desktop/fantasy_nba_dashboard/airflow_env/lib/python3.10/site-packages/airflow/example_dags/example_setup_teardown_taskflow.py
[2024-01-06T14:25:12.492-0800] {processor.py:830} INFO - Processing file /mnt/c/Users/victo/OneDrive/Desktop/fantasy_nba_dashboard/airflow_env/lib/python3.10/site-packages/airflow/example_dags/example_setup_teardown_taskflow.py for tasks to queue
[2024-01-06T14:25:12.493-0800] {logging_mixin.py:188} INFO - [2024-01-06T14:25:12.493-0800] {dagbag.py:538} INFO - Filling up the DagBag from /mnt/c/Users/victo/OneDrive/Desktop/fantasy_nba_dashboard/airflow_env/lib/python3.10/site-packages/airflow/example_dags/example_setup_teardown_taskflow.py
[2024-01-06T14:25:12.503-0800] {processor.py:840} INFO - DAG(s) 'example_setup_teardown_taskflow' retrieved from /mnt/c/Users/victo/OneDrive/Desktop/fantasy_nba_dashboard/airflow_env/lib/python3.10/site-packages/airflow/example_dags/example_setup_teardown_taskflow.py
[2024-01-06T14:25:12.536-0800] {logging_mixin.py:188} INFO - [2024-01-06T14:25:12.536-0800] {dag.py:3033} INFO - Sync 1 DAGs
[2024-01-06T14:25:12.557-0800] {logging_mixin.py:188} INFO - [2024-01-06T14:25:12.557-0800] {dag.py:3820} INFO - Setting next_dagrun for example_setup_teardown_taskflow to 2024-01-05T00:00:00+00:00, run_after=2024-01-06T00:00:00+00:00
[2024-01-06T14:25:12.570-0800] {processor.py:183} INFO - Processing /mnt/c/Users/victo/OneDrive/Desktop/fantasy_nba_dashboard/airflow_env/lib/python3.10/site-packages/airflow/example_dags/example_setup_teardown_taskflow.py took 0.083 seconds
[2024-01-06T14:25:42.736-0800] {processor.py:161} INFO - Started process (PID=7496) to work on /mnt/c/Users/victo/OneDrive/Desktop/fantasy_nba_dashboard/airflow_env/lib/python3.10/site-packages/airflow/example_dags/example_setup_teardown_taskflow.py
[2024-01-06T14:25:42.737-0800] {processor.py:830} INFO - Processing file /mnt/c/Users/victo/OneDrive/Desktop/fantasy_nba_dashboard/airflow_env/lib/python3.10/site-packages/airflow/example_dags/example_setup_teardown_taskflow.py for tasks to queue
[2024-01-06T14:25:42.737-0800] {logging_mixin.py:188} INFO - [2024-01-06T14:25:42.737-0800] {dagbag.py:538} INFO - Filling up the DagBag from /mnt/c/Users/victo/OneDrive/Desktop/fantasy_nba_dashboard/airflow_env/lib/python3.10/site-packages/airflow/example_dags/example_setup_teardown_taskflow.py
[2024-01-06T14:25:42.747-0800] {processor.py:840} INFO - DAG(s) 'example_setup_teardown_taskflow' retrieved from /mnt/c/Users/victo/OneDrive/Desktop/fantasy_nba_dashboard/airflow_env/lib/python3.10/site-packages/airflow/example_dags/example_setup_teardown_taskflow.py
[2024-01-06T14:25:42.774-0800] {logging_mixin.py:188} INFO - [2024-01-06T14:25:42.774-0800] {dag.py:3033} INFO - Sync 1 DAGs
[2024-01-06T14:25:42.790-0800] {logging_mixin.py:188} INFO - [2024-01-06T14:25:42.790-0800] {dag.py:3820} INFO - Setting next_dagrun for example_setup_teardown_taskflow to 2024-01-05T00:00:00+00:00, run_after=2024-01-06T00:00:00+00:00
[2024-01-06T14:25:42.807-0800] {processor.py:183} INFO - Processing /mnt/c/Users/victo/OneDrive/Desktop/fantasy_nba_dashboard/airflow_env/lib/python3.10/site-packages/airflow/example_dags/example_setup_teardown_taskflow.py took 0.075 seconds
[2024-01-06T14:26:13.124-0800] {processor.py:161} INFO - Started process (PID=8036) to work on /mnt/c/Users/victo/OneDrive/Desktop/fantasy_nba_dashboard/airflow_env/lib/python3.10/site-packages/airflow/example_dags/example_setup_teardown_taskflow.py
[2024-01-06T14:26:13.125-0800] {processor.py:830} INFO - Processing file /mnt/c/Users/victo/OneDrive/Desktop/fantasy_nba_dashboard/airflow_env/lib/python3.10/site-packages/airflow/example_dags/example_setup_teardown_taskflow.py for tasks to queue
[2024-01-06T14:26:13.125-0800] {logging_mixin.py:188} INFO - [2024-01-06T14:26:13.125-0800] {dagbag.py:538} INFO - Filling up the DagBag from /mnt/c/Users/victo/OneDrive/Desktop/fantasy_nba_dashboard/airflow_env/lib/python3.10/site-packages/airflow/example_dags/example_setup_teardown_taskflow.py
[2024-01-06T14:26:13.135-0800] {processor.py:840} INFO - DAG(s) 'example_setup_teardown_taskflow' retrieved from /mnt/c/Users/victo/OneDrive/Desktop/fantasy_nba_dashboard/airflow_env/lib/python3.10/site-packages/airflow/example_dags/example_setup_teardown_taskflow.py
[2024-01-06T14:26:13.165-0800] {logging_mixin.py:188} INFO - [2024-01-06T14:26:13.165-0800] {dag.py:3033} INFO - Sync 1 DAGs
[2024-01-06T14:26:13.181-0800] {logging_mixin.py:188} INFO - [2024-01-06T14:26:13.181-0800] {dag.py:3820} INFO - Setting next_dagrun for example_setup_teardown_taskflow to 2024-01-05T00:00:00+00:00, run_after=2024-01-06T00:00:00+00:00
[2024-01-06T14:26:13.194-0800] {processor.py:183} INFO - Processing /mnt/c/Users/victo/OneDrive/Desktop/fantasy_nba_dashboard/airflow_env/lib/python3.10/site-packages/airflow/example_dags/example_setup_teardown_taskflow.py took 0.074 seconds
[2024-01-06T14:35:53.953-0800] {processor.py:161} INFO - Started process (PID=9545) to work on /mnt/c/Users/victo/OneDrive/Desktop/fantasy_nba_dashboard/airflow_env/lib/python3.10/site-packages/airflow/example_dags/example_setup_teardown_taskflow.py
[2024-01-06T14:35:53.954-0800] {processor.py:830} INFO - Processing file /mnt/c/Users/victo/OneDrive/Desktop/fantasy_nba_dashboard/airflow_env/lib/python3.10/site-packages/airflow/example_dags/example_setup_teardown_taskflow.py for tasks to queue
[2024-01-06T14:35:53.954-0800] {logging_mixin.py:188} INFO - [2024-01-06T14:35:53.954-0800] {dagbag.py:538} INFO - Filling up the DagBag from /mnt/c/Users/victo/OneDrive/Desktop/fantasy_nba_dashboard/airflow_env/lib/python3.10/site-packages/airflow/example_dags/example_setup_teardown_taskflow.py
[2024-01-06T14:35:53.966-0800] {processor.py:840} INFO - DAG(s) 'example_setup_teardown_taskflow' retrieved from /mnt/c/Users/victo/OneDrive/Desktop/fantasy_nba_dashboard/airflow_env/lib/python3.10/site-packages/airflow/example_dags/example_setup_teardown_taskflow.py
[2024-01-06T14:35:53.997-0800] {logging_mixin.py:188} INFO - [2024-01-06T14:35:53.997-0800] {dag.py:3033} INFO - Sync 1 DAGs
[2024-01-06T14:35:54.013-0800] {logging_mixin.py:188} INFO - [2024-01-06T14:35:54.013-0800] {dag.py:3820} INFO - Setting next_dagrun for example_setup_teardown_taskflow to 2024-01-05T00:00:00+00:00, run_after=2024-01-06T00:00:00+00:00
[2024-01-06T14:35:54.026-0800] {processor.py:183} INFO - Processing /mnt/c/Users/victo/OneDrive/Desktop/fantasy_nba_dashboard/airflow_env/lib/python3.10/site-packages/airflow/example_dags/example_setup_teardown_taskflow.py took 0.078 seconds
[2024-01-06T14:36:24.220-0800] {processor.py:161} INFO - Started process (PID=9725) to work on /mnt/c/Users/victo/OneDrive/Desktop/fantasy_nba_dashboard/airflow_env/lib/python3.10/site-packages/airflow/example_dags/example_setup_teardown_taskflow.py
[2024-01-06T14:36:24.221-0800] {processor.py:830} INFO - Processing file /mnt/c/Users/victo/OneDrive/Desktop/fantasy_nba_dashboard/airflow_env/lib/python3.10/site-packages/airflow/example_dags/example_setup_teardown_taskflow.py for tasks to queue
[2024-01-06T14:36:24.222-0800] {logging_mixin.py:188} INFO - [2024-01-06T14:36:24.221-0800] {dagbag.py:538} INFO - Filling up the DagBag from /mnt/c/Users/victo/OneDrive/Desktop/fantasy_nba_dashboard/airflow_env/lib/python3.10/site-packages/airflow/example_dags/example_setup_teardown_taskflow.py
[2024-01-06T14:36:24.232-0800] {processor.py:840} INFO - DAG(s) 'example_setup_teardown_taskflow' retrieved from /mnt/c/Users/victo/OneDrive/Desktop/fantasy_nba_dashboard/airflow_env/lib/python3.10/site-packages/airflow/example_dags/example_setup_teardown_taskflow.py
[2024-01-06T14:36:24.263-0800] {logging_mixin.py:188} INFO - [2024-01-06T14:36:24.262-0800] {dag.py:3033} INFO - Sync 1 DAGs
[2024-01-06T14:36:24.283-0800] {logging_mixin.py:188} INFO - [2024-01-06T14:36:24.283-0800] {dag.py:3820} INFO - Setting next_dagrun for example_setup_teardown_taskflow to 2024-01-05T00:00:00+00:00, run_after=2024-01-06T00:00:00+00:00
[2024-01-06T14:36:24.298-0800] {processor.py:183} INFO - Processing /mnt/c/Users/victo/OneDrive/Desktop/fantasy_nba_dashboard/airflow_env/lib/python3.10/site-packages/airflow/example_dags/example_setup_teardown_taskflow.py took 0.082 seconds
[2024-01-06T14:36:55.571-0800] {processor.py:161} INFO - Started process (PID=10008) to work on /mnt/c/Users/victo/OneDrive/Desktop/fantasy_nba_dashboard/airflow_env/lib/python3.10/site-packages/airflow/example_dags/example_setup_teardown_taskflow.py
[2024-01-06T14:36:55.572-0800] {processor.py:830} INFO - Processing file /mnt/c/Users/victo/OneDrive/Desktop/fantasy_nba_dashboard/airflow_env/lib/python3.10/site-packages/airflow/example_dags/example_setup_teardown_taskflow.py for tasks to queue
[2024-01-06T14:36:55.572-0800] {logging_mixin.py:188} INFO - [2024-01-06T14:36:55.572-0800] {dagbag.py:538} INFO - Filling up the DagBag from /mnt/c/Users/victo/OneDrive/Desktop/fantasy_nba_dashboard/airflow_env/lib/python3.10/site-packages/airflow/example_dags/example_setup_teardown_taskflow.py
[2024-01-06T14:36:55.582-0800] {processor.py:840} INFO - DAG(s) 'example_setup_teardown_taskflow' retrieved from /mnt/c/Users/victo/OneDrive/Desktop/fantasy_nba_dashboard/airflow_env/lib/python3.10/site-packages/airflow/example_dags/example_setup_teardown_taskflow.py
[2024-01-06T14:36:55.615-0800] {logging_mixin.py:188} INFO - [2024-01-06T14:36:55.615-0800] {dag.py:3033} INFO - Sync 1 DAGs
[2024-01-06T14:36:55.634-0800] {logging_mixin.py:188} INFO - [2024-01-06T14:36:55.634-0800] {dag.py:3820} INFO - Setting next_dagrun for example_setup_teardown_taskflow to 2024-01-05T00:00:00+00:00, run_after=2024-01-06T00:00:00+00:00
[2024-01-06T14:36:55.647-0800] {processor.py:183} INFO - Processing /mnt/c/Users/victo/OneDrive/Desktop/fantasy_nba_dashboard/airflow_env/lib/python3.10/site-packages/airflow/example_dags/example_setup_teardown_taskflow.py took 0.081 seconds
[2024-01-06T14:37:26.161-0800] {processor.py:161} INFO - Started process (PID=10284) to work on /mnt/c/Users/victo/OneDrive/Desktop/fantasy_nba_dashboard/airflow_env/lib/python3.10/site-packages/airflow/example_dags/example_setup_teardown_taskflow.py
[2024-01-06T14:37:26.162-0800] {processor.py:830} INFO - Processing file /mnt/c/Users/victo/OneDrive/Desktop/fantasy_nba_dashboard/airflow_env/lib/python3.10/site-packages/airflow/example_dags/example_setup_teardown_taskflow.py for tasks to queue
[2024-01-06T14:37:26.162-0800] {logging_mixin.py:188} INFO - [2024-01-06T14:37:26.162-0800] {dagbag.py:538} INFO - Filling up the DagBag from /mnt/c/Users/victo/OneDrive/Desktop/fantasy_nba_dashboard/airflow_env/lib/python3.10/site-packages/airflow/example_dags/example_setup_teardown_taskflow.py
[2024-01-06T14:37:26.172-0800] {processor.py:840} INFO - DAG(s) 'example_setup_teardown_taskflow' retrieved from /mnt/c/Users/victo/OneDrive/Desktop/fantasy_nba_dashboard/airflow_env/lib/python3.10/site-packages/airflow/example_dags/example_setup_teardown_taskflow.py
[2024-01-06T14:37:26.202-0800] {logging_mixin.py:188} INFO - [2024-01-06T14:37:26.202-0800] {dag.py:3033} INFO - Sync 1 DAGs
[2024-01-06T14:37:26.220-0800] {logging_mixin.py:188} INFO - [2024-01-06T14:37:26.220-0800] {dag.py:3820} INFO - Setting next_dagrun for example_setup_teardown_taskflow to 2024-01-05T00:00:00+00:00, run_after=2024-01-06T00:00:00+00:00
[2024-01-06T14:37:26.235-0800] {processor.py:183} INFO - Processing /mnt/c/Users/victo/OneDrive/Desktop/fantasy_nba_dashboard/airflow_env/lib/python3.10/site-packages/airflow/example_dags/example_setup_teardown_taskflow.py took 0.078 seconds
[2024-01-06T14:37:56.912-0800] {processor.py:161} INFO - Started process (PID=10485) to work on /mnt/c/Users/victo/OneDrive/Desktop/fantasy_nba_dashboard/airflow_env/lib/python3.10/site-packages/airflow/example_dags/example_setup_teardown_taskflow.py
[2024-01-06T14:37:56.913-0800] {processor.py:830} INFO - Processing file /mnt/c/Users/victo/OneDrive/Desktop/fantasy_nba_dashboard/airflow_env/lib/python3.10/site-packages/airflow/example_dags/example_setup_teardown_taskflow.py for tasks to queue
[2024-01-06T14:37:56.913-0800] {logging_mixin.py:188} INFO - [2024-01-06T14:37:56.913-0800] {dagbag.py:538} INFO - Filling up the DagBag from /mnt/c/Users/victo/OneDrive/Desktop/fantasy_nba_dashboard/airflow_env/lib/python3.10/site-packages/airflow/example_dags/example_setup_teardown_taskflow.py
[2024-01-06T14:37:56.923-0800] {processor.py:840} INFO - DAG(s) 'example_setup_teardown_taskflow' retrieved from /mnt/c/Users/victo/OneDrive/Desktop/fantasy_nba_dashboard/airflow_env/lib/python3.10/site-packages/airflow/example_dags/example_setup_teardown_taskflow.py
[2024-01-06T14:37:56.953-0800] {logging_mixin.py:188} INFO - [2024-01-06T14:37:56.953-0800] {dag.py:3033} INFO - Sync 1 DAGs
[2024-01-06T14:37:56.971-0800] {logging_mixin.py:188} INFO - [2024-01-06T14:37:56.970-0800] {dag.py:3820} INFO - Setting next_dagrun for example_setup_teardown_taskflow to 2024-01-05T00:00:00+00:00, run_after=2024-01-06T00:00:00+00:00
[2024-01-06T14:37:56.984-0800] {processor.py:183} INFO - Processing /mnt/c/Users/victo/OneDrive/Desktop/fantasy_nba_dashboard/airflow_env/lib/python3.10/site-packages/airflow/example_dags/example_setup_teardown_taskflow.py took 0.076 seconds
[2024-01-06T14:38:27.570-0800] {processor.py:161} INFO - Started process (PID=10659) to work on /mnt/c/Users/victo/OneDrive/Desktop/fantasy_nba_dashboard/airflow_env/lib/python3.10/site-packages/airflow/example_dags/example_setup_teardown_taskflow.py
[2024-01-06T14:38:27.571-0800] {processor.py:830} INFO - Processing file /mnt/c/Users/victo/OneDrive/Desktop/fantasy_nba_dashboard/airflow_env/lib/python3.10/site-packages/airflow/example_dags/example_setup_teardown_taskflow.py for tasks to queue
[2024-01-06T14:38:27.571-0800] {logging_mixin.py:188} INFO - [2024-01-06T14:38:27.571-0800] {dagbag.py:538} INFO - Filling up the DagBag from /mnt/c/Users/victo/OneDrive/Desktop/fantasy_nba_dashboard/airflow_env/lib/python3.10/site-packages/airflow/example_dags/example_setup_teardown_taskflow.py
[2024-01-06T14:38:27.583-0800] {processor.py:840} INFO - DAG(s) 'example_setup_teardown_taskflow' retrieved from /mnt/c/Users/victo/OneDrive/Desktop/fantasy_nba_dashboard/airflow_env/lib/python3.10/site-packages/airflow/example_dags/example_setup_teardown_taskflow.py
[2024-01-06T14:38:27.617-0800] {logging_mixin.py:188} INFO - [2024-01-06T14:38:27.617-0800] {dag.py:3033} INFO - Sync 1 DAGs
[2024-01-06T14:38:27.635-0800] {logging_mixin.py:188} INFO - [2024-01-06T14:38:27.634-0800] {dag.py:3820} INFO - Setting next_dagrun for example_setup_teardown_taskflow to 2024-01-05T00:00:00+00:00, run_after=2024-01-06T00:00:00+00:00
[2024-01-06T14:38:27.650-0800] {processor.py:183} INFO - Processing /mnt/c/Users/victo/OneDrive/Desktop/fantasy_nba_dashboard/airflow_env/lib/python3.10/site-packages/airflow/example_dags/example_setup_teardown_taskflow.py took 0.084 seconds
[2024-01-06T14:38:58.633-0800] {processor.py:161} INFO - Started process (PID=10850) to work on /mnt/c/Users/victo/OneDrive/Desktop/fantasy_nba_dashboard/airflow_env/lib/python3.10/site-packages/airflow/example_dags/example_setup_teardown_taskflow.py
[2024-01-06T14:38:58.634-0800] {processor.py:830} INFO - Processing file /mnt/c/Users/victo/OneDrive/Desktop/fantasy_nba_dashboard/airflow_env/lib/python3.10/site-packages/airflow/example_dags/example_setup_teardown_taskflow.py for tasks to queue
[2024-01-06T14:38:58.634-0800] {logging_mixin.py:188} INFO - [2024-01-06T14:38:58.634-0800] {dagbag.py:538} INFO - Filling up the DagBag from /mnt/c/Users/victo/OneDrive/Desktop/fantasy_nba_dashboard/airflow_env/lib/python3.10/site-packages/airflow/example_dags/example_setup_teardown_taskflow.py
[2024-01-06T14:38:58.645-0800] {processor.py:840} INFO - DAG(s) 'example_setup_teardown_taskflow' retrieved from /mnt/c/Users/victo/OneDrive/Desktop/fantasy_nba_dashboard/airflow_env/lib/python3.10/site-packages/airflow/example_dags/example_setup_teardown_taskflow.py
[2024-01-06T14:38:58.680-0800] {logging_mixin.py:188} INFO - [2024-01-06T14:38:58.680-0800] {dag.py:3033} INFO - Sync 1 DAGs
[2024-01-06T14:38:58.699-0800] {logging_mixin.py:188} INFO - [2024-01-06T14:38:58.699-0800] {dag.py:3820} INFO - Setting next_dagrun for example_setup_teardown_taskflow to 2024-01-05T00:00:00+00:00, run_after=2024-01-06T00:00:00+00:00
[2024-01-06T14:38:58.713-0800] {processor.py:183} INFO - Processing /mnt/c/Users/victo/OneDrive/Desktop/fantasy_nba_dashboard/airflow_env/lib/python3.10/site-packages/airflow/example_dags/example_setup_teardown_taskflow.py took 0.084 seconds
[2024-01-06T14:39:29.209-0800] {processor.py:161} INFO - Started process (PID=11009) to work on /mnt/c/Users/victo/OneDrive/Desktop/fantasy_nba_dashboard/airflow_env/lib/python3.10/site-packages/airflow/example_dags/example_setup_teardown_taskflow.py
[2024-01-06T14:39:29.210-0800] {processor.py:830} INFO - Processing file /mnt/c/Users/victo/OneDrive/Desktop/fantasy_nba_dashboard/airflow_env/lib/python3.10/site-packages/airflow/example_dags/example_setup_teardown_taskflow.py for tasks to queue
[2024-01-06T14:39:29.211-0800] {logging_mixin.py:188} INFO - [2024-01-06T14:39:29.211-0800] {dagbag.py:538} INFO - Filling up the DagBag from /mnt/c/Users/victo/OneDrive/Desktop/fantasy_nba_dashboard/airflow_env/lib/python3.10/site-packages/airflow/example_dags/example_setup_teardown_taskflow.py
[2024-01-06T14:39:29.223-0800] {processor.py:840} INFO - DAG(s) 'example_setup_teardown_taskflow' retrieved from /mnt/c/Users/victo/OneDrive/Desktop/fantasy_nba_dashboard/airflow_env/lib/python3.10/site-packages/airflow/example_dags/example_setup_teardown_taskflow.py
[2024-01-06T14:39:29.252-0800] {logging_mixin.py:188} INFO - [2024-01-06T14:39:29.252-0800] {dag.py:3033} INFO - Sync 1 DAGs
[2024-01-06T14:39:29.270-0800] {logging_mixin.py:188} INFO - [2024-01-06T14:39:29.270-0800] {dag.py:3820} INFO - Setting next_dagrun for example_setup_teardown_taskflow to 2024-01-05T00:00:00+00:00, run_after=2024-01-06T00:00:00+00:00
[2024-01-06T14:39:29.283-0800] {processor.py:183} INFO - Processing /mnt/c/Users/victo/OneDrive/Desktop/fantasy_nba_dashboard/airflow_env/lib/python3.10/site-packages/airflow/example_dags/example_setup_teardown_taskflow.py took 0.080 seconds
[2024-01-06T14:40:00.027-0800] {processor.py:161} INFO - Started process (PID=11166) to work on /mnt/c/Users/victo/OneDrive/Desktop/fantasy_nba_dashboard/airflow_env/lib/python3.10/site-packages/airflow/example_dags/example_setup_teardown_taskflow.py
[2024-01-06T14:40:00.028-0800] {processor.py:830} INFO - Processing file /mnt/c/Users/victo/OneDrive/Desktop/fantasy_nba_dashboard/airflow_env/lib/python3.10/site-packages/airflow/example_dags/example_setup_teardown_taskflow.py for tasks to queue
[2024-01-06T14:40:00.028-0800] {logging_mixin.py:188} INFO - [2024-01-06T14:40:00.028-0800] {dagbag.py:538} INFO - Filling up the DagBag from /mnt/c/Users/victo/OneDrive/Desktop/fantasy_nba_dashboard/airflow_env/lib/python3.10/site-packages/airflow/example_dags/example_setup_teardown_taskflow.py
[2024-01-06T14:40:00.038-0800] {processor.py:840} INFO - DAG(s) 'example_setup_teardown_taskflow' retrieved from /mnt/c/Users/victo/OneDrive/Desktop/fantasy_nba_dashboard/airflow_env/lib/python3.10/site-packages/airflow/example_dags/example_setup_teardown_taskflow.py
[2024-01-06T14:40:00.070-0800] {logging_mixin.py:188} INFO - [2024-01-06T14:40:00.070-0800] {dag.py:3033} INFO - Sync 1 DAGs
[2024-01-06T14:40:00.087-0800] {logging_mixin.py:188} INFO - [2024-01-06T14:40:00.086-0800] {dag.py:3820} INFO - Setting next_dagrun for example_setup_teardown_taskflow to 2024-01-05T00:00:00+00:00, run_after=2024-01-06T00:00:00+00:00
[2024-01-06T14:40:00.099-0800] {processor.py:183} INFO - Processing /mnt/c/Users/victo/OneDrive/Desktop/fantasy_nba_dashboard/airflow_env/lib/python3.10/site-packages/airflow/example_dags/example_setup_teardown_taskflow.py took 0.076 seconds
[2024-01-06T14:40:30.769-0800] {processor.py:161} INFO - Started process (PID=11324) to work on /mnt/c/Users/victo/OneDrive/Desktop/fantasy_nba_dashboard/airflow_env/lib/python3.10/site-packages/airflow/example_dags/example_setup_teardown_taskflow.py
[2024-01-06T14:40:30.770-0800] {processor.py:830} INFO - Processing file /mnt/c/Users/victo/OneDrive/Desktop/fantasy_nba_dashboard/airflow_env/lib/python3.10/site-packages/airflow/example_dags/example_setup_teardown_taskflow.py for tasks to queue
[2024-01-06T14:40:30.771-0800] {logging_mixin.py:188} INFO - [2024-01-06T14:40:30.770-0800] {dagbag.py:538} INFO - Filling up the DagBag from /mnt/c/Users/victo/OneDrive/Desktop/fantasy_nba_dashboard/airflow_env/lib/python3.10/site-packages/airflow/example_dags/example_setup_teardown_taskflow.py
[2024-01-06T14:40:30.780-0800] {processor.py:840} INFO - DAG(s) 'example_setup_teardown_taskflow' retrieved from /mnt/c/Users/victo/OneDrive/Desktop/fantasy_nba_dashboard/airflow_env/lib/python3.10/site-packages/airflow/example_dags/example_setup_teardown_taskflow.py
[2024-01-06T14:40:30.810-0800] {logging_mixin.py:188} INFO - [2024-01-06T14:40:30.810-0800] {dag.py:3033} INFO - Sync 1 DAGs
[2024-01-06T14:40:30.827-0800] {logging_mixin.py:188} INFO - [2024-01-06T14:40:30.827-0800] {dag.py:3820} INFO - Setting next_dagrun for example_setup_teardown_taskflow to 2024-01-05T00:00:00+00:00, run_after=2024-01-06T00:00:00+00:00
[2024-01-06T14:40:30.844-0800] {processor.py:183} INFO - Processing /mnt/c/Users/victo/OneDrive/Desktop/fantasy_nba_dashboard/airflow_env/lib/python3.10/site-packages/airflow/example_dags/example_setup_teardown_taskflow.py took 0.078 seconds
[2024-01-06T14:41:01.650-0800] {processor.py:161} INFO - Started process (PID=11504) to work on /mnt/c/Users/victo/OneDrive/Desktop/fantasy_nba_dashboard/airflow_env/lib/python3.10/site-packages/airflow/example_dags/example_setup_teardown_taskflow.py
[2024-01-06T14:41:01.651-0800] {processor.py:830} INFO - Processing file /mnt/c/Users/victo/OneDrive/Desktop/fantasy_nba_dashboard/airflow_env/lib/python3.10/site-packages/airflow/example_dags/example_setup_teardown_taskflow.py for tasks to queue
[2024-01-06T14:41:01.651-0800] {logging_mixin.py:188} INFO - [2024-01-06T14:41:01.651-0800] {dagbag.py:538} INFO - Filling up the DagBag from /mnt/c/Users/victo/OneDrive/Desktop/fantasy_nba_dashboard/airflow_env/lib/python3.10/site-packages/airflow/example_dags/example_setup_teardown_taskflow.py
[2024-01-06T14:41:01.661-0800] {processor.py:840} INFO - DAG(s) 'example_setup_teardown_taskflow' retrieved from /mnt/c/Users/victo/OneDrive/Desktop/fantasy_nba_dashboard/airflow_env/lib/python3.10/site-packages/airflow/example_dags/example_setup_teardown_taskflow.py
[2024-01-06T14:41:01.690-0800] {logging_mixin.py:188} INFO - [2024-01-06T14:41:01.690-0800] {dag.py:3033} INFO - Sync 1 DAGs
[2024-01-06T14:41:01.708-0800] {logging_mixin.py:188} INFO - [2024-01-06T14:41:01.707-0800] {dag.py:3820} INFO - Setting next_dagrun for example_setup_teardown_taskflow to 2024-01-05T00:00:00+00:00, run_after=2024-01-06T00:00:00+00:00
[2024-01-06T14:41:01.728-0800] {processor.py:183} INFO - Processing /mnt/c/Users/victo/OneDrive/Desktop/fantasy_nba_dashboard/airflow_env/lib/python3.10/site-packages/airflow/example_dags/example_setup_teardown_taskflow.py took 0.082 seconds
