[2024-01-06T14:24:41.282-0800] {processor.py:161} INFO - Started process (PID=7066) to work on /mnt/c/Users/victo/OneDrive/Desktop/fantasy_nba_dashboard/airflow_env/lib/python3.10/site-packages/airflow/example_dags/example_xcom.py
[2024-01-06T14:24:41.283-0800] {processor.py:830} INFO - Processing file /mnt/c/Users/victo/OneDrive/Desktop/fantasy_nba_dashboard/airflow_env/lib/python3.10/site-packages/airflow/example_dags/example_xcom.py for tasks to queue
[2024-01-06T14:24:41.284-0800] {logging_mixin.py:188} INFO - [2024-01-06T14:24:41.283-0800] {dagbag.py:538} INFO - Filling up the DagBag from /mnt/c/Users/victo/OneDrive/Desktop/fantasy_nba_dashboard/airflow_env/lib/python3.10/site-packages/airflow/example_dags/example_xcom.py
[2024-01-06T14:24:41.295-0800] {processor.py:840} INFO - DAG(s) 'example_xcom' retrieved from /mnt/c/Users/victo/OneDrive/Desktop/fantasy_nba_dashboard/airflow_env/lib/python3.10/site-packages/airflow/example_dags/example_xcom.py
[2024-01-06T14:24:41.399-0800] {logging_mixin.py:188} INFO - [2024-01-06T14:24:41.399-0800] {dag.py:3033} INFO - Sync 1 DAGs
[2024-01-06T14:24:41.413-0800] {logging_mixin.py:188} INFO - [2024-01-06T14:24:41.413-0800] {dag.py:3820} INFO - Setting next_dagrun for example_xcom to 2021-01-01T00:00:00+00:00, run_after=2021-01-01T00:00:00+00:00
[2024-01-06T14:24:41.431-0800] {processor.py:183} INFO - Processing /mnt/c/Users/victo/OneDrive/Desktop/fantasy_nba_dashboard/airflow_env/lib/python3.10/site-packages/airflow/example_dags/example_xcom.py took 0.153 seconds
[2024-01-06T14:25:11.729-0800] {processor.py:161} INFO - Started process (PID=7225) to work on /mnt/c/Users/victo/OneDrive/Desktop/fantasy_nba_dashboard/airflow_env/lib/python3.10/site-packages/airflow/example_dags/example_xcom.py
[2024-01-06T14:25:11.730-0800] {processor.py:830} INFO - Processing file /mnt/c/Users/victo/OneDrive/Desktop/fantasy_nba_dashboard/airflow_env/lib/python3.10/site-packages/airflow/example_dags/example_xcom.py for tasks to queue
[2024-01-06T14:25:11.731-0800] {logging_mixin.py:188} INFO - [2024-01-06T14:25:11.731-0800] {dagbag.py:538} INFO - Filling up the DagBag from /mnt/c/Users/victo/OneDrive/Desktop/fantasy_nba_dashboard/airflow_env/lib/python3.10/site-packages/airflow/example_dags/example_xcom.py
[2024-01-06T14:25:11.739-0800] {processor.py:840} INFO - DAG(s) 'example_xcom' retrieved from /mnt/c/Users/victo/OneDrive/Desktop/fantasy_nba_dashboard/airflow_env/lib/python3.10/site-packages/airflow/example_dags/example_xcom.py
[2024-01-06T14:25:11.768-0800] {logging_mixin.py:188} INFO - [2024-01-06T14:25:11.768-0800] {dag.py:3033} INFO - Sync 1 DAGs
[2024-01-06T14:25:11.787-0800] {logging_mixin.py:188} INFO - [2024-01-06T14:25:11.786-0800] {dag.py:3820} INFO - Setting next_dagrun for example_xcom to 2021-01-01T00:00:00+00:00, run_after=2021-01-01T00:00:00+00:00
[2024-01-06T14:25:11.804-0800] {processor.py:183} INFO - Processing /mnt/c/Users/victo/OneDrive/Desktop/fantasy_nba_dashboard/airflow_env/lib/python3.10/site-packages/airflow/example_dags/example_xcom.py took 0.078 seconds
[2024-01-06T14:25:42.087-0800] {processor.py:161} INFO - Started process (PID=7475) to work on /mnt/c/Users/victo/OneDrive/Desktop/fantasy_nba_dashboard/airflow_env/lib/python3.10/site-packages/airflow/example_dags/example_xcom.py
[2024-01-06T14:25:42.087-0800] {processor.py:830} INFO - Processing file /mnt/c/Users/victo/OneDrive/Desktop/fantasy_nba_dashboard/airflow_env/lib/python3.10/site-packages/airflow/example_dags/example_xcom.py for tasks to queue
[2024-01-06T14:25:42.088-0800] {logging_mixin.py:188} INFO - [2024-01-06T14:25:42.088-0800] {dagbag.py:538} INFO - Filling up the DagBag from /mnt/c/Users/victo/OneDrive/Desktop/fantasy_nba_dashboard/airflow_env/lib/python3.10/site-packages/airflow/example_dags/example_xcom.py
[2024-01-06T14:25:42.095-0800] {processor.py:840} INFO - DAG(s) 'example_xcom' retrieved from /mnt/c/Users/victo/OneDrive/Desktop/fantasy_nba_dashboard/airflow_env/lib/python3.10/site-packages/airflow/example_dags/example_xcom.py
[2024-01-06T14:25:42.122-0800] {logging_mixin.py:188} INFO - [2024-01-06T14:25:42.122-0800] {dag.py:3033} INFO - Sync 1 DAGs
[2024-01-06T14:25:42.138-0800] {logging_mixin.py:188} INFO - [2024-01-06T14:25:42.138-0800] {dag.py:3820} INFO - Setting next_dagrun for example_xcom to 2021-01-01T00:00:00+00:00, run_after=2021-01-01T00:00:00+00:00
[2024-01-06T14:25:42.149-0800] {processor.py:183} INFO - Processing /mnt/c/Users/victo/OneDrive/Desktop/fantasy_nba_dashboard/airflow_env/lib/python3.10/site-packages/airflow/example_dags/example_xcom.py took 0.066 seconds
[2024-01-06T14:26:12.246-0800] {processor.py:161} INFO - Started process (PID=7995) to work on /mnt/c/Users/victo/OneDrive/Desktop/fantasy_nba_dashboard/airflow_env/lib/python3.10/site-packages/airflow/example_dags/example_xcom.py
[2024-01-06T14:26:12.247-0800] {processor.py:830} INFO - Processing file /mnt/c/Users/victo/OneDrive/Desktop/fantasy_nba_dashboard/airflow_env/lib/python3.10/site-packages/airflow/example_dags/example_xcom.py for tasks to queue
[2024-01-06T14:26:12.248-0800] {logging_mixin.py:188} INFO - [2024-01-06T14:26:12.248-0800] {dagbag.py:538} INFO - Filling up the DagBag from /mnt/c/Users/victo/OneDrive/Desktop/fantasy_nba_dashboard/airflow_env/lib/python3.10/site-packages/airflow/example_dags/example_xcom.py
[2024-01-06T14:26:12.255-0800] {processor.py:840} INFO - DAG(s) 'example_xcom' retrieved from /mnt/c/Users/victo/OneDrive/Desktop/fantasy_nba_dashboard/airflow_env/lib/python3.10/site-packages/airflow/example_dags/example_xcom.py
[2024-01-06T14:26:12.285-0800] {logging_mixin.py:188} INFO - [2024-01-06T14:26:12.285-0800] {dag.py:3033} INFO - Sync 1 DAGs
[2024-01-06T14:26:12.300-0800] {logging_mixin.py:188} INFO - [2024-01-06T14:26:12.300-0800] {dag.py:3820} INFO - Setting next_dagrun for example_xcom to 2021-01-01T00:00:00+00:00, run_after=2021-01-01T00:00:00+00:00
[2024-01-06T14:26:12.318-0800] {processor.py:183} INFO - Processing /mnt/c/Users/victo/OneDrive/Desktop/fantasy_nba_dashboard/airflow_env/lib/python3.10/site-packages/airflow/example_dags/example_xcom.py took 0.076 seconds
[2024-01-06T14:35:53.330-0800] {processor.py:161} INFO - Started process (PID=9523) to work on /mnt/c/Users/victo/OneDrive/Desktop/fantasy_nba_dashboard/airflow_env/lib/python3.10/site-packages/airflow/example_dags/example_xcom.py
[2024-01-06T14:35:53.331-0800] {processor.py:830} INFO - Processing file /mnt/c/Users/victo/OneDrive/Desktop/fantasy_nba_dashboard/airflow_env/lib/python3.10/site-packages/airflow/example_dags/example_xcom.py for tasks to queue
[2024-01-06T14:35:53.332-0800] {logging_mixin.py:188} INFO - [2024-01-06T14:35:53.332-0800] {dagbag.py:538} INFO - Filling up the DagBag from /mnt/c/Users/victo/OneDrive/Desktop/fantasy_nba_dashboard/airflow_env/lib/python3.10/site-packages/airflow/example_dags/example_xcom.py
[2024-01-06T14:35:53.343-0800] {processor.py:840} INFO - DAG(s) 'example_xcom' retrieved from /mnt/c/Users/victo/OneDrive/Desktop/fantasy_nba_dashboard/airflow_env/lib/python3.10/site-packages/airflow/example_dags/example_xcom.py
[2024-01-06T14:35:53.379-0800] {logging_mixin.py:188} INFO - [2024-01-06T14:35:53.379-0800] {dag.py:3033} INFO - Sync 1 DAGs
[2024-01-06T14:35:53.395-0800] {logging_mixin.py:188} INFO - [2024-01-06T14:35:53.395-0800] {dag.py:3820} INFO - Setting next_dagrun for example_xcom to 2021-01-01T00:00:00+00:00, run_after=2021-01-01T00:00:00+00:00
[2024-01-06T14:35:53.408-0800] {processor.py:183} INFO - Processing /mnt/c/Users/victo/OneDrive/Desktop/fantasy_nba_dashboard/airflow_env/lib/python3.10/site-packages/airflow/example_dags/example_xcom.py took 0.081 seconds
[2024-01-06T14:36:23.667-0800] {processor.py:161} INFO - Started process (PID=9704) to work on /mnt/c/Users/victo/OneDrive/Desktop/fantasy_nba_dashboard/airflow_env/lib/python3.10/site-packages/airflow/example_dags/example_xcom.py
[2024-01-06T14:36:23.668-0800] {processor.py:830} INFO - Processing file /mnt/c/Users/victo/OneDrive/Desktop/fantasy_nba_dashboard/airflow_env/lib/python3.10/site-packages/airflow/example_dags/example_xcom.py for tasks to queue
[2024-01-06T14:36:23.669-0800] {logging_mixin.py:188} INFO - [2024-01-06T14:36:23.669-0800] {dagbag.py:538} INFO - Filling up the DagBag from /mnt/c/Users/victo/OneDrive/Desktop/fantasy_nba_dashboard/airflow_env/lib/python3.10/site-packages/airflow/example_dags/example_xcom.py
[2024-01-06T14:36:23.676-0800] {processor.py:840} INFO - DAG(s) 'example_xcom' retrieved from /mnt/c/Users/victo/OneDrive/Desktop/fantasy_nba_dashboard/airflow_env/lib/python3.10/site-packages/airflow/example_dags/example_xcom.py
[2024-01-06T14:36:23.705-0800] {logging_mixin.py:188} INFO - [2024-01-06T14:36:23.704-0800] {dag.py:3033} INFO - Sync 1 DAGs
[2024-01-06T14:36:23.723-0800] {logging_mixin.py:188} INFO - [2024-01-06T14:36:23.723-0800] {dag.py:3820} INFO - Setting next_dagrun for example_xcom to 2021-01-01T00:00:00+00:00, run_after=2021-01-01T00:00:00+00:00
[2024-01-06T14:36:23.739-0800] {processor.py:183} INFO - Processing /mnt/c/Users/victo/OneDrive/Desktop/fantasy_nba_dashboard/airflow_env/lib/python3.10/site-packages/airflow/example_dags/example_xcom.py took 0.075 seconds
[2024-01-06T14:36:54.863-0800] {processor.py:161} INFO - Started process (PID=9983) to work on /mnt/c/Users/victo/OneDrive/Desktop/fantasy_nba_dashboard/airflow_env/lib/python3.10/site-packages/airflow/example_dags/example_xcom.py
[2024-01-06T14:36:54.864-0800] {processor.py:830} INFO - Processing file /mnt/c/Users/victo/OneDrive/Desktop/fantasy_nba_dashboard/airflow_env/lib/python3.10/site-packages/airflow/example_dags/example_xcom.py for tasks to queue
[2024-01-06T14:36:54.865-0800] {logging_mixin.py:188} INFO - [2024-01-06T14:36:54.864-0800] {dagbag.py:538} INFO - Filling up the DagBag from /mnt/c/Users/victo/OneDrive/Desktop/fantasy_nba_dashboard/airflow_env/lib/python3.10/site-packages/airflow/example_dags/example_xcom.py
[2024-01-06T14:36:54.873-0800] {processor.py:840} INFO - DAG(s) 'example_xcom' retrieved from /mnt/c/Users/victo/OneDrive/Desktop/fantasy_nba_dashboard/airflow_env/lib/python3.10/site-packages/airflow/example_dags/example_xcom.py
[2024-01-06T14:36:54.913-0800] {logging_mixin.py:188} INFO - [2024-01-06T14:36:54.912-0800] {dag.py:3033} INFO - Sync 1 DAGs
[2024-01-06T14:36:54.936-0800] {logging_mixin.py:188} INFO - [2024-01-06T14:36:54.936-0800] {dag.py:3820} INFO - Setting next_dagrun for example_xcom to 2021-01-01T00:00:00+00:00, run_after=2021-01-01T00:00:00+00:00
[2024-01-06T14:36:54.958-0800] {processor.py:183} INFO - Processing /mnt/c/Users/victo/OneDrive/Desktop/fantasy_nba_dashboard/airflow_env/lib/python3.10/site-packages/airflow/example_dags/example_xcom.py took 0.100 seconds
[2024-01-06T14:37:25.607-0800] {processor.py:161} INFO - Started process (PID=10261) to work on /mnt/c/Users/victo/OneDrive/Desktop/fantasy_nba_dashboard/airflow_env/lib/python3.10/site-packages/airflow/example_dags/example_xcom.py
[2024-01-06T14:37:25.608-0800] {processor.py:830} INFO - Processing file /mnt/c/Users/victo/OneDrive/Desktop/fantasy_nba_dashboard/airflow_env/lib/python3.10/site-packages/airflow/example_dags/example_xcom.py for tasks to queue
[2024-01-06T14:37:25.609-0800] {logging_mixin.py:188} INFO - [2024-01-06T14:37:25.609-0800] {dagbag.py:538} INFO - Filling up the DagBag from /mnt/c/Users/victo/OneDrive/Desktop/fantasy_nba_dashboard/airflow_env/lib/python3.10/site-packages/airflow/example_dags/example_xcom.py
[2024-01-06T14:37:25.617-0800] {processor.py:840} INFO - DAG(s) 'example_xcom' retrieved from /mnt/c/Users/victo/OneDrive/Desktop/fantasy_nba_dashboard/airflow_env/lib/python3.10/site-packages/airflow/example_dags/example_xcom.py
[2024-01-06T14:37:25.646-0800] {logging_mixin.py:188} INFO - [2024-01-06T14:37:25.646-0800] {dag.py:3033} INFO - Sync 1 DAGs
[2024-01-06T14:37:25.665-0800] {logging_mixin.py:188} INFO - [2024-01-06T14:37:25.665-0800] {dag.py:3820} INFO - Setting next_dagrun for example_xcom to 2021-01-01T00:00:00+00:00, run_after=2021-01-01T00:00:00+00:00
[2024-01-06T14:37:25.679-0800] {processor.py:183} INFO - Processing /mnt/c/Users/victo/OneDrive/Desktop/fantasy_nba_dashboard/airflow_env/lib/python3.10/site-packages/airflow/example_dags/example_xcom.py took 0.076 seconds
[2024-01-06T14:37:56.332-0800] {processor.py:161} INFO - Started process (PID=10463) to work on /mnt/c/Users/victo/OneDrive/Desktop/fantasy_nba_dashboard/airflow_env/lib/python3.10/site-packages/airflow/example_dags/example_xcom.py
[2024-01-06T14:37:56.333-0800] {processor.py:830} INFO - Processing file /mnt/c/Users/victo/OneDrive/Desktop/fantasy_nba_dashboard/airflow_env/lib/python3.10/site-packages/airflow/example_dags/example_xcom.py for tasks to queue
[2024-01-06T14:37:56.334-0800] {logging_mixin.py:188} INFO - [2024-01-06T14:37:56.333-0800] {dagbag.py:538} INFO - Filling up the DagBag from /mnt/c/Users/victo/OneDrive/Desktop/fantasy_nba_dashboard/airflow_env/lib/python3.10/site-packages/airflow/example_dags/example_xcom.py
[2024-01-06T14:37:56.341-0800] {processor.py:840} INFO - DAG(s) 'example_xcom' retrieved from /mnt/c/Users/victo/OneDrive/Desktop/fantasy_nba_dashboard/airflow_env/lib/python3.10/site-packages/airflow/example_dags/example_xcom.py
[2024-01-06T14:37:56.372-0800] {logging_mixin.py:188} INFO - [2024-01-06T14:37:56.372-0800] {dag.py:3033} INFO - Sync 1 DAGs
[2024-01-06T14:37:56.388-0800] {logging_mixin.py:188} INFO - [2024-01-06T14:37:56.388-0800] {dag.py:3820} INFO - Setting next_dagrun for example_xcom to 2021-01-01T00:00:00+00:00, run_after=2021-01-01T00:00:00+00:00
[2024-01-06T14:37:56.405-0800] {processor.py:183} INFO - Processing /mnt/c/Users/victo/OneDrive/Desktop/fantasy_nba_dashboard/airflow_env/lib/python3.10/site-packages/airflow/example_dags/example_xcom.py took 0.077 seconds
[2024-01-06T14:38:27.030-0800] {processor.py:161} INFO - Started process (PID=10635) to work on /mnt/c/Users/victo/OneDrive/Desktop/fantasy_nba_dashboard/airflow_env/lib/python3.10/site-packages/airflow/example_dags/example_xcom.py
[2024-01-06T14:38:27.031-0800] {processor.py:830} INFO - Processing file /mnt/c/Users/victo/OneDrive/Desktop/fantasy_nba_dashboard/airflow_env/lib/python3.10/site-packages/airflow/example_dags/example_xcom.py for tasks to queue
[2024-01-06T14:38:27.032-0800] {logging_mixin.py:188} INFO - [2024-01-06T14:38:27.032-0800] {dagbag.py:538} INFO - Filling up the DagBag from /mnt/c/Users/victo/OneDrive/Desktop/fantasy_nba_dashboard/airflow_env/lib/python3.10/site-packages/airflow/example_dags/example_xcom.py
[2024-01-06T14:38:27.040-0800] {processor.py:840} INFO - DAG(s) 'example_xcom' retrieved from /mnt/c/Users/victo/OneDrive/Desktop/fantasy_nba_dashboard/airflow_env/lib/python3.10/site-packages/airflow/example_dags/example_xcom.py
[2024-01-06T14:38:27.069-0800] {logging_mixin.py:188} INFO - [2024-01-06T14:38:27.069-0800] {dag.py:3033} INFO - Sync 1 DAGs
[2024-01-06T14:38:27.085-0800] {logging_mixin.py:188} INFO - [2024-01-06T14:38:27.085-0800] {dag.py:3820} INFO - Setting next_dagrun for example_xcom to 2021-01-01T00:00:00+00:00, run_after=2021-01-01T00:00:00+00:00
[2024-01-06T14:38:27.099-0800] {processor.py:183} INFO - Processing /mnt/c/Users/victo/OneDrive/Desktop/fantasy_nba_dashboard/airflow_env/lib/python3.10/site-packages/airflow/example_dags/example_xcom.py took 0.072 seconds
[2024-01-06T14:38:57.889-0800] {processor.py:161} INFO - Started process (PID=10794) to work on /mnt/c/Users/victo/OneDrive/Desktop/fantasy_nba_dashboard/airflow_env/lib/python3.10/site-packages/airflow/example_dags/example_xcom.py
[2024-01-06T14:38:57.890-0800] {processor.py:830} INFO - Processing file /mnt/c/Users/victo/OneDrive/Desktop/fantasy_nba_dashboard/airflow_env/lib/python3.10/site-packages/airflow/example_dags/example_xcom.py for tasks to queue
[2024-01-06T14:38:57.891-0800] {logging_mixin.py:188} INFO - [2024-01-06T14:38:57.891-0800] {dagbag.py:538} INFO - Filling up the DagBag from /mnt/c/Users/victo/OneDrive/Desktop/fantasy_nba_dashboard/airflow_env/lib/python3.10/site-packages/airflow/example_dags/example_xcom.py
[2024-01-06T14:38:57.899-0800] {processor.py:840} INFO - DAG(s) 'example_xcom' retrieved from /mnt/c/Users/victo/OneDrive/Desktop/fantasy_nba_dashboard/airflow_env/lib/python3.10/site-packages/airflow/example_dags/example_xcom.py
[2024-01-06T14:38:57.935-0800] {logging_mixin.py:188} INFO - [2024-01-06T14:38:57.934-0800] {dag.py:3033} INFO - Sync 1 DAGs
[2024-01-06T14:38:57.957-0800] {logging_mixin.py:188} INFO - [2024-01-06T14:38:57.957-0800] {dag.py:3820} INFO - Setting next_dagrun for example_xcom to 2021-01-01T00:00:00+00:00, run_after=2021-01-01T00:00:00+00:00
[2024-01-06T14:38:57.979-0800] {processor.py:183} INFO - Processing /mnt/c/Users/victo/OneDrive/Desktop/fantasy_nba_dashboard/airflow_env/lib/python3.10/site-packages/airflow/example_dags/example_xcom.py took 0.094 seconds
[2024-01-06T14:39:28.662-0800] {processor.py:161} INFO - Started process (PID=10987) to work on /mnt/c/Users/victo/OneDrive/Desktop/fantasy_nba_dashboard/airflow_env/lib/python3.10/site-packages/airflow/example_dags/example_xcom.py
[2024-01-06T14:39:28.663-0800] {processor.py:830} INFO - Processing file /mnt/c/Users/victo/OneDrive/Desktop/fantasy_nba_dashboard/airflow_env/lib/python3.10/site-packages/airflow/example_dags/example_xcom.py for tasks to queue
[2024-01-06T14:39:28.664-0800] {logging_mixin.py:188} INFO - [2024-01-06T14:39:28.663-0800] {dagbag.py:538} INFO - Filling up the DagBag from /mnt/c/Users/victo/OneDrive/Desktop/fantasy_nba_dashboard/airflow_env/lib/python3.10/site-packages/airflow/example_dags/example_xcom.py
[2024-01-06T14:39:28.671-0800] {processor.py:840} INFO - DAG(s) 'example_xcom' retrieved from /mnt/c/Users/victo/OneDrive/Desktop/fantasy_nba_dashboard/airflow_env/lib/python3.10/site-packages/airflow/example_dags/example_xcom.py
[2024-01-06T14:39:28.699-0800] {logging_mixin.py:188} INFO - [2024-01-06T14:39:28.699-0800] {dag.py:3033} INFO - Sync 1 DAGs
[2024-01-06T14:39:28.717-0800] {logging_mixin.py:188} INFO - [2024-01-06T14:39:28.717-0800] {dag.py:3820} INFO - Setting next_dagrun for example_xcom to 2021-01-01T00:00:00+00:00, run_after=2021-01-01T00:00:00+00:00
[2024-01-06T14:39:28.730-0800] {processor.py:183} INFO - Processing /mnt/c/Users/victo/OneDrive/Desktop/fantasy_nba_dashboard/airflow_env/lib/python3.10/site-packages/airflow/example_dags/example_xcom.py took 0.072 seconds
[2024-01-06T14:39:59.441-0800] {processor.py:161} INFO - Started process (PID=11141) to work on /mnt/c/Users/victo/OneDrive/Desktop/fantasy_nba_dashboard/airflow_env/lib/python3.10/site-packages/airflow/example_dags/example_xcom.py
[2024-01-06T14:39:59.442-0800] {processor.py:830} INFO - Processing file /mnt/c/Users/victo/OneDrive/Desktop/fantasy_nba_dashboard/airflow_env/lib/python3.10/site-packages/airflow/example_dags/example_xcom.py for tasks to queue
[2024-01-06T14:39:59.443-0800] {logging_mixin.py:188} INFO - [2024-01-06T14:39:59.442-0800] {dagbag.py:538} INFO - Filling up the DagBag from /mnt/c/Users/victo/OneDrive/Desktop/fantasy_nba_dashboard/airflow_env/lib/python3.10/site-packages/airflow/example_dags/example_xcom.py
[2024-01-06T14:39:59.450-0800] {processor.py:840} INFO - DAG(s) 'example_xcom' retrieved from /mnt/c/Users/victo/OneDrive/Desktop/fantasy_nba_dashboard/airflow_env/lib/python3.10/site-packages/airflow/example_dags/example_xcom.py
[2024-01-06T14:39:59.480-0800] {logging_mixin.py:188} INFO - [2024-01-06T14:39:59.479-0800] {dag.py:3033} INFO - Sync 1 DAGs
[2024-01-06T14:39:59.497-0800] {logging_mixin.py:188} INFO - [2024-01-06T14:39:59.497-0800] {dag.py:3820} INFO - Setting next_dagrun for example_xcom to 2021-01-01T00:00:00+00:00, run_after=2021-01-01T00:00:00+00:00
[2024-01-06T14:39:59.516-0800] {processor.py:183} INFO - Processing /mnt/c/Users/victo/OneDrive/Desktop/fantasy_nba_dashboard/airflow_env/lib/python3.10/site-packages/airflow/example_dags/example_xcom.py took 0.079 seconds
[2024-01-06T14:40:30.197-0800] {processor.py:161} INFO - Started process (PID=11299) to work on /mnt/c/Users/victo/OneDrive/Desktop/fantasy_nba_dashboard/airflow_env/lib/python3.10/site-packages/airflow/example_dags/example_xcom.py
[2024-01-06T14:40:30.198-0800] {processor.py:830} INFO - Processing file /mnt/c/Users/victo/OneDrive/Desktop/fantasy_nba_dashboard/airflow_env/lib/python3.10/site-packages/airflow/example_dags/example_xcom.py for tasks to queue
[2024-01-06T14:40:30.198-0800] {logging_mixin.py:188} INFO - [2024-01-06T14:40:30.198-0800] {dagbag.py:538} INFO - Filling up the DagBag from /mnt/c/Users/victo/OneDrive/Desktop/fantasy_nba_dashboard/airflow_env/lib/python3.10/site-packages/airflow/example_dags/example_xcom.py
[2024-01-06T14:40:30.206-0800] {processor.py:840} INFO - DAG(s) 'example_xcom' retrieved from /mnt/c/Users/victo/OneDrive/Desktop/fantasy_nba_dashboard/airflow_env/lib/python3.10/site-packages/airflow/example_dags/example_xcom.py
[2024-01-06T14:40:30.237-0800] {logging_mixin.py:188} INFO - [2024-01-06T14:40:30.237-0800] {dag.py:3033} INFO - Sync 1 DAGs
[2024-01-06T14:40:30.253-0800] {logging_mixin.py:188} INFO - [2024-01-06T14:40:30.253-0800] {dag.py:3820} INFO - Setting next_dagrun for example_xcom to 2021-01-01T00:00:00+00:00, run_after=2021-01-01T00:00:00+00:00
[2024-01-06T14:40:30.272-0800] {processor.py:183} INFO - Processing /mnt/c/Users/victo/OneDrive/Desktop/fantasy_nba_dashboard/airflow_env/lib/python3.10/site-packages/airflow/example_dags/example_xcom.py took 0.079 seconds
[2024-01-06T14:41:00.965-0800] {processor.py:161} INFO - Started process (PID=11482) to work on /mnt/c/Users/victo/OneDrive/Desktop/fantasy_nba_dashboard/airflow_env/lib/python3.10/site-packages/airflow/example_dags/example_xcom.py
[2024-01-06T14:41:00.966-0800] {processor.py:830} INFO - Processing file /mnt/c/Users/victo/OneDrive/Desktop/fantasy_nba_dashboard/airflow_env/lib/python3.10/site-packages/airflow/example_dags/example_xcom.py for tasks to queue
[2024-01-06T14:41:00.966-0800] {logging_mixin.py:188} INFO - [2024-01-06T14:41:00.966-0800] {dagbag.py:538} INFO - Filling up the DagBag from /mnt/c/Users/victo/OneDrive/Desktop/fantasy_nba_dashboard/airflow_env/lib/python3.10/site-packages/airflow/example_dags/example_xcom.py
[2024-01-06T14:41:00.975-0800] {processor.py:840} INFO - DAG(s) 'example_xcom' retrieved from /mnt/c/Users/victo/OneDrive/Desktop/fantasy_nba_dashboard/airflow_env/lib/python3.10/site-packages/airflow/example_dags/example_xcom.py
[2024-01-06T14:41:01.005-0800] {logging_mixin.py:188} INFO - [2024-01-06T14:41:01.004-0800] {dag.py:3033} INFO - Sync 1 DAGs
[2024-01-06T14:41:01.022-0800] {logging_mixin.py:188} INFO - [2024-01-06T14:41:01.022-0800] {dag.py:3820} INFO - Setting next_dagrun for example_xcom to 2021-01-01T00:00:00+00:00, run_after=2021-01-01T00:00:00+00:00
[2024-01-06T14:41:01.036-0800] {processor.py:183} INFO - Processing /mnt/c/Users/victo/OneDrive/Desktop/fantasy_nba_dashboard/airflow_env/lib/python3.10/site-packages/airflow/example_dags/example_xcom.py took 0.076 seconds
