[2024-01-06T14:24:44.952-0800] {processor.py:161} INFO - Started process (PID=7147) to work on /mnt/c/Users/victo/OneDrive/Desktop/fantasy_nba_dashboard/airflow_env/lib/python3.10/site-packages/airflow/example_dags/example_bash_operator.py
[2024-01-06T14:24:44.953-0800] {processor.py:830} INFO - Processing file /mnt/c/Users/victo/OneDrive/Desktop/fantasy_nba_dashboard/airflow_env/lib/python3.10/site-packages/airflow/example_dags/example_bash_operator.py for tasks to queue
[2024-01-06T14:24:44.954-0800] {logging_mixin.py:188} INFO - [2024-01-06T14:24:44.953-0800] {dagbag.py:538} INFO - Filling up the DagBag from /mnt/c/Users/victo/OneDrive/Desktop/fantasy_nba_dashboard/airflow_env/lib/python3.10/site-packages/airflow/example_dags/example_bash_operator.py
[2024-01-06T14:24:44.964-0800] {processor.py:840} INFO - DAG(s) 'example_bash_operator' retrieved from /mnt/c/Users/victo/OneDrive/Desktop/fantasy_nba_dashboard/airflow_env/lib/python3.10/site-packages/airflow/example_dags/example_bash_operator.py
[2024-01-06T14:24:45.059-0800] {logging_mixin.py:188} INFO - [2024-01-06T14:24:45.059-0800] {dag.py:3033} INFO - Sync 1 DAGs
[2024-01-06T14:24:45.073-0800] {logging_mixin.py:188} INFO - [2024-01-06T14:24:45.073-0800] {dag.py:3820} INFO - Setting next_dagrun for example_bash_operator to 2024-01-05T00:00:00+00:00, run_after=2024-01-06T00:00:00+00:00
[2024-01-06T14:24:45.090-0800] {processor.py:183} INFO - Processing /mnt/c/Users/victo/OneDrive/Desktop/fantasy_nba_dashboard/airflow_env/lib/python3.10/site-packages/airflow/example_dags/example_bash_operator.py took 0.142 seconds
[2024-01-06T14:25:15.411-0800] {processor.py:161} INFO - Started process (PID=7305) to work on /mnt/c/Users/victo/OneDrive/Desktop/fantasy_nba_dashboard/airflow_env/lib/python3.10/site-packages/airflow/example_dags/example_bash_operator.py
[2024-01-06T14:25:15.412-0800] {processor.py:830} INFO - Processing file /mnt/c/Users/victo/OneDrive/Desktop/fantasy_nba_dashboard/airflow_env/lib/python3.10/site-packages/airflow/example_dags/example_bash_operator.py for tasks to queue
[2024-01-06T14:25:15.412-0800] {logging_mixin.py:188} INFO - [2024-01-06T14:25:15.412-0800] {dagbag.py:538} INFO - Filling up the DagBag from /mnt/c/Users/victo/OneDrive/Desktop/fantasy_nba_dashboard/airflow_env/lib/python3.10/site-packages/airflow/example_dags/example_bash_operator.py
[2024-01-06T14:25:15.422-0800] {processor.py:840} INFO - DAG(s) 'example_bash_operator' retrieved from /mnt/c/Users/victo/OneDrive/Desktop/fantasy_nba_dashboard/airflow_env/lib/python3.10/site-packages/airflow/example_dags/example_bash_operator.py
[2024-01-06T14:25:15.454-0800] {logging_mixin.py:188} INFO - [2024-01-06T14:25:15.454-0800] {dag.py:3033} INFO - Sync 1 DAGs
[2024-01-06T14:25:15.471-0800] {logging_mixin.py:188} INFO - [2024-01-06T14:25:15.471-0800] {dag.py:3820} INFO - Setting next_dagrun for example_bash_operator to 2024-01-05T00:00:00+00:00, run_after=2024-01-06T00:00:00+00:00
[2024-01-06T14:25:15.488-0800] {processor.py:183} INFO - Processing /mnt/c/Users/victo/OneDrive/Desktop/fantasy_nba_dashboard/airflow_env/lib/python3.10/site-packages/airflow/example_dags/example_bash_operator.py took 0.082 seconds
[2024-01-06T14:25:45.568-0800] {processor.py:161} INFO - Started process (PID=7566) to work on /mnt/c/Users/victo/OneDrive/Desktop/fantasy_nba_dashboard/airflow_env/lib/python3.10/site-packages/airflow/example_dags/example_bash_operator.py
[2024-01-06T14:25:45.569-0800] {processor.py:830} INFO - Processing file /mnt/c/Users/victo/OneDrive/Desktop/fantasy_nba_dashboard/airflow_env/lib/python3.10/site-packages/airflow/example_dags/example_bash_operator.py for tasks to queue
[2024-01-06T14:25:45.569-0800] {logging_mixin.py:188} INFO - [2024-01-06T14:25:45.569-0800] {dagbag.py:538} INFO - Filling up the DagBag from /mnt/c/Users/victo/OneDrive/Desktop/fantasy_nba_dashboard/airflow_env/lib/python3.10/site-packages/airflow/example_dags/example_bash_operator.py
[2024-01-06T14:25:45.583-0800] {processor.py:840} INFO - DAG(s) 'example_bash_operator' retrieved from /mnt/c/Users/victo/OneDrive/Desktop/fantasy_nba_dashboard/airflow_env/lib/python3.10/site-packages/airflow/example_dags/example_bash_operator.py
[2024-01-06T14:25:45.616-0800] {logging_mixin.py:188} INFO - [2024-01-06T14:25:45.616-0800] {dag.py:3033} INFO - Sync 1 DAGs
[2024-01-06T14:25:45.633-0800] {logging_mixin.py:188} INFO - [2024-01-06T14:25:45.633-0800] {dag.py:3820} INFO - Setting next_dagrun for example_bash_operator to 2024-01-05T00:00:00+00:00, run_after=2024-01-06T00:00:00+00:00
[2024-01-06T14:25:45.652-0800] {processor.py:183} INFO - Processing /mnt/c/Users/victo/OneDrive/Desktop/fantasy_nba_dashboard/airflow_env/lib/python3.10/site-packages/airflow/example_dags/example_bash_operator.py took 0.088 seconds
[2024-01-06T14:26:15.817-0800] {processor.py:161} INFO - Started process (PID=8091) to work on /mnt/c/Users/victo/OneDrive/Desktop/fantasy_nba_dashboard/airflow_env/lib/python3.10/site-packages/airflow/example_dags/example_bash_operator.py
[2024-01-06T14:26:15.818-0800] {processor.py:830} INFO - Processing file /mnt/c/Users/victo/OneDrive/Desktop/fantasy_nba_dashboard/airflow_env/lib/python3.10/site-packages/airflow/example_dags/example_bash_operator.py for tasks to queue
[2024-01-06T14:26:15.818-0800] {logging_mixin.py:188} INFO - [2024-01-06T14:26:15.818-0800] {dagbag.py:538} INFO - Filling up the DagBag from /mnt/c/Users/victo/OneDrive/Desktop/fantasy_nba_dashboard/airflow_env/lib/python3.10/site-packages/airflow/example_dags/example_bash_operator.py
[2024-01-06T14:26:15.828-0800] {processor.py:840} INFO - DAG(s) 'example_bash_operator' retrieved from /mnt/c/Users/victo/OneDrive/Desktop/fantasy_nba_dashboard/airflow_env/lib/python3.10/site-packages/airflow/example_dags/example_bash_operator.py
[2024-01-06T14:26:15.859-0800] {logging_mixin.py:188} INFO - [2024-01-06T14:26:15.859-0800] {dag.py:3033} INFO - Sync 1 DAGs
[2024-01-06T14:26:15.874-0800] {logging_mixin.py:188} INFO - [2024-01-06T14:26:15.874-0800] {dag.py:3820} INFO - Setting next_dagrun for example_bash_operator to 2024-01-05T00:00:00+00:00, run_after=2024-01-06T00:00:00+00:00
[2024-01-06T14:26:15.891-0800] {processor.py:183} INFO - Processing /mnt/c/Users/victo/OneDrive/Desktop/fantasy_nba_dashboard/airflow_env/lib/python3.10/site-packages/airflow/example_dags/example_bash_operator.py took 0.078 seconds
[2024-01-06T14:35:55.926-0800] {processor.py:161} INFO - Started process (PID=9600) to work on /mnt/c/Users/victo/OneDrive/Desktop/fantasy_nba_dashboard/airflow_env/lib/python3.10/site-packages/airflow/example_dags/example_bash_operator.py
[2024-01-06T14:35:55.927-0800] {processor.py:830} INFO - Processing file /mnt/c/Users/victo/OneDrive/Desktop/fantasy_nba_dashboard/airflow_env/lib/python3.10/site-packages/airflow/example_dags/example_bash_operator.py for tasks to queue
[2024-01-06T14:35:55.928-0800] {logging_mixin.py:188} INFO - [2024-01-06T14:35:55.928-0800] {dagbag.py:538} INFO - Filling up the DagBag from /mnt/c/Users/victo/OneDrive/Desktop/fantasy_nba_dashboard/airflow_env/lib/python3.10/site-packages/airflow/example_dags/example_bash_operator.py
[2024-01-06T14:35:55.939-0800] {processor.py:840} INFO - DAG(s) 'example_bash_operator' retrieved from /mnt/c/Users/victo/OneDrive/Desktop/fantasy_nba_dashboard/airflow_env/lib/python3.10/site-packages/airflow/example_dags/example_bash_operator.py
[2024-01-06T14:35:55.970-0800] {logging_mixin.py:188} INFO - [2024-01-06T14:35:55.970-0800] {dag.py:3033} INFO - Sync 1 DAGs
[2024-01-06T14:35:55.988-0800] {logging_mixin.py:188} INFO - [2024-01-06T14:35:55.988-0800] {dag.py:3820} INFO - Setting next_dagrun for example_bash_operator to 2024-01-05T00:00:00+00:00, run_after=2024-01-06T00:00:00+00:00
[2024-01-06T14:35:56.000-0800] {processor.py:183} INFO - Processing /mnt/c/Users/victo/OneDrive/Desktop/fantasy_nba_dashboard/airflow_env/lib/python3.10/site-packages/airflow/example_dags/example_bash_operator.py took 0.077 seconds
[2024-01-06T14:36:26.946-0800] {processor.py:161} INFO - Started process (PID=9783) to work on /mnt/c/Users/victo/OneDrive/Desktop/fantasy_nba_dashboard/airflow_env/lib/python3.10/site-packages/airflow/example_dags/example_bash_operator.py
[2024-01-06T14:36:26.947-0800] {processor.py:830} INFO - Processing file /mnt/c/Users/victo/OneDrive/Desktop/fantasy_nba_dashboard/airflow_env/lib/python3.10/site-packages/airflow/example_dags/example_bash_operator.py for tasks to queue
[2024-01-06T14:36:26.948-0800] {logging_mixin.py:188} INFO - [2024-01-06T14:36:26.947-0800] {dagbag.py:538} INFO - Filling up the DagBag from /mnt/c/Users/victo/OneDrive/Desktop/fantasy_nba_dashboard/airflow_env/lib/python3.10/site-packages/airflow/example_dags/example_bash_operator.py
[2024-01-06T14:36:26.958-0800] {processor.py:840} INFO - DAG(s) 'example_bash_operator' retrieved from /mnt/c/Users/victo/OneDrive/Desktop/fantasy_nba_dashboard/airflow_env/lib/python3.10/site-packages/airflow/example_dags/example_bash_operator.py
[2024-01-06T14:36:26.992-0800] {logging_mixin.py:188} INFO - [2024-01-06T14:36:26.992-0800] {dag.py:3033} INFO - Sync 1 DAGs
[2024-01-06T14:36:27.008-0800] {logging_mixin.py:188} INFO - [2024-01-06T14:36:27.008-0800] {dag.py:3820} INFO - Setting next_dagrun for example_bash_operator to 2024-01-05T00:00:00+00:00, run_after=2024-01-06T00:00:00+00:00
[2024-01-06T14:36:27.027-0800] {processor.py:183} INFO - Processing /mnt/c/Users/victo/OneDrive/Desktop/fantasy_nba_dashboard/airflow_env/lib/python3.10/site-packages/airflow/example_dags/example_bash_operator.py took 0.085 seconds
[2024-01-06T14:36:57.910-0800] {processor.py:161} INFO - Started process (PID=10066) to work on /mnt/c/Users/victo/OneDrive/Desktop/fantasy_nba_dashboard/airflow_env/lib/python3.10/site-packages/airflow/example_dags/example_bash_operator.py
[2024-01-06T14:36:57.911-0800] {processor.py:830} INFO - Processing file /mnt/c/Users/victo/OneDrive/Desktop/fantasy_nba_dashboard/airflow_env/lib/python3.10/site-packages/airflow/example_dags/example_bash_operator.py for tasks to queue
[2024-01-06T14:36:57.912-0800] {logging_mixin.py:188} INFO - [2024-01-06T14:36:57.912-0800] {dagbag.py:538} INFO - Filling up the DagBag from /mnt/c/Users/victo/OneDrive/Desktop/fantasy_nba_dashboard/airflow_env/lib/python3.10/site-packages/airflow/example_dags/example_bash_operator.py
[2024-01-06T14:36:57.923-0800] {processor.py:840} INFO - DAG(s) 'example_bash_operator' retrieved from /mnt/c/Users/victo/OneDrive/Desktop/fantasy_nba_dashboard/airflow_env/lib/python3.10/site-packages/airflow/example_dags/example_bash_operator.py
[2024-01-06T14:36:57.955-0800] {logging_mixin.py:188} INFO - [2024-01-06T14:36:57.955-0800] {dag.py:3033} INFO - Sync 1 DAGs
[2024-01-06T14:36:57.973-0800] {logging_mixin.py:188} INFO - [2024-01-06T14:36:57.973-0800] {dag.py:3820} INFO - Setting next_dagrun for example_bash_operator to 2024-01-05T00:00:00+00:00, run_after=2024-01-06T00:00:00+00:00
[2024-01-06T14:36:57.989-0800] {processor.py:183} INFO - Processing /mnt/c/Users/victo/OneDrive/Desktop/fantasy_nba_dashboard/airflow_env/lib/python3.10/site-packages/airflow/example_dags/example_bash_operator.py took 0.083 seconds
[2024-01-06T14:37:28.614-0800] {processor.py:161} INFO - Started process (PID=10385) to work on /mnt/c/Users/victo/OneDrive/Desktop/fantasy_nba_dashboard/airflow_env/lib/python3.10/site-packages/airflow/example_dags/example_bash_operator.py
[2024-01-06T14:37:28.615-0800] {processor.py:830} INFO - Processing file /mnt/c/Users/victo/OneDrive/Desktop/fantasy_nba_dashboard/airflow_env/lib/python3.10/site-packages/airflow/example_dags/example_bash_operator.py for tasks to queue
[2024-01-06T14:37:28.616-0800] {logging_mixin.py:188} INFO - [2024-01-06T14:37:28.616-0800] {dagbag.py:538} INFO - Filling up the DagBag from /mnt/c/Users/victo/OneDrive/Desktop/fantasy_nba_dashboard/airflow_env/lib/python3.10/site-packages/airflow/example_dags/example_bash_operator.py
[2024-01-06T14:37:28.627-0800] {processor.py:840} INFO - DAG(s) 'example_bash_operator' retrieved from /mnt/c/Users/victo/OneDrive/Desktop/fantasy_nba_dashboard/airflow_env/lib/python3.10/site-packages/airflow/example_dags/example_bash_operator.py
[2024-01-06T14:37:28.661-0800] {logging_mixin.py:188} INFO - [2024-01-06T14:37:28.661-0800] {dag.py:3033} INFO - Sync 1 DAGs
[2024-01-06T14:37:28.678-0800] {logging_mixin.py:188} INFO - [2024-01-06T14:37:28.677-0800] {dag.py:3820} INFO - Setting next_dagrun for example_bash_operator to 2024-01-05T00:00:00+00:00, run_after=2024-01-06T00:00:00+00:00
[2024-01-06T14:37:28.696-0800] {processor.py:183} INFO - Processing /mnt/c/Users/victo/OneDrive/Desktop/fantasy_nba_dashboard/airflow_env/lib/python3.10/site-packages/airflow/example_dags/example_bash_operator.py took 0.086 seconds
[2024-01-06T14:37:59.300-0800] {processor.py:161} INFO - Started process (PID=10539) to work on /mnt/c/Users/victo/OneDrive/Desktop/fantasy_nba_dashboard/airflow_env/lib/python3.10/site-packages/airflow/example_dags/example_bash_operator.py
[2024-01-06T14:37:59.301-0800] {processor.py:830} INFO - Processing file /mnt/c/Users/victo/OneDrive/Desktop/fantasy_nba_dashboard/airflow_env/lib/python3.10/site-packages/airflow/example_dags/example_bash_operator.py for tasks to queue
[2024-01-06T14:37:59.302-0800] {logging_mixin.py:188} INFO - [2024-01-06T14:37:59.302-0800] {dagbag.py:538} INFO - Filling up the DagBag from /mnt/c/Users/victo/OneDrive/Desktop/fantasy_nba_dashboard/airflow_env/lib/python3.10/site-packages/airflow/example_dags/example_bash_operator.py
[2024-01-06T14:37:59.314-0800] {processor.py:840} INFO - DAG(s) 'example_bash_operator' retrieved from /mnt/c/Users/victo/OneDrive/Desktop/fantasy_nba_dashboard/airflow_env/lib/python3.10/site-packages/airflow/example_dags/example_bash_operator.py
[2024-01-06T14:37:59.348-0800] {logging_mixin.py:188} INFO - [2024-01-06T14:37:59.348-0800] {dag.py:3033} INFO - Sync 1 DAGs
[2024-01-06T14:37:59.365-0800] {logging_mixin.py:188} INFO - [2024-01-06T14:37:59.365-0800] {dag.py:3820} INFO - Setting next_dagrun for example_bash_operator to 2024-01-05T00:00:00+00:00, run_after=2024-01-06T00:00:00+00:00
[2024-01-06T14:37:59.383-0800] {processor.py:183} INFO - Processing /mnt/c/Users/victo/OneDrive/Desktop/fantasy_nba_dashboard/airflow_env/lib/python3.10/site-packages/airflow/example_dags/example_bash_operator.py took 0.086 seconds
[2024-01-06T14:38:30.031-0800] {processor.py:161} INFO - Started process (PID=10713) to work on /mnt/c/Users/victo/OneDrive/Desktop/fantasy_nba_dashboard/airflow_env/lib/python3.10/site-packages/airflow/example_dags/example_bash_operator.py
[2024-01-06T14:38:30.032-0800] {processor.py:830} INFO - Processing file /mnt/c/Users/victo/OneDrive/Desktop/fantasy_nba_dashboard/airflow_env/lib/python3.10/site-packages/airflow/example_dags/example_bash_operator.py for tasks to queue
[2024-01-06T14:38:30.033-0800] {logging_mixin.py:188} INFO - [2024-01-06T14:38:30.033-0800] {dagbag.py:538} INFO - Filling up the DagBag from /mnt/c/Users/victo/OneDrive/Desktop/fantasy_nba_dashboard/airflow_env/lib/python3.10/site-packages/airflow/example_dags/example_bash_operator.py
[2024-01-06T14:38:30.044-0800] {processor.py:840} INFO - DAG(s) 'example_bash_operator' retrieved from /mnt/c/Users/victo/OneDrive/Desktop/fantasy_nba_dashboard/airflow_env/lib/python3.10/site-packages/airflow/example_dags/example_bash_operator.py
[2024-01-06T14:38:30.076-0800] {logging_mixin.py:188} INFO - [2024-01-06T14:38:30.076-0800] {dag.py:3033} INFO - Sync 1 DAGs
[2024-01-06T14:38:30.093-0800] {logging_mixin.py:188} INFO - [2024-01-06T14:38:30.093-0800] {dag.py:3820} INFO - Setting next_dagrun for example_bash_operator to 2024-01-05T00:00:00+00:00, run_after=2024-01-06T00:00:00+00:00
[2024-01-06T14:38:30.110-0800] {processor.py:183} INFO - Processing /mnt/c/Users/victo/OneDrive/Desktop/fantasy_nba_dashboard/airflow_env/lib/python3.10/site-packages/airflow/example_dags/example_bash_operator.py took 0.083 seconds
[2024-01-06T14:39:00.925-0800] {processor.py:161} INFO - Started process (PID=10905) to work on /mnt/c/Users/victo/OneDrive/Desktop/fantasy_nba_dashboard/airflow_env/lib/python3.10/site-packages/airflow/example_dags/example_bash_operator.py
[2024-01-06T14:39:00.926-0800] {processor.py:830} INFO - Processing file /mnt/c/Users/victo/OneDrive/Desktop/fantasy_nba_dashboard/airflow_env/lib/python3.10/site-packages/airflow/example_dags/example_bash_operator.py for tasks to queue
[2024-01-06T14:39:00.927-0800] {logging_mixin.py:188} INFO - [2024-01-06T14:39:00.927-0800] {dagbag.py:538} INFO - Filling up the DagBag from /mnt/c/Users/victo/OneDrive/Desktop/fantasy_nba_dashboard/airflow_env/lib/python3.10/site-packages/airflow/example_dags/example_bash_operator.py
[2024-01-06T14:39:00.938-0800] {processor.py:840} INFO - DAG(s) 'example_bash_operator' retrieved from /mnt/c/Users/victo/OneDrive/Desktop/fantasy_nba_dashboard/airflow_env/lib/python3.10/site-packages/airflow/example_dags/example_bash_operator.py
[2024-01-06T14:39:00.969-0800] {logging_mixin.py:188} INFO - [2024-01-06T14:39:00.969-0800] {dag.py:3033} INFO - Sync 1 DAGs
[2024-01-06T14:39:00.987-0800] {logging_mixin.py:188} INFO - [2024-01-06T14:39:00.987-0800] {dag.py:3820} INFO - Setting next_dagrun for example_bash_operator to 2024-01-05T00:00:00+00:00, run_after=2024-01-06T00:00:00+00:00
[2024-01-06T14:39:01.000-0800] {processor.py:183} INFO - Processing /mnt/c/Users/victo/OneDrive/Desktop/fantasy_nba_dashboard/airflow_env/lib/python3.10/site-packages/airflow/example_dags/example_bash_operator.py took 0.079 seconds
[2024-01-06T14:39:31.621-0800] {processor.py:161} INFO - Started process (PID=11063) to work on /mnt/c/Users/victo/OneDrive/Desktop/fantasy_nba_dashboard/airflow_env/lib/python3.10/site-packages/airflow/example_dags/example_bash_operator.py
[2024-01-06T14:39:31.623-0800] {processor.py:830} INFO - Processing file /mnt/c/Users/victo/OneDrive/Desktop/fantasy_nba_dashboard/airflow_env/lib/python3.10/site-packages/airflow/example_dags/example_bash_operator.py for tasks to queue
[2024-01-06T14:39:31.624-0800] {logging_mixin.py:188} INFO - [2024-01-06T14:39:31.623-0800] {dagbag.py:538} INFO - Filling up the DagBag from /mnt/c/Users/victo/OneDrive/Desktop/fantasy_nba_dashboard/airflow_env/lib/python3.10/site-packages/airflow/example_dags/example_bash_operator.py
[2024-01-06T14:39:31.639-0800] {processor.py:840} INFO - DAG(s) 'example_bash_operator' retrieved from /mnt/c/Users/victo/OneDrive/Desktop/fantasy_nba_dashboard/airflow_env/lib/python3.10/site-packages/airflow/example_dags/example_bash_operator.py
[2024-01-06T14:39:31.680-0800] {logging_mixin.py:188} INFO - [2024-01-06T14:39:31.680-0800] {dag.py:3033} INFO - Sync 1 DAGs
[2024-01-06T14:39:31.703-0800] {logging_mixin.py:188} INFO - [2024-01-06T14:39:31.703-0800] {dag.py:3820} INFO - Setting next_dagrun for example_bash_operator to 2024-01-05T00:00:00+00:00, run_after=2024-01-06T00:00:00+00:00
[2024-01-06T14:39:31.721-0800] {processor.py:183} INFO - Processing /mnt/c/Users/victo/OneDrive/Desktop/fantasy_nba_dashboard/airflow_env/lib/python3.10/site-packages/airflow/example_dags/example_bash_operator.py took 0.106 seconds
[2024-01-06T14:40:02.390-0800] {processor.py:161} INFO - Started process (PID=11220) to work on /mnt/c/Users/victo/OneDrive/Desktop/fantasy_nba_dashboard/airflow_env/lib/python3.10/site-packages/airflow/example_dags/example_bash_operator.py
[2024-01-06T14:40:02.391-0800] {processor.py:830} INFO - Processing file /mnt/c/Users/victo/OneDrive/Desktop/fantasy_nba_dashboard/airflow_env/lib/python3.10/site-packages/airflow/example_dags/example_bash_operator.py for tasks to queue
[2024-01-06T14:40:02.392-0800] {logging_mixin.py:188} INFO - [2024-01-06T14:40:02.392-0800] {dagbag.py:538} INFO - Filling up the DagBag from /mnt/c/Users/victo/OneDrive/Desktop/fantasy_nba_dashboard/airflow_env/lib/python3.10/site-packages/airflow/example_dags/example_bash_operator.py
[2024-01-06T14:40:02.403-0800] {processor.py:840} INFO - DAG(s) 'example_bash_operator' retrieved from /mnt/c/Users/victo/OneDrive/Desktop/fantasy_nba_dashboard/airflow_env/lib/python3.10/site-packages/airflow/example_dags/example_bash_operator.py
[2024-01-06T14:40:02.436-0800] {logging_mixin.py:188} INFO - [2024-01-06T14:40:02.435-0800] {dag.py:3033} INFO - Sync 1 DAGs
[2024-01-06T14:40:02.453-0800] {logging_mixin.py:188} INFO - [2024-01-06T14:40:02.453-0800] {dag.py:3820} INFO - Setting next_dagrun for example_bash_operator to 2024-01-05T00:00:00+00:00, run_after=2024-01-06T00:00:00+00:00
[2024-01-06T14:40:02.471-0800] {processor.py:183} INFO - Processing /mnt/c/Users/victo/OneDrive/Desktop/fantasy_nba_dashboard/airflow_env/lib/python3.10/site-packages/airflow/example_dags/example_bash_operator.py took 0.085 seconds
[2024-01-06T14:40:33.241-0800] {processor.py:161} INFO - Started process (PID=11378) to work on /mnt/c/Users/victo/OneDrive/Desktop/fantasy_nba_dashboard/airflow_env/lib/python3.10/site-packages/airflow/example_dags/example_bash_operator.py
[2024-01-06T14:40:33.242-0800] {processor.py:830} INFO - Processing file /mnt/c/Users/victo/OneDrive/Desktop/fantasy_nba_dashboard/airflow_env/lib/python3.10/site-packages/airflow/example_dags/example_bash_operator.py for tasks to queue
[2024-01-06T14:40:33.242-0800] {logging_mixin.py:188} INFO - [2024-01-06T14:40:33.242-0800] {dagbag.py:538} INFO - Filling up the DagBag from /mnt/c/Users/victo/OneDrive/Desktop/fantasy_nba_dashboard/airflow_env/lib/python3.10/site-packages/airflow/example_dags/example_bash_operator.py
[2024-01-06T14:40:33.253-0800] {processor.py:840} INFO - DAG(s) 'example_bash_operator' retrieved from /mnt/c/Users/victo/OneDrive/Desktop/fantasy_nba_dashboard/airflow_env/lib/python3.10/site-packages/airflow/example_dags/example_bash_operator.py
[2024-01-06T14:40:33.285-0800] {logging_mixin.py:188} INFO - [2024-01-06T14:40:33.284-0800] {dag.py:3033} INFO - Sync 1 DAGs
[2024-01-06T14:40:33.301-0800] {logging_mixin.py:188} INFO - [2024-01-06T14:40:33.300-0800] {dag.py:3820} INFO - Setting next_dagrun for example_bash_operator to 2024-01-05T00:00:00+00:00, run_after=2024-01-06T00:00:00+00:00
[2024-01-06T14:40:33.320-0800] {processor.py:183} INFO - Processing /mnt/c/Users/victo/OneDrive/Desktop/fantasy_nba_dashboard/airflow_env/lib/python3.10/site-packages/airflow/example_dags/example_bash_operator.py took 0.083 seconds
[2024-01-06T14:41:04.122-0800] {processor.py:161} INFO - Started process (PID=11562) to work on /mnt/c/Users/victo/OneDrive/Desktop/fantasy_nba_dashboard/airflow_env/lib/python3.10/site-packages/airflow/example_dags/example_bash_operator.py
[2024-01-06T14:41:04.123-0800] {processor.py:830} INFO - Processing file /mnt/c/Users/victo/OneDrive/Desktop/fantasy_nba_dashboard/airflow_env/lib/python3.10/site-packages/airflow/example_dags/example_bash_operator.py for tasks to queue
[2024-01-06T14:41:04.123-0800] {logging_mixin.py:188} INFO - [2024-01-06T14:41:04.123-0800] {dagbag.py:538} INFO - Filling up the DagBag from /mnt/c/Users/victo/OneDrive/Desktop/fantasy_nba_dashboard/airflow_env/lib/python3.10/site-packages/airflow/example_dags/example_bash_operator.py
[2024-01-06T14:41:04.135-0800] {processor.py:840} INFO - DAG(s) 'example_bash_operator' retrieved from /mnt/c/Users/victo/OneDrive/Desktop/fantasy_nba_dashboard/airflow_env/lib/python3.10/site-packages/airflow/example_dags/example_bash_operator.py
[2024-01-06T14:41:04.168-0800] {logging_mixin.py:188} INFO - [2024-01-06T14:41:04.168-0800] {dag.py:3033} INFO - Sync 1 DAGs
[2024-01-06T14:41:04.185-0800] {logging_mixin.py:188} INFO - [2024-01-06T14:41:04.185-0800] {dag.py:3820} INFO - Setting next_dagrun for example_bash_operator to 2024-01-05T00:00:00+00:00, run_after=2024-01-06T00:00:00+00:00
[2024-01-06T14:41:04.203-0800] {processor.py:183} INFO - Processing /mnt/c/Users/victo/OneDrive/Desktop/fantasy_nba_dashboard/airflow_env/lib/python3.10/site-packages/airflow/example_dags/example_bash_operator.py took 0.086 seconds
