[2024-01-06T14:24:44.601-0800] {processor.py:161} INFO - Started process (PID=7140) to work on /mnt/c/Users/victo/OneDrive/Desktop/fantasy_nba_dashboard/airflow_env/lib/python3.10/site-packages/airflow/example_dags/example_branch_labels.py
[2024-01-06T14:24:44.602-0800] {processor.py:830} INFO - Processing file /mnt/c/Users/victo/OneDrive/Desktop/fantasy_nba_dashboard/airflow_env/lib/python3.10/site-packages/airflow/example_dags/example_branch_labels.py for tasks to queue
[2024-01-06T14:24:44.603-0800] {logging_mixin.py:188} INFO - [2024-01-06T14:24:44.602-0800] {dagbag.py:538} INFO - Filling up the DagBag from /mnt/c/Users/victo/OneDrive/Desktop/fantasy_nba_dashboard/airflow_env/lib/python3.10/site-packages/airflow/example_dags/example_branch_labels.py
[2024-01-06T14:24:44.610-0800] {processor.py:840} INFO - DAG(s) 'example_branch_labels' retrieved from /mnt/c/Users/victo/OneDrive/Desktop/fantasy_nba_dashboard/airflow_env/lib/python3.10/site-packages/airflow/example_dags/example_branch_labels.py
[2024-01-06T14:24:44.713-0800] {logging_mixin.py:188} INFO - [2024-01-06T14:24:44.713-0800] {dag.py:3033} INFO - Sync 1 DAGs
[2024-01-06T14:24:44.729-0800] {logging_mixin.py:188} INFO - [2024-01-06T14:24:44.729-0800] {dag.py:3820} INFO - Setting next_dagrun for example_branch_labels to 2024-01-05T00:00:00+00:00, run_after=2024-01-06T00:00:00+00:00
[2024-01-06T14:24:44.747-0800] {processor.py:183} INFO - Processing /mnt/c/Users/victo/OneDrive/Desktop/fantasy_nba_dashboard/airflow_env/lib/python3.10/site-packages/airflow/example_dags/example_branch_labels.py took 0.150 seconds
[2024-01-06T14:25:15.117-0800] {processor.py:161} INFO - Started process (PID=7298) to work on /mnt/c/Users/victo/OneDrive/Desktop/fantasy_nba_dashboard/airflow_env/lib/python3.10/site-packages/airflow/example_dags/example_branch_labels.py
[2024-01-06T14:25:15.118-0800] {processor.py:830} INFO - Processing file /mnt/c/Users/victo/OneDrive/Desktop/fantasy_nba_dashboard/airflow_env/lib/python3.10/site-packages/airflow/example_dags/example_branch_labels.py for tasks to queue
[2024-01-06T14:25:15.118-0800] {logging_mixin.py:188} INFO - [2024-01-06T14:25:15.118-0800] {dagbag.py:538} INFO - Filling up the DagBag from /mnt/c/Users/victo/OneDrive/Desktop/fantasy_nba_dashboard/airflow_env/lib/python3.10/site-packages/airflow/example_dags/example_branch_labels.py
[2024-01-06T14:25:15.126-0800] {processor.py:840} INFO - DAG(s) 'example_branch_labels' retrieved from /mnt/c/Users/victo/OneDrive/Desktop/fantasy_nba_dashboard/airflow_env/lib/python3.10/site-packages/airflow/example_dags/example_branch_labels.py
[2024-01-06T14:25:15.155-0800] {logging_mixin.py:188} INFO - [2024-01-06T14:25:15.155-0800] {dag.py:3033} INFO - Sync 1 DAGs
[2024-01-06T14:25:15.172-0800] {logging_mixin.py:188} INFO - [2024-01-06T14:25:15.172-0800] {dag.py:3820} INFO - Setting next_dagrun for example_branch_labels to 2024-01-05T00:00:00+00:00, run_after=2024-01-06T00:00:00+00:00
[2024-01-06T14:25:15.191-0800] {processor.py:183} INFO - Processing /mnt/c/Users/victo/OneDrive/Desktop/fantasy_nba_dashboard/airflow_env/lib/python3.10/site-packages/airflow/example_dags/example_branch_labels.py took 0.078 seconds
[2024-01-06T14:25:45.340-0800] {processor.py:161} INFO - Started process (PID=7547) to work on /mnt/c/Users/victo/OneDrive/Desktop/fantasy_nba_dashboard/airflow_env/lib/python3.10/site-packages/airflow/example_dags/example_branch_labels.py
[2024-01-06T14:25:45.341-0800] {processor.py:830} INFO - Processing file /mnt/c/Users/victo/OneDrive/Desktop/fantasy_nba_dashboard/airflow_env/lib/python3.10/site-packages/airflow/example_dags/example_branch_labels.py for tasks to queue
[2024-01-06T14:25:45.341-0800] {logging_mixin.py:188} INFO - [2024-01-06T14:25:45.341-0800] {dagbag.py:538} INFO - Filling up the DagBag from /mnt/c/Users/victo/OneDrive/Desktop/fantasy_nba_dashboard/airflow_env/lib/python3.10/site-packages/airflow/example_dags/example_branch_labels.py
[2024-01-06T14:25:45.352-0800] {processor.py:840} INFO - DAG(s) 'example_branch_labels' retrieved from /mnt/c/Users/victo/OneDrive/Desktop/fantasy_nba_dashboard/airflow_env/lib/python3.10/site-packages/airflow/example_dags/example_branch_labels.py
[2024-01-06T14:25:45.391-0800] {logging_mixin.py:188} INFO - [2024-01-06T14:25:45.391-0800] {dag.py:3033} INFO - Sync 1 DAGs
[2024-01-06T14:25:45.412-0800] {logging_mixin.py:188} INFO - [2024-01-06T14:25:45.411-0800] {dag.py:3820} INFO - Setting next_dagrun for example_branch_labels to 2024-01-05T00:00:00+00:00, run_after=2024-01-06T00:00:00+00:00
[2024-01-06T14:25:45.431-0800] {processor.py:183} INFO - Processing /mnt/c/Users/victo/OneDrive/Desktop/fantasy_nba_dashboard/airflow_env/lib/python3.10/site-packages/airflow/example_dags/example_branch_labels.py took 0.095 seconds
[2024-01-06T14:26:15.528-0800] {processor.py:161} INFO - Started process (PID=8085) to work on /mnt/c/Users/victo/OneDrive/Desktop/fantasy_nba_dashboard/airflow_env/lib/python3.10/site-packages/airflow/example_dags/example_branch_labels.py
[2024-01-06T14:26:15.529-0800] {processor.py:830} INFO - Processing file /mnt/c/Users/victo/OneDrive/Desktop/fantasy_nba_dashboard/airflow_env/lib/python3.10/site-packages/airflow/example_dags/example_branch_labels.py for tasks to queue
[2024-01-06T14:26:15.530-0800] {logging_mixin.py:188} INFO - [2024-01-06T14:26:15.530-0800] {dagbag.py:538} INFO - Filling up the DagBag from /mnt/c/Users/victo/OneDrive/Desktop/fantasy_nba_dashboard/airflow_env/lib/python3.10/site-packages/airflow/example_dags/example_branch_labels.py
[2024-01-06T14:26:15.537-0800] {processor.py:840} INFO - DAG(s) 'example_branch_labels' retrieved from /mnt/c/Users/victo/OneDrive/Desktop/fantasy_nba_dashboard/airflow_env/lib/python3.10/site-packages/airflow/example_dags/example_branch_labels.py
[2024-01-06T14:26:15.567-0800] {logging_mixin.py:188} INFO - [2024-01-06T14:26:15.567-0800] {dag.py:3033} INFO - Sync 1 DAGs
[2024-01-06T14:26:15.584-0800] {logging_mixin.py:188} INFO - [2024-01-06T14:26:15.584-0800] {dag.py:3820} INFO - Setting next_dagrun for example_branch_labels to 2024-01-05T00:00:00+00:00, run_after=2024-01-06T00:00:00+00:00
[2024-01-06T14:26:15.596-0800] {processor.py:183} INFO - Processing /mnt/c/Users/victo/OneDrive/Desktop/fantasy_nba_dashboard/airflow_env/lib/python3.10/site-packages/airflow/example_dags/example_branch_labels.py took 0.072 seconds
[2024-01-06T14:35:55.729-0800] {processor.py:161} INFO - Started process (PID=9594) to work on /mnt/c/Users/victo/OneDrive/Desktop/fantasy_nba_dashboard/airflow_env/lib/python3.10/site-packages/airflow/example_dags/example_branch_labels.py
[2024-01-06T14:35:55.730-0800] {processor.py:830} INFO - Processing file /mnt/c/Users/victo/OneDrive/Desktop/fantasy_nba_dashboard/airflow_env/lib/python3.10/site-packages/airflow/example_dags/example_branch_labels.py for tasks to queue
[2024-01-06T14:35:55.731-0800] {logging_mixin.py:188} INFO - [2024-01-06T14:35:55.731-0800] {dagbag.py:538} INFO - Filling up the DagBag from /mnt/c/Users/victo/OneDrive/Desktop/fantasy_nba_dashboard/airflow_env/lib/python3.10/site-packages/airflow/example_dags/example_branch_labels.py
[2024-01-06T14:35:55.738-0800] {processor.py:840} INFO - DAG(s) 'example_branch_labels' retrieved from /mnt/c/Users/victo/OneDrive/Desktop/fantasy_nba_dashboard/airflow_env/lib/python3.10/site-packages/airflow/example_dags/example_branch_labels.py
[2024-01-06T14:35:55.767-0800] {logging_mixin.py:188} INFO - [2024-01-06T14:35:55.767-0800] {dag.py:3033} INFO - Sync 1 DAGs
[2024-01-06T14:35:55.784-0800] {logging_mixin.py:188} INFO - [2024-01-06T14:35:55.784-0800] {dag.py:3820} INFO - Setting next_dagrun for example_branch_labels to 2024-01-05T00:00:00+00:00, run_after=2024-01-06T00:00:00+00:00
[2024-01-06T14:35:55.797-0800] {processor.py:183} INFO - Processing /mnt/c/Users/victo/OneDrive/Desktop/fantasy_nba_dashboard/airflow_env/lib/python3.10/site-packages/airflow/example_dags/example_branch_labels.py took 0.072 seconds
[2024-01-06T14:36:26.745-0800] {processor.py:161} INFO - Started process (PID=9778) to work on /mnt/c/Users/victo/OneDrive/Desktop/fantasy_nba_dashboard/airflow_env/lib/python3.10/site-packages/airflow/example_dags/example_branch_labels.py
[2024-01-06T14:36:26.746-0800] {processor.py:830} INFO - Processing file /mnt/c/Users/victo/OneDrive/Desktop/fantasy_nba_dashboard/airflow_env/lib/python3.10/site-packages/airflow/example_dags/example_branch_labels.py for tasks to queue
[2024-01-06T14:36:26.747-0800] {logging_mixin.py:188} INFO - [2024-01-06T14:36:26.746-0800] {dagbag.py:538} INFO - Filling up the DagBag from /mnt/c/Users/victo/OneDrive/Desktop/fantasy_nba_dashboard/airflow_env/lib/python3.10/site-packages/airflow/example_dags/example_branch_labels.py
[2024-01-06T14:36:26.755-0800] {processor.py:840} INFO - DAG(s) 'example_branch_labels' retrieved from /mnt/c/Users/victo/OneDrive/Desktop/fantasy_nba_dashboard/airflow_env/lib/python3.10/site-packages/airflow/example_dags/example_branch_labels.py
[2024-01-06T14:36:26.787-0800] {logging_mixin.py:188} INFO - [2024-01-06T14:36:26.787-0800] {dag.py:3033} INFO - Sync 1 DAGs
[2024-01-06T14:36:26.805-0800] {logging_mixin.py:188} INFO - [2024-01-06T14:36:26.804-0800] {dag.py:3820} INFO - Setting next_dagrun for example_branch_labels to 2024-01-05T00:00:00+00:00, run_after=2024-01-06T00:00:00+00:00
[2024-01-06T14:36:26.817-0800] {processor.py:183} INFO - Processing /mnt/c/Users/victo/OneDrive/Desktop/fantasy_nba_dashboard/airflow_env/lib/python3.10/site-packages/airflow/example_dags/example_branch_labels.py took 0.076 seconds
[2024-01-06T14:36:57.711-0800] {processor.py:161} INFO - Started process (PID=10057) to work on /mnt/c/Users/victo/OneDrive/Desktop/fantasy_nba_dashboard/airflow_env/lib/python3.10/site-packages/airflow/example_dags/example_branch_labels.py
[2024-01-06T14:36:57.712-0800] {processor.py:830} INFO - Processing file /mnt/c/Users/victo/OneDrive/Desktop/fantasy_nba_dashboard/airflow_env/lib/python3.10/site-packages/airflow/example_dags/example_branch_labels.py for tasks to queue
[2024-01-06T14:36:57.713-0800] {logging_mixin.py:188} INFO - [2024-01-06T14:36:57.713-0800] {dagbag.py:538} INFO - Filling up the DagBag from /mnt/c/Users/victo/OneDrive/Desktop/fantasy_nba_dashboard/airflow_env/lib/python3.10/site-packages/airflow/example_dags/example_branch_labels.py
[2024-01-06T14:36:57.720-0800] {processor.py:840} INFO - DAG(s) 'example_branch_labels' retrieved from /mnt/c/Users/victo/OneDrive/Desktop/fantasy_nba_dashboard/airflow_env/lib/python3.10/site-packages/airflow/example_dags/example_branch_labels.py
[2024-01-06T14:36:57.750-0800] {logging_mixin.py:188} INFO - [2024-01-06T14:36:57.750-0800] {dag.py:3033} INFO - Sync 1 DAGs
[2024-01-06T14:36:57.766-0800] {logging_mixin.py:188} INFO - [2024-01-06T14:36:57.766-0800] {dag.py:3820} INFO - Setting next_dagrun for example_branch_labels to 2024-01-05T00:00:00+00:00, run_after=2024-01-06T00:00:00+00:00
[2024-01-06T14:36:57.778-0800] {processor.py:183} INFO - Processing /mnt/c/Users/victo/OneDrive/Desktop/fantasy_nba_dashboard/airflow_env/lib/python3.10/site-packages/airflow/example_dags/example_branch_labels.py took 0.070 seconds
[2024-01-06T14:37:28.404-0800] {processor.py:161} INFO - Started process (PID=10377) to work on /mnt/c/Users/victo/OneDrive/Desktop/fantasy_nba_dashboard/airflow_env/lib/python3.10/site-packages/airflow/example_dags/example_branch_labels.py
[2024-01-06T14:37:28.405-0800] {processor.py:830} INFO - Processing file /mnt/c/Users/victo/OneDrive/Desktop/fantasy_nba_dashboard/airflow_env/lib/python3.10/site-packages/airflow/example_dags/example_branch_labels.py for tasks to queue
[2024-01-06T14:37:28.405-0800] {logging_mixin.py:188} INFO - [2024-01-06T14:37:28.405-0800] {dagbag.py:538} INFO - Filling up the DagBag from /mnt/c/Users/victo/OneDrive/Desktop/fantasy_nba_dashboard/airflow_env/lib/python3.10/site-packages/airflow/example_dags/example_branch_labels.py
[2024-01-06T14:37:28.412-0800] {processor.py:840} INFO - DAG(s) 'example_branch_labels' retrieved from /mnt/c/Users/victo/OneDrive/Desktop/fantasy_nba_dashboard/airflow_env/lib/python3.10/site-packages/airflow/example_dags/example_branch_labels.py
[2024-01-06T14:37:28.448-0800] {logging_mixin.py:188} INFO - [2024-01-06T14:37:28.448-0800] {dag.py:3033} INFO - Sync 1 DAGs
[2024-01-06T14:37:28.467-0800] {logging_mixin.py:188} INFO - [2024-01-06T14:37:28.467-0800] {dag.py:3820} INFO - Setting next_dagrun for example_branch_labels to 2024-01-05T00:00:00+00:00, run_after=2024-01-06T00:00:00+00:00
[2024-01-06T14:37:28.486-0800] {processor.py:183} INFO - Processing /mnt/c/Users/victo/OneDrive/Desktop/fantasy_nba_dashboard/airflow_env/lib/python3.10/site-packages/airflow/example_dags/example_branch_labels.py took 0.086 seconds
[2024-01-06T14:37:59.093-0800] {processor.py:161} INFO - Started process (PID=10534) to work on /mnt/c/Users/victo/OneDrive/Desktop/fantasy_nba_dashboard/airflow_env/lib/python3.10/site-packages/airflow/example_dags/example_branch_labels.py
[2024-01-06T14:37:59.094-0800] {processor.py:830} INFO - Processing file /mnt/c/Users/victo/OneDrive/Desktop/fantasy_nba_dashboard/airflow_env/lib/python3.10/site-packages/airflow/example_dags/example_branch_labels.py for tasks to queue
[2024-01-06T14:37:59.095-0800] {logging_mixin.py:188} INFO - [2024-01-06T14:37:59.095-0800] {dagbag.py:538} INFO - Filling up the DagBag from /mnt/c/Users/victo/OneDrive/Desktop/fantasy_nba_dashboard/airflow_env/lib/python3.10/site-packages/airflow/example_dags/example_branch_labels.py
[2024-01-06T14:37:59.102-0800] {processor.py:840} INFO - DAG(s) 'example_branch_labels' retrieved from /mnt/c/Users/victo/OneDrive/Desktop/fantasy_nba_dashboard/airflow_env/lib/python3.10/site-packages/airflow/example_dags/example_branch_labels.py
[2024-01-06T14:37:59.133-0800] {logging_mixin.py:188} INFO - [2024-01-06T14:37:59.133-0800] {dag.py:3033} INFO - Sync 1 DAGs
[2024-01-06T14:37:59.150-0800] {logging_mixin.py:188} INFO - [2024-01-06T14:37:59.150-0800] {dag.py:3820} INFO - Setting next_dagrun for example_branch_labels to 2024-01-05T00:00:00+00:00, run_after=2024-01-06T00:00:00+00:00
[2024-01-06T14:37:59.164-0800] {processor.py:183} INFO - Processing /mnt/c/Users/victo/OneDrive/Desktop/fantasy_nba_dashboard/airflow_env/lib/python3.10/site-packages/airflow/example_dags/example_branch_labels.py took 0.075 seconds
[2024-01-06T14:38:29.832-0800] {processor.py:161} INFO - Started process (PID=10708) to work on /mnt/c/Users/victo/OneDrive/Desktop/fantasy_nba_dashboard/airflow_env/lib/python3.10/site-packages/airflow/example_dags/example_branch_labels.py
[2024-01-06T14:38:29.833-0800] {processor.py:830} INFO - Processing file /mnt/c/Users/victo/OneDrive/Desktop/fantasy_nba_dashboard/airflow_env/lib/python3.10/site-packages/airflow/example_dags/example_branch_labels.py for tasks to queue
[2024-01-06T14:38:29.833-0800] {logging_mixin.py:188} INFO - [2024-01-06T14:38:29.833-0800] {dagbag.py:538} INFO - Filling up the DagBag from /mnt/c/Users/victo/OneDrive/Desktop/fantasy_nba_dashboard/airflow_env/lib/python3.10/site-packages/airflow/example_dags/example_branch_labels.py
[2024-01-06T14:38:29.841-0800] {processor.py:840} INFO - DAG(s) 'example_branch_labels' retrieved from /mnt/c/Users/victo/OneDrive/Desktop/fantasy_nba_dashboard/airflow_env/lib/python3.10/site-packages/airflow/example_dags/example_branch_labels.py
[2024-01-06T14:38:29.871-0800] {logging_mixin.py:188} INFO - [2024-01-06T14:38:29.870-0800] {dag.py:3033} INFO - Sync 1 DAGs
[2024-01-06T14:38:29.888-0800] {logging_mixin.py:188} INFO - [2024-01-06T14:38:29.888-0800] {dag.py:3820} INFO - Setting next_dagrun for example_branch_labels to 2024-01-05T00:00:00+00:00, run_after=2024-01-06T00:00:00+00:00
[2024-01-06T14:38:29.905-0800] {processor.py:183} INFO - Processing /mnt/c/Users/victo/OneDrive/Desktop/fantasy_nba_dashboard/airflow_env/lib/python3.10/site-packages/airflow/example_dags/example_branch_labels.py took 0.077 seconds
[2024-01-06T14:39:00.791-0800] {processor.py:161} INFO - Started process (PID=10899) to work on /mnt/c/Users/victo/OneDrive/Desktop/fantasy_nba_dashboard/airflow_env/lib/python3.10/site-packages/airflow/example_dags/example_branch_labels.py
[2024-01-06T14:39:00.792-0800] {processor.py:830} INFO - Processing file /mnt/c/Users/victo/OneDrive/Desktop/fantasy_nba_dashboard/airflow_env/lib/python3.10/site-packages/airflow/example_dags/example_branch_labels.py for tasks to queue
[2024-01-06T14:39:00.793-0800] {logging_mixin.py:188} INFO - [2024-01-06T14:39:00.792-0800] {dagbag.py:538} INFO - Filling up the DagBag from /mnt/c/Users/victo/OneDrive/Desktop/fantasy_nba_dashboard/airflow_env/lib/python3.10/site-packages/airflow/example_dags/example_branch_labels.py
[2024-01-06T14:39:00.800-0800] {processor.py:840} INFO - DAG(s) 'example_branch_labels' retrieved from /mnt/c/Users/victo/OneDrive/Desktop/fantasy_nba_dashboard/airflow_env/lib/python3.10/site-packages/airflow/example_dags/example_branch_labels.py
[2024-01-06T14:39:00.834-0800] {logging_mixin.py:188} INFO - [2024-01-06T14:39:00.834-0800] {dag.py:3033} INFO - Sync 1 DAGs
[2024-01-06T14:39:00.851-0800] {logging_mixin.py:188} INFO - [2024-01-06T14:39:00.851-0800] {dag.py:3820} INFO - Setting next_dagrun for example_branch_labels to 2024-01-05T00:00:00+00:00, run_after=2024-01-06T00:00:00+00:00
[2024-01-06T14:39:00.864-0800] {processor.py:183} INFO - Processing /mnt/c/Users/victo/OneDrive/Desktop/fantasy_nba_dashboard/airflow_env/lib/python3.10/site-packages/airflow/example_dags/example_branch_labels.py took 0.076 seconds
[2024-01-06T14:39:31.406-0800] {processor.py:161} INFO - Started process (PID=11058) to work on /mnt/c/Users/victo/OneDrive/Desktop/fantasy_nba_dashboard/airflow_env/lib/python3.10/site-packages/airflow/example_dags/example_branch_labels.py
[2024-01-06T14:39:31.407-0800] {processor.py:830} INFO - Processing file /mnt/c/Users/victo/OneDrive/Desktop/fantasy_nba_dashboard/airflow_env/lib/python3.10/site-packages/airflow/example_dags/example_branch_labels.py for tasks to queue
[2024-01-06T14:39:31.408-0800] {logging_mixin.py:188} INFO - [2024-01-06T14:39:31.407-0800] {dagbag.py:538} INFO - Filling up the DagBag from /mnt/c/Users/victo/OneDrive/Desktop/fantasy_nba_dashboard/airflow_env/lib/python3.10/site-packages/airflow/example_dags/example_branch_labels.py
[2024-01-06T14:39:31.415-0800] {processor.py:840} INFO - DAG(s) 'example_branch_labels' retrieved from /mnt/c/Users/victo/OneDrive/Desktop/fantasy_nba_dashboard/airflow_env/lib/python3.10/site-packages/airflow/example_dags/example_branch_labels.py
[2024-01-06T14:39:31.446-0800] {logging_mixin.py:188} INFO - [2024-01-06T14:39:31.446-0800] {dag.py:3033} INFO - Sync 1 DAGs
[2024-01-06T14:39:31.463-0800] {logging_mixin.py:188} INFO - [2024-01-06T14:39:31.463-0800] {dag.py:3820} INFO - Setting next_dagrun for example_branch_labels to 2024-01-05T00:00:00+00:00, run_after=2024-01-06T00:00:00+00:00
[2024-01-06T14:39:31.480-0800] {processor.py:183} INFO - Processing /mnt/c/Users/victo/OneDrive/Desktop/fantasy_nba_dashboard/airflow_env/lib/python3.10/site-packages/airflow/example_dags/example_branch_labels.py took 0.078 seconds
[2024-01-06T14:40:02.188-0800] {processor.py:161} INFO - Started process (PID=11215) to work on /mnt/c/Users/victo/OneDrive/Desktop/fantasy_nba_dashboard/airflow_env/lib/python3.10/site-packages/airflow/example_dags/example_branch_labels.py
[2024-01-06T14:40:02.189-0800] {processor.py:830} INFO - Processing file /mnt/c/Users/victo/OneDrive/Desktop/fantasy_nba_dashboard/airflow_env/lib/python3.10/site-packages/airflow/example_dags/example_branch_labels.py for tasks to queue
[2024-01-06T14:40:02.190-0800] {logging_mixin.py:188} INFO - [2024-01-06T14:40:02.190-0800] {dagbag.py:538} INFO - Filling up the DagBag from /mnt/c/Users/victo/OneDrive/Desktop/fantasy_nba_dashboard/airflow_env/lib/python3.10/site-packages/airflow/example_dags/example_branch_labels.py
[2024-01-06T14:40:02.197-0800] {processor.py:840} INFO - DAG(s) 'example_branch_labels' retrieved from /mnt/c/Users/victo/OneDrive/Desktop/fantasy_nba_dashboard/airflow_env/lib/python3.10/site-packages/airflow/example_dags/example_branch_labels.py
[2024-01-06T14:40:02.228-0800] {logging_mixin.py:188} INFO - [2024-01-06T14:40:02.228-0800] {dag.py:3033} INFO - Sync 1 DAGs
[2024-01-06T14:40:02.246-0800] {logging_mixin.py:188} INFO - [2024-01-06T14:40:02.246-0800] {dag.py:3820} INFO - Setting next_dagrun for example_branch_labels to 2024-01-05T00:00:00+00:00, run_after=2024-01-06T00:00:00+00:00
[2024-01-06T14:40:02.258-0800] {processor.py:183} INFO - Processing /mnt/c/Users/victo/OneDrive/Desktop/fantasy_nba_dashboard/airflow_env/lib/python3.10/site-packages/airflow/example_dags/example_branch_labels.py took 0.074 seconds
[2024-01-06T14:40:33.029-0800] {processor.py:161} INFO - Started process (PID=11373) to work on /mnt/c/Users/victo/OneDrive/Desktop/fantasy_nba_dashboard/airflow_env/lib/python3.10/site-packages/airflow/example_dags/example_branch_labels.py
[2024-01-06T14:40:33.030-0800] {processor.py:830} INFO - Processing file /mnt/c/Users/victo/OneDrive/Desktop/fantasy_nba_dashboard/airflow_env/lib/python3.10/site-packages/airflow/example_dags/example_branch_labels.py for tasks to queue
[2024-01-06T14:40:33.030-0800] {logging_mixin.py:188} INFO - [2024-01-06T14:40:33.030-0800] {dagbag.py:538} INFO - Filling up the DagBag from /mnt/c/Users/victo/OneDrive/Desktop/fantasy_nba_dashboard/airflow_env/lib/python3.10/site-packages/airflow/example_dags/example_branch_labels.py
[2024-01-06T14:40:33.037-0800] {processor.py:840} INFO - DAG(s) 'example_branch_labels' retrieved from /mnt/c/Users/victo/OneDrive/Desktop/fantasy_nba_dashboard/airflow_env/lib/python3.10/site-packages/airflow/example_dags/example_branch_labels.py
[2024-01-06T14:40:33.067-0800] {logging_mixin.py:188} INFO - [2024-01-06T14:40:33.067-0800] {dag.py:3033} INFO - Sync 1 DAGs
[2024-01-06T14:40:33.086-0800] {logging_mixin.py:188} INFO - [2024-01-06T14:40:33.086-0800] {dag.py:3820} INFO - Setting next_dagrun for example_branch_labels to 2024-01-05T00:00:00+00:00, run_after=2024-01-06T00:00:00+00:00
[2024-01-06T14:40:33.105-0800] {processor.py:183} INFO - Processing /mnt/c/Users/victo/OneDrive/Desktop/fantasy_nba_dashboard/airflow_env/lib/python3.10/site-packages/airflow/example_dags/example_branch_labels.py took 0.080 seconds
[2024-01-06T14:41:03.913-0800] {processor.py:161} INFO - Started process (PID=11557) to work on /mnt/c/Users/victo/OneDrive/Desktop/fantasy_nba_dashboard/airflow_env/lib/python3.10/site-packages/airflow/example_dags/example_branch_labels.py
[2024-01-06T14:41:03.913-0800] {processor.py:830} INFO - Processing file /mnt/c/Users/victo/OneDrive/Desktop/fantasy_nba_dashboard/airflow_env/lib/python3.10/site-packages/airflow/example_dags/example_branch_labels.py for tasks to queue
[2024-01-06T14:41:03.914-0800] {logging_mixin.py:188} INFO - [2024-01-06T14:41:03.914-0800] {dagbag.py:538} INFO - Filling up the DagBag from /mnt/c/Users/victo/OneDrive/Desktop/fantasy_nba_dashboard/airflow_env/lib/python3.10/site-packages/airflow/example_dags/example_branch_labels.py
[2024-01-06T14:41:03.921-0800] {processor.py:840} INFO - DAG(s) 'example_branch_labels' retrieved from /mnt/c/Users/victo/OneDrive/Desktop/fantasy_nba_dashboard/airflow_env/lib/python3.10/site-packages/airflow/example_dags/example_branch_labels.py
[2024-01-06T14:41:03.953-0800] {logging_mixin.py:188} INFO - [2024-01-06T14:41:03.953-0800] {dag.py:3033} INFO - Sync 1 DAGs
[2024-01-06T14:41:03.970-0800] {logging_mixin.py:188} INFO - [2024-01-06T14:41:03.970-0800] {dag.py:3820} INFO - Setting next_dagrun for example_branch_labels to 2024-01-05T00:00:00+00:00, run_after=2024-01-06T00:00:00+00:00
[2024-01-06T14:41:03.988-0800] {processor.py:183} INFO - Processing /mnt/c/Users/victo/OneDrive/Desktop/fantasy_nba_dashboard/airflow_env/lib/python3.10/site-packages/airflow/example_dags/example_branch_labels.py took 0.079 seconds
