[2024-01-06T14:24:41.726-0800] {processor.py:161} INFO - Started process (PID=7079) to work on /mnt/c/Users/victo/OneDrive/Desktop/fantasy_nba_dashboard/airflow_env/lib/python3.10/site-packages/airflow/example_dags/example_task_group.py
[2024-01-06T14:24:41.727-0800] {processor.py:830} INFO - Processing file /mnt/c/Users/victo/OneDrive/Desktop/fantasy_nba_dashboard/airflow_env/lib/python3.10/site-packages/airflow/example_dags/example_task_group.py for tasks to queue
[2024-01-06T14:24:41.728-0800] {logging_mixin.py:188} INFO - [2024-01-06T14:24:41.728-0800] {dagbag.py:538} INFO - Filling up the DagBag from /mnt/c/Users/victo/OneDrive/Desktop/fantasy_nba_dashboard/airflow_env/lib/python3.10/site-packages/airflow/example_dags/example_task_group.py
[2024-01-06T14:24:41.739-0800] {processor.py:840} INFO - DAG(s) 'example_task_group' retrieved from /mnt/c/Users/victo/OneDrive/Desktop/fantasy_nba_dashboard/airflow_env/lib/python3.10/site-packages/airflow/example_dags/example_task_group.py
[2024-01-06T14:24:41.841-0800] {logging_mixin.py:188} INFO - [2024-01-06T14:24:41.841-0800] {dag.py:3033} INFO - Sync 1 DAGs
[2024-01-06T14:24:41.855-0800] {logging_mixin.py:188} INFO - [2024-01-06T14:24:41.855-0800] {dag.py:3820} INFO - Setting next_dagrun for example_task_group to 2024-01-05T00:00:00+00:00, run_after=2024-01-06T00:00:00+00:00
[2024-01-06T14:24:41.868-0800] {processor.py:183} INFO - Processing /mnt/c/Users/victo/OneDrive/Desktop/fantasy_nba_dashboard/airflow_env/lib/python3.10/site-packages/airflow/example_dags/example_task_group.py took 0.146 seconds
[2024-01-06T14:25:11.980-0800] {processor.py:161} INFO - Started process (PID=7235) to work on /mnt/c/Users/victo/OneDrive/Desktop/fantasy_nba_dashboard/airflow_env/lib/python3.10/site-packages/airflow/example_dags/example_task_group.py
[2024-01-06T14:25:11.981-0800] {processor.py:830} INFO - Processing file /mnt/c/Users/victo/OneDrive/Desktop/fantasy_nba_dashboard/airflow_env/lib/python3.10/site-packages/airflow/example_dags/example_task_group.py for tasks to queue
[2024-01-06T14:25:11.982-0800] {logging_mixin.py:188} INFO - [2024-01-06T14:25:11.981-0800] {dagbag.py:538} INFO - Filling up the DagBag from /mnt/c/Users/victo/OneDrive/Desktop/fantasy_nba_dashboard/airflow_env/lib/python3.10/site-packages/airflow/example_dags/example_task_group.py
[2024-01-06T14:25:11.990-0800] {processor.py:840} INFO - DAG(s) 'example_task_group' retrieved from /mnt/c/Users/victo/OneDrive/Desktop/fantasy_nba_dashboard/airflow_env/lib/python3.10/site-packages/airflow/example_dags/example_task_group.py
[2024-01-06T14:25:12.021-0800] {logging_mixin.py:188} INFO - [2024-01-06T14:25:12.021-0800] {dag.py:3033} INFO - Sync 1 DAGs
[2024-01-06T14:25:12.039-0800] {logging_mixin.py:188} INFO - [2024-01-06T14:25:12.038-0800] {dag.py:3820} INFO - Setting next_dagrun for example_task_group to 2024-01-05T00:00:00+00:00, run_after=2024-01-06T00:00:00+00:00
[2024-01-06T14:25:12.052-0800] {processor.py:183} INFO - Processing /mnt/c/Users/victo/OneDrive/Desktop/fantasy_nba_dashboard/airflow_env/lib/python3.10/site-packages/airflow/example_dags/example_task_group.py took 0.077 seconds
[2024-01-06T14:25:42.354-0800] {processor.py:161} INFO - Started process (PID=7484) to work on /mnt/c/Users/victo/OneDrive/Desktop/fantasy_nba_dashboard/airflow_env/lib/python3.10/site-packages/airflow/example_dags/example_task_group.py
[2024-01-06T14:25:42.355-0800] {processor.py:830} INFO - Processing file /mnt/c/Users/victo/OneDrive/Desktop/fantasy_nba_dashboard/airflow_env/lib/python3.10/site-packages/airflow/example_dags/example_task_group.py for tasks to queue
[2024-01-06T14:25:42.356-0800] {logging_mixin.py:188} INFO - [2024-01-06T14:25:42.356-0800] {dagbag.py:538} INFO - Filling up the DagBag from /mnt/c/Users/victo/OneDrive/Desktop/fantasy_nba_dashboard/airflow_env/lib/python3.10/site-packages/airflow/example_dags/example_task_group.py
[2024-01-06T14:25:42.364-0800] {processor.py:840} INFO - DAG(s) 'example_task_group' retrieved from /mnt/c/Users/victo/OneDrive/Desktop/fantasy_nba_dashboard/airflow_env/lib/python3.10/site-packages/airflow/example_dags/example_task_group.py
[2024-01-06T14:25:42.390-0800] {logging_mixin.py:188} INFO - [2024-01-06T14:25:42.390-0800] {dag.py:3033} INFO - Sync 1 DAGs
[2024-01-06T14:25:42.405-0800] {logging_mixin.py:188} INFO - [2024-01-06T14:25:42.405-0800] {dag.py:3820} INFO - Setting next_dagrun for example_task_group to 2024-01-05T00:00:00+00:00, run_after=2024-01-06T00:00:00+00:00
[2024-01-06T14:25:42.423-0800] {processor.py:183} INFO - Processing /mnt/c/Users/victo/OneDrive/Desktop/fantasy_nba_dashboard/airflow_env/lib/python3.10/site-packages/airflow/example_dags/example_task_group.py took 0.073 seconds
[2024-01-06T14:26:12.628-0800] {processor.py:161} INFO - Started process (PID=8023) to work on /mnt/c/Users/victo/OneDrive/Desktop/fantasy_nba_dashboard/airflow_env/lib/python3.10/site-packages/airflow/example_dags/example_task_group.py
[2024-01-06T14:26:12.628-0800] {processor.py:830} INFO - Processing file /mnt/c/Users/victo/OneDrive/Desktop/fantasy_nba_dashboard/airflow_env/lib/python3.10/site-packages/airflow/example_dags/example_task_group.py for tasks to queue
[2024-01-06T14:26:12.629-0800] {logging_mixin.py:188} INFO - [2024-01-06T14:26:12.629-0800] {dagbag.py:538} INFO - Filling up the DagBag from /mnt/c/Users/victo/OneDrive/Desktop/fantasy_nba_dashboard/airflow_env/lib/python3.10/site-packages/airflow/example_dags/example_task_group.py
[2024-01-06T14:26:12.637-0800] {processor.py:840} INFO - DAG(s) 'example_task_group' retrieved from /mnt/c/Users/victo/OneDrive/Desktop/fantasy_nba_dashboard/airflow_env/lib/python3.10/site-packages/airflow/example_dags/example_task_group.py
[2024-01-06T14:26:12.664-0800] {logging_mixin.py:188} INFO - [2024-01-06T14:26:12.664-0800] {dag.py:3033} INFO - Sync 1 DAGs
[2024-01-06T14:26:12.681-0800] {logging_mixin.py:188} INFO - [2024-01-06T14:26:12.681-0800] {dag.py:3820} INFO - Setting next_dagrun for example_task_group to 2024-01-05T00:00:00+00:00, run_after=2024-01-06T00:00:00+00:00
[2024-01-06T14:26:12.699-0800] {processor.py:183} INFO - Processing /mnt/c/Users/victo/OneDrive/Desktop/fantasy_nba_dashboard/airflow_env/lib/python3.10/site-packages/airflow/example_dags/example_task_group.py took 0.075 seconds
[2024-01-06T14:35:53.643-0800] {processor.py:161} INFO - Started process (PID=9533) to work on /mnt/c/Users/victo/OneDrive/Desktop/fantasy_nba_dashboard/airflow_env/lib/python3.10/site-packages/airflow/example_dags/example_task_group.py
[2024-01-06T14:35:53.644-0800] {processor.py:830} INFO - Processing file /mnt/c/Users/victo/OneDrive/Desktop/fantasy_nba_dashboard/airflow_env/lib/python3.10/site-packages/airflow/example_dags/example_task_group.py for tasks to queue
[2024-01-06T14:35:53.645-0800] {logging_mixin.py:188} INFO - [2024-01-06T14:35:53.644-0800] {dagbag.py:538} INFO - Filling up the DagBag from /mnt/c/Users/victo/OneDrive/Desktop/fantasy_nba_dashboard/airflow_env/lib/python3.10/site-packages/airflow/example_dags/example_task_group.py
[2024-01-06T14:35:53.657-0800] {processor.py:840} INFO - DAG(s) 'example_task_group' retrieved from /mnt/c/Users/victo/OneDrive/Desktop/fantasy_nba_dashboard/airflow_env/lib/python3.10/site-packages/airflow/example_dags/example_task_group.py
[2024-01-06T14:35:53.689-0800] {logging_mixin.py:188} INFO - [2024-01-06T14:35:53.688-0800] {dag.py:3033} INFO - Sync 1 DAGs
[2024-01-06T14:35:53.705-0800] {logging_mixin.py:188} INFO - [2024-01-06T14:35:53.704-0800] {dag.py:3820} INFO - Setting next_dagrun for example_task_group to 2024-01-05T00:00:00+00:00, run_after=2024-01-06T00:00:00+00:00
[2024-01-06T14:35:53.722-0800] {processor.py:183} INFO - Processing /mnt/c/Users/victo/OneDrive/Desktop/fantasy_nba_dashboard/airflow_env/lib/python3.10/site-packages/airflow/example_dags/example_task_group.py took 0.082 seconds
[2024-01-06T14:36:23.911-0800] {processor.py:161} INFO - Started process (PID=9714) to work on /mnt/c/Users/victo/OneDrive/Desktop/fantasy_nba_dashboard/airflow_env/lib/python3.10/site-packages/airflow/example_dags/example_task_group.py
[2024-01-06T14:36:23.912-0800] {processor.py:830} INFO - Processing file /mnt/c/Users/victo/OneDrive/Desktop/fantasy_nba_dashboard/airflow_env/lib/python3.10/site-packages/airflow/example_dags/example_task_group.py for tasks to queue
[2024-01-06T14:36:23.912-0800] {logging_mixin.py:188} INFO - [2024-01-06T14:36:23.912-0800] {dagbag.py:538} INFO - Filling up the DagBag from /mnt/c/Users/victo/OneDrive/Desktop/fantasy_nba_dashboard/airflow_env/lib/python3.10/site-packages/airflow/example_dags/example_task_group.py
[2024-01-06T14:36:23.920-0800] {processor.py:840} INFO - DAG(s) 'example_task_group' retrieved from /mnt/c/Users/victo/OneDrive/Desktop/fantasy_nba_dashboard/airflow_env/lib/python3.10/site-packages/airflow/example_dags/example_task_group.py
[2024-01-06T14:36:23.951-0800] {logging_mixin.py:188} INFO - [2024-01-06T14:36:23.950-0800] {dag.py:3033} INFO - Sync 1 DAGs
[2024-01-06T14:36:23.967-0800] {logging_mixin.py:188} INFO - [2024-01-06T14:36:23.967-0800] {dag.py:3820} INFO - Setting next_dagrun for example_task_group to 2024-01-05T00:00:00+00:00, run_after=2024-01-06T00:00:00+00:00
[2024-01-06T14:36:23.980-0800] {processor.py:183} INFO - Processing /mnt/c/Users/victo/OneDrive/Desktop/fantasy_nba_dashboard/airflow_env/lib/python3.10/site-packages/airflow/example_dags/example_task_group.py took 0.073 seconds
[2024-01-06T14:36:55.228-0800] {processor.py:161} INFO - Started process (PID=9993) to work on /mnt/c/Users/victo/OneDrive/Desktop/fantasy_nba_dashboard/airflow_env/lib/python3.10/site-packages/airflow/example_dags/example_task_group.py
[2024-01-06T14:36:55.230-0800] {processor.py:830} INFO - Processing file /mnt/c/Users/victo/OneDrive/Desktop/fantasy_nba_dashboard/airflow_env/lib/python3.10/site-packages/airflow/example_dags/example_task_group.py for tasks to queue
[2024-01-06T14:36:55.231-0800] {logging_mixin.py:188} INFO - [2024-01-06T14:36:55.230-0800] {dagbag.py:538} INFO - Filling up the DagBag from /mnt/c/Users/victo/OneDrive/Desktop/fantasy_nba_dashboard/airflow_env/lib/python3.10/site-packages/airflow/example_dags/example_task_group.py
[2024-01-06T14:36:55.241-0800] {processor.py:840} INFO - DAG(s) 'example_task_group' retrieved from /mnt/c/Users/victo/OneDrive/Desktop/fantasy_nba_dashboard/airflow_env/lib/python3.10/site-packages/airflow/example_dags/example_task_group.py
[2024-01-06T14:36:55.274-0800] {logging_mixin.py:188} INFO - [2024-01-06T14:36:55.274-0800] {dag.py:3033} INFO - Sync 1 DAGs
[2024-01-06T14:36:55.293-0800] {logging_mixin.py:188} INFO - [2024-01-06T14:36:55.292-0800] {dag.py:3820} INFO - Setting next_dagrun for example_task_group to 2024-01-05T00:00:00+00:00, run_after=2024-01-06T00:00:00+00:00
[2024-01-06T14:36:55.312-0800] {processor.py:183} INFO - Processing /mnt/c/Users/victo/OneDrive/Desktop/fantasy_nba_dashboard/airflow_env/lib/python3.10/site-packages/airflow/example_dags/example_task_group.py took 0.088 seconds
[2024-01-06T14:37:25.863-0800] {processor.py:161} INFO - Started process (PID=10272) to work on /mnt/c/Users/victo/OneDrive/Desktop/fantasy_nba_dashboard/airflow_env/lib/python3.10/site-packages/airflow/example_dags/example_task_group.py
[2024-01-06T14:37:25.864-0800] {processor.py:830} INFO - Processing file /mnt/c/Users/victo/OneDrive/Desktop/fantasy_nba_dashboard/airflow_env/lib/python3.10/site-packages/airflow/example_dags/example_task_group.py for tasks to queue
[2024-01-06T14:37:25.864-0800] {logging_mixin.py:188} INFO - [2024-01-06T14:37:25.864-0800] {dagbag.py:538} INFO - Filling up the DagBag from /mnt/c/Users/victo/OneDrive/Desktop/fantasy_nba_dashboard/airflow_env/lib/python3.10/site-packages/airflow/example_dags/example_task_group.py
[2024-01-06T14:37:25.873-0800] {processor.py:840} INFO - DAG(s) 'example_task_group' retrieved from /mnt/c/Users/victo/OneDrive/Desktop/fantasy_nba_dashboard/airflow_env/lib/python3.10/site-packages/airflow/example_dags/example_task_group.py
[2024-01-06T14:37:25.905-0800] {logging_mixin.py:188} INFO - [2024-01-06T14:37:25.904-0800] {dag.py:3033} INFO - Sync 1 DAGs
[2024-01-06T14:37:25.922-0800] {logging_mixin.py:188} INFO - [2024-01-06T14:37:25.921-0800] {dag.py:3820} INFO - Setting next_dagrun for example_task_group to 2024-01-05T00:00:00+00:00, run_after=2024-01-06T00:00:00+00:00
[2024-01-06T14:37:25.939-0800] {processor.py:183} INFO - Processing /mnt/c/Users/victo/OneDrive/Desktop/fantasy_nba_dashboard/airflow_env/lib/python3.10/site-packages/airflow/example_dags/example_task_group.py took 0.080 seconds
[2024-01-06T14:37:56.614-0800] {processor.py:161} INFO - Started process (PID=10473) to work on /mnt/c/Users/victo/OneDrive/Desktop/fantasy_nba_dashboard/airflow_env/lib/python3.10/site-packages/airflow/example_dags/example_task_group.py
[2024-01-06T14:37:56.615-0800] {processor.py:830} INFO - Processing file /mnt/c/Users/victo/OneDrive/Desktop/fantasy_nba_dashboard/airflow_env/lib/python3.10/site-packages/airflow/example_dags/example_task_group.py for tasks to queue
[2024-01-06T14:37:56.615-0800] {logging_mixin.py:188} INFO - [2024-01-06T14:37:56.615-0800] {dagbag.py:538} INFO - Filling up the DagBag from /mnt/c/Users/victo/OneDrive/Desktop/fantasy_nba_dashboard/airflow_env/lib/python3.10/site-packages/airflow/example_dags/example_task_group.py
[2024-01-06T14:37:56.624-0800] {processor.py:840} INFO - DAG(s) 'example_task_group' retrieved from /mnt/c/Users/victo/OneDrive/Desktop/fantasy_nba_dashboard/airflow_env/lib/python3.10/site-packages/airflow/example_dags/example_task_group.py
[2024-01-06T14:37:56.653-0800] {logging_mixin.py:188} INFO - [2024-01-06T14:37:56.653-0800] {dag.py:3033} INFO - Sync 1 DAGs
[2024-01-06T14:37:56.670-0800] {logging_mixin.py:188} INFO - [2024-01-06T14:37:56.670-0800] {dag.py:3820} INFO - Setting next_dagrun for example_task_group to 2024-01-05T00:00:00+00:00, run_after=2024-01-06T00:00:00+00:00
[2024-01-06T14:37:56.683-0800] {processor.py:183} INFO - Processing /mnt/c/Users/victo/OneDrive/Desktop/fantasy_nba_dashboard/airflow_env/lib/python3.10/site-packages/airflow/example_dags/example_task_group.py took 0.074 seconds
[2024-01-06T14:38:27.281-0800] {processor.py:161} INFO - Started process (PID=10647) to work on /mnt/c/Users/victo/OneDrive/Desktop/fantasy_nba_dashboard/airflow_env/lib/python3.10/site-packages/airflow/example_dags/example_task_group.py
[2024-01-06T14:38:27.282-0800] {processor.py:830} INFO - Processing file /mnt/c/Users/victo/OneDrive/Desktop/fantasy_nba_dashboard/airflow_env/lib/python3.10/site-packages/airflow/example_dags/example_task_group.py for tasks to queue
[2024-01-06T14:38:27.283-0800] {logging_mixin.py:188} INFO - [2024-01-06T14:38:27.283-0800] {dagbag.py:538} INFO - Filling up the DagBag from /mnt/c/Users/victo/OneDrive/Desktop/fantasy_nba_dashboard/airflow_env/lib/python3.10/site-packages/airflow/example_dags/example_task_group.py
[2024-01-06T14:38:27.291-0800] {processor.py:840} INFO - DAG(s) 'example_task_group' retrieved from /mnt/c/Users/victo/OneDrive/Desktop/fantasy_nba_dashboard/airflow_env/lib/python3.10/site-packages/airflow/example_dags/example_task_group.py
[2024-01-06T14:38:27.322-0800] {logging_mixin.py:188} INFO - [2024-01-06T14:38:27.322-0800] {dag.py:3033} INFO - Sync 1 DAGs
[2024-01-06T14:38:27.339-0800] {logging_mixin.py:188} INFO - [2024-01-06T14:38:27.339-0800] {dag.py:3820} INFO - Setting next_dagrun for example_task_group to 2024-01-05T00:00:00+00:00, run_after=2024-01-06T00:00:00+00:00
[2024-01-06T14:38:27.351-0800] {processor.py:183} INFO - Processing /mnt/c/Users/victo/OneDrive/Desktop/fantasy_nba_dashboard/airflow_env/lib/python3.10/site-packages/airflow/example_dags/example_task_group.py took 0.073 seconds
[2024-01-06T14:38:58.292-0800] {processor.py:161} INFO - Started process (PID=10838) to work on /mnt/c/Users/victo/OneDrive/Desktop/fantasy_nba_dashboard/airflow_env/lib/python3.10/site-packages/airflow/example_dags/example_task_group.py
[2024-01-06T14:38:58.293-0800] {processor.py:830} INFO - Processing file /mnt/c/Users/victo/OneDrive/Desktop/fantasy_nba_dashboard/airflow_env/lib/python3.10/site-packages/airflow/example_dags/example_task_group.py for tasks to queue
[2024-01-06T14:38:58.294-0800] {logging_mixin.py:188} INFO - [2024-01-06T14:38:58.294-0800] {dagbag.py:538} INFO - Filling up the DagBag from /mnt/c/Users/victo/OneDrive/Desktop/fantasy_nba_dashboard/airflow_env/lib/python3.10/site-packages/airflow/example_dags/example_task_group.py
[2024-01-06T14:38:58.302-0800] {processor.py:840} INFO - DAG(s) 'example_task_group' retrieved from /mnt/c/Users/victo/OneDrive/Desktop/fantasy_nba_dashboard/airflow_env/lib/python3.10/site-packages/airflow/example_dags/example_task_group.py
[2024-01-06T14:38:58.333-0800] {logging_mixin.py:188} INFO - [2024-01-06T14:38:58.333-0800] {dag.py:3033} INFO - Sync 1 DAGs
[2024-01-06T14:38:58.352-0800] {logging_mixin.py:188} INFO - [2024-01-06T14:38:58.351-0800] {dag.py:3820} INFO - Setting next_dagrun for example_task_group to 2024-01-05T00:00:00+00:00, run_after=2024-01-06T00:00:00+00:00
[2024-01-06T14:38:58.375-0800] {processor.py:183} INFO - Processing /mnt/c/Users/victo/OneDrive/Desktop/fantasy_nba_dashboard/airflow_env/lib/python3.10/site-packages/airflow/example_dags/example_task_group.py took 0.087 seconds
[2024-01-06T14:39:28.906-0800] {processor.py:161} INFO - Started process (PID=10997) to work on /mnt/c/Users/victo/OneDrive/Desktop/fantasy_nba_dashboard/airflow_env/lib/python3.10/site-packages/airflow/example_dags/example_task_group.py
[2024-01-06T14:39:28.907-0800] {processor.py:830} INFO - Processing file /mnt/c/Users/victo/OneDrive/Desktop/fantasy_nba_dashboard/airflow_env/lib/python3.10/site-packages/airflow/example_dags/example_task_group.py for tasks to queue
[2024-01-06T14:39:28.908-0800] {logging_mixin.py:188} INFO - [2024-01-06T14:39:28.908-0800] {dagbag.py:538} INFO - Filling up the DagBag from /mnt/c/Users/victo/OneDrive/Desktop/fantasy_nba_dashboard/airflow_env/lib/python3.10/site-packages/airflow/example_dags/example_task_group.py
[2024-01-06T14:39:28.916-0800] {processor.py:840} INFO - DAG(s) 'example_task_group' retrieved from /mnt/c/Users/victo/OneDrive/Desktop/fantasy_nba_dashboard/airflow_env/lib/python3.10/site-packages/airflow/example_dags/example_task_group.py
[2024-01-06T14:39:28.946-0800] {logging_mixin.py:188} INFO - [2024-01-06T14:39:28.946-0800] {dag.py:3033} INFO - Sync 1 DAGs
[2024-01-06T14:39:28.964-0800] {logging_mixin.py:188} INFO - [2024-01-06T14:39:28.964-0800] {dag.py:3820} INFO - Setting next_dagrun for example_task_group to 2024-01-05T00:00:00+00:00, run_after=2024-01-06T00:00:00+00:00
[2024-01-06T14:39:28.977-0800] {processor.py:183} INFO - Processing /mnt/c/Users/victo/OneDrive/Desktop/fantasy_nba_dashboard/airflow_env/lib/python3.10/site-packages/airflow/example_dags/example_task_group.py took 0.074 seconds
[2024-01-06T14:39:59.719-0800] {processor.py:161} INFO - Started process (PID=11154) to work on /mnt/c/Users/victo/OneDrive/Desktop/fantasy_nba_dashboard/airflow_env/lib/python3.10/site-packages/airflow/example_dags/example_task_group.py
[2024-01-06T14:39:59.720-0800] {processor.py:830} INFO - Processing file /mnt/c/Users/victo/OneDrive/Desktop/fantasy_nba_dashboard/airflow_env/lib/python3.10/site-packages/airflow/example_dags/example_task_group.py for tasks to queue
[2024-01-06T14:39:59.720-0800] {logging_mixin.py:188} INFO - [2024-01-06T14:39:59.720-0800] {dagbag.py:538} INFO - Filling up the DagBag from /mnt/c/Users/victo/OneDrive/Desktop/fantasy_nba_dashboard/airflow_env/lib/python3.10/site-packages/airflow/example_dags/example_task_group.py
[2024-01-06T14:39:59.728-0800] {processor.py:840} INFO - DAG(s) 'example_task_group' retrieved from /mnt/c/Users/victo/OneDrive/Desktop/fantasy_nba_dashboard/airflow_env/lib/python3.10/site-packages/airflow/example_dags/example_task_group.py
[2024-01-06T14:39:59.760-0800] {logging_mixin.py:188} INFO - [2024-01-06T14:39:59.760-0800] {dag.py:3033} INFO - Sync 1 DAGs
[2024-01-06T14:39:59.778-0800] {logging_mixin.py:188} INFO - [2024-01-06T14:39:59.778-0800] {dag.py:3820} INFO - Setting next_dagrun for example_task_group to 2024-01-05T00:00:00+00:00, run_after=2024-01-06T00:00:00+00:00
[2024-01-06T14:39:59.792-0800] {processor.py:183} INFO - Processing /mnt/c/Users/victo/OneDrive/Desktop/fantasy_nba_dashboard/airflow_env/lib/python3.10/site-packages/airflow/example_dags/example_task_group.py took 0.077 seconds
[2024-01-06T14:40:30.473-0800] {processor.py:161} INFO - Started process (PID=11309) to work on /mnt/c/Users/victo/OneDrive/Desktop/fantasy_nba_dashboard/airflow_env/lib/python3.10/site-packages/airflow/example_dags/example_task_group.py
[2024-01-06T14:40:30.474-0800] {processor.py:830} INFO - Processing file /mnt/c/Users/victo/OneDrive/Desktop/fantasy_nba_dashboard/airflow_env/lib/python3.10/site-packages/airflow/example_dags/example_task_group.py for tasks to queue
[2024-01-06T14:40:30.475-0800] {logging_mixin.py:188} INFO - [2024-01-06T14:40:30.475-0800] {dagbag.py:538} INFO - Filling up the DagBag from /mnt/c/Users/victo/OneDrive/Desktop/fantasy_nba_dashboard/airflow_env/lib/python3.10/site-packages/airflow/example_dags/example_task_group.py
[2024-01-06T14:40:30.484-0800] {processor.py:840} INFO - DAG(s) 'example_task_group' retrieved from /mnt/c/Users/victo/OneDrive/Desktop/fantasy_nba_dashboard/airflow_env/lib/python3.10/site-packages/airflow/example_dags/example_task_group.py
[2024-01-06T14:40:30.513-0800] {logging_mixin.py:188} INFO - [2024-01-06T14:40:30.513-0800] {dag.py:3033} INFO - Sync 1 DAGs
[2024-01-06T14:40:30.530-0800] {logging_mixin.py:188} INFO - [2024-01-06T14:40:30.530-0800] {dag.py:3820} INFO - Setting next_dagrun for example_task_group to 2024-01-05T00:00:00+00:00, run_after=2024-01-06T00:00:00+00:00
[2024-01-06T14:40:30.543-0800] {processor.py:183} INFO - Processing /mnt/c/Users/victo/OneDrive/Desktop/fantasy_nba_dashboard/airflow_env/lib/python3.10/site-packages/airflow/example_dags/example_task_group.py took 0.074 seconds
[2024-01-06T14:41:01.236-0800] {processor.py:161} INFO - Started process (PID=11492) to work on /mnt/c/Users/victo/OneDrive/Desktop/fantasy_nba_dashboard/airflow_env/lib/python3.10/site-packages/airflow/example_dags/example_task_group.py
[2024-01-06T14:41:01.237-0800] {processor.py:830} INFO - Processing file /mnt/c/Users/victo/OneDrive/Desktop/fantasy_nba_dashboard/airflow_env/lib/python3.10/site-packages/airflow/example_dags/example_task_group.py for tasks to queue
[2024-01-06T14:41:01.238-0800] {logging_mixin.py:188} INFO - [2024-01-06T14:41:01.238-0800] {dagbag.py:538} INFO - Filling up the DagBag from /mnt/c/Users/victo/OneDrive/Desktop/fantasy_nba_dashboard/airflow_env/lib/python3.10/site-packages/airflow/example_dags/example_task_group.py
[2024-01-06T14:41:01.246-0800] {processor.py:840} INFO - DAG(s) 'example_task_group' retrieved from /mnt/c/Users/victo/OneDrive/Desktop/fantasy_nba_dashboard/airflow_env/lib/python3.10/site-packages/airflow/example_dags/example_task_group.py
[2024-01-06T14:41:01.274-0800] {logging_mixin.py:188} INFO - [2024-01-06T14:41:01.273-0800] {dag.py:3033} INFO - Sync 1 DAGs
[2024-01-06T14:41:01.290-0800] {logging_mixin.py:188} INFO - [2024-01-06T14:41:01.290-0800] {dag.py:3820} INFO - Setting next_dagrun for example_task_group to 2024-01-05T00:00:00+00:00, run_after=2024-01-06T00:00:00+00:00
[2024-01-06T14:41:01.310-0800] {processor.py:183} INFO - Processing /mnt/c/Users/victo/OneDrive/Desktop/fantasy_nba_dashboard/airflow_env/lib/python3.10/site-packages/airflow/example_dags/example_task_group.py took 0.078 seconds
