[2024-01-06T14:24:43.021-0800] {processor.py:161} INFO - Started process (PID=7109) to work on /mnt/c/Users/victo/OneDrive/Desktop/fantasy_nba_dashboard/airflow_env/lib/python3.10/site-packages/airflow/example_dags/example_nested_branch_dag.py
[2024-01-06T14:24:43.022-0800] {processor.py:830} INFO - Processing file /mnt/c/Users/victo/OneDrive/Desktop/fantasy_nba_dashboard/airflow_env/lib/python3.10/site-packages/airflow/example_dags/example_nested_branch_dag.py for tasks to queue
[2024-01-06T14:24:43.023-0800] {logging_mixin.py:188} INFO - [2024-01-06T14:24:43.023-0800] {dagbag.py:538} INFO - Filling up the DagBag from /mnt/c/Users/victo/OneDrive/Desktop/fantasy_nba_dashboard/airflow_env/lib/python3.10/site-packages/airflow/example_dags/example_nested_branch_dag.py
[2024-01-06T14:24:43.032-0800] {processor.py:840} INFO - DAG(s) 'example_nested_branch_dag' retrieved from /mnt/c/Users/victo/OneDrive/Desktop/fantasy_nba_dashboard/airflow_env/lib/python3.10/site-packages/airflow/example_dags/example_nested_branch_dag.py
[2024-01-06T14:24:43.136-0800] {logging_mixin.py:188} INFO - [2024-01-06T14:24:43.136-0800] {dag.py:3033} INFO - Sync 1 DAGs
[2024-01-06T14:24:43.151-0800] {logging_mixin.py:188} INFO - [2024-01-06T14:24:43.151-0800] {dag.py:3820} INFO - Setting next_dagrun for example_nested_branch_dag to 2024-01-05T00:00:00+00:00, run_after=2024-01-06T00:00:00+00:00
[2024-01-06T14:24:43.167-0800] {processor.py:183} INFO - Processing /mnt/c/Users/victo/OneDrive/Desktop/fantasy_nba_dashboard/airflow_env/lib/python3.10/site-packages/airflow/example_dags/example_nested_branch_dag.py took 0.149 seconds
[2024-01-06T14:25:13.256-0800] {processor.py:161} INFO - Started process (PID=7270) to work on /mnt/c/Users/victo/OneDrive/Desktop/fantasy_nba_dashboard/airflow_env/lib/python3.10/site-packages/airflow/example_dags/example_nested_branch_dag.py
[2024-01-06T14:25:13.257-0800] {processor.py:830} INFO - Processing file /mnt/c/Users/victo/OneDrive/Desktop/fantasy_nba_dashboard/airflow_env/lib/python3.10/site-packages/airflow/example_dags/example_nested_branch_dag.py for tasks to queue
[2024-01-06T14:25:13.258-0800] {logging_mixin.py:188} INFO - [2024-01-06T14:25:13.258-0800] {dagbag.py:538} INFO - Filling up the DagBag from /mnt/c/Users/victo/OneDrive/Desktop/fantasy_nba_dashboard/airflow_env/lib/python3.10/site-packages/airflow/example_dags/example_nested_branch_dag.py
[2024-01-06T14:25:13.268-0800] {processor.py:840} INFO - DAG(s) 'example_nested_branch_dag' retrieved from /mnt/c/Users/victo/OneDrive/Desktop/fantasy_nba_dashboard/airflow_env/lib/python3.10/site-packages/airflow/example_dags/example_nested_branch_dag.py
[2024-01-06T14:25:13.299-0800] {logging_mixin.py:188} INFO - [2024-01-06T14:25:13.298-0800] {dag.py:3033} INFO - Sync 1 DAGs
[2024-01-06T14:25:13.315-0800] {logging_mixin.py:188} INFO - [2024-01-06T14:25:13.315-0800] {dag.py:3820} INFO - Setting next_dagrun for example_nested_branch_dag to 2024-01-05T00:00:00+00:00, run_after=2024-01-06T00:00:00+00:00
[2024-01-06T14:25:13.327-0800] {processor.py:183} INFO - Processing /mnt/c/Users/victo/OneDrive/Desktop/fantasy_nba_dashboard/airflow_env/lib/python3.10/site-packages/airflow/example_dags/example_nested_branch_dag.py took 0.074 seconds
[2024-01-06T14:25:43.384-0800] {processor.py:161} INFO - Started process (PID=7517) to work on /mnt/c/Users/victo/OneDrive/Desktop/fantasy_nba_dashboard/airflow_env/lib/python3.10/site-packages/airflow/example_dags/example_nested_branch_dag.py
[2024-01-06T14:25:43.385-0800] {processor.py:830} INFO - Processing file /mnt/c/Users/victo/OneDrive/Desktop/fantasy_nba_dashboard/airflow_env/lib/python3.10/site-packages/airflow/example_dags/example_nested_branch_dag.py for tasks to queue
[2024-01-06T14:25:43.386-0800] {logging_mixin.py:188} INFO - [2024-01-06T14:25:43.386-0800] {dagbag.py:538} INFO - Filling up the DagBag from /mnt/c/Users/victo/OneDrive/Desktop/fantasy_nba_dashboard/airflow_env/lib/python3.10/site-packages/airflow/example_dags/example_nested_branch_dag.py
[2024-01-06T14:25:43.395-0800] {processor.py:840} INFO - DAG(s) 'example_nested_branch_dag' retrieved from /mnt/c/Users/victo/OneDrive/Desktop/fantasy_nba_dashboard/airflow_env/lib/python3.10/site-packages/airflow/example_dags/example_nested_branch_dag.py
[2024-01-06T14:25:43.424-0800] {logging_mixin.py:188} INFO - [2024-01-06T14:25:43.424-0800] {dag.py:3033} INFO - Sync 1 DAGs
[2024-01-06T14:25:43.441-0800] {logging_mixin.py:188} INFO - [2024-01-06T14:25:43.441-0800] {dag.py:3820} INFO - Setting next_dagrun for example_nested_branch_dag to 2024-01-05T00:00:00+00:00, run_after=2024-01-06T00:00:00+00:00
[2024-01-06T14:25:43.455-0800] {processor.py:183} INFO - Processing /mnt/c/Users/victo/OneDrive/Desktop/fantasy_nba_dashboard/airflow_env/lib/python3.10/site-packages/airflow/example_dags/example_nested_branch_dag.py took 0.074 seconds
[2024-01-06T14:26:13.666-0800] {processor.py:161} INFO - Started process (PID=8056) to work on /mnt/c/Users/victo/OneDrive/Desktop/fantasy_nba_dashboard/airflow_env/lib/python3.10/site-packages/airflow/example_dags/example_nested_branch_dag.py
[2024-01-06T14:26:13.667-0800] {processor.py:830} INFO - Processing file /mnt/c/Users/victo/OneDrive/Desktop/fantasy_nba_dashboard/airflow_env/lib/python3.10/site-packages/airflow/example_dags/example_nested_branch_dag.py for tasks to queue
[2024-01-06T14:26:13.667-0800] {logging_mixin.py:188} INFO - [2024-01-06T14:26:13.667-0800] {dagbag.py:538} INFO - Filling up the DagBag from /mnt/c/Users/victo/OneDrive/Desktop/fantasy_nba_dashboard/airflow_env/lib/python3.10/site-packages/airflow/example_dags/example_nested_branch_dag.py
[2024-01-06T14:26:13.677-0800] {processor.py:840} INFO - DAG(s) 'example_nested_branch_dag' retrieved from /mnt/c/Users/victo/OneDrive/Desktop/fantasy_nba_dashboard/airflow_env/lib/python3.10/site-packages/airflow/example_dags/example_nested_branch_dag.py
[2024-01-06T14:26:13.706-0800] {logging_mixin.py:188} INFO - [2024-01-06T14:26:13.706-0800] {dag.py:3033} INFO - Sync 1 DAGs
[2024-01-06T14:26:13.723-0800] {logging_mixin.py:188} INFO - [2024-01-06T14:26:13.723-0800] {dag.py:3820} INFO - Setting next_dagrun for example_nested_branch_dag to 2024-01-05T00:00:00+00:00, run_after=2024-01-06T00:00:00+00:00
[2024-01-06T14:26:13.736-0800] {processor.py:183} INFO - Processing /mnt/c/Users/victo/OneDrive/Desktop/fantasy_nba_dashboard/airflow_env/lib/python3.10/site-packages/airflow/example_dags/example_nested_branch_dag.py took 0.074 seconds
[2024-01-06T14:35:54.661-0800] {processor.py:161} INFO - Started process (PID=9563) to work on /mnt/c/Users/victo/OneDrive/Desktop/fantasy_nba_dashboard/airflow_env/lib/python3.10/site-packages/airflow/example_dags/example_nested_branch_dag.py
[2024-01-06T14:35:54.662-0800] {processor.py:830} INFO - Processing file /mnt/c/Users/victo/OneDrive/Desktop/fantasy_nba_dashboard/airflow_env/lib/python3.10/site-packages/airflow/example_dags/example_nested_branch_dag.py for tasks to queue
[2024-01-06T14:35:54.663-0800] {logging_mixin.py:188} INFO - [2024-01-06T14:35:54.663-0800] {dagbag.py:538} INFO - Filling up the DagBag from /mnt/c/Users/victo/OneDrive/Desktop/fantasy_nba_dashboard/airflow_env/lib/python3.10/site-packages/airflow/example_dags/example_nested_branch_dag.py
[2024-01-06T14:35:54.672-0800] {processor.py:840} INFO - DAG(s) 'example_nested_branch_dag' retrieved from /mnt/c/Users/victo/OneDrive/Desktop/fantasy_nba_dashboard/airflow_env/lib/python3.10/site-packages/airflow/example_dags/example_nested_branch_dag.py
[2024-01-06T14:35:54.702-0800] {logging_mixin.py:188} INFO - [2024-01-06T14:35:54.701-0800] {dag.py:3033} INFO - Sync 1 DAGs
[2024-01-06T14:35:54.717-0800] {logging_mixin.py:188} INFO - [2024-01-06T14:35:54.717-0800] {dag.py:3820} INFO - Setting next_dagrun for example_nested_branch_dag to 2024-01-05T00:00:00+00:00, run_after=2024-01-06T00:00:00+00:00
[2024-01-06T14:35:54.733-0800] {processor.py:183} INFO - Processing /mnt/c/Users/victo/OneDrive/Desktop/fantasy_nba_dashboard/airflow_env/lib/python3.10/site-packages/airflow/example_dags/example_nested_branch_dag.py took 0.075 seconds
[2024-01-06T14:36:24.816-0800] {processor.py:161} INFO - Started process (PID=9747) to work on /mnt/c/Users/victo/OneDrive/Desktop/fantasy_nba_dashboard/airflow_env/lib/python3.10/site-packages/airflow/example_dags/example_nested_branch_dag.py
[2024-01-06T14:36:24.817-0800] {processor.py:830} INFO - Processing file /mnt/c/Users/victo/OneDrive/Desktop/fantasy_nba_dashboard/airflow_env/lib/python3.10/site-packages/airflow/example_dags/example_nested_branch_dag.py for tasks to queue
[2024-01-06T14:36:24.817-0800] {logging_mixin.py:188} INFO - [2024-01-06T14:36:24.817-0800] {dagbag.py:538} INFO - Filling up the DagBag from /mnt/c/Users/victo/OneDrive/Desktop/fantasy_nba_dashboard/airflow_env/lib/python3.10/site-packages/airflow/example_dags/example_nested_branch_dag.py
[2024-01-06T14:36:24.829-0800] {processor.py:840} INFO - DAG(s) 'example_nested_branch_dag' retrieved from /mnt/c/Users/victo/OneDrive/Desktop/fantasy_nba_dashboard/airflow_env/lib/python3.10/site-packages/airflow/example_dags/example_nested_branch_dag.py
[2024-01-06T14:36:24.859-0800] {logging_mixin.py:188} INFO - [2024-01-06T14:36:24.859-0800] {dag.py:3033} INFO - Sync 1 DAGs
[2024-01-06T14:36:24.876-0800] {logging_mixin.py:188} INFO - [2024-01-06T14:36:24.876-0800] {dag.py:3820} INFO - Setting next_dagrun for example_nested_branch_dag to 2024-01-05T00:00:00+00:00, run_after=2024-01-06T00:00:00+00:00
[2024-01-06T14:36:24.893-0800] {processor.py:183} INFO - Processing /mnt/c/Users/victo/OneDrive/Desktop/fantasy_nba_dashboard/airflow_env/lib/python3.10/site-packages/airflow/example_dags/example_nested_branch_dag.py took 0.082 seconds
[2024-01-06T14:36:56.016-0800] {processor.py:161} INFO - Started process (PID=10026) to work on /mnt/c/Users/victo/OneDrive/Desktop/fantasy_nba_dashboard/airflow_env/lib/python3.10/site-packages/airflow/example_dags/example_nested_branch_dag.py
[2024-01-06T14:36:56.017-0800] {processor.py:830} INFO - Processing file /mnt/c/Users/victo/OneDrive/Desktop/fantasy_nba_dashboard/airflow_env/lib/python3.10/site-packages/airflow/example_dags/example_nested_branch_dag.py for tasks to queue
[2024-01-06T14:36:56.018-0800] {logging_mixin.py:188} INFO - [2024-01-06T14:36:56.018-0800] {dagbag.py:538} INFO - Filling up the DagBag from /mnt/c/Users/victo/OneDrive/Desktop/fantasy_nba_dashboard/airflow_env/lib/python3.10/site-packages/airflow/example_dags/example_nested_branch_dag.py
[2024-01-06T14:36:56.028-0800] {processor.py:840} INFO - DAG(s) 'example_nested_branch_dag' retrieved from /mnt/c/Users/victo/OneDrive/Desktop/fantasy_nba_dashboard/airflow_env/lib/python3.10/site-packages/airflow/example_dags/example_nested_branch_dag.py
[2024-01-06T14:36:56.057-0800] {logging_mixin.py:188} INFO - [2024-01-06T14:36:56.056-0800] {dag.py:3033} INFO - Sync 1 DAGs
[2024-01-06T14:36:56.075-0800] {logging_mixin.py:188} INFO - [2024-01-06T14:36:56.075-0800] {dag.py:3820} INFO - Setting next_dagrun for example_nested_branch_dag to 2024-01-05T00:00:00+00:00, run_after=2024-01-06T00:00:00+00:00
[2024-01-06T14:36:56.088-0800] {processor.py:183} INFO - Processing /mnt/c/Users/victo/OneDrive/Desktop/fantasy_nba_dashboard/airflow_env/lib/python3.10/site-packages/airflow/example_dags/example_nested_branch_dag.py took 0.076 seconds
[2024-01-06T14:37:26.622-0800] {processor.py:161} INFO - Started process (PID=10305) to work on /mnt/c/Users/victo/OneDrive/Desktop/fantasy_nba_dashboard/airflow_env/lib/python3.10/site-packages/airflow/example_dags/example_nested_branch_dag.py
[2024-01-06T14:37:26.623-0800] {processor.py:830} INFO - Processing file /mnt/c/Users/victo/OneDrive/Desktop/fantasy_nba_dashboard/airflow_env/lib/python3.10/site-packages/airflow/example_dags/example_nested_branch_dag.py for tasks to queue
[2024-01-06T14:37:26.624-0800] {logging_mixin.py:188} INFO - [2024-01-06T14:37:26.624-0800] {dagbag.py:538} INFO - Filling up the DagBag from /mnt/c/Users/victo/OneDrive/Desktop/fantasy_nba_dashboard/airflow_env/lib/python3.10/site-packages/airflow/example_dags/example_nested_branch_dag.py
[2024-01-06T14:37:26.633-0800] {processor.py:840} INFO - DAG(s) 'example_nested_branch_dag' retrieved from /mnt/c/Users/victo/OneDrive/Desktop/fantasy_nba_dashboard/airflow_env/lib/python3.10/site-packages/airflow/example_dags/example_nested_branch_dag.py
[2024-01-06T14:37:26.665-0800] {logging_mixin.py:188} INFO - [2024-01-06T14:37:26.665-0800] {dag.py:3033} INFO - Sync 1 DAGs
[2024-01-06T14:37:26.683-0800] {logging_mixin.py:188} INFO - [2024-01-06T14:37:26.682-0800] {dag.py:3820} INFO - Setting next_dagrun for example_nested_branch_dag to 2024-01-05T00:00:00+00:00, run_after=2024-01-06T00:00:00+00:00
[2024-01-06T14:37:26.703-0800] {processor.py:183} INFO - Processing /mnt/c/Users/victo/OneDrive/Desktop/fantasy_nba_dashboard/airflow_env/lib/python3.10/site-packages/airflow/example_dags/example_nested_branch_dag.py took 0.085 seconds
[2024-01-06T14:37:57.365-0800] {processor.py:161} INFO - Started process (PID=10503) to work on /mnt/c/Users/victo/OneDrive/Desktop/fantasy_nba_dashboard/airflow_env/lib/python3.10/site-packages/airflow/example_dags/example_nested_branch_dag.py
[2024-01-06T14:37:57.366-0800] {processor.py:830} INFO - Processing file /mnt/c/Users/victo/OneDrive/Desktop/fantasy_nba_dashboard/airflow_env/lib/python3.10/site-packages/airflow/example_dags/example_nested_branch_dag.py for tasks to queue
[2024-01-06T14:37:57.367-0800] {logging_mixin.py:188} INFO - [2024-01-06T14:37:57.366-0800] {dagbag.py:538} INFO - Filling up the DagBag from /mnt/c/Users/victo/OneDrive/Desktop/fantasy_nba_dashboard/airflow_env/lib/python3.10/site-packages/airflow/example_dags/example_nested_branch_dag.py
[2024-01-06T14:37:57.377-0800] {processor.py:840} INFO - DAG(s) 'example_nested_branch_dag' retrieved from /mnt/c/Users/victo/OneDrive/Desktop/fantasy_nba_dashboard/airflow_env/lib/python3.10/site-packages/airflow/example_dags/example_nested_branch_dag.py
[2024-01-06T14:37:57.412-0800] {logging_mixin.py:188} INFO - [2024-01-06T14:37:57.412-0800] {dag.py:3033} INFO - Sync 1 DAGs
[2024-01-06T14:37:57.438-0800] {logging_mixin.py:188} INFO - [2024-01-06T14:37:57.437-0800] {dag.py:3820} INFO - Setting next_dagrun for example_nested_branch_dag to 2024-01-05T00:00:00+00:00, run_after=2024-01-06T00:00:00+00:00
[2024-01-06T14:37:57.452-0800] {processor.py:183} INFO - Processing /mnt/c/Users/victo/OneDrive/Desktop/fantasy_nba_dashboard/airflow_env/lib/python3.10/site-packages/airflow/example_dags/example_nested_branch_dag.py took 0.091 seconds
[2024-01-06T14:38:28.024-0800] {processor.py:161} INFO - Started process (PID=10677) to work on /mnt/c/Users/victo/OneDrive/Desktop/fantasy_nba_dashboard/airflow_env/lib/python3.10/site-packages/airflow/example_dags/example_nested_branch_dag.py
[2024-01-06T14:38:28.025-0800] {processor.py:830} INFO - Processing file /mnt/c/Users/victo/OneDrive/Desktop/fantasy_nba_dashboard/airflow_env/lib/python3.10/site-packages/airflow/example_dags/example_nested_branch_dag.py for tasks to queue
[2024-01-06T14:38:28.026-0800] {logging_mixin.py:188} INFO - [2024-01-06T14:38:28.025-0800] {dagbag.py:538} INFO - Filling up the DagBag from /mnt/c/Users/victo/OneDrive/Desktop/fantasy_nba_dashboard/airflow_env/lib/python3.10/site-packages/airflow/example_dags/example_nested_branch_dag.py
[2024-01-06T14:38:28.035-0800] {processor.py:840} INFO - DAG(s) 'example_nested_branch_dag' retrieved from /mnt/c/Users/victo/OneDrive/Desktop/fantasy_nba_dashboard/airflow_env/lib/python3.10/site-packages/airflow/example_dags/example_nested_branch_dag.py
[2024-01-06T14:38:28.064-0800] {logging_mixin.py:188} INFO - [2024-01-06T14:38:28.064-0800] {dag.py:3033} INFO - Sync 1 DAGs
[2024-01-06T14:38:28.082-0800] {logging_mixin.py:188} INFO - [2024-01-06T14:38:28.082-0800] {dag.py:3820} INFO - Setting next_dagrun for example_nested_branch_dag to 2024-01-05T00:00:00+00:00, run_after=2024-01-06T00:00:00+00:00
[2024-01-06T14:38:28.095-0800] {processor.py:183} INFO - Processing /mnt/c/Users/victo/OneDrive/Desktop/fantasy_nba_dashboard/airflow_env/lib/python3.10/site-packages/airflow/example_dags/example_nested_branch_dag.py took 0.075 seconds
[2024-01-06T14:38:59.067-0800] {processor.py:161} INFO - Started process (PID=10868) to work on /mnt/c/Users/victo/OneDrive/Desktop/fantasy_nba_dashboard/airflow_env/lib/python3.10/site-packages/airflow/example_dags/example_nested_branch_dag.py
[2024-01-06T14:38:59.068-0800] {processor.py:830} INFO - Processing file /mnt/c/Users/victo/OneDrive/Desktop/fantasy_nba_dashboard/airflow_env/lib/python3.10/site-packages/airflow/example_dags/example_nested_branch_dag.py for tasks to queue
[2024-01-06T14:38:59.069-0800] {logging_mixin.py:188} INFO - [2024-01-06T14:38:59.069-0800] {dagbag.py:538} INFO - Filling up the DagBag from /mnt/c/Users/victo/OneDrive/Desktop/fantasy_nba_dashboard/airflow_env/lib/python3.10/site-packages/airflow/example_dags/example_nested_branch_dag.py
[2024-01-06T14:38:59.078-0800] {processor.py:840} INFO - DAG(s) 'example_nested_branch_dag' retrieved from /mnt/c/Users/victo/OneDrive/Desktop/fantasy_nba_dashboard/airflow_env/lib/python3.10/site-packages/airflow/example_dags/example_nested_branch_dag.py
[2024-01-06T14:38:59.109-0800] {logging_mixin.py:188} INFO - [2024-01-06T14:38:59.108-0800] {dag.py:3033} INFO - Sync 1 DAGs
[2024-01-06T14:38:59.126-0800] {logging_mixin.py:188} INFO - [2024-01-06T14:38:59.126-0800] {dag.py:3820} INFO - Setting next_dagrun for example_nested_branch_dag to 2024-01-05T00:00:00+00:00, run_after=2024-01-06T00:00:00+00:00
[2024-01-06T14:38:59.140-0800] {processor.py:183} INFO - Processing /mnt/c/Users/victo/OneDrive/Desktop/fantasy_nba_dashboard/airflow_env/lib/python3.10/site-packages/airflow/example_dags/example_nested_branch_dag.py took 0.076 seconds
[2024-01-06T14:39:29.652-0800] {processor.py:161} INFO - Started process (PID=11027) to work on /mnt/c/Users/victo/OneDrive/Desktop/fantasy_nba_dashboard/airflow_env/lib/python3.10/site-packages/airflow/example_dags/example_nested_branch_dag.py
[2024-01-06T14:39:29.653-0800] {processor.py:830} INFO - Processing file /mnt/c/Users/victo/OneDrive/Desktop/fantasy_nba_dashboard/airflow_env/lib/python3.10/site-packages/airflow/example_dags/example_nested_branch_dag.py for tasks to queue
[2024-01-06T14:39:29.654-0800] {logging_mixin.py:188} INFO - [2024-01-06T14:39:29.654-0800] {dagbag.py:538} INFO - Filling up the DagBag from /mnt/c/Users/victo/OneDrive/Desktop/fantasy_nba_dashboard/airflow_env/lib/python3.10/site-packages/airflow/example_dags/example_nested_branch_dag.py
[2024-01-06T14:39:29.663-0800] {processor.py:840} INFO - DAG(s) 'example_nested_branch_dag' retrieved from /mnt/c/Users/victo/OneDrive/Desktop/fantasy_nba_dashboard/airflow_env/lib/python3.10/site-packages/airflow/example_dags/example_nested_branch_dag.py
[2024-01-06T14:39:29.693-0800] {logging_mixin.py:188} INFO - [2024-01-06T14:39:29.693-0800] {dag.py:3033} INFO - Sync 1 DAGs
[2024-01-06T14:39:29.711-0800] {logging_mixin.py:188} INFO - [2024-01-06T14:39:29.711-0800] {dag.py:3820} INFO - Setting next_dagrun for example_nested_branch_dag to 2024-01-05T00:00:00+00:00, run_after=2024-01-06T00:00:00+00:00
[2024-01-06T14:39:29.724-0800] {processor.py:183} INFO - Processing /mnt/c/Users/victo/OneDrive/Desktop/fantasy_nba_dashboard/airflow_env/lib/python3.10/site-packages/airflow/example_dags/example_nested_branch_dag.py took 0.076 seconds
[2024-01-06T14:40:00.455-0800] {processor.py:161} INFO - Started process (PID=11184) to work on /mnt/c/Users/victo/OneDrive/Desktop/fantasy_nba_dashboard/airflow_env/lib/python3.10/site-packages/airflow/example_dags/example_nested_branch_dag.py
[2024-01-06T14:40:00.456-0800] {processor.py:830} INFO - Processing file /mnt/c/Users/victo/OneDrive/Desktop/fantasy_nba_dashboard/airflow_env/lib/python3.10/site-packages/airflow/example_dags/example_nested_branch_dag.py for tasks to queue
[2024-01-06T14:40:00.457-0800] {logging_mixin.py:188} INFO - [2024-01-06T14:40:00.456-0800] {dagbag.py:538} INFO - Filling up the DagBag from /mnt/c/Users/victo/OneDrive/Desktop/fantasy_nba_dashboard/airflow_env/lib/python3.10/site-packages/airflow/example_dags/example_nested_branch_dag.py
[2024-01-06T14:40:00.466-0800] {processor.py:840} INFO - DAG(s) 'example_nested_branch_dag' retrieved from /mnt/c/Users/victo/OneDrive/Desktop/fantasy_nba_dashboard/airflow_env/lib/python3.10/site-packages/airflow/example_dags/example_nested_branch_dag.py
[2024-01-06T14:40:00.496-0800] {logging_mixin.py:188} INFO - [2024-01-06T14:40:00.496-0800] {dag.py:3033} INFO - Sync 1 DAGs
[2024-01-06T14:40:00.513-0800] {logging_mixin.py:188} INFO - [2024-01-06T14:40:00.513-0800] {dag.py:3820} INFO - Setting next_dagrun for example_nested_branch_dag to 2024-01-05T00:00:00+00:00, run_after=2024-01-06T00:00:00+00:00
[2024-01-06T14:40:00.531-0800] {processor.py:183} INFO - Processing /mnt/c/Users/victo/OneDrive/Desktop/fantasy_nba_dashboard/airflow_env/lib/python3.10/site-packages/airflow/example_dags/example_nested_branch_dag.py took 0.080 seconds
[2024-01-06T14:40:31.188-0800] {processor.py:161} INFO - Started process (PID=11341) to work on /mnt/c/Users/victo/OneDrive/Desktop/fantasy_nba_dashboard/airflow_env/lib/python3.10/site-packages/airflow/example_dags/example_nested_branch_dag.py
[2024-01-06T14:40:31.189-0800] {processor.py:830} INFO - Processing file /mnt/c/Users/victo/OneDrive/Desktop/fantasy_nba_dashboard/airflow_env/lib/python3.10/site-packages/airflow/example_dags/example_nested_branch_dag.py for tasks to queue
[2024-01-06T14:40:31.190-0800] {logging_mixin.py:188} INFO - [2024-01-06T14:40:31.190-0800] {dagbag.py:538} INFO - Filling up the DagBag from /mnt/c/Users/victo/OneDrive/Desktop/fantasy_nba_dashboard/airflow_env/lib/python3.10/site-packages/airflow/example_dags/example_nested_branch_dag.py
[2024-01-06T14:40:31.200-0800] {processor.py:840} INFO - DAG(s) 'example_nested_branch_dag' retrieved from /mnt/c/Users/victo/OneDrive/Desktop/fantasy_nba_dashboard/airflow_env/lib/python3.10/site-packages/airflow/example_dags/example_nested_branch_dag.py
[2024-01-06T14:40:31.231-0800] {logging_mixin.py:188} INFO - [2024-01-06T14:40:31.231-0800] {dag.py:3033} INFO - Sync 1 DAGs
[2024-01-06T14:40:31.246-0800] {logging_mixin.py:188} INFO - [2024-01-06T14:40:31.246-0800] {dag.py:3820} INFO - Setting next_dagrun for example_nested_branch_dag to 2024-01-05T00:00:00+00:00, run_after=2024-01-06T00:00:00+00:00
[2024-01-06T14:40:31.263-0800] {processor.py:183} INFO - Processing /mnt/c/Users/victo/OneDrive/Desktop/fantasy_nba_dashboard/airflow_env/lib/python3.10/site-packages/airflow/example_dags/example_nested_branch_dag.py took 0.079 seconds
[2024-01-06T14:41:02.211-0800] {processor.py:161} INFO - Started process (PID=11526) to work on /mnt/c/Users/victo/OneDrive/Desktop/fantasy_nba_dashboard/airflow_env/lib/python3.10/site-packages/airflow/example_dags/example_nested_branch_dag.py
[2024-01-06T14:41:02.212-0800] {processor.py:830} INFO - Processing file /mnt/c/Users/victo/OneDrive/Desktop/fantasy_nba_dashboard/airflow_env/lib/python3.10/site-packages/airflow/example_dags/example_nested_branch_dag.py for tasks to queue
[2024-01-06T14:41:02.212-0800] {logging_mixin.py:188} INFO - [2024-01-06T14:41:02.212-0800] {dagbag.py:538} INFO - Filling up the DagBag from /mnt/c/Users/victo/OneDrive/Desktop/fantasy_nba_dashboard/airflow_env/lib/python3.10/site-packages/airflow/example_dags/example_nested_branch_dag.py
[2024-01-06T14:41:02.225-0800] {processor.py:840} INFO - DAG(s) 'example_nested_branch_dag' retrieved from /mnt/c/Users/victo/OneDrive/Desktop/fantasy_nba_dashboard/airflow_env/lib/python3.10/site-packages/airflow/example_dags/example_nested_branch_dag.py
[2024-01-06T14:41:02.259-0800] {logging_mixin.py:188} INFO - [2024-01-06T14:41:02.258-0800] {dag.py:3033} INFO - Sync 1 DAGs
[2024-01-06T14:41:02.281-0800] {logging_mixin.py:188} INFO - [2024-01-06T14:41:02.280-0800] {dag.py:3820} INFO - Setting next_dagrun for example_nested_branch_dag to 2024-01-05T00:00:00+00:00, run_after=2024-01-06T00:00:00+00:00
[2024-01-06T14:41:02.298-0800] {processor.py:183} INFO - Processing /mnt/c/Users/victo/OneDrive/Desktop/fantasy_nba_dashboard/airflow_env/lib/python3.10/site-packages/airflow/example_dags/example_nested_branch_dag.py took 0.091 seconds
