[2024-01-06T14:24:42.910-0800] {processor.py:161} INFO - Started process (PID=7107) to work on /mnt/c/Users/victo/OneDrive/Desktop/fantasy_nba_dashboard/airflow_env/lib/python3.10/site-packages/airflow/example_dags/example_params_trigger_ui.py
[2024-01-06T14:24:42.911-0800] {processor.py:830} INFO - Processing file /mnt/c/Users/victo/OneDrive/Desktop/fantasy_nba_dashboard/airflow_env/lib/python3.10/site-packages/airflow/example_dags/example_params_trigger_ui.py for tasks to queue
[2024-01-06T14:24:42.912-0800] {logging_mixin.py:188} INFO - [2024-01-06T14:24:42.911-0800] {dagbag.py:538} INFO - Filling up the DagBag from /mnt/c/Users/victo/OneDrive/Desktop/fantasy_nba_dashboard/airflow_env/lib/python3.10/site-packages/airflow/example_dags/example_params_trigger_ui.py
[2024-01-06T14:24:42.924-0800] {processor.py:840} INFO - DAG(s) 'example_params_trigger_ui' retrieved from /mnt/c/Users/victo/OneDrive/Desktop/fantasy_nba_dashboard/airflow_env/lib/python3.10/site-packages/airflow/example_dags/example_params_trigger_ui.py
[2024-01-06T14:24:43.039-0800] {logging_mixin.py:188} INFO - [2024-01-06T14:24:43.038-0800] {dag.py:3033} INFO - Sync 1 DAGs
[2024-01-06T14:24:43.046-0800] {logging_mixin.py:188} INFO - [2024-01-06T14:24:43.046-0800] {dag.py:3820} INFO - Setting next_dagrun for example_params_trigger_ui to None, run_after=None
[2024-01-06T14:24:43.061-0800] {processor.py:183} INFO - Processing /mnt/c/Users/victo/OneDrive/Desktop/fantasy_nba_dashboard/airflow_env/lib/python3.10/site-packages/airflow/example_dags/example_params_trigger_ui.py took 0.155 seconds
[2024-01-06T14:25:13.186-0800] {processor.py:161} INFO - Started process (PID=7266) to work on /mnt/c/Users/victo/OneDrive/Desktop/fantasy_nba_dashboard/airflow_env/lib/python3.10/site-packages/airflow/example_dags/example_params_trigger_ui.py
[2024-01-06T14:25:13.187-0800] {processor.py:830} INFO - Processing file /mnt/c/Users/victo/OneDrive/Desktop/fantasy_nba_dashboard/airflow_env/lib/python3.10/site-packages/airflow/example_dags/example_params_trigger_ui.py for tasks to queue
[2024-01-06T14:25:13.187-0800] {logging_mixin.py:188} INFO - [2024-01-06T14:25:13.187-0800] {dagbag.py:538} INFO - Filling up the DagBag from /mnt/c/Users/victo/OneDrive/Desktop/fantasy_nba_dashboard/airflow_env/lib/python3.10/site-packages/airflow/example_dags/example_params_trigger_ui.py
[2024-01-06T14:25:13.201-0800] {processor.py:840} INFO - DAG(s) 'example_params_trigger_ui' retrieved from /mnt/c/Users/victo/OneDrive/Desktop/fantasy_nba_dashboard/airflow_env/lib/python3.10/site-packages/airflow/example_dags/example_params_trigger_ui.py
[2024-01-06T14:25:13.246-0800] {logging_mixin.py:188} INFO - [2024-01-06T14:25:13.246-0800] {dag.py:3033} INFO - Sync 1 DAGs
[2024-01-06T14:25:13.255-0800] {logging_mixin.py:188} INFO - [2024-01-06T14:25:13.255-0800] {dag.py:3820} INFO - Setting next_dagrun for example_params_trigger_ui to None, run_after=None
[2024-01-06T14:25:13.274-0800] {processor.py:183} INFO - Processing /mnt/c/Users/victo/OneDrive/Desktop/fantasy_nba_dashboard/airflow_env/lib/python3.10/site-packages/airflow/example_dags/example_params_trigger_ui.py took 0.092 seconds
[2024-01-06T14:25:43.343-0800] {processor.py:161} INFO - Started process (PID=7515) to work on /mnt/c/Users/victo/OneDrive/Desktop/fantasy_nba_dashboard/airflow_env/lib/python3.10/site-packages/airflow/example_dags/example_params_trigger_ui.py
[2024-01-06T14:25:43.344-0800] {processor.py:830} INFO - Processing file /mnt/c/Users/victo/OneDrive/Desktop/fantasy_nba_dashboard/airflow_env/lib/python3.10/site-packages/airflow/example_dags/example_params_trigger_ui.py for tasks to queue
[2024-01-06T14:25:43.344-0800] {logging_mixin.py:188} INFO - [2024-01-06T14:25:43.344-0800] {dagbag.py:538} INFO - Filling up the DagBag from /mnt/c/Users/victo/OneDrive/Desktop/fantasy_nba_dashboard/airflow_env/lib/python3.10/site-packages/airflow/example_dags/example_params_trigger_ui.py
[2024-01-06T14:25:43.356-0800] {processor.py:840} INFO - DAG(s) 'example_params_trigger_ui' retrieved from /mnt/c/Users/victo/OneDrive/Desktop/fantasy_nba_dashboard/airflow_env/lib/python3.10/site-packages/airflow/example_dags/example_params_trigger_ui.py
[2024-01-06T14:25:43.402-0800] {logging_mixin.py:188} INFO - [2024-01-06T14:25:43.402-0800] {dag.py:3033} INFO - Sync 1 DAGs
[2024-01-06T14:25:43.412-0800] {logging_mixin.py:188} INFO - [2024-01-06T14:25:43.412-0800] {dag.py:3820} INFO - Setting next_dagrun for example_params_trigger_ui to None, run_after=None
[2024-01-06T14:25:43.429-0800] {processor.py:183} INFO - Processing /mnt/c/Users/victo/OneDrive/Desktop/fantasy_nba_dashboard/airflow_env/lib/python3.10/site-packages/airflow/example_dags/example_params_trigger_ui.py took 0.090 seconds
[2024-01-06T14:26:13.633-0800] {processor.py:161} INFO - Started process (PID=8054) to work on /mnt/c/Users/victo/OneDrive/Desktop/fantasy_nba_dashboard/airflow_env/lib/python3.10/site-packages/airflow/example_dags/example_params_trigger_ui.py
[2024-01-06T14:26:13.634-0800] {processor.py:830} INFO - Processing file /mnt/c/Users/victo/OneDrive/Desktop/fantasy_nba_dashboard/airflow_env/lib/python3.10/site-packages/airflow/example_dags/example_params_trigger_ui.py for tasks to queue
[2024-01-06T14:26:13.635-0800] {logging_mixin.py:188} INFO - [2024-01-06T14:26:13.635-0800] {dagbag.py:538} INFO - Filling up the DagBag from /mnt/c/Users/victo/OneDrive/Desktop/fantasy_nba_dashboard/airflow_env/lib/python3.10/site-packages/airflow/example_dags/example_params_trigger_ui.py
[2024-01-06T14:26:13.648-0800] {processor.py:840} INFO - DAG(s) 'example_params_trigger_ui' retrieved from /mnt/c/Users/victo/OneDrive/Desktop/fantasy_nba_dashboard/airflow_env/lib/python3.10/site-packages/airflow/example_dags/example_params_trigger_ui.py
[2024-01-06T14:26:13.693-0800] {logging_mixin.py:188} INFO - [2024-01-06T14:26:13.692-0800] {dag.py:3033} INFO - Sync 1 DAGs
[2024-01-06T14:26:13.702-0800] {logging_mixin.py:188} INFO - [2024-01-06T14:26:13.701-0800] {dag.py:3820} INFO - Setting next_dagrun for example_params_trigger_ui to None, run_after=None
[2024-01-06T14:26:13.719-0800] {processor.py:183} INFO - Processing /mnt/c/Users/victo/OneDrive/Desktop/fantasy_nba_dashboard/airflow_env/lib/python3.10/site-packages/airflow/example_dags/example_params_trigger_ui.py took 0.090 seconds
[2024-01-06T14:35:54.558-0800] {processor.py:161} INFO - Started process (PID=9561) to work on /mnt/c/Users/victo/OneDrive/Desktop/fantasy_nba_dashboard/airflow_env/lib/python3.10/site-packages/airflow/example_dags/example_params_trigger_ui.py
[2024-01-06T14:35:54.559-0800] {processor.py:830} INFO - Processing file /mnt/c/Users/victo/OneDrive/Desktop/fantasy_nba_dashboard/airflow_env/lib/python3.10/site-packages/airflow/example_dags/example_params_trigger_ui.py for tasks to queue
[2024-01-06T14:35:54.560-0800] {logging_mixin.py:188} INFO - [2024-01-06T14:35:54.560-0800] {dagbag.py:538} INFO - Filling up the DagBag from /mnt/c/Users/victo/OneDrive/Desktop/fantasy_nba_dashboard/airflow_env/lib/python3.10/site-packages/airflow/example_dags/example_params_trigger_ui.py
[2024-01-06T14:35:54.573-0800] {processor.py:840} INFO - DAG(s) 'example_params_trigger_ui' retrieved from /mnt/c/Users/victo/OneDrive/Desktop/fantasy_nba_dashboard/airflow_env/lib/python3.10/site-packages/airflow/example_dags/example_params_trigger_ui.py
[2024-01-06T14:35:54.619-0800] {logging_mixin.py:188} INFO - [2024-01-06T14:35:54.618-0800] {dag.py:3033} INFO - Sync 1 DAGs
[2024-01-06T14:35:54.627-0800] {logging_mixin.py:188} INFO - [2024-01-06T14:35:54.627-0800] {dag.py:3820} INFO - Setting next_dagrun for example_params_trigger_ui to None, run_after=None
[2024-01-06T14:35:54.645-0800] {processor.py:183} INFO - Processing /mnt/c/Users/victo/OneDrive/Desktop/fantasy_nba_dashboard/airflow_env/lib/python3.10/site-packages/airflow/example_dags/example_params_trigger_ui.py took 0.091 seconds
[2024-01-06T14:36:24.735-0800] {processor.py:161} INFO - Started process (PID=9744) to work on /mnt/c/Users/victo/OneDrive/Desktop/fantasy_nba_dashboard/airflow_env/lib/python3.10/site-packages/airflow/example_dags/example_params_trigger_ui.py
[2024-01-06T14:36:24.735-0800] {processor.py:830} INFO - Processing file /mnt/c/Users/victo/OneDrive/Desktop/fantasy_nba_dashboard/airflow_env/lib/python3.10/site-packages/airflow/example_dags/example_params_trigger_ui.py for tasks to queue
[2024-01-06T14:36:24.736-0800] {logging_mixin.py:188} INFO - [2024-01-06T14:36:24.736-0800] {dagbag.py:538} INFO - Filling up the DagBag from /mnt/c/Users/victo/OneDrive/Desktop/fantasy_nba_dashboard/airflow_env/lib/python3.10/site-packages/airflow/example_dags/example_params_trigger_ui.py
[2024-01-06T14:36:24.749-0800] {processor.py:840} INFO - DAG(s) 'example_params_trigger_ui' retrieved from /mnt/c/Users/victo/OneDrive/Desktop/fantasy_nba_dashboard/airflow_env/lib/python3.10/site-packages/airflow/example_dags/example_params_trigger_ui.py
[2024-01-06T14:36:24.792-0800] {logging_mixin.py:188} INFO - [2024-01-06T14:36:24.792-0800] {dag.py:3033} INFO - Sync 1 DAGs
[2024-01-06T14:36:24.802-0800] {logging_mixin.py:188} INFO - [2024-01-06T14:36:24.802-0800] {dag.py:3820} INFO - Setting next_dagrun for example_params_trigger_ui to None, run_after=None
[2024-01-06T14:36:24.815-0800] {processor.py:183} INFO - Processing /mnt/c/Users/victo/OneDrive/Desktop/fantasy_nba_dashboard/airflow_env/lib/python3.10/site-packages/airflow/example_dags/example_params_trigger_ui.py took 0.084 seconds
[2024-01-06T14:36:55.978-0800] {processor.py:161} INFO - Started process (PID=10024) to work on /mnt/c/Users/victo/OneDrive/Desktop/fantasy_nba_dashboard/airflow_env/lib/python3.10/site-packages/airflow/example_dags/example_params_trigger_ui.py
[2024-01-06T14:36:55.979-0800] {processor.py:830} INFO - Processing file /mnt/c/Users/victo/OneDrive/Desktop/fantasy_nba_dashboard/airflow_env/lib/python3.10/site-packages/airflow/example_dags/example_params_trigger_ui.py for tasks to queue
[2024-01-06T14:36:55.980-0800] {logging_mixin.py:188} INFO - [2024-01-06T14:36:55.979-0800] {dagbag.py:538} INFO - Filling up the DagBag from /mnt/c/Users/victo/OneDrive/Desktop/fantasy_nba_dashboard/airflow_env/lib/python3.10/site-packages/airflow/example_dags/example_params_trigger_ui.py
[2024-01-06T14:36:55.994-0800] {processor.py:840} INFO - DAG(s) 'example_params_trigger_ui' retrieved from /mnt/c/Users/victo/OneDrive/Desktop/fantasy_nba_dashboard/airflow_env/lib/python3.10/site-packages/airflow/example_dags/example_params_trigger_ui.py
[2024-01-06T14:36:56.038-0800] {logging_mixin.py:188} INFO - [2024-01-06T14:36:56.038-0800] {dag.py:3033} INFO - Sync 1 DAGs
[2024-01-06T14:36:56.048-0800] {logging_mixin.py:188} INFO - [2024-01-06T14:36:56.048-0800] {dag.py:3820} INFO - Setting next_dagrun for example_params_trigger_ui to None, run_after=None
[2024-01-06T14:36:56.061-0800] {processor.py:183} INFO - Processing /mnt/c/Users/victo/OneDrive/Desktop/fantasy_nba_dashboard/airflow_env/lib/python3.10/site-packages/airflow/example_dags/example_params_trigger_ui.py took 0.087 seconds
[2024-01-06T14:37:26.570-0800] {processor.py:161} INFO - Started process (PID=10303) to work on /mnt/c/Users/victo/OneDrive/Desktop/fantasy_nba_dashboard/airflow_env/lib/python3.10/site-packages/airflow/example_dags/example_params_trigger_ui.py
[2024-01-06T14:37:26.571-0800] {processor.py:830} INFO - Processing file /mnt/c/Users/victo/OneDrive/Desktop/fantasy_nba_dashboard/airflow_env/lib/python3.10/site-packages/airflow/example_dags/example_params_trigger_ui.py for tasks to queue
[2024-01-06T14:37:26.571-0800] {logging_mixin.py:188} INFO - [2024-01-06T14:37:26.571-0800] {dagbag.py:538} INFO - Filling up the DagBag from /mnt/c/Users/victo/OneDrive/Desktop/fantasy_nba_dashboard/airflow_env/lib/python3.10/site-packages/airflow/example_dags/example_params_trigger_ui.py
[2024-01-06T14:37:26.585-0800] {processor.py:840} INFO - DAG(s) 'example_params_trigger_ui' retrieved from /mnt/c/Users/victo/OneDrive/Desktop/fantasy_nba_dashboard/airflow_env/lib/python3.10/site-packages/airflow/example_dags/example_params_trigger_ui.py
[2024-01-06T14:37:26.631-0800] {logging_mixin.py:188} INFO - [2024-01-06T14:37:26.630-0800] {dag.py:3033} INFO - Sync 1 DAGs
[2024-01-06T14:37:26.641-0800] {logging_mixin.py:188} INFO - [2024-01-06T14:37:26.641-0800] {dag.py:3820} INFO - Setting next_dagrun for example_params_trigger_ui to None, run_after=None
[2024-01-06T14:37:26.655-0800] {processor.py:183} INFO - Processing /mnt/c/Users/victo/OneDrive/Desktop/fantasy_nba_dashboard/airflow_env/lib/python3.10/site-packages/airflow/example_dags/example_params_trigger_ui.py took 0.089 seconds
[2024-01-06T14:37:57.317-0800] {processor.py:161} INFO - Started process (PID=10501) to work on /mnt/c/Users/victo/OneDrive/Desktop/fantasy_nba_dashboard/airflow_env/lib/python3.10/site-packages/airflow/example_dags/example_params_trigger_ui.py
[2024-01-06T14:37:57.318-0800] {processor.py:830} INFO - Processing file /mnt/c/Users/victo/OneDrive/Desktop/fantasy_nba_dashboard/airflow_env/lib/python3.10/site-packages/airflow/example_dags/example_params_trigger_ui.py for tasks to queue
[2024-01-06T14:37:57.318-0800] {logging_mixin.py:188} INFO - [2024-01-06T14:37:57.318-0800] {dagbag.py:538} INFO - Filling up the DagBag from /mnt/c/Users/victo/OneDrive/Desktop/fantasy_nba_dashboard/airflow_env/lib/python3.10/site-packages/airflow/example_dags/example_params_trigger_ui.py
[2024-01-06T14:37:57.332-0800] {processor.py:840} INFO - DAG(s) 'example_params_trigger_ui' retrieved from /mnt/c/Users/victo/OneDrive/Desktop/fantasy_nba_dashboard/airflow_env/lib/python3.10/site-packages/airflow/example_dags/example_params_trigger_ui.py
[2024-01-06T14:37:57.376-0800] {logging_mixin.py:188} INFO - [2024-01-06T14:37:57.376-0800] {dag.py:3033} INFO - Sync 1 DAGs
[2024-01-06T14:37:57.387-0800] {logging_mixin.py:188} INFO - [2024-01-06T14:37:57.387-0800] {dag.py:3820} INFO - Setting next_dagrun for example_params_trigger_ui to None, run_after=None
[2024-01-06T14:37:57.410-0800] {processor.py:183} INFO - Processing /mnt/c/Users/victo/OneDrive/Desktop/fantasy_nba_dashboard/airflow_env/lib/python3.10/site-packages/airflow/example_dags/example_params_trigger_ui.py took 0.097 seconds
[2024-01-06T14:38:27.980-0800] {processor.py:161} INFO - Started process (PID=10675) to work on /mnt/c/Users/victo/OneDrive/Desktop/fantasy_nba_dashboard/airflow_env/lib/python3.10/site-packages/airflow/example_dags/example_params_trigger_ui.py
[2024-01-06T14:38:27.981-0800] {processor.py:830} INFO - Processing file /mnt/c/Users/victo/OneDrive/Desktop/fantasy_nba_dashboard/airflow_env/lib/python3.10/site-packages/airflow/example_dags/example_params_trigger_ui.py for tasks to queue
[2024-01-06T14:38:27.982-0800] {logging_mixin.py:188} INFO - [2024-01-06T14:38:27.981-0800] {dagbag.py:538} INFO - Filling up the DagBag from /mnt/c/Users/victo/OneDrive/Desktop/fantasy_nba_dashboard/airflow_env/lib/python3.10/site-packages/airflow/example_dags/example_params_trigger_ui.py
[2024-01-06T14:38:27.995-0800] {processor.py:840} INFO - DAG(s) 'example_params_trigger_ui' retrieved from /mnt/c/Users/victo/OneDrive/Desktop/fantasy_nba_dashboard/airflow_env/lib/python3.10/site-packages/airflow/example_dags/example_params_trigger_ui.py
[2024-01-06T14:38:28.040-0800] {logging_mixin.py:188} INFO - [2024-01-06T14:38:28.039-0800] {dag.py:3033} INFO - Sync 1 DAGs
[2024-01-06T14:38:28.049-0800] {logging_mixin.py:188} INFO - [2024-01-06T14:38:28.049-0800] {dag.py:3820} INFO - Setting next_dagrun for example_params_trigger_ui to None, run_after=None
[2024-01-06T14:38:28.061-0800] {processor.py:183} INFO - Processing /mnt/c/Users/victo/OneDrive/Desktop/fantasy_nba_dashboard/airflow_env/lib/python3.10/site-packages/airflow/example_dags/example_params_trigger_ui.py took 0.085 seconds
[2024-01-06T14:38:59.024-0800] {processor.py:161} INFO - Started process (PID=10866) to work on /mnt/c/Users/victo/OneDrive/Desktop/fantasy_nba_dashboard/airflow_env/lib/python3.10/site-packages/airflow/example_dags/example_params_trigger_ui.py
[2024-01-06T14:38:59.025-0800] {processor.py:830} INFO - Processing file /mnt/c/Users/victo/OneDrive/Desktop/fantasy_nba_dashboard/airflow_env/lib/python3.10/site-packages/airflow/example_dags/example_params_trigger_ui.py for tasks to queue
[2024-01-06T14:38:59.025-0800] {logging_mixin.py:188} INFO - [2024-01-06T14:38:59.025-0800] {dagbag.py:538} INFO - Filling up the DagBag from /mnt/c/Users/victo/OneDrive/Desktop/fantasy_nba_dashboard/airflow_env/lib/python3.10/site-packages/airflow/example_dags/example_params_trigger_ui.py
[2024-01-06T14:38:59.039-0800] {processor.py:840} INFO - DAG(s) 'example_params_trigger_ui' retrieved from /mnt/c/Users/victo/OneDrive/Desktop/fantasy_nba_dashboard/airflow_env/lib/python3.10/site-packages/airflow/example_dags/example_params_trigger_ui.py
[2024-01-06T14:38:59.084-0800] {logging_mixin.py:188} INFO - [2024-01-06T14:38:59.084-0800] {dag.py:3033} INFO - Sync 1 DAGs
[2024-01-06T14:38:59.094-0800] {logging_mixin.py:188} INFO - [2024-01-06T14:38:59.094-0800] {dag.py:3820} INFO - Setting next_dagrun for example_params_trigger_ui to None, run_after=None
[2024-01-06T14:38:59.112-0800] {processor.py:183} INFO - Processing /mnt/c/Users/victo/OneDrive/Desktop/fantasy_nba_dashboard/airflow_env/lib/python3.10/site-packages/airflow/example_dags/example_params_trigger_ui.py took 0.092 seconds
[2024-01-06T14:39:29.589-0800] {processor.py:161} INFO - Started process (PID=11025) to work on /mnt/c/Users/victo/OneDrive/Desktop/fantasy_nba_dashboard/airflow_env/lib/python3.10/site-packages/airflow/example_dags/example_params_trigger_ui.py
[2024-01-06T14:39:29.590-0800] {processor.py:830} INFO - Processing file /mnt/c/Users/victo/OneDrive/Desktop/fantasy_nba_dashboard/airflow_env/lib/python3.10/site-packages/airflow/example_dags/example_params_trigger_ui.py for tasks to queue
[2024-01-06T14:39:29.590-0800] {logging_mixin.py:188} INFO - [2024-01-06T14:39:29.590-0800] {dagbag.py:538} INFO - Filling up the DagBag from /mnt/c/Users/victo/OneDrive/Desktop/fantasy_nba_dashboard/airflow_env/lib/python3.10/site-packages/airflow/example_dags/example_params_trigger_ui.py
[2024-01-06T14:39:29.603-0800] {processor.py:840} INFO - DAG(s) 'example_params_trigger_ui' retrieved from /mnt/c/Users/victo/OneDrive/Desktop/fantasy_nba_dashboard/airflow_env/lib/python3.10/site-packages/airflow/example_dags/example_params_trigger_ui.py
[2024-01-06T14:39:29.646-0800] {logging_mixin.py:188} INFO - [2024-01-06T14:39:29.645-0800] {dag.py:3033} INFO - Sync 1 DAGs
[2024-01-06T14:39:29.655-0800] {logging_mixin.py:188} INFO - [2024-01-06T14:39:29.655-0800] {dag.py:3820} INFO - Setting next_dagrun for example_params_trigger_ui to None, run_after=None
[2024-01-06T14:39:29.675-0800] {processor.py:183} INFO - Processing /mnt/c/Users/victo/OneDrive/Desktop/fantasy_nba_dashboard/airflow_env/lib/python3.10/site-packages/airflow/example_dags/example_params_trigger_ui.py took 0.090 seconds
[2024-01-06T14:40:00.405-0800] {processor.py:161} INFO - Started process (PID=11182) to work on /mnt/c/Users/victo/OneDrive/Desktop/fantasy_nba_dashboard/airflow_env/lib/python3.10/site-packages/airflow/example_dags/example_params_trigger_ui.py
[2024-01-06T14:40:00.406-0800] {processor.py:830} INFO - Processing file /mnt/c/Users/victo/OneDrive/Desktop/fantasy_nba_dashboard/airflow_env/lib/python3.10/site-packages/airflow/example_dags/example_params_trigger_ui.py for tasks to queue
[2024-01-06T14:40:00.406-0800] {logging_mixin.py:188} INFO - [2024-01-06T14:40:00.406-0800] {dagbag.py:538} INFO - Filling up the DagBag from /mnt/c/Users/victo/OneDrive/Desktop/fantasy_nba_dashboard/airflow_env/lib/python3.10/site-packages/airflow/example_dags/example_params_trigger_ui.py
[2024-01-06T14:40:00.419-0800] {processor.py:840} INFO - DAG(s) 'example_params_trigger_ui' retrieved from /mnt/c/Users/victo/OneDrive/Desktop/fantasy_nba_dashboard/airflow_env/lib/python3.10/site-packages/airflow/example_dags/example_params_trigger_ui.py
[2024-01-06T14:40:00.463-0800] {logging_mixin.py:188} INFO - [2024-01-06T14:40:00.463-0800] {dag.py:3033} INFO - Sync 1 DAGs
[2024-01-06T14:40:00.474-0800] {logging_mixin.py:188} INFO - [2024-01-06T14:40:00.474-0800] {dag.py:3820} INFO - Setting next_dagrun for example_params_trigger_ui to None, run_after=None
[2024-01-06T14:40:00.487-0800] {processor.py:183} INFO - Processing /mnt/c/Users/victo/OneDrive/Desktop/fantasy_nba_dashboard/airflow_env/lib/python3.10/site-packages/airflow/example_dags/example_params_trigger_ui.py took 0.086 seconds
[2024-01-06T14:40:31.164-0800] {processor.py:161} INFO - Started process (PID=11340) to work on /mnt/c/Users/victo/OneDrive/Desktop/fantasy_nba_dashboard/airflow_env/lib/python3.10/site-packages/airflow/example_dags/example_params_trigger_ui.py
[2024-01-06T14:40:31.165-0800] {processor.py:830} INFO - Processing file /mnt/c/Users/victo/OneDrive/Desktop/fantasy_nba_dashboard/airflow_env/lib/python3.10/site-packages/airflow/example_dags/example_params_trigger_ui.py for tasks to queue
[2024-01-06T14:40:31.166-0800] {logging_mixin.py:188} INFO - [2024-01-06T14:40:31.165-0800] {dagbag.py:538} INFO - Filling up the DagBag from /mnt/c/Users/victo/OneDrive/Desktop/fantasy_nba_dashboard/airflow_env/lib/python3.10/site-packages/airflow/example_dags/example_params_trigger_ui.py
[2024-01-06T14:40:31.179-0800] {processor.py:840} INFO - DAG(s) 'example_params_trigger_ui' retrieved from /mnt/c/Users/victo/OneDrive/Desktop/fantasy_nba_dashboard/airflow_env/lib/python3.10/site-packages/airflow/example_dags/example_params_trigger_ui.py
[2024-01-06T14:40:31.226-0800] {logging_mixin.py:188} INFO - [2024-01-06T14:40:31.226-0800] {dag.py:3033} INFO - Sync 1 DAGs
[2024-01-06T14:40:31.236-0800] {logging_mixin.py:188} INFO - [2024-01-06T14:40:31.236-0800] {dag.py:3820} INFO - Setting next_dagrun for example_params_trigger_ui to None, run_after=None
[2024-01-06T14:40:31.248-0800] {processor.py:183} INFO - Processing /mnt/c/Users/victo/OneDrive/Desktop/fantasy_nba_dashboard/airflow_env/lib/python3.10/site-packages/airflow/example_dags/example_params_trigger_ui.py took 0.088 seconds
[2024-01-06T14:41:02.121-0800] {processor.py:161} INFO - Started process (PID=11523) to work on /mnt/c/Users/victo/OneDrive/Desktop/fantasy_nba_dashboard/airflow_env/lib/python3.10/site-packages/airflow/example_dags/example_params_trigger_ui.py
[2024-01-06T14:41:02.122-0800] {processor.py:830} INFO - Processing file /mnt/c/Users/victo/OneDrive/Desktop/fantasy_nba_dashboard/airflow_env/lib/python3.10/site-packages/airflow/example_dags/example_params_trigger_ui.py for tasks to queue
[2024-01-06T14:41:02.123-0800] {logging_mixin.py:188} INFO - [2024-01-06T14:41:02.122-0800] {dagbag.py:538} INFO - Filling up the DagBag from /mnt/c/Users/victo/OneDrive/Desktop/fantasy_nba_dashboard/airflow_env/lib/python3.10/site-packages/airflow/example_dags/example_params_trigger_ui.py
[2024-01-06T14:41:02.135-0800] {processor.py:840} INFO - DAG(s) 'example_params_trigger_ui' retrieved from /mnt/c/Users/victo/OneDrive/Desktop/fantasy_nba_dashboard/airflow_env/lib/python3.10/site-packages/airflow/example_dags/example_params_trigger_ui.py
[2024-01-06T14:41:02.179-0800] {logging_mixin.py:188} INFO - [2024-01-06T14:41:02.179-0800] {dag.py:3033} INFO - Sync 1 DAGs
[2024-01-06T14:41:02.188-0800] {logging_mixin.py:188} INFO - [2024-01-06T14:41:02.188-0800] {dag.py:3820} INFO - Setting next_dagrun for example_params_trigger_ui to None, run_after=None
[2024-01-06T14:41:02.202-0800] {processor.py:183} INFO - Processing /mnt/c/Users/victo/OneDrive/Desktop/fantasy_nba_dashboard/airflow_env/lib/python3.10/site-packages/airflow/example_dags/example_params_trigger_ui.py took 0.086 seconds
