[2024-01-06T14:24:42.012-0800] {processor.py:161} INFO - Started process (PID=7085) to work on /mnt/c/Users/victo/OneDrive/Desktop/fantasy_nba_dashboard/airflow_env/lib/python3.10/site-packages/airflow/example_dags/example_skip_dag.py
[2024-01-06T14:24:42.013-0800] {processor.py:830} INFO - Processing file /mnt/c/Users/victo/OneDrive/Desktop/fantasy_nba_dashboard/airflow_env/lib/python3.10/site-packages/airflow/example_dags/example_skip_dag.py for tasks to queue
[2024-01-06T14:24:42.014-0800] {logging_mixin.py:188} INFO - [2024-01-06T14:24:42.014-0800] {dagbag.py:538} INFO - Filling up the DagBag from /mnt/c/Users/victo/OneDrive/Desktop/fantasy_nba_dashboard/airflow_env/lib/python3.10/site-packages/airflow/example_dags/example_skip_dag.py
[2024-01-06T14:24:42.023-0800] {processor.py:840} INFO - DAG(s) 'example_skip_dag' retrieved from /mnt/c/Users/victo/OneDrive/Desktop/fantasy_nba_dashboard/airflow_env/lib/python3.10/site-packages/airflow/example_dags/example_skip_dag.py
[2024-01-06T14:24:42.124-0800] {logging_mixin.py:188} INFO - [2024-01-06T14:24:42.124-0800] {dag.py:3033} INFO - Sync 1 DAGs
[2024-01-06T14:24:42.138-0800] {logging_mixin.py:188} INFO - [2024-01-06T14:24:42.138-0800] {dag.py:3820} INFO - Setting next_dagrun for example_skip_dag to 2024-01-05T00:00:00+00:00, run_after=2024-01-06T00:00:00+00:00
[2024-01-06T14:24:42.151-0800] {processor.py:183} INFO - Processing /mnt/c/Users/victo/OneDrive/Desktop/fantasy_nba_dashboard/airflow_env/lib/python3.10/site-packages/airflow/example_dags/example_skip_dag.py took 0.143 seconds
[2024-01-06T14:25:12.179-0800] {processor.py:161} INFO - Started process (PID=7241) to work on /mnt/c/Users/victo/OneDrive/Desktop/fantasy_nba_dashboard/airflow_env/lib/python3.10/site-packages/airflow/example_dags/example_skip_dag.py
[2024-01-06T14:25:12.180-0800] {processor.py:830} INFO - Processing file /mnt/c/Users/victo/OneDrive/Desktop/fantasy_nba_dashboard/airflow_env/lib/python3.10/site-packages/airflow/example_dags/example_skip_dag.py for tasks to queue
[2024-01-06T14:25:12.180-0800] {logging_mixin.py:188} INFO - [2024-01-06T14:25:12.180-0800] {dagbag.py:538} INFO - Filling up the DagBag from /mnt/c/Users/victo/OneDrive/Desktop/fantasy_nba_dashboard/airflow_env/lib/python3.10/site-packages/airflow/example_dags/example_skip_dag.py
[2024-01-06T14:25:12.188-0800] {processor.py:840} INFO - DAG(s) 'example_skip_dag' retrieved from /mnt/c/Users/victo/OneDrive/Desktop/fantasy_nba_dashboard/airflow_env/lib/python3.10/site-packages/airflow/example_dags/example_skip_dag.py
[2024-01-06T14:25:12.215-0800] {logging_mixin.py:188} INFO - [2024-01-06T14:25:12.215-0800] {dag.py:3033} INFO - Sync 1 DAGs
[2024-01-06T14:25:12.232-0800] {logging_mixin.py:188} INFO - [2024-01-06T14:25:12.232-0800] {dag.py:3820} INFO - Setting next_dagrun for example_skip_dag to 2024-01-05T00:00:00+00:00, run_after=2024-01-06T00:00:00+00:00
[2024-01-06T14:25:12.249-0800] {processor.py:183} INFO - Processing /mnt/c/Users/victo/OneDrive/Desktop/fantasy_nba_dashboard/airflow_env/lib/python3.10/site-packages/airflow/example_dags/example_skip_dag.py took 0.074 seconds
[2024-01-06T14:25:42.552-0800] {processor.py:161} INFO - Started process (PID=7490) to work on /mnt/c/Users/victo/OneDrive/Desktop/fantasy_nba_dashboard/airflow_env/lib/python3.10/site-packages/airflow/example_dags/example_skip_dag.py
[2024-01-06T14:25:42.553-0800] {processor.py:830} INFO - Processing file /mnt/c/Users/victo/OneDrive/Desktop/fantasy_nba_dashboard/airflow_env/lib/python3.10/site-packages/airflow/example_dags/example_skip_dag.py for tasks to queue
[2024-01-06T14:25:42.553-0800] {logging_mixin.py:188} INFO - [2024-01-06T14:25:42.553-0800] {dagbag.py:538} INFO - Filling up the DagBag from /mnt/c/Users/victo/OneDrive/Desktop/fantasy_nba_dashboard/airflow_env/lib/python3.10/site-packages/airflow/example_dags/example_skip_dag.py
[2024-01-06T14:25:42.561-0800] {processor.py:840} INFO - DAG(s) 'example_skip_dag' retrieved from /mnt/c/Users/victo/OneDrive/Desktop/fantasy_nba_dashboard/airflow_env/lib/python3.10/site-packages/airflow/example_dags/example_skip_dag.py
[2024-01-06T14:25:42.587-0800] {logging_mixin.py:188} INFO - [2024-01-06T14:25:42.587-0800] {dag.py:3033} INFO - Sync 1 DAGs
[2024-01-06T14:25:42.603-0800] {logging_mixin.py:188} INFO - [2024-01-06T14:25:42.602-0800] {dag.py:3820} INFO - Setting next_dagrun for example_skip_dag to 2024-01-05T00:00:00+00:00, run_after=2024-01-06T00:00:00+00:00
[2024-01-06T14:25:42.619-0800] {processor.py:183} INFO - Processing /mnt/c/Users/victo/OneDrive/Desktop/fantasy_nba_dashboard/airflow_env/lib/python3.10/site-packages/airflow/example_dags/example_skip_dag.py took 0.071 seconds
[2024-01-06T14:26:12.839-0800] {processor.py:161} INFO - Started process (PID=8029) to work on /mnt/c/Users/victo/OneDrive/Desktop/fantasy_nba_dashboard/airflow_env/lib/python3.10/site-packages/airflow/example_dags/example_skip_dag.py
[2024-01-06T14:26:12.839-0800] {processor.py:830} INFO - Processing file /mnt/c/Users/victo/OneDrive/Desktop/fantasy_nba_dashboard/airflow_env/lib/python3.10/site-packages/airflow/example_dags/example_skip_dag.py for tasks to queue
[2024-01-06T14:26:12.840-0800] {logging_mixin.py:188} INFO - [2024-01-06T14:26:12.840-0800] {dagbag.py:538} INFO - Filling up the DagBag from /mnt/c/Users/victo/OneDrive/Desktop/fantasy_nba_dashboard/airflow_env/lib/python3.10/site-packages/airflow/example_dags/example_skip_dag.py
[2024-01-06T14:26:12.847-0800] {processor.py:840} INFO - DAG(s) 'example_skip_dag' retrieved from /mnt/c/Users/victo/OneDrive/Desktop/fantasy_nba_dashboard/airflow_env/lib/python3.10/site-packages/airflow/example_dags/example_skip_dag.py
[2024-01-06T14:26:12.876-0800] {logging_mixin.py:188} INFO - [2024-01-06T14:26:12.876-0800] {dag.py:3033} INFO - Sync 1 DAGs
[2024-01-06T14:26:12.892-0800] {logging_mixin.py:188} INFO - [2024-01-06T14:26:12.891-0800] {dag.py:3820} INFO - Setting next_dagrun for example_skip_dag to 2024-01-05T00:00:00+00:00, run_after=2024-01-06T00:00:00+00:00
[2024-01-06T14:26:12.909-0800] {processor.py:183} INFO - Processing /mnt/c/Users/victo/OneDrive/Desktop/fantasy_nba_dashboard/airflow_env/lib/python3.10/site-packages/airflow/example_dags/example_skip_dag.py took 0.074 seconds
[2024-01-06T14:35:53.772-0800] {processor.py:161} INFO - Started process (PID=9538) to work on /mnt/c/Users/victo/OneDrive/Desktop/fantasy_nba_dashboard/airflow_env/lib/python3.10/site-packages/airflow/example_dags/example_skip_dag.py
[2024-01-06T14:35:53.773-0800] {processor.py:830} INFO - Processing file /mnt/c/Users/victo/OneDrive/Desktop/fantasy_nba_dashboard/airflow_env/lib/python3.10/site-packages/airflow/example_dags/example_skip_dag.py for tasks to queue
[2024-01-06T14:35:53.774-0800] {logging_mixin.py:188} INFO - [2024-01-06T14:35:53.774-0800] {dagbag.py:538} INFO - Filling up the DagBag from /mnt/c/Users/victo/OneDrive/Desktop/fantasy_nba_dashboard/airflow_env/lib/python3.10/site-packages/airflow/example_dags/example_skip_dag.py
[2024-01-06T14:35:53.783-0800] {processor.py:840} INFO - DAG(s) 'example_skip_dag' retrieved from /mnt/c/Users/victo/OneDrive/Desktop/fantasy_nba_dashboard/airflow_env/lib/python3.10/site-packages/airflow/example_dags/example_skip_dag.py
[2024-01-06T14:35:53.814-0800] {logging_mixin.py:188} INFO - [2024-01-06T14:35:53.814-0800] {dag.py:3033} INFO - Sync 1 DAGs
[2024-01-06T14:35:53.831-0800] {logging_mixin.py:188} INFO - [2024-01-06T14:35:53.830-0800] {dag.py:3820} INFO - Setting next_dagrun for example_skip_dag to 2024-01-05T00:00:00+00:00, run_after=2024-01-06T00:00:00+00:00
[2024-01-06T14:35:53.844-0800] {processor.py:183} INFO - Processing /mnt/c/Users/victo/OneDrive/Desktop/fantasy_nba_dashboard/airflow_env/lib/python3.10/site-packages/airflow/example_dags/example_skip_dag.py took 0.076 seconds
[2024-01-06T14:36:24.075-0800] {processor.py:161} INFO - Started process (PID=9720) to work on /mnt/c/Users/victo/OneDrive/Desktop/fantasy_nba_dashboard/airflow_env/lib/python3.10/site-packages/airflow/example_dags/example_skip_dag.py
[2024-01-06T14:36:24.076-0800] {processor.py:830} INFO - Processing file /mnt/c/Users/victo/OneDrive/Desktop/fantasy_nba_dashboard/airflow_env/lib/python3.10/site-packages/airflow/example_dags/example_skip_dag.py for tasks to queue
[2024-01-06T14:36:24.076-0800] {logging_mixin.py:188} INFO - [2024-01-06T14:36:24.076-0800] {dagbag.py:538} INFO - Filling up the DagBag from /mnt/c/Users/victo/OneDrive/Desktop/fantasy_nba_dashboard/airflow_env/lib/python3.10/site-packages/airflow/example_dags/example_skip_dag.py
[2024-01-06T14:36:24.086-0800] {processor.py:840} INFO - DAG(s) 'example_skip_dag' retrieved from /mnt/c/Users/victo/OneDrive/Desktop/fantasy_nba_dashboard/airflow_env/lib/python3.10/site-packages/airflow/example_dags/example_skip_dag.py
[2024-01-06T14:36:24.118-0800] {logging_mixin.py:188} INFO - [2024-01-06T14:36:24.118-0800] {dag.py:3033} INFO - Sync 1 DAGs
[2024-01-06T14:36:24.136-0800] {logging_mixin.py:188} INFO - [2024-01-06T14:36:24.136-0800] {dag.py:3820} INFO - Setting next_dagrun for example_skip_dag to 2024-01-05T00:00:00+00:00, run_after=2024-01-06T00:00:00+00:00
[2024-01-06T14:36:24.152-0800] {processor.py:183} INFO - Processing /mnt/c/Users/victo/OneDrive/Desktop/fantasy_nba_dashboard/airflow_env/lib/python3.10/site-packages/airflow/example_dags/example_skip_dag.py took 0.081 seconds
[2024-01-06T14:36:55.385-0800] {processor.py:161} INFO - Started process (PID=10002) to work on /mnt/c/Users/victo/OneDrive/Desktop/fantasy_nba_dashboard/airflow_env/lib/python3.10/site-packages/airflow/example_dags/example_skip_dag.py
[2024-01-06T14:36:55.386-0800] {processor.py:830} INFO - Processing file /mnt/c/Users/victo/OneDrive/Desktop/fantasy_nba_dashboard/airflow_env/lib/python3.10/site-packages/airflow/example_dags/example_skip_dag.py for tasks to queue
[2024-01-06T14:36:55.387-0800] {logging_mixin.py:188} INFO - [2024-01-06T14:36:55.386-0800] {dagbag.py:538} INFO - Filling up the DagBag from /mnt/c/Users/victo/OneDrive/Desktop/fantasy_nba_dashboard/airflow_env/lib/python3.10/site-packages/airflow/example_dags/example_skip_dag.py
[2024-01-06T14:36:55.394-0800] {processor.py:840} INFO - DAG(s) 'example_skip_dag' retrieved from /mnt/c/Users/victo/OneDrive/Desktop/fantasy_nba_dashboard/airflow_env/lib/python3.10/site-packages/airflow/example_dags/example_skip_dag.py
[2024-01-06T14:36:55.427-0800] {logging_mixin.py:188} INFO - [2024-01-06T14:36:55.427-0800] {dag.py:3033} INFO - Sync 1 DAGs
[2024-01-06T14:36:55.447-0800] {logging_mixin.py:188} INFO - [2024-01-06T14:36:55.447-0800] {dag.py:3820} INFO - Setting next_dagrun for example_skip_dag to 2024-01-05T00:00:00+00:00, run_after=2024-01-06T00:00:00+00:00
[2024-01-06T14:36:55.461-0800] {processor.py:183} INFO - Processing /mnt/c/Users/victo/OneDrive/Desktop/fantasy_nba_dashboard/airflow_env/lib/python3.10/site-packages/airflow/example_dags/example_skip_dag.py took 0.080 seconds
[2024-01-06T14:37:26.012-0800] {processor.py:161} INFO - Started process (PID=10278) to work on /mnt/c/Users/victo/OneDrive/Desktop/fantasy_nba_dashboard/airflow_env/lib/python3.10/site-packages/airflow/example_dags/example_skip_dag.py
[2024-01-06T14:37:26.013-0800] {processor.py:830} INFO - Processing file /mnt/c/Users/victo/OneDrive/Desktop/fantasy_nba_dashboard/airflow_env/lib/python3.10/site-packages/airflow/example_dags/example_skip_dag.py for tasks to queue
[2024-01-06T14:37:26.013-0800] {logging_mixin.py:188} INFO - [2024-01-06T14:37:26.013-0800] {dagbag.py:538} INFO - Filling up the DagBag from /mnt/c/Users/victo/OneDrive/Desktop/fantasy_nba_dashboard/airflow_env/lib/python3.10/site-packages/airflow/example_dags/example_skip_dag.py
[2024-01-06T14:37:26.021-0800] {processor.py:840} INFO - DAG(s) 'example_skip_dag' retrieved from /mnt/c/Users/victo/OneDrive/Desktop/fantasy_nba_dashboard/airflow_env/lib/python3.10/site-packages/airflow/example_dags/example_skip_dag.py
[2024-01-06T14:37:26.051-0800] {logging_mixin.py:188} INFO - [2024-01-06T14:37:26.051-0800] {dag.py:3033} INFO - Sync 1 DAGs
[2024-01-06T14:37:26.068-0800] {logging_mixin.py:188} INFO - [2024-01-06T14:37:26.068-0800] {dag.py:3820} INFO - Setting next_dagrun for example_skip_dag to 2024-01-05T00:00:00+00:00, run_after=2024-01-06T00:00:00+00:00
[2024-01-06T14:37:26.082-0800] {processor.py:183} INFO - Processing /mnt/c/Users/victo/OneDrive/Desktop/fantasy_nba_dashboard/airflow_env/lib/python3.10/site-packages/airflow/example_dags/example_skip_dag.py took 0.075 seconds
[2024-01-06T14:37:56.748-0800] {processor.py:161} INFO - Started process (PID=10479) to work on /mnt/c/Users/victo/OneDrive/Desktop/fantasy_nba_dashboard/airflow_env/lib/python3.10/site-packages/airflow/example_dags/example_skip_dag.py
[2024-01-06T14:37:56.749-0800] {processor.py:830} INFO - Processing file /mnt/c/Users/victo/OneDrive/Desktop/fantasy_nba_dashboard/airflow_env/lib/python3.10/site-packages/airflow/example_dags/example_skip_dag.py for tasks to queue
[2024-01-06T14:37:56.750-0800] {logging_mixin.py:188} INFO - [2024-01-06T14:37:56.750-0800] {dagbag.py:538} INFO - Filling up the DagBag from /mnt/c/Users/victo/OneDrive/Desktop/fantasy_nba_dashboard/airflow_env/lib/python3.10/site-packages/airflow/example_dags/example_skip_dag.py
[2024-01-06T14:37:56.758-0800] {processor.py:840} INFO - DAG(s) 'example_skip_dag' retrieved from /mnt/c/Users/victo/OneDrive/Desktop/fantasy_nba_dashboard/airflow_env/lib/python3.10/site-packages/airflow/example_dags/example_skip_dag.py
[2024-01-06T14:37:56.786-0800] {logging_mixin.py:188} INFO - [2024-01-06T14:37:56.786-0800] {dag.py:3033} INFO - Sync 1 DAGs
[2024-01-06T14:37:56.805-0800] {logging_mixin.py:188} INFO - [2024-01-06T14:37:56.805-0800] {dag.py:3820} INFO - Setting next_dagrun for example_skip_dag to 2024-01-05T00:00:00+00:00, run_after=2024-01-06T00:00:00+00:00
[2024-01-06T14:37:56.822-0800] {processor.py:183} INFO - Processing /mnt/c/Users/victo/OneDrive/Desktop/fantasy_nba_dashboard/airflow_env/lib/python3.10/site-packages/airflow/example_dags/example_skip_dag.py took 0.078 seconds
[2024-01-06T14:38:27.420-0800] {processor.py:161} INFO - Started process (PID=10653) to work on /mnt/c/Users/victo/OneDrive/Desktop/fantasy_nba_dashboard/airflow_env/lib/python3.10/site-packages/airflow/example_dags/example_skip_dag.py
[2024-01-06T14:38:27.421-0800] {processor.py:830} INFO - Processing file /mnt/c/Users/victo/OneDrive/Desktop/fantasy_nba_dashboard/airflow_env/lib/python3.10/site-packages/airflow/example_dags/example_skip_dag.py for tasks to queue
[2024-01-06T14:38:27.422-0800] {logging_mixin.py:188} INFO - [2024-01-06T14:38:27.421-0800] {dagbag.py:538} INFO - Filling up the DagBag from /mnt/c/Users/victo/OneDrive/Desktop/fantasy_nba_dashboard/airflow_env/lib/python3.10/site-packages/airflow/example_dags/example_skip_dag.py
[2024-01-06T14:38:27.429-0800] {processor.py:840} INFO - DAG(s) 'example_skip_dag' retrieved from /mnt/c/Users/victo/OneDrive/Desktop/fantasy_nba_dashboard/airflow_env/lib/python3.10/site-packages/airflow/example_dags/example_skip_dag.py
[2024-01-06T14:38:27.458-0800] {logging_mixin.py:188} INFO - [2024-01-06T14:38:27.458-0800] {dag.py:3033} INFO - Sync 1 DAGs
[2024-01-06T14:38:27.475-0800] {logging_mixin.py:188} INFO - [2024-01-06T14:38:27.475-0800] {dag.py:3820} INFO - Setting next_dagrun for example_skip_dag to 2024-01-05T00:00:00+00:00, run_after=2024-01-06T00:00:00+00:00
[2024-01-06T14:38:27.489-0800] {processor.py:183} INFO - Processing /mnt/c/Users/victo/OneDrive/Desktop/fantasy_nba_dashboard/airflow_env/lib/python3.10/site-packages/airflow/example_dags/example_skip_dag.py took 0.073 seconds
[2024-01-06T14:38:58.440-0800] {processor.py:161} INFO - Started process (PID=10844) to work on /mnt/c/Users/victo/OneDrive/Desktop/fantasy_nba_dashboard/airflow_env/lib/python3.10/site-packages/airflow/example_dags/example_skip_dag.py
[2024-01-06T14:38:58.441-0800] {processor.py:830} INFO - Processing file /mnt/c/Users/victo/OneDrive/Desktop/fantasy_nba_dashboard/airflow_env/lib/python3.10/site-packages/airflow/example_dags/example_skip_dag.py for tasks to queue
[2024-01-06T14:38:58.442-0800] {logging_mixin.py:188} INFO - [2024-01-06T14:38:58.441-0800] {dagbag.py:538} INFO - Filling up the DagBag from /mnt/c/Users/victo/OneDrive/Desktop/fantasy_nba_dashboard/airflow_env/lib/python3.10/site-packages/airflow/example_dags/example_skip_dag.py
[2024-01-06T14:38:58.449-0800] {processor.py:840} INFO - DAG(s) 'example_skip_dag' retrieved from /mnt/c/Users/victo/OneDrive/Desktop/fantasy_nba_dashboard/airflow_env/lib/python3.10/site-packages/airflow/example_dags/example_skip_dag.py
[2024-01-06T14:38:58.481-0800] {logging_mixin.py:188} INFO - [2024-01-06T14:38:58.481-0800] {dag.py:3033} INFO - Sync 1 DAGs
[2024-01-06T14:38:58.505-0800] {logging_mixin.py:188} INFO - [2024-01-06T14:38:58.505-0800] {dag.py:3820} INFO - Setting next_dagrun for example_skip_dag to 2024-01-05T00:00:00+00:00, run_after=2024-01-06T00:00:00+00:00
[2024-01-06T14:38:58.529-0800] {processor.py:183} INFO - Processing /mnt/c/Users/victo/OneDrive/Desktop/fantasy_nba_dashboard/airflow_env/lib/python3.10/site-packages/airflow/example_dags/example_skip_dag.py took 0.093 seconds
[2024-01-06T14:39:29.060-0800] {processor.py:161} INFO - Started process (PID=11003) to work on /mnt/c/Users/victo/OneDrive/Desktop/fantasy_nba_dashboard/airflow_env/lib/python3.10/site-packages/airflow/example_dags/example_skip_dag.py
[2024-01-06T14:39:29.061-0800] {processor.py:830} INFO - Processing file /mnt/c/Users/victo/OneDrive/Desktop/fantasy_nba_dashboard/airflow_env/lib/python3.10/site-packages/airflow/example_dags/example_skip_dag.py for tasks to queue
[2024-01-06T14:39:29.061-0800] {logging_mixin.py:188} INFO - [2024-01-06T14:39:29.061-0800] {dagbag.py:538} INFO - Filling up the DagBag from /mnt/c/Users/victo/OneDrive/Desktop/fantasy_nba_dashboard/airflow_env/lib/python3.10/site-packages/airflow/example_dags/example_skip_dag.py
[2024-01-06T14:39:29.069-0800] {processor.py:840} INFO - DAG(s) 'example_skip_dag' retrieved from /mnt/c/Users/victo/OneDrive/Desktop/fantasy_nba_dashboard/airflow_env/lib/python3.10/site-packages/airflow/example_dags/example_skip_dag.py
[2024-01-06T14:39:29.100-0800] {logging_mixin.py:188} INFO - [2024-01-06T14:39:29.100-0800] {dag.py:3033} INFO - Sync 1 DAGs
[2024-01-06T14:39:29.117-0800] {logging_mixin.py:188} INFO - [2024-01-06T14:39:29.116-0800] {dag.py:3820} INFO - Setting next_dagrun for example_skip_dag to 2024-01-05T00:00:00+00:00, run_after=2024-01-06T00:00:00+00:00
[2024-01-06T14:39:29.130-0800] {processor.py:183} INFO - Processing /mnt/c/Users/victo/OneDrive/Desktop/fantasy_nba_dashboard/airflow_env/lib/python3.10/site-packages/airflow/example_dags/example_skip_dag.py took 0.075 seconds
[2024-01-06T14:39:59.872-0800] {processor.py:161} INFO - Started process (PID=11160) to work on /mnt/c/Users/victo/OneDrive/Desktop/fantasy_nba_dashboard/airflow_env/lib/python3.10/site-packages/airflow/example_dags/example_skip_dag.py
[2024-01-06T14:39:59.873-0800] {processor.py:830} INFO - Processing file /mnt/c/Users/victo/OneDrive/Desktop/fantasy_nba_dashboard/airflow_env/lib/python3.10/site-packages/airflow/example_dags/example_skip_dag.py for tasks to queue
[2024-01-06T14:39:59.873-0800] {logging_mixin.py:188} INFO - [2024-01-06T14:39:59.873-0800] {dagbag.py:538} INFO - Filling up the DagBag from /mnt/c/Users/victo/OneDrive/Desktop/fantasy_nba_dashboard/airflow_env/lib/python3.10/site-packages/airflow/example_dags/example_skip_dag.py
[2024-01-06T14:39:59.881-0800] {processor.py:840} INFO - DAG(s) 'example_skip_dag' retrieved from /mnt/c/Users/victo/OneDrive/Desktop/fantasy_nba_dashboard/airflow_env/lib/python3.10/site-packages/airflow/example_dags/example_skip_dag.py
[2024-01-06T14:39:59.910-0800] {logging_mixin.py:188} INFO - [2024-01-06T14:39:59.910-0800] {dag.py:3033} INFO - Sync 1 DAGs
[2024-01-06T14:39:59.927-0800] {logging_mixin.py:188} INFO - [2024-01-06T14:39:59.927-0800] {dag.py:3820} INFO - Setting next_dagrun for example_skip_dag to 2024-01-05T00:00:00+00:00, run_after=2024-01-06T00:00:00+00:00
[2024-01-06T14:39:59.940-0800] {processor.py:183} INFO - Processing /mnt/c/Users/victo/OneDrive/Desktop/fantasy_nba_dashboard/airflow_env/lib/python3.10/site-packages/airflow/example_dags/example_skip_dag.py took 0.072 seconds
[2024-01-06T14:40:30.598-0800] {processor.py:161} INFO - Started process (PID=11314) to work on /mnt/c/Users/victo/OneDrive/Desktop/fantasy_nba_dashboard/airflow_env/lib/python3.10/site-packages/airflow/example_dags/example_skip_dag.py
[2024-01-06T14:40:30.600-0800] {processor.py:830} INFO - Processing file /mnt/c/Users/victo/OneDrive/Desktop/fantasy_nba_dashboard/airflow_env/lib/python3.10/site-packages/airflow/example_dags/example_skip_dag.py for tasks to queue
[2024-01-06T14:40:30.601-0800] {logging_mixin.py:188} INFO - [2024-01-06T14:40:30.600-0800] {dagbag.py:538} INFO - Filling up the DagBag from /mnt/c/Users/victo/OneDrive/Desktop/fantasy_nba_dashboard/airflow_env/lib/python3.10/site-packages/airflow/example_dags/example_skip_dag.py
[2024-01-06T14:40:30.608-0800] {processor.py:840} INFO - DAG(s) 'example_skip_dag' retrieved from /mnt/c/Users/victo/OneDrive/Desktop/fantasy_nba_dashboard/airflow_env/lib/python3.10/site-packages/airflow/example_dags/example_skip_dag.py
[2024-01-06T14:40:30.637-0800] {logging_mixin.py:188} INFO - [2024-01-06T14:40:30.637-0800] {dag.py:3033} INFO - Sync 1 DAGs
[2024-01-06T14:40:30.654-0800] {logging_mixin.py:188} INFO - [2024-01-06T14:40:30.654-0800] {dag.py:3820} INFO - Setting next_dagrun for example_skip_dag to 2024-01-05T00:00:00+00:00, run_after=2024-01-06T00:00:00+00:00
[2024-01-06T14:40:30.667-0800] {processor.py:183} INFO - Processing /mnt/c/Users/victo/OneDrive/Desktop/fantasy_nba_dashboard/airflow_env/lib/python3.10/site-packages/airflow/example_dags/example_skip_dag.py took 0.074 seconds
[2024-01-06T14:41:01.450-0800] {processor.py:161} INFO - Started process (PID=11498) to work on /mnt/c/Users/victo/OneDrive/Desktop/fantasy_nba_dashboard/airflow_env/lib/python3.10/site-packages/airflow/example_dags/example_skip_dag.py
[2024-01-06T14:41:01.451-0800] {processor.py:830} INFO - Processing file /mnt/c/Users/victo/OneDrive/Desktop/fantasy_nba_dashboard/airflow_env/lib/python3.10/site-packages/airflow/example_dags/example_skip_dag.py for tasks to queue
[2024-01-06T14:41:01.452-0800] {logging_mixin.py:188} INFO - [2024-01-06T14:41:01.452-0800] {dagbag.py:538} INFO - Filling up the DagBag from /mnt/c/Users/victo/OneDrive/Desktop/fantasy_nba_dashboard/airflow_env/lib/python3.10/site-packages/airflow/example_dags/example_skip_dag.py
[2024-01-06T14:41:01.460-0800] {processor.py:840} INFO - DAG(s) 'example_skip_dag' retrieved from /mnt/c/Users/victo/OneDrive/Desktop/fantasy_nba_dashboard/airflow_env/lib/python3.10/site-packages/airflow/example_dags/example_skip_dag.py
[2024-01-06T14:41:01.489-0800] {logging_mixin.py:188} INFO - [2024-01-06T14:41:01.489-0800] {dag.py:3033} INFO - Sync 1 DAGs
[2024-01-06T14:41:01.506-0800] {logging_mixin.py:188} INFO - [2024-01-06T14:41:01.506-0800] {dag.py:3820} INFO - Setting next_dagrun for example_skip_dag to 2024-01-05T00:00:00+00:00, run_after=2024-01-06T00:00:00+00:00
[2024-01-06T14:41:01.524-0800] {processor.py:183} INFO - Processing /mnt/c/Users/victo/OneDrive/Desktop/fantasy_nba_dashboard/airflow_env/lib/python3.10/site-packages/airflow/example_dags/example_skip_dag.py took 0.078 seconds
