[2024-01-06T14:24:41.562-0800] {processor.py:161} INFO - Started process (PID=7075) to work on /mnt/c/Users/victo/OneDrive/Desktop/fantasy_nba_dashboard/airflow_env/lib/python3.10/site-packages/airflow/example_dags/example_time_delta_sensor_async.py
[2024-01-06T14:24:41.563-0800] {processor.py:830} INFO - Processing file /mnt/c/Users/victo/OneDrive/Desktop/fantasy_nba_dashboard/airflow_env/lib/python3.10/site-packages/airflow/example_dags/example_time_delta_sensor_async.py for tasks to queue
[2024-01-06T14:24:41.564-0800] {logging_mixin.py:188} INFO - [2024-01-06T14:24:41.564-0800] {dagbag.py:538} INFO - Filling up the DagBag from /mnt/c/Users/victo/OneDrive/Desktop/fantasy_nba_dashboard/airflow_env/lib/python3.10/site-packages/airflow/example_dags/example_time_delta_sensor_async.py
[2024-01-06T14:24:41.572-0800] {processor.py:840} INFO - DAG(s) 'example_time_delta_sensor_async' retrieved from /mnt/c/Users/victo/OneDrive/Desktop/fantasy_nba_dashboard/airflow_env/lib/python3.10/site-packages/airflow/example_dags/example_time_delta_sensor_async.py
[2024-01-06T14:24:41.676-0800] {logging_mixin.py:188} INFO - [2024-01-06T14:24:41.676-0800] {dag.py:3033} INFO - Sync 1 DAGs
[2024-01-06T14:24:41.683-0800] {logging_mixin.py:188} INFO - [2024-01-06T14:24:41.683-0800] {dag.py:3820} INFO - Setting next_dagrun for example_time_delta_sensor_async to None, run_after=None
[2024-01-06T14:24:41.701-0800] {processor.py:183} INFO - Processing /mnt/c/Users/victo/OneDrive/Desktop/fantasy_nba_dashboard/airflow_env/lib/python3.10/site-packages/airflow/example_dags/example_time_delta_sensor_async.py took 0.143 seconds
[2024-01-06T14:25:11.887-0800] {processor.py:161} INFO - Started process (PID=7231) to work on /mnt/c/Users/victo/OneDrive/Desktop/fantasy_nba_dashboard/airflow_env/lib/python3.10/site-packages/airflow/example_dags/example_time_delta_sensor_async.py
[2024-01-06T14:25:11.888-0800] {processor.py:830} INFO - Processing file /mnt/c/Users/victo/OneDrive/Desktop/fantasy_nba_dashboard/airflow_env/lib/python3.10/site-packages/airflow/example_dags/example_time_delta_sensor_async.py for tasks to queue
[2024-01-06T14:25:11.889-0800] {logging_mixin.py:188} INFO - [2024-01-06T14:25:11.889-0800] {dagbag.py:538} INFO - Filling up the DagBag from /mnt/c/Users/victo/OneDrive/Desktop/fantasy_nba_dashboard/airflow_env/lib/python3.10/site-packages/airflow/example_dags/example_time_delta_sensor_async.py
[2024-01-06T14:25:11.895-0800] {processor.py:840} INFO - DAG(s) 'example_time_delta_sensor_async' retrieved from /mnt/c/Users/victo/OneDrive/Desktop/fantasy_nba_dashboard/airflow_env/lib/python3.10/site-packages/airflow/example_dags/example_time_delta_sensor_async.py
[2024-01-06T14:25:11.926-0800] {logging_mixin.py:188} INFO - [2024-01-06T14:25:11.926-0800] {dag.py:3033} INFO - Sync 1 DAGs
[2024-01-06T14:25:11.937-0800] {logging_mixin.py:188} INFO - [2024-01-06T14:25:11.937-0800] {dag.py:3820} INFO - Setting next_dagrun for example_time_delta_sensor_async to None, run_after=None
[2024-01-06T14:25:11.951-0800] {processor.py:183} INFO - Processing /mnt/c/Users/victo/OneDrive/Desktop/fantasy_nba_dashboard/airflow_env/lib/python3.10/site-packages/airflow/example_dags/example_time_delta_sensor_async.py took 0.068 seconds
[2024-01-06T14:25:42.262-0800] {processor.py:161} INFO - Started process (PID=7481) to work on /mnt/c/Users/victo/OneDrive/Desktop/fantasy_nba_dashboard/airflow_env/lib/python3.10/site-packages/airflow/example_dags/example_time_delta_sensor_async.py
[2024-01-06T14:25:42.263-0800] {processor.py:830} INFO - Processing file /mnt/c/Users/victo/OneDrive/Desktop/fantasy_nba_dashboard/airflow_env/lib/python3.10/site-packages/airflow/example_dags/example_time_delta_sensor_async.py for tasks to queue
[2024-01-06T14:25:42.264-0800] {logging_mixin.py:188} INFO - [2024-01-06T14:25:42.263-0800] {dagbag.py:538} INFO - Filling up the DagBag from /mnt/c/Users/victo/OneDrive/Desktop/fantasy_nba_dashboard/airflow_env/lib/python3.10/site-packages/airflow/example_dags/example_time_delta_sensor_async.py
[2024-01-06T14:25:42.269-0800] {processor.py:840} INFO - DAG(s) 'example_time_delta_sensor_async' retrieved from /mnt/c/Users/victo/OneDrive/Desktop/fantasy_nba_dashboard/airflow_env/lib/python3.10/site-packages/airflow/example_dags/example_time_delta_sensor_async.py
[2024-01-06T14:25:42.297-0800] {logging_mixin.py:188} INFO - [2024-01-06T14:25:42.297-0800] {dag.py:3033} INFO - Sync 1 DAGs
[2024-01-06T14:25:42.306-0800] {logging_mixin.py:188} INFO - [2024-01-06T14:25:42.306-0800] {dag.py:3820} INFO - Setting next_dagrun for example_time_delta_sensor_async to None, run_after=None
[2024-01-06T14:25:42.317-0800] {processor.py:183} INFO - Processing /mnt/c/Users/victo/OneDrive/Desktop/fantasy_nba_dashboard/airflow_env/lib/python3.10/site-packages/airflow/example_dags/example_time_delta_sensor_async.py took 0.059 seconds
[2024-01-06T14:26:12.526-0800] {processor.py:161} INFO - Started process (PID=8003) to work on /mnt/c/Users/victo/OneDrive/Desktop/fantasy_nba_dashboard/airflow_env/lib/python3.10/site-packages/airflow/example_dags/example_time_delta_sensor_async.py
[2024-01-06T14:26:12.527-0800] {processor.py:830} INFO - Processing file /mnt/c/Users/victo/OneDrive/Desktop/fantasy_nba_dashboard/airflow_env/lib/python3.10/site-packages/airflow/example_dags/example_time_delta_sensor_async.py for tasks to queue
[2024-01-06T14:26:12.527-0800] {logging_mixin.py:188} INFO - [2024-01-06T14:26:12.527-0800] {dagbag.py:538} INFO - Filling up the DagBag from /mnt/c/Users/victo/OneDrive/Desktop/fantasy_nba_dashboard/airflow_env/lib/python3.10/site-packages/airflow/example_dags/example_time_delta_sensor_async.py
[2024-01-06T14:26:12.532-0800] {processor.py:840} INFO - DAG(s) 'example_time_delta_sensor_async' retrieved from /mnt/c/Users/victo/OneDrive/Desktop/fantasy_nba_dashboard/airflow_env/lib/python3.10/site-packages/airflow/example_dags/example_time_delta_sensor_async.py
[2024-01-06T14:26:12.563-0800] {logging_mixin.py:188} INFO - [2024-01-06T14:26:12.562-0800] {dag.py:3033} INFO - Sync 1 DAGs
[2024-01-06T14:26:12.575-0800] {logging_mixin.py:188} INFO - [2024-01-06T14:26:12.575-0800] {dag.py:3820} INFO - Setting next_dagrun for example_time_delta_sensor_async to None, run_after=None
[2024-01-06T14:26:12.588-0800] {processor.py:183} INFO - Processing /mnt/c/Users/victo/OneDrive/Desktop/fantasy_nba_dashboard/airflow_env/lib/python3.10/site-packages/airflow/example_dags/example_time_delta_sensor_async.py took 0.066 seconds
[2024-01-06T14:35:53.468-0800] {processor.py:161} INFO - Started process (PID=9528) to work on /mnt/c/Users/victo/OneDrive/Desktop/fantasy_nba_dashboard/airflow_env/lib/python3.10/site-packages/airflow/example_dags/example_time_delta_sensor_async.py
[2024-01-06T14:35:53.469-0800] {processor.py:830} INFO - Processing file /mnt/c/Users/victo/OneDrive/Desktop/fantasy_nba_dashboard/airflow_env/lib/python3.10/site-packages/airflow/example_dags/example_time_delta_sensor_async.py for tasks to queue
[2024-01-06T14:35:53.470-0800] {logging_mixin.py:188} INFO - [2024-01-06T14:35:53.469-0800] {dagbag.py:538} INFO - Filling up the DagBag from /mnt/c/Users/victo/OneDrive/Desktop/fantasy_nba_dashboard/airflow_env/lib/python3.10/site-packages/airflow/example_dags/example_time_delta_sensor_async.py
[2024-01-06T14:35:53.478-0800] {processor.py:840} INFO - DAG(s) 'example_time_delta_sensor_async' retrieved from /mnt/c/Users/victo/OneDrive/Desktop/fantasy_nba_dashboard/airflow_env/lib/python3.10/site-packages/airflow/example_dags/example_time_delta_sensor_async.py
[2024-01-06T14:35:53.510-0800] {logging_mixin.py:188} INFO - [2024-01-06T14:35:53.510-0800] {dag.py:3033} INFO - Sync 1 DAGs
[2024-01-06T14:35:53.520-0800] {logging_mixin.py:188} INFO - [2024-01-06T14:35:53.520-0800] {dag.py:3820} INFO - Setting next_dagrun for example_time_delta_sensor_async to None, run_after=None
[2024-01-06T14:35:53.534-0800] {processor.py:183} INFO - Processing /mnt/c/Users/victo/OneDrive/Desktop/fantasy_nba_dashboard/airflow_env/lib/python3.10/site-packages/airflow/example_dags/example_time_delta_sensor_async.py took 0.070 seconds
[2024-01-06T14:36:23.820-0800] {processor.py:161} INFO - Started process (PID=9710) to work on /mnt/c/Users/victo/OneDrive/Desktop/fantasy_nba_dashboard/airflow_env/lib/python3.10/site-packages/airflow/example_dags/example_time_delta_sensor_async.py
[2024-01-06T14:36:23.821-0800] {processor.py:830} INFO - Processing file /mnt/c/Users/victo/OneDrive/Desktop/fantasy_nba_dashboard/airflow_env/lib/python3.10/site-packages/airflow/example_dags/example_time_delta_sensor_async.py for tasks to queue
[2024-01-06T14:36:23.822-0800] {logging_mixin.py:188} INFO - [2024-01-06T14:36:23.821-0800] {dagbag.py:538} INFO - Filling up the DagBag from /mnt/c/Users/victo/OneDrive/Desktop/fantasy_nba_dashboard/airflow_env/lib/python3.10/site-packages/airflow/example_dags/example_time_delta_sensor_async.py
[2024-01-06T14:36:23.827-0800] {processor.py:840} INFO - DAG(s) 'example_time_delta_sensor_async' retrieved from /mnt/c/Users/victo/OneDrive/Desktop/fantasy_nba_dashboard/airflow_env/lib/python3.10/site-packages/airflow/example_dags/example_time_delta_sensor_async.py
[2024-01-06T14:36:23.859-0800] {logging_mixin.py:188} INFO - [2024-01-06T14:36:23.859-0800] {dag.py:3033} INFO - Sync 1 DAGs
[2024-01-06T14:36:23.868-0800] {logging_mixin.py:188} INFO - [2024-01-06T14:36:23.868-0800] {dag.py:3820} INFO - Setting next_dagrun for example_time_delta_sensor_async to None, run_after=None
[2024-01-06T14:36:23.886-0800] {processor.py:183} INFO - Processing /mnt/c/Users/victo/OneDrive/Desktop/fantasy_nba_dashboard/airflow_env/lib/python3.10/site-packages/airflow/example_dags/example_time_delta_sensor_async.py took 0.069 seconds
[2024-01-06T14:36:55.130-0800] {processor.py:161} INFO - Started process (PID=9989) to work on /mnt/c/Users/victo/OneDrive/Desktop/fantasy_nba_dashboard/airflow_env/lib/python3.10/site-packages/airflow/example_dags/example_time_delta_sensor_async.py
[2024-01-06T14:36:55.131-0800] {processor.py:830} INFO - Processing file /mnt/c/Users/victo/OneDrive/Desktop/fantasy_nba_dashboard/airflow_env/lib/python3.10/site-packages/airflow/example_dags/example_time_delta_sensor_async.py for tasks to queue
[2024-01-06T14:36:55.132-0800] {logging_mixin.py:188} INFO - [2024-01-06T14:36:55.131-0800] {dagbag.py:538} INFO - Filling up the DagBag from /mnt/c/Users/victo/OneDrive/Desktop/fantasy_nba_dashboard/airflow_env/lib/python3.10/site-packages/airflow/example_dags/example_time_delta_sensor_async.py
[2024-01-06T14:36:55.137-0800] {processor.py:840} INFO - DAG(s) 'example_time_delta_sensor_async' retrieved from /mnt/c/Users/victo/OneDrive/Desktop/fantasy_nba_dashboard/airflow_env/lib/python3.10/site-packages/airflow/example_dags/example_time_delta_sensor_async.py
[2024-01-06T14:36:55.173-0800] {logging_mixin.py:188} INFO - [2024-01-06T14:36:55.172-0800] {dag.py:3033} INFO - Sync 1 DAGs
[2024-01-06T14:36:55.184-0800] {logging_mixin.py:188} INFO - [2024-01-06T14:36:55.184-0800] {dag.py:3820} INFO - Setting next_dagrun for example_time_delta_sensor_async to None, run_after=None
[2024-01-06T14:36:55.199-0800] {processor.py:183} INFO - Processing /mnt/c/Users/victo/OneDrive/Desktop/fantasy_nba_dashboard/airflow_env/lib/python3.10/site-packages/airflow/example_dags/example_time_delta_sensor_async.py took 0.073 seconds
[2024-01-06T14:37:25.771-0800] {processor.py:161} INFO - Started process (PID=10268) to work on /mnt/c/Users/victo/OneDrive/Desktop/fantasy_nba_dashboard/airflow_env/lib/python3.10/site-packages/airflow/example_dags/example_time_delta_sensor_async.py
[2024-01-06T14:37:25.772-0800] {processor.py:830} INFO - Processing file /mnt/c/Users/victo/OneDrive/Desktop/fantasy_nba_dashboard/airflow_env/lib/python3.10/site-packages/airflow/example_dags/example_time_delta_sensor_async.py for tasks to queue
[2024-01-06T14:37:25.773-0800] {logging_mixin.py:188} INFO - [2024-01-06T14:37:25.773-0800] {dagbag.py:538} INFO - Filling up the DagBag from /mnt/c/Users/victo/OneDrive/Desktop/fantasy_nba_dashboard/airflow_env/lib/python3.10/site-packages/airflow/example_dags/example_time_delta_sensor_async.py
[2024-01-06T14:37:25.779-0800] {processor.py:840} INFO - DAG(s) 'example_time_delta_sensor_async' retrieved from /mnt/c/Users/victo/OneDrive/Desktop/fantasy_nba_dashboard/airflow_env/lib/python3.10/site-packages/airflow/example_dags/example_time_delta_sensor_async.py
[2024-01-06T14:37:25.811-0800] {logging_mixin.py:188} INFO - [2024-01-06T14:37:25.811-0800] {dag.py:3033} INFO - Sync 1 DAGs
[2024-01-06T14:37:25.822-0800] {logging_mixin.py:188} INFO - [2024-01-06T14:37:25.821-0800] {dag.py:3820} INFO - Setting next_dagrun for example_time_delta_sensor_async to None, run_after=None
[2024-01-06T14:37:25.835-0800] {processor.py:183} INFO - Processing /mnt/c/Users/victo/OneDrive/Desktop/fantasy_nba_dashboard/airflow_env/lib/python3.10/site-packages/airflow/example_dags/example_time_delta_sensor_async.py took 0.067 seconds
[2024-01-06T14:37:56.521-0800] {processor.py:161} INFO - Started process (PID=10469) to work on /mnt/c/Users/victo/OneDrive/Desktop/fantasy_nba_dashboard/airflow_env/lib/python3.10/site-packages/airflow/example_dags/example_time_delta_sensor_async.py
[2024-01-06T14:37:56.522-0800] {processor.py:830} INFO - Processing file /mnt/c/Users/victo/OneDrive/Desktop/fantasy_nba_dashboard/airflow_env/lib/python3.10/site-packages/airflow/example_dags/example_time_delta_sensor_async.py for tasks to queue
[2024-01-06T14:37:56.522-0800] {logging_mixin.py:188} INFO - [2024-01-06T14:37:56.522-0800] {dagbag.py:538} INFO - Filling up the DagBag from /mnt/c/Users/victo/OneDrive/Desktop/fantasy_nba_dashboard/airflow_env/lib/python3.10/site-packages/airflow/example_dags/example_time_delta_sensor_async.py
[2024-01-06T14:37:56.528-0800] {processor.py:840} INFO - DAG(s) 'example_time_delta_sensor_async' retrieved from /mnt/c/Users/victo/OneDrive/Desktop/fantasy_nba_dashboard/airflow_env/lib/python3.10/site-packages/airflow/example_dags/example_time_delta_sensor_async.py
[2024-01-06T14:37:56.561-0800] {logging_mixin.py:188} INFO - [2024-01-06T14:37:56.561-0800] {dag.py:3033} INFO - Sync 1 DAGs
[2024-01-06T14:37:56.570-0800] {logging_mixin.py:188} INFO - [2024-01-06T14:37:56.570-0800] {dag.py:3820} INFO - Setting next_dagrun for example_time_delta_sensor_async to None, run_after=None
[2024-01-06T14:37:56.584-0800] {processor.py:183} INFO - Processing /mnt/c/Users/victo/OneDrive/Desktop/fantasy_nba_dashboard/airflow_env/lib/python3.10/site-packages/airflow/example_dags/example_time_delta_sensor_async.py took 0.067 seconds
[2024-01-06T14:38:27.192-0800] {processor.py:161} INFO - Started process (PID=10642) to work on /mnt/c/Users/victo/OneDrive/Desktop/fantasy_nba_dashboard/airflow_env/lib/python3.10/site-packages/airflow/example_dags/example_time_delta_sensor_async.py
[2024-01-06T14:38:27.193-0800] {processor.py:830} INFO - Processing file /mnt/c/Users/victo/OneDrive/Desktop/fantasy_nba_dashboard/airflow_env/lib/python3.10/site-packages/airflow/example_dags/example_time_delta_sensor_async.py for tasks to queue
[2024-01-06T14:38:27.194-0800] {logging_mixin.py:188} INFO - [2024-01-06T14:38:27.194-0800] {dagbag.py:538} INFO - Filling up the DagBag from /mnt/c/Users/victo/OneDrive/Desktop/fantasy_nba_dashboard/airflow_env/lib/python3.10/site-packages/airflow/example_dags/example_time_delta_sensor_async.py
[2024-01-06T14:38:27.199-0800] {processor.py:840} INFO - DAG(s) 'example_time_delta_sensor_async' retrieved from /mnt/c/Users/victo/OneDrive/Desktop/fantasy_nba_dashboard/airflow_env/lib/python3.10/site-packages/airflow/example_dags/example_time_delta_sensor_async.py
[2024-01-06T14:38:27.230-0800] {logging_mixin.py:188} INFO - [2024-01-06T14:38:27.229-0800] {dag.py:3033} INFO - Sync 1 DAGs
[2024-01-06T14:38:27.240-0800] {logging_mixin.py:188} INFO - [2024-01-06T14:38:27.240-0800] {dag.py:3820} INFO - Setting next_dagrun for example_time_delta_sensor_async to None, run_after=None
[2024-01-06T14:38:27.253-0800] {processor.py:183} INFO - Processing /mnt/c/Users/victo/OneDrive/Desktop/fantasy_nba_dashboard/airflow_env/lib/python3.10/site-packages/airflow/example_dags/example_time_delta_sensor_async.py took 0.065 seconds
[2024-01-06T14:38:58.130-0800] {processor.py:161} INFO - Started process (PID=10823) to work on /mnt/c/Users/victo/OneDrive/Desktop/fantasy_nba_dashboard/airflow_env/lib/python3.10/site-packages/airflow/example_dags/example_time_delta_sensor_async.py
[2024-01-06T14:38:58.132-0800] {processor.py:830} INFO - Processing file /mnt/c/Users/victo/OneDrive/Desktop/fantasy_nba_dashboard/airflow_env/lib/python3.10/site-packages/airflow/example_dags/example_time_delta_sensor_async.py for tasks to queue
[2024-01-06T14:38:58.133-0800] {logging_mixin.py:188} INFO - [2024-01-06T14:38:58.132-0800] {dagbag.py:538} INFO - Filling up the DagBag from /mnt/c/Users/victo/OneDrive/Desktop/fantasy_nba_dashboard/airflow_env/lib/python3.10/site-packages/airflow/example_dags/example_time_delta_sensor_async.py
[2024-01-06T14:38:58.141-0800] {processor.py:840} INFO - DAG(s) 'example_time_delta_sensor_async' retrieved from /mnt/c/Users/victo/OneDrive/Desktop/fantasy_nba_dashboard/airflow_env/lib/python3.10/site-packages/airflow/example_dags/example_time_delta_sensor_async.py
[2024-01-06T14:38:58.224-0800] {logging_mixin.py:188} INFO - [2024-01-06T14:38:58.223-0800] {dag.py:3033} INFO - Sync 1 DAGs
[2024-01-06T14:38:58.238-0800] {logging_mixin.py:188} INFO - [2024-01-06T14:38:58.238-0800] {dag.py:3820} INFO - Setting next_dagrun for example_time_delta_sensor_async to None, run_after=None
[2024-01-06T14:38:58.262-0800] {processor.py:183} INFO - Processing /mnt/c/Users/victo/OneDrive/Desktop/fantasy_nba_dashboard/airflow_env/lib/python3.10/site-packages/airflow/example_dags/example_time_delta_sensor_async.py took 0.138 seconds
[2024-01-06T14:39:28.812-0800] {processor.py:161} INFO - Started process (PID=10993) to work on /mnt/c/Users/victo/OneDrive/Desktop/fantasy_nba_dashboard/airflow_env/lib/python3.10/site-packages/airflow/example_dags/example_time_delta_sensor_async.py
[2024-01-06T14:39:28.813-0800] {processor.py:830} INFO - Processing file /mnt/c/Users/victo/OneDrive/Desktop/fantasy_nba_dashboard/airflow_env/lib/python3.10/site-packages/airflow/example_dags/example_time_delta_sensor_async.py for tasks to queue
[2024-01-06T14:39:28.814-0800] {logging_mixin.py:188} INFO - [2024-01-06T14:39:28.814-0800] {dagbag.py:538} INFO - Filling up the DagBag from /mnt/c/Users/victo/OneDrive/Desktop/fantasy_nba_dashboard/airflow_env/lib/python3.10/site-packages/airflow/example_dags/example_time_delta_sensor_async.py
[2024-01-06T14:39:28.819-0800] {processor.py:840} INFO - DAG(s) 'example_time_delta_sensor_async' retrieved from /mnt/c/Users/victo/OneDrive/Desktop/fantasy_nba_dashboard/airflow_env/lib/python3.10/site-packages/airflow/example_dags/example_time_delta_sensor_async.py
[2024-01-06T14:39:28.850-0800] {logging_mixin.py:188} INFO - [2024-01-06T14:39:28.850-0800] {dag.py:3033} INFO - Sync 1 DAGs
[2024-01-06T14:39:28.860-0800] {logging_mixin.py:188} INFO - [2024-01-06T14:39:28.860-0800] {dag.py:3820} INFO - Setting next_dagrun for example_time_delta_sensor_async to None, run_after=None
[2024-01-06T14:39:28.879-0800] {processor.py:183} INFO - Processing /mnt/c/Users/victo/OneDrive/Desktop/fantasy_nba_dashboard/airflow_env/lib/python3.10/site-packages/airflow/example_dags/example_time_delta_sensor_async.py took 0.070 seconds
[2024-01-06T14:39:59.629-0800] {processor.py:161} INFO - Started process (PID=11147) to work on /mnt/c/Users/victo/OneDrive/Desktop/fantasy_nba_dashboard/airflow_env/lib/python3.10/site-packages/airflow/example_dags/example_time_delta_sensor_async.py
[2024-01-06T14:39:59.630-0800] {processor.py:830} INFO - Processing file /mnt/c/Users/victo/OneDrive/Desktop/fantasy_nba_dashboard/airflow_env/lib/python3.10/site-packages/airflow/example_dags/example_time_delta_sensor_async.py for tasks to queue
[2024-01-06T14:39:59.631-0800] {logging_mixin.py:188} INFO - [2024-01-06T14:39:59.630-0800] {dagbag.py:538} INFO - Filling up the DagBag from /mnt/c/Users/victo/OneDrive/Desktop/fantasy_nba_dashboard/airflow_env/lib/python3.10/site-packages/airflow/example_dags/example_time_delta_sensor_async.py
[2024-01-06T14:39:59.636-0800] {processor.py:840} INFO - DAG(s) 'example_time_delta_sensor_async' retrieved from /mnt/c/Users/victo/OneDrive/Desktop/fantasy_nba_dashboard/airflow_env/lib/python3.10/site-packages/airflow/example_dags/example_time_delta_sensor_async.py
[2024-01-06T14:39:59.667-0800] {logging_mixin.py:188} INFO - [2024-01-06T14:39:59.667-0800] {dag.py:3033} INFO - Sync 1 DAGs
[2024-01-06T14:39:59.678-0800] {logging_mixin.py:188} INFO - [2024-01-06T14:39:59.678-0800] {dag.py:3820} INFO - Setting next_dagrun for example_time_delta_sensor_async to None, run_after=None
[2024-01-06T14:39:59.692-0800] {processor.py:183} INFO - Processing /mnt/c/Users/victo/OneDrive/Desktop/fantasy_nba_dashboard/airflow_env/lib/python3.10/site-packages/airflow/example_dags/example_time_delta_sensor_async.py took 0.068 seconds
[2024-01-06T14:40:30.383-0800] {processor.py:161} INFO - Started process (PID=11305) to work on /mnt/c/Users/victo/OneDrive/Desktop/fantasy_nba_dashboard/airflow_env/lib/python3.10/site-packages/airflow/example_dags/example_time_delta_sensor_async.py
[2024-01-06T14:40:30.384-0800] {processor.py:830} INFO - Processing file /mnt/c/Users/victo/OneDrive/Desktop/fantasy_nba_dashboard/airflow_env/lib/python3.10/site-packages/airflow/example_dags/example_time_delta_sensor_async.py for tasks to queue
[2024-01-06T14:40:30.384-0800] {logging_mixin.py:188} INFO - [2024-01-06T14:40:30.384-0800] {dagbag.py:538} INFO - Filling up the DagBag from /mnt/c/Users/victo/OneDrive/Desktop/fantasy_nba_dashboard/airflow_env/lib/python3.10/site-packages/airflow/example_dags/example_time_delta_sensor_async.py
[2024-01-06T14:40:30.389-0800] {processor.py:840} INFO - DAG(s) 'example_time_delta_sensor_async' retrieved from /mnt/c/Users/victo/OneDrive/Desktop/fantasy_nba_dashboard/airflow_env/lib/python3.10/site-packages/airflow/example_dags/example_time_delta_sensor_async.py
[2024-01-06T14:40:30.422-0800] {logging_mixin.py:188} INFO - [2024-01-06T14:40:30.421-0800] {dag.py:3033} INFO - Sync 1 DAGs
[2024-01-06T14:40:30.431-0800] {logging_mixin.py:188} INFO - [2024-01-06T14:40:30.431-0800] {dag.py:3820} INFO - Setting next_dagrun for example_time_delta_sensor_async to None, run_after=None
[2024-01-06T14:40:30.445-0800] {processor.py:183} INFO - Processing /mnt/c/Users/victo/OneDrive/Desktop/fantasy_nba_dashboard/airflow_env/lib/python3.10/site-packages/airflow/example_dags/example_time_delta_sensor_async.py took 0.066 seconds
[2024-01-06T14:41:01.140-0800] {processor.py:161} INFO - Started process (PID=11489) to work on /mnt/c/Users/victo/OneDrive/Desktop/fantasy_nba_dashboard/airflow_env/lib/python3.10/site-packages/airflow/example_dags/example_time_delta_sensor_async.py
[2024-01-06T14:41:01.141-0800] {processor.py:830} INFO - Processing file /mnt/c/Users/victo/OneDrive/Desktop/fantasy_nba_dashboard/airflow_env/lib/python3.10/site-packages/airflow/example_dags/example_time_delta_sensor_async.py for tasks to queue
[2024-01-06T14:41:01.141-0800] {logging_mixin.py:188} INFO - [2024-01-06T14:41:01.141-0800] {dagbag.py:538} INFO - Filling up the DagBag from /mnt/c/Users/victo/OneDrive/Desktop/fantasy_nba_dashboard/airflow_env/lib/python3.10/site-packages/airflow/example_dags/example_time_delta_sensor_async.py
[2024-01-06T14:41:01.147-0800] {processor.py:840} INFO - DAG(s) 'example_time_delta_sensor_async' retrieved from /mnt/c/Users/victo/OneDrive/Desktop/fantasy_nba_dashboard/airflow_env/lib/python3.10/site-packages/airflow/example_dags/example_time_delta_sensor_async.py
[2024-01-06T14:41:01.175-0800] {logging_mixin.py:188} INFO - [2024-01-06T14:41:01.175-0800] {dag.py:3033} INFO - Sync 1 DAGs
[2024-01-06T14:41:01.185-0800] {logging_mixin.py:188} INFO - [2024-01-06T14:41:01.185-0800] {dag.py:3820} INFO - Setting next_dagrun for example_time_delta_sensor_async to None, run_after=None
[2024-01-06T14:41:01.197-0800] {processor.py:183} INFO - Processing /mnt/c/Users/victo/OneDrive/Desktop/fantasy_nba_dashboard/airflow_env/lib/python3.10/site-packages/airflow/example_dags/example_time_delta_sensor_async.py took 0.061 seconds
