[2024-01-06T14:24:41.816-0800] {processor.py:161} INFO - Started process (PID=7081) to work on /mnt/c/Users/victo/OneDrive/Desktop/fantasy_nba_dashboard/airflow_env/lib/python3.10/site-packages/airflow/example_dags/example_subdag_operator.py
[2024-01-06T14:24:41.817-0800] {processor.py:830} INFO - Processing file /mnt/c/Users/victo/OneDrive/Desktop/fantasy_nba_dashboard/airflow_env/lib/python3.10/site-packages/airflow/example_dags/example_subdag_operator.py for tasks to queue
[2024-01-06T14:24:41.818-0800] {logging_mixin.py:188} INFO - [2024-01-06T14:24:41.817-0800] {dagbag.py:538} INFO - Filling up the DagBag from /mnt/c/Users/victo/OneDrive/Desktop/fantasy_nba_dashboard/airflow_env/lib/python3.10/site-packages/airflow/example_dags/example_subdag_operator.py
[2024-01-06T14:24:41.857-0800] {processor.py:840} INFO - DAG(s) 'example_subdag_operator.section-1', 'example_subdag_operator.section-2', 'example_subdag_operator' retrieved from /mnt/c/Users/victo/OneDrive/Desktop/fantasy_nba_dashboard/airflow_env/lib/python3.10/site-packages/airflow/example_dags/example_subdag_operator.py
[2024-01-06T14:24:41.947-0800] {logging_mixin.py:188} INFO - [2024-01-06T14:24:41.947-0800] {dag.py:3033} INFO - Sync 3 DAGs
[2024-01-06T14:24:41.962-0800] {logging_mixin.py:188} INFO - [2024-01-06T14:24:41.962-0800] {dag.py:3820} INFO - Setting next_dagrun for example_subdag_operator to 2022-01-01T00:00:00+00:00, run_after=2022-01-01T00:00:00+00:00
[2024-01-06T14:24:41.964-0800] {logging_mixin.py:188} INFO - [2024-01-06T14:24:41.964-0800] {dag.py:3820} INFO - Setting next_dagrun for example_subdag_operator.section-1 to None, run_after=None
[2024-01-06T14:24:41.964-0800] {logging_mixin.py:188} INFO - [2024-01-06T14:24:41.964-0800] {dag.py:3820} INFO - Setting next_dagrun for example_subdag_operator.section-2 to None, run_after=None
[2024-01-06T14:24:41.976-0800] {logging_mixin.py:188} INFO - [2024-01-06T14:24:41.976-0800] {dag.py:3033} INFO - Sync 2 DAGs
[2024-01-06T14:24:41.980-0800] {logging_mixin.py:188} INFO - [2024-01-06T14:24:41.980-0800] {dag.py:3820} INFO - Setting next_dagrun for example_subdag_operator.section-1 to None, run_after=None
[2024-01-06T14:24:41.980-0800] {logging_mixin.py:188} INFO - [2024-01-06T14:24:41.980-0800] {dag.py:3820} INFO - Setting next_dagrun for example_subdag_operator.section-2 to None, run_after=None
[2024-01-06T14:24:41.987-0800] {processor.py:183} INFO - Processing /mnt/c/Users/victo/OneDrive/Desktop/fantasy_nba_dashboard/airflow_env/lib/python3.10/site-packages/airflow/example_dags/example_subdag_operator.py took 0.176 seconds
[2024-01-06T14:25:12.034-0800] {processor.py:161} INFO - Started process (PID=7237) to work on /mnt/c/Users/victo/OneDrive/Desktop/fantasy_nba_dashboard/airflow_env/lib/python3.10/site-packages/airflow/example_dags/example_subdag_operator.py
[2024-01-06T14:25:12.035-0800] {processor.py:830} INFO - Processing file /mnt/c/Users/victo/OneDrive/Desktop/fantasy_nba_dashboard/airflow_env/lib/python3.10/site-packages/airflow/example_dags/example_subdag_operator.py for tasks to queue
[2024-01-06T14:25:12.035-0800] {logging_mixin.py:188} INFO - [2024-01-06T14:25:12.035-0800] {dagbag.py:538} INFO - Filling up the DagBag from /mnt/c/Users/victo/OneDrive/Desktop/fantasy_nba_dashboard/airflow_env/lib/python3.10/site-packages/airflow/example_dags/example_subdag_operator.py
[2024-01-06T14:25:12.071-0800] {processor.py:840} INFO - DAG(s) 'example_subdag_operator.section-1', 'example_subdag_operator.section-2', 'example_subdag_operator' retrieved from /mnt/c/Users/victo/OneDrive/Desktop/fantasy_nba_dashboard/airflow_env/lib/python3.10/site-packages/airflow/example_dags/example_subdag_operator.py
[2024-01-06T14:25:12.083-0800] {logging_mixin.py:188} INFO - [2024-01-06T14:25:12.083-0800] {dag.py:3033} INFO - Sync 3 DAGs
[2024-01-06T14:25:12.100-0800] {logging_mixin.py:188} INFO - [2024-01-06T14:25:12.100-0800] {dag.py:3820} INFO - Setting next_dagrun for example_subdag_operator to 2022-01-01T00:00:00+00:00, run_after=2022-01-01T00:00:00+00:00
[2024-01-06T14:25:12.102-0800] {logging_mixin.py:188} INFO - [2024-01-06T14:25:12.102-0800] {dag.py:3820} INFO - Setting next_dagrun for example_subdag_operator.section-1 to None, run_after=None
[2024-01-06T14:25:12.103-0800] {logging_mixin.py:188} INFO - [2024-01-06T14:25:12.103-0800] {dag.py:3820} INFO - Setting next_dagrun for example_subdag_operator.section-2 to None, run_after=None
[2024-01-06T14:25:12.108-0800] {logging_mixin.py:188} INFO - [2024-01-06T14:25:12.108-0800] {dag.py:3033} INFO - Sync 2 DAGs
[2024-01-06T14:25:12.111-0800] {logging_mixin.py:188} INFO - [2024-01-06T14:25:12.111-0800] {dag.py:3820} INFO - Setting next_dagrun for example_subdag_operator.section-1 to None, run_after=None
[2024-01-06T14:25:12.112-0800] {logging_mixin.py:188} INFO - [2024-01-06T14:25:12.111-0800] {dag.py:3820} INFO - Setting next_dagrun for example_subdag_operator.section-2 to None, run_after=None
[2024-01-06T14:25:12.119-0800] {processor.py:183} INFO - Processing /mnt/c/Users/victo/OneDrive/Desktop/fantasy_nba_dashboard/airflow_env/lib/python3.10/site-packages/airflow/example_dags/example_subdag_operator.py took 0.089 seconds
[2024-01-06T14:25:42.444-0800] {processor.py:161} INFO - Started process (PID=7487) to work on /mnt/c/Users/victo/OneDrive/Desktop/fantasy_nba_dashboard/airflow_env/lib/python3.10/site-packages/airflow/example_dags/example_subdag_operator.py
[2024-01-06T14:25:42.445-0800] {processor.py:830} INFO - Processing file /mnt/c/Users/victo/OneDrive/Desktop/fantasy_nba_dashboard/airflow_env/lib/python3.10/site-packages/airflow/example_dags/example_subdag_operator.py for tasks to queue
[2024-01-06T14:25:42.445-0800] {logging_mixin.py:188} INFO - [2024-01-06T14:25:42.445-0800] {dagbag.py:538} INFO - Filling up the DagBag from /mnt/c/Users/victo/OneDrive/Desktop/fantasy_nba_dashboard/airflow_env/lib/python3.10/site-packages/airflow/example_dags/example_subdag_operator.py
[2024-01-06T14:25:42.475-0800] {processor.py:840} INFO - DAG(s) 'example_subdag_operator.section-1', 'example_subdag_operator.section-2', 'example_subdag_operator' retrieved from /mnt/c/Users/victo/OneDrive/Desktop/fantasy_nba_dashboard/airflow_env/lib/python3.10/site-packages/airflow/example_dags/example_subdag_operator.py
[2024-01-06T14:25:42.486-0800] {logging_mixin.py:188} INFO - [2024-01-06T14:25:42.486-0800] {dag.py:3033} INFO - Sync 3 DAGs
[2024-01-06T14:25:42.501-0800] {logging_mixin.py:188} INFO - [2024-01-06T14:25:42.501-0800] {dag.py:3820} INFO - Setting next_dagrun for example_subdag_operator to 2022-01-01T00:00:00+00:00, run_after=2022-01-01T00:00:00+00:00
[2024-01-06T14:25:42.503-0800] {logging_mixin.py:188} INFO - [2024-01-06T14:25:42.503-0800] {dag.py:3820} INFO - Setting next_dagrun for example_subdag_operator.section-1 to None, run_after=None
[2024-01-06T14:25:42.503-0800] {logging_mixin.py:188} INFO - [2024-01-06T14:25:42.503-0800] {dag.py:3820} INFO - Setting next_dagrun for example_subdag_operator.section-2 to None, run_after=None
[2024-01-06T14:25:42.508-0800] {logging_mixin.py:188} INFO - [2024-01-06T14:25:42.508-0800] {dag.py:3033} INFO - Sync 2 DAGs
[2024-01-06T14:25:42.511-0800] {logging_mixin.py:188} INFO - [2024-01-06T14:25:42.511-0800] {dag.py:3820} INFO - Setting next_dagrun for example_subdag_operator.section-1 to None, run_after=None
[2024-01-06T14:25:42.511-0800] {logging_mixin.py:188} INFO - [2024-01-06T14:25:42.511-0800] {dag.py:3820} INFO - Setting next_dagrun for example_subdag_operator.section-2 to None, run_after=None
[2024-01-06T14:25:42.517-0800] {processor.py:183} INFO - Processing /mnt/c/Users/victo/OneDrive/Desktop/fantasy_nba_dashboard/airflow_env/lib/python3.10/site-packages/airflow/example_dags/example_subdag_operator.py took 0.077 seconds
[2024-01-06T14:26:12.722-0800] {processor.py:161} INFO - Started process (PID=8026) to work on /mnt/c/Users/victo/OneDrive/Desktop/fantasy_nba_dashboard/airflow_env/lib/python3.10/site-packages/airflow/example_dags/example_subdag_operator.py
[2024-01-06T14:26:12.723-0800] {processor.py:830} INFO - Processing file /mnt/c/Users/victo/OneDrive/Desktop/fantasy_nba_dashboard/airflow_env/lib/python3.10/site-packages/airflow/example_dags/example_subdag_operator.py for tasks to queue
[2024-01-06T14:26:12.723-0800] {logging_mixin.py:188} INFO - [2024-01-06T14:26:12.723-0800] {dagbag.py:538} INFO - Filling up the DagBag from /mnt/c/Users/victo/OneDrive/Desktop/fantasy_nba_dashboard/airflow_env/lib/python3.10/site-packages/airflow/example_dags/example_subdag_operator.py
[2024-01-06T14:26:12.758-0800] {processor.py:840} INFO - DAG(s) 'example_subdag_operator.section-1', 'example_subdag_operator.section-2', 'example_subdag_operator' retrieved from /mnt/c/Users/victo/OneDrive/Desktop/fantasy_nba_dashboard/airflow_env/lib/python3.10/site-packages/airflow/example_dags/example_subdag_operator.py
[2024-01-06T14:26:12.770-0800] {logging_mixin.py:188} INFO - [2024-01-06T14:26:12.770-0800] {dag.py:3033} INFO - Sync 3 DAGs
[2024-01-06T14:26:12.785-0800] {logging_mixin.py:188} INFO - [2024-01-06T14:26:12.785-0800] {dag.py:3820} INFO - Setting next_dagrun for example_subdag_operator to 2022-01-01T00:00:00+00:00, run_after=2022-01-01T00:00:00+00:00
[2024-01-06T14:26:12.788-0800] {logging_mixin.py:188} INFO - [2024-01-06T14:26:12.787-0800] {dag.py:3820} INFO - Setting next_dagrun for example_subdag_operator.section-1 to None, run_after=None
[2024-01-06T14:26:12.788-0800] {logging_mixin.py:188} INFO - [2024-01-06T14:26:12.788-0800] {dag.py:3820} INFO - Setting next_dagrun for example_subdag_operator.section-2 to None, run_after=None
[2024-01-06T14:26:12.793-0800] {logging_mixin.py:188} INFO - [2024-01-06T14:26:12.793-0800] {dag.py:3033} INFO - Sync 2 DAGs
[2024-01-06T14:26:12.795-0800] {logging_mixin.py:188} INFO - [2024-01-06T14:26:12.795-0800] {dag.py:3820} INFO - Setting next_dagrun for example_subdag_operator.section-1 to None, run_after=None
[2024-01-06T14:26:12.796-0800] {logging_mixin.py:188} INFO - [2024-01-06T14:26:12.796-0800] {dag.py:3820} INFO - Setting next_dagrun for example_subdag_operator.section-2 to None, run_after=None
[2024-01-06T14:26:12.802-0800] {processor.py:183} INFO - Processing /mnt/c/Users/victo/OneDrive/Desktop/fantasy_nba_dashboard/airflow_env/lib/python3.10/site-packages/airflow/example_dags/example_subdag_operator.py took 0.084 seconds
[2024-01-06T14:35:53.657-0800] {processor.py:161} INFO - Started process (PID=9534) to work on /mnt/c/Users/victo/OneDrive/Desktop/fantasy_nba_dashboard/airflow_env/lib/python3.10/site-packages/airflow/example_dags/example_subdag_operator.py
[2024-01-06T14:35:53.658-0800] {processor.py:830} INFO - Processing file /mnt/c/Users/victo/OneDrive/Desktop/fantasy_nba_dashboard/airflow_env/lib/python3.10/site-packages/airflow/example_dags/example_subdag_operator.py for tasks to queue
[2024-01-06T14:35:53.660-0800] {logging_mixin.py:188} INFO - [2024-01-06T14:35:53.659-0800] {dagbag.py:538} INFO - Filling up the DagBag from /mnt/c/Users/victo/OneDrive/Desktop/fantasy_nba_dashboard/airflow_env/lib/python3.10/site-packages/airflow/example_dags/example_subdag_operator.py
[2024-01-06T14:35:53.698-0800] {processor.py:840} INFO - DAG(s) 'example_subdag_operator.section-1', 'example_subdag_operator.section-2', 'example_subdag_operator' retrieved from /mnt/c/Users/victo/OneDrive/Desktop/fantasy_nba_dashboard/airflow_env/lib/python3.10/site-packages/airflow/example_dags/example_subdag_operator.py
[2024-01-06T14:35:53.710-0800] {logging_mixin.py:188} INFO - [2024-01-06T14:35:53.710-0800] {dag.py:3033} INFO - Sync 3 DAGs
[2024-01-06T14:35:53.726-0800] {logging_mixin.py:188} INFO - [2024-01-06T14:35:53.726-0800] {dag.py:3820} INFO - Setting next_dagrun for example_subdag_operator to 2022-01-01T00:00:00+00:00, run_after=2022-01-01T00:00:00+00:00
[2024-01-06T14:35:53.729-0800] {logging_mixin.py:188} INFO - [2024-01-06T14:35:53.729-0800] {dag.py:3820} INFO - Setting next_dagrun for example_subdag_operator.section-1 to None, run_after=None
[2024-01-06T14:35:53.729-0800] {logging_mixin.py:188} INFO - [2024-01-06T14:35:53.729-0800] {dag.py:3820} INFO - Setting next_dagrun for example_subdag_operator.section-2 to None, run_after=None
[2024-01-06T14:35:53.734-0800] {logging_mixin.py:188} INFO - [2024-01-06T14:35:53.734-0800] {dag.py:3033} INFO - Sync 2 DAGs
[2024-01-06T14:35:53.738-0800] {logging_mixin.py:188} INFO - [2024-01-06T14:35:53.738-0800] {dag.py:3820} INFO - Setting next_dagrun for example_subdag_operator.section-1 to None, run_after=None
[2024-01-06T14:35:53.739-0800] {logging_mixin.py:188} INFO - [2024-01-06T14:35:53.739-0800] {dag.py:3820} INFO - Setting next_dagrun for example_subdag_operator.section-2 to None, run_after=None
[2024-01-06T14:35:53.746-0800] {processor.py:183} INFO - Processing /mnt/c/Users/victo/OneDrive/Desktop/fantasy_nba_dashboard/airflow_env/lib/python3.10/site-packages/airflow/example_dags/example_subdag_operator.py took 0.092 seconds
[2024-01-06T14:36:23.964-0800] {processor.py:161} INFO - Started process (PID=9716) to work on /mnt/c/Users/victo/OneDrive/Desktop/fantasy_nba_dashboard/airflow_env/lib/python3.10/site-packages/airflow/example_dags/example_subdag_operator.py
[2024-01-06T14:36:23.965-0800] {processor.py:830} INFO - Processing file /mnt/c/Users/victo/OneDrive/Desktop/fantasy_nba_dashboard/airflow_env/lib/python3.10/site-packages/airflow/example_dags/example_subdag_operator.py for tasks to queue
[2024-01-06T14:36:23.966-0800] {logging_mixin.py:188} INFO - [2024-01-06T14:36:23.966-0800] {dagbag.py:538} INFO - Filling up the DagBag from /mnt/c/Users/victo/OneDrive/Desktop/fantasy_nba_dashboard/airflow_env/lib/python3.10/site-packages/airflow/example_dags/example_subdag_operator.py
[2024-01-06T14:36:24.000-0800] {processor.py:840} INFO - DAG(s) 'example_subdag_operator.section-1', 'example_subdag_operator.section-2', 'example_subdag_operator' retrieved from /mnt/c/Users/victo/OneDrive/Desktop/fantasy_nba_dashboard/airflow_env/lib/python3.10/site-packages/airflow/example_dags/example_subdag_operator.py
[2024-01-06T14:36:24.012-0800] {logging_mixin.py:188} INFO - [2024-01-06T14:36:24.011-0800] {dag.py:3033} INFO - Sync 3 DAGs
[2024-01-06T14:36:24.028-0800] {logging_mixin.py:188} INFO - [2024-01-06T14:36:24.028-0800] {dag.py:3820} INFO - Setting next_dagrun for example_subdag_operator to 2022-01-01T00:00:00+00:00, run_after=2022-01-01T00:00:00+00:00
[2024-01-06T14:36:24.031-0800] {logging_mixin.py:188} INFO - [2024-01-06T14:36:24.031-0800] {dag.py:3820} INFO - Setting next_dagrun for example_subdag_operator.section-1 to None, run_after=None
[2024-01-06T14:36:24.031-0800] {logging_mixin.py:188} INFO - [2024-01-06T14:36:24.031-0800] {dag.py:3820} INFO - Setting next_dagrun for example_subdag_operator.section-2 to None, run_after=None
[2024-01-06T14:36:24.036-0800] {logging_mixin.py:188} INFO - [2024-01-06T14:36:24.036-0800] {dag.py:3033} INFO - Sync 2 DAGs
[2024-01-06T14:36:24.040-0800] {logging_mixin.py:188} INFO - [2024-01-06T14:36:24.039-0800] {dag.py:3820} INFO - Setting next_dagrun for example_subdag_operator.section-1 to None, run_after=None
[2024-01-06T14:36:24.040-0800] {logging_mixin.py:188} INFO - [2024-01-06T14:36:24.040-0800] {dag.py:3820} INFO - Setting next_dagrun for example_subdag_operator.section-2 to None, run_after=None
[2024-01-06T14:36:24.047-0800] {processor.py:183} INFO - Processing /mnt/c/Users/victo/OneDrive/Desktop/fantasy_nba_dashboard/airflow_env/lib/python3.10/site-packages/airflow/example_dags/example_subdag_operator.py took 0.087 seconds
[2024-01-06T14:36:55.257-0800] {processor.py:161} INFO - Started process (PID=9994) to work on /mnt/c/Users/victo/OneDrive/Desktop/fantasy_nba_dashboard/airflow_env/lib/python3.10/site-packages/airflow/example_dags/example_subdag_operator.py
[2024-01-06T14:36:55.258-0800] {processor.py:830} INFO - Processing file /mnt/c/Users/victo/OneDrive/Desktop/fantasy_nba_dashboard/airflow_env/lib/python3.10/site-packages/airflow/example_dags/example_subdag_operator.py for tasks to queue
[2024-01-06T14:36:55.259-0800] {logging_mixin.py:188} INFO - [2024-01-06T14:36:55.258-0800] {dagbag.py:538} INFO - Filling up the DagBag from /mnt/c/Users/victo/OneDrive/Desktop/fantasy_nba_dashboard/airflow_env/lib/python3.10/site-packages/airflow/example_dags/example_subdag_operator.py
[2024-01-06T14:36:55.293-0800] {processor.py:840} INFO - DAG(s) 'example_subdag_operator.section-1', 'example_subdag_operator.section-2', 'example_subdag_operator' retrieved from /mnt/c/Users/victo/OneDrive/Desktop/fantasy_nba_dashboard/airflow_env/lib/python3.10/site-packages/airflow/example_dags/example_subdag_operator.py
[2024-01-06T14:36:55.306-0800] {logging_mixin.py:188} INFO - [2024-01-06T14:36:55.305-0800] {dag.py:3033} INFO - Sync 3 DAGs
[2024-01-06T14:36:55.327-0800] {logging_mixin.py:188} INFO - [2024-01-06T14:36:55.327-0800] {dag.py:3820} INFO - Setting next_dagrun for example_subdag_operator to 2022-01-01T00:00:00+00:00, run_after=2022-01-01T00:00:00+00:00
[2024-01-06T14:36:55.330-0800] {logging_mixin.py:188} INFO - [2024-01-06T14:36:55.330-0800] {dag.py:3820} INFO - Setting next_dagrun for example_subdag_operator.section-1 to None, run_after=None
[2024-01-06T14:36:55.331-0800] {logging_mixin.py:188} INFO - [2024-01-06T14:36:55.331-0800] {dag.py:3820} INFO - Setting next_dagrun for example_subdag_operator.section-2 to None, run_after=None
[2024-01-06T14:36:55.337-0800] {logging_mixin.py:188} INFO - [2024-01-06T14:36:55.337-0800] {dag.py:3033} INFO - Sync 2 DAGs
[2024-01-06T14:36:55.341-0800] {logging_mixin.py:188} INFO - [2024-01-06T14:36:55.341-0800] {dag.py:3820} INFO - Setting next_dagrun for example_subdag_operator.section-1 to None, run_after=None
[2024-01-06T14:36:55.342-0800] {logging_mixin.py:188} INFO - [2024-01-06T14:36:55.342-0800] {dag.py:3820} INFO - Setting next_dagrun for example_subdag_operator.section-2 to None, run_after=None
[2024-01-06T14:36:55.356-0800] {processor.py:183} INFO - Processing /mnt/c/Users/victo/OneDrive/Desktop/fantasy_nba_dashboard/airflow_env/lib/python3.10/site-packages/airflow/example_dags/example_subdag_operator.py took 0.104 seconds
[2024-01-06T14:37:25.902-0800] {processor.py:161} INFO - Started process (PID=10274) to work on /mnt/c/Users/victo/OneDrive/Desktop/fantasy_nba_dashboard/airflow_env/lib/python3.10/site-packages/airflow/example_dags/example_subdag_operator.py
[2024-01-06T14:37:25.903-0800] {processor.py:830} INFO - Processing file /mnt/c/Users/victo/OneDrive/Desktop/fantasy_nba_dashboard/airflow_env/lib/python3.10/site-packages/airflow/example_dags/example_subdag_operator.py for tasks to queue
[2024-01-06T14:37:25.904-0800] {logging_mixin.py:188} INFO - [2024-01-06T14:37:25.903-0800] {dagbag.py:538} INFO - Filling up the DagBag from /mnt/c/Users/victo/OneDrive/Desktop/fantasy_nba_dashboard/airflow_env/lib/python3.10/site-packages/airflow/example_dags/example_subdag_operator.py
[2024-01-06T14:37:25.936-0800] {processor.py:840} INFO - DAG(s) 'example_subdag_operator.section-1', 'example_subdag_operator.section-2', 'example_subdag_operator' retrieved from /mnt/c/Users/victo/OneDrive/Desktop/fantasy_nba_dashboard/airflow_env/lib/python3.10/site-packages/airflow/example_dags/example_subdag_operator.py
[2024-01-06T14:37:25.948-0800] {logging_mixin.py:188} INFO - [2024-01-06T14:37:25.948-0800] {dag.py:3033} INFO - Sync 3 DAGs
[2024-01-06T14:37:25.965-0800] {logging_mixin.py:188} INFO - [2024-01-06T14:37:25.965-0800] {dag.py:3820} INFO - Setting next_dagrun for example_subdag_operator to 2022-01-01T00:00:00+00:00, run_after=2022-01-01T00:00:00+00:00
[2024-01-06T14:37:25.968-0800] {logging_mixin.py:188} INFO - [2024-01-06T14:37:25.967-0800] {dag.py:3820} INFO - Setting next_dagrun for example_subdag_operator.section-1 to None, run_after=None
[2024-01-06T14:37:25.968-0800] {logging_mixin.py:188} INFO - [2024-01-06T14:37:25.968-0800] {dag.py:3820} INFO - Setting next_dagrun for example_subdag_operator.section-2 to None, run_after=None
[2024-01-06T14:37:25.974-0800] {logging_mixin.py:188} INFO - [2024-01-06T14:37:25.973-0800] {dag.py:3033} INFO - Sync 2 DAGs
[2024-01-06T14:37:25.977-0800] {logging_mixin.py:188} INFO - [2024-01-06T14:37:25.977-0800] {dag.py:3820} INFO - Setting next_dagrun for example_subdag_operator.section-1 to None, run_after=None
[2024-01-06T14:37:25.977-0800] {logging_mixin.py:188} INFO - [2024-01-06T14:37:25.977-0800] {dag.py:3820} INFO - Setting next_dagrun for example_subdag_operator.section-2 to None, run_after=None
[2024-01-06T14:37:25.985-0800] {processor.py:183} INFO - Processing /mnt/c/Users/victo/OneDrive/Desktop/fantasy_nba_dashboard/airflow_env/lib/python3.10/site-packages/airflow/example_dags/example_subdag_operator.py took 0.087 seconds
[2024-01-06T14:37:56.633-0800] {processor.py:161} INFO - Started process (PID=10474) to work on /mnt/c/Users/victo/OneDrive/Desktop/fantasy_nba_dashboard/airflow_env/lib/python3.10/site-packages/airflow/example_dags/example_subdag_operator.py
[2024-01-06T14:37:56.634-0800] {processor.py:830} INFO - Processing file /mnt/c/Users/victo/OneDrive/Desktop/fantasy_nba_dashboard/airflow_env/lib/python3.10/site-packages/airflow/example_dags/example_subdag_operator.py for tasks to queue
[2024-01-06T14:37:56.635-0800] {logging_mixin.py:188} INFO - [2024-01-06T14:37:56.635-0800] {dagbag.py:538} INFO - Filling up the DagBag from /mnt/c/Users/victo/OneDrive/Desktop/fantasy_nba_dashboard/airflow_env/lib/python3.10/site-packages/airflow/example_dags/example_subdag_operator.py
[2024-01-06T14:37:56.668-0800] {processor.py:840} INFO - DAG(s) 'example_subdag_operator.section-1', 'example_subdag_operator.section-2', 'example_subdag_operator' retrieved from /mnt/c/Users/victo/OneDrive/Desktop/fantasy_nba_dashboard/airflow_env/lib/python3.10/site-packages/airflow/example_dags/example_subdag_operator.py
[2024-01-06T14:37:56.680-0800] {logging_mixin.py:188} INFO - [2024-01-06T14:37:56.680-0800] {dag.py:3033} INFO - Sync 3 DAGs
[2024-01-06T14:37:56.697-0800] {logging_mixin.py:188} INFO - [2024-01-06T14:37:56.696-0800] {dag.py:3820} INFO - Setting next_dagrun for example_subdag_operator to 2022-01-01T00:00:00+00:00, run_after=2022-01-01T00:00:00+00:00
[2024-01-06T14:37:56.699-0800] {logging_mixin.py:188} INFO - [2024-01-06T14:37:56.699-0800] {dag.py:3820} INFO - Setting next_dagrun for example_subdag_operator.section-1 to None, run_after=None
[2024-01-06T14:37:56.700-0800] {logging_mixin.py:188} INFO - [2024-01-06T14:37:56.700-0800] {dag.py:3820} INFO - Setting next_dagrun for example_subdag_operator.section-2 to None, run_after=None
[2024-01-06T14:37:56.705-0800] {logging_mixin.py:188} INFO - [2024-01-06T14:37:56.705-0800] {dag.py:3033} INFO - Sync 2 DAGs
[2024-01-06T14:37:56.708-0800] {logging_mixin.py:188} INFO - [2024-01-06T14:37:56.708-0800] {dag.py:3820} INFO - Setting next_dagrun for example_subdag_operator.section-1 to None, run_after=None
[2024-01-06T14:37:56.709-0800] {logging_mixin.py:188} INFO - [2024-01-06T14:37:56.709-0800] {dag.py:3820} INFO - Setting next_dagrun for example_subdag_operator.section-2 to None, run_after=None
[2024-01-06T14:37:56.721-0800] {processor.py:183} INFO - Processing /mnt/c/Users/victo/OneDrive/Desktop/fantasy_nba_dashboard/airflow_env/lib/python3.10/site-packages/airflow/example_dags/example_subdag_operator.py took 0.092 seconds
[2024-01-06T14:38:27.314-0800] {processor.py:161} INFO - Started process (PID=10649) to work on /mnt/c/Users/victo/OneDrive/Desktop/fantasy_nba_dashboard/airflow_env/lib/python3.10/site-packages/airflow/example_dags/example_subdag_operator.py
[2024-01-06T14:38:27.314-0800] {processor.py:830} INFO - Processing file /mnt/c/Users/victo/OneDrive/Desktop/fantasy_nba_dashboard/airflow_env/lib/python3.10/site-packages/airflow/example_dags/example_subdag_operator.py for tasks to queue
[2024-01-06T14:38:27.315-0800] {logging_mixin.py:188} INFO - [2024-01-06T14:38:27.315-0800] {dagbag.py:538} INFO - Filling up the DagBag from /mnt/c/Users/victo/OneDrive/Desktop/fantasy_nba_dashboard/airflow_env/lib/python3.10/site-packages/airflow/example_dags/example_subdag_operator.py
[2024-01-06T14:38:27.346-0800] {processor.py:840} INFO - DAG(s) 'example_subdag_operator.section-1', 'example_subdag_operator.section-2', 'example_subdag_operator' retrieved from /mnt/c/Users/victo/OneDrive/Desktop/fantasy_nba_dashboard/airflow_env/lib/python3.10/site-packages/airflow/example_dags/example_subdag_operator.py
[2024-01-06T14:38:27.358-0800] {logging_mixin.py:188} INFO - [2024-01-06T14:38:27.358-0800] {dag.py:3033} INFO - Sync 3 DAGs
[2024-01-06T14:38:27.375-0800] {logging_mixin.py:188} INFO - [2024-01-06T14:38:27.375-0800] {dag.py:3820} INFO - Setting next_dagrun for example_subdag_operator to 2022-01-01T00:00:00+00:00, run_after=2022-01-01T00:00:00+00:00
[2024-01-06T14:38:27.377-0800] {logging_mixin.py:188} INFO - [2024-01-06T14:38:27.377-0800] {dag.py:3820} INFO - Setting next_dagrun for example_subdag_operator.section-1 to None, run_after=None
[2024-01-06T14:38:27.378-0800] {logging_mixin.py:188} INFO - [2024-01-06T14:38:27.378-0800] {dag.py:3820} INFO - Setting next_dagrun for example_subdag_operator.section-2 to None, run_after=None
[2024-01-06T14:38:27.383-0800] {logging_mixin.py:188} INFO - [2024-01-06T14:38:27.383-0800] {dag.py:3033} INFO - Sync 2 DAGs
[2024-01-06T14:38:27.387-0800] {logging_mixin.py:188} INFO - [2024-01-06T14:38:27.386-0800] {dag.py:3820} INFO - Setting next_dagrun for example_subdag_operator.section-1 to None, run_after=None
[2024-01-06T14:38:27.387-0800] {logging_mixin.py:188} INFO - [2024-01-06T14:38:27.387-0800] {dag.py:3820} INFO - Setting next_dagrun for example_subdag_operator.section-2 to None, run_after=None
[2024-01-06T14:38:27.394-0800] {processor.py:183} INFO - Processing /mnt/c/Users/victo/OneDrive/Desktop/fantasy_nba_dashboard/airflow_env/lib/python3.10/site-packages/airflow/example_dags/example_subdag_operator.py took 0.085 seconds
[2024-01-06T14:38:58.315-0800] {processor.py:161} INFO - Started process (PID=10839) to work on /mnt/c/Users/victo/OneDrive/Desktop/fantasy_nba_dashboard/airflow_env/lib/python3.10/site-packages/airflow/example_dags/example_subdag_operator.py
[2024-01-06T14:38:58.316-0800] {processor.py:830} INFO - Processing file /mnt/c/Users/victo/OneDrive/Desktop/fantasy_nba_dashboard/airflow_env/lib/python3.10/site-packages/airflow/example_dags/example_subdag_operator.py for tasks to queue
[2024-01-06T14:38:58.316-0800] {logging_mixin.py:188} INFO - [2024-01-06T14:38:58.316-0800] {dagbag.py:538} INFO - Filling up the DagBag from /mnt/c/Users/victo/OneDrive/Desktop/fantasy_nba_dashboard/airflow_env/lib/python3.10/site-packages/airflow/example_dags/example_subdag_operator.py
[2024-01-06T14:38:58.352-0800] {processor.py:840} INFO - DAG(s) 'example_subdag_operator.section-1', 'example_subdag_operator.section-2', 'example_subdag_operator' retrieved from /mnt/c/Users/victo/OneDrive/Desktop/fantasy_nba_dashboard/airflow_env/lib/python3.10/site-packages/airflow/example_dags/example_subdag_operator.py
[2024-01-06T14:38:58.367-0800] {logging_mixin.py:188} INFO - [2024-01-06T14:38:58.367-0800] {dag.py:3033} INFO - Sync 3 DAGs
[2024-01-06T14:38:58.390-0800] {logging_mixin.py:188} INFO - [2024-01-06T14:38:58.389-0800] {dag.py:3820} INFO - Setting next_dagrun for example_subdag_operator to 2022-01-01T00:00:00+00:00, run_after=2022-01-01T00:00:00+00:00
[2024-01-06T14:38:58.392-0800] {logging_mixin.py:188} INFO - [2024-01-06T14:38:58.392-0800] {dag.py:3820} INFO - Setting next_dagrun for example_subdag_operator.section-1 to None, run_after=None
[2024-01-06T14:38:58.393-0800] {logging_mixin.py:188} INFO - [2024-01-06T14:38:58.393-0800] {dag.py:3820} INFO - Setting next_dagrun for example_subdag_operator.section-2 to None, run_after=None
[2024-01-06T14:38:58.399-0800] {logging_mixin.py:188} INFO - [2024-01-06T14:38:58.399-0800] {dag.py:3033} INFO - Sync 2 DAGs
[2024-01-06T14:38:58.403-0800] {logging_mixin.py:188} INFO - [2024-01-06T14:38:58.403-0800] {dag.py:3820} INFO - Setting next_dagrun for example_subdag_operator.section-1 to None, run_after=None
[2024-01-06T14:38:58.404-0800] {logging_mixin.py:188} INFO - [2024-01-06T14:38:58.403-0800] {dag.py:3820} INFO - Setting next_dagrun for example_subdag_operator.section-2 to None, run_after=None
[2024-01-06T14:38:58.412-0800] {processor.py:183} INFO - Processing /mnt/c/Users/victo/OneDrive/Desktop/fantasy_nba_dashboard/airflow_env/lib/python3.10/site-packages/airflow/example_dags/example_subdag_operator.py took 0.102 seconds
[2024-01-06T14:39:28.952-0800] {processor.py:161} INFO - Started process (PID=10999) to work on /mnt/c/Users/victo/OneDrive/Desktop/fantasy_nba_dashboard/airflow_env/lib/python3.10/site-packages/airflow/example_dags/example_subdag_operator.py
[2024-01-06T14:39:28.953-0800] {processor.py:830} INFO - Processing file /mnt/c/Users/victo/OneDrive/Desktop/fantasy_nba_dashboard/airflow_env/lib/python3.10/site-packages/airflow/example_dags/example_subdag_operator.py for tasks to queue
[2024-01-06T14:39:28.953-0800] {logging_mixin.py:188} INFO - [2024-01-06T14:39:28.953-0800] {dagbag.py:538} INFO - Filling up the DagBag from /mnt/c/Users/victo/OneDrive/Desktop/fantasy_nba_dashboard/airflow_env/lib/python3.10/site-packages/airflow/example_dags/example_subdag_operator.py
[2024-01-06T14:39:28.986-0800] {processor.py:840} INFO - DAG(s) 'example_subdag_operator.section-1', 'example_subdag_operator.section-2', 'example_subdag_operator' retrieved from /mnt/c/Users/victo/OneDrive/Desktop/fantasy_nba_dashboard/airflow_env/lib/python3.10/site-packages/airflow/example_dags/example_subdag_operator.py
[2024-01-06T14:39:28.997-0800] {logging_mixin.py:188} INFO - [2024-01-06T14:39:28.997-0800] {dag.py:3033} INFO - Sync 3 DAGs
[2024-01-06T14:39:29.014-0800] {logging_mixin.py:188} INFO - [2024-01-06T14:39:29.014-0800] {dag.py:3820} INFO - Setting next_dagrun for example_subdag_operator to 2022-01-01T00:00:00+00:00, run_after=2022-01-01T00:00:00+00:00
[2024-01-06T14:39:29.016-0800] {logging_mixin.py:188} INFO - [2024-01-06T14:39:29.016-0800] {dag.py:3820} INFO - Setting next_dagrun for example_subdag_operator.section-1 to None, run_after=None
[2024-01-06T14:39:29.017-0800] {logging_mixin.py:188} INFO - [2024-01-06T14:39:29.017-0800] {dag.py:3820} INFO - Setting next_dagrun for example_subdag_operator.section-2 to None, run_after=None
[2024-01-06T14:39:29.023-0800] {logging_mixin.py:188} INFO - [2024-01-06T14:39:29.023-0800] {dag.py:3033} INFO - Sync 2 DAGs
[2024-01-06T14:39:29.026-0800] {logging_mixin.py:188} INFO - [2024-01-06T14:39:29.026-0800] {dag.py:3820} INFO - Setting next_dagrun for example_subdag_operator.section-1 to None, run_after=None
[2024-01-06T14:39:29.026-0800] {logging_mixin.py:188} INFO - [2024-01-06T14:39:29.026-0800] {dag.py:3820} INFO - Setting next_dagrun for example_subdag_operator.section-2 to None, run_after=None
[2024-01-06T14:39:29.032-0800] {processor.py:183} INFO - Processing /mnt/c/Users/victo/OneDrive/Desktop/fantasy_nba_dashboard/airflow_env/lib/python3.10/site-packages/airflow/example_dags/example_subdag_operator.py took 0.084 seconds
[2024-01-06T14:39:59.753-0800] {processor.py:161} INFO - Started process (PID=11156) to work on /mnt/c/Users/victo/OneDrive/Desktop/fantasy_nba_dashboard/airflow_env/lib/python3.10/site-packages/airflow/example_dags/example_subdag_operator.py
[2024-01-06T14:39:59.754-0800] {processor.py:830} INFO - Processing file /mnt/c/Users/victo/OneDrive/Desktop/fantasy_nba_dashboard/airflow_env/lib/python3.10/site-packages/airflow/example_dags/example_subdag_operator.py for tasks to queue
[2024-01-06T14:39:59.754-0800] {logging_mixin.py:188} INFO - [2024-01-06T14:39:59.754-0800] {dagbag.py:538} INFO - Filling up the DagBag from /mnt/c/Users/victo/OneDrive/Desktop/fantasy_nba_dashboard/airflow_env/lib/python3.10/site-packages/airflow/example_dags/example_subdag_operator.py
[2024-01-06T14:39:59.787-0800] {processor.py:840} INFO - DAG(s) 'example_subdag_operator.section-1', 'example_subdag_operator.section-2', 'example_subdag_operator' retrieved from /mnt/c/Users/victo/OneDrive/Desktop/fantasy_nba_dashboard/airflow_env/lib/python3.10/site-packages/airflow/example_dags/example_subdag_operator.py
[2024-01-06T14:39:59.803-0800] {logging_mixin.py:188} INFO - [2024-01-06T14:39:59.803-0800] {dag.py:3033} INFO - Sync 3 DAGs
[2024-01-06T14:39:59.824-0800] {logging_mixin.py:188} INFO - [2024-01-06T14:39:59.824-0800] {dag.py:3820} INFO - Setting next_dagrun for example_subdag_operator to 2022-01-01T00:00:00+00:00, run_after=2022-01-01T00:00:00+00:00
[2024-01-06T14:39:59.826-0800] {logging_mixin.py:188} INFO - [2024-01-06T14:39:59.826-0800] {dag.py:3820} INFO - Setting next_dagrun for example_subdag_operator.section-1 to None, run_after=None
[2024-01-06T14:39:59.827-0800] {logging_mixin.py:188} INFO - [2024-01-06T14:39:59.827-0800] {dag.py:3820} INFO - Setting next_dagrun for example_subdag_operator.section-2 to None, run_after=None
[2024-01-06T14:39:59.833-0800] {logging_mixin.py:188} INFO - [2024-01-06T14:39:59.833-0800] {dag.py:3033} INFO - Sync 2 DAGs
[2024-01-06T14:39:59.837-0800] {logging_mixin.py:188} INFO - [2024-01-06T14:39:59.837-0800] {dag.py:3820} INFO - Setting next_dagrun for example_subdag_operator.section-1 to None, run_after=None
[2024-01-06T14:39:59.837-0800] {logging_mixin.py:188} INFO - [2024-01-06T14:39:59.837-0800] {dag.py:3820} INFO - Setting next_dagrun for example_subdag_operator.section-2 to None, run_after=None
[2024-01-06T14:39:59.845-0800] {processor.py:183} INFO - Processing /mnt/c/Users/victo/OneDrive/Desktop/fantasy_nba_dashboard/airflow_env/lib/python3.10/site-packages/airflow/example_dags/example_subdag_operator.py took 0.096 seconds
[2024-01-06T14:40:30.491-0800] {processor.py:161} INFO - Started process (PID=11310) to work on /mnt/c/Users/victo/OneDrive/Desktop/fantasy_nba_dashboard/airflow_env/lib/python3.10/site-packages/airflow/example_dags/example_subdag_operator.py
[2024-01-06T14:40:30.492-0800] {processor.py:830} INFO - Processing file /mnt/c/Users/victo/OneDrive/Desktop/fantasy_nba_dashboard/airflow_env/lib/python3.10/site-packages/airflow/example_dags/example_subdag_operator.py for tasks to queue
[2024-01-06T14:40:30.492-0800] {logging_mixin.py:188} INFO - [2024-01-06T14:40:30.492-0800] {dagbag.py:538} INFO - Filling up the DagBag from /mnt/c/Users/victo/OneDrive/Desktop/fantasy_nba_dashboard/airflow_env/lib/python3.10/site-packages/airflow/example_dags/example_subdag_operator.py
[2024-01-06T14:40:30.523-0800] {processor.py:840} INFO - DAG(s) 'example_subdag_operator.section-1', 'example_subdag_operator.section-2', 'example_subdag_operator' retrieved from /mnt/c/Users/victo/OneDrive/Desktop/fantasy_nba_dashboard/airflow_env/lib/python3.10/site-packages/airflow/example_dags/example_subdag_operator.py
[2024-01-06T14:40:30.535-0800] {logging_mixin.py:188} INFO - [2024-01-06T14:40:30.534-0800] {dag.py:3033} INFO - Sync 3 DAGs
[2024-01-06T14:40:30.551-0800] {logging_mixin.py:188} INFO - [2024-01-06T14:40:30.551-0800] {dag.py:3820} INFO - Setting next_dagrun for example_subdag_operator to 2022-01-01T00:00:00+00:00, run_after=2022-01-01T00:00:00+00:00
[2024-01-06T14:40:30.554-0800] {logging_mixin.py:188} INFO - [2024-01-06T14:40:30.553-0800] {dag.py:3820} INFO - Setting next_dagrun for example_subdag_operator.section-1 to None, run_after=None
[2024-01-06T14:40:30.554-0800] {logging_mixin.py:188} INFO - [2024-01-06T14:40:30.554-0800] {dag.py:3820} INFO - Setting next_dagrun for example_subdag_operator.section-2 to None, run_after=None
[2024-01-06T14:40:30.560-0800] {logging_mixin.py:188} INFO - [2024-01-06T14:40:30.560-0800] {dag.py:3033} INFO - Sync 2 DAGs
[2024-01-06T14:40:30.563-0800] {logging_mixin.py:188} INFO - [2024-01-06T14:40:30.563-0800] {dag.py:3820} INFO - Setting next_dagrun for example_subdag_operator.section-1 to None, run_after=None
[2024-01-06T14:40:30.563-0800] {logging_mixin.py:188} INFO - [2024-01-06T14:40:30.563-0800] {dag.py:3820} INFO - Setting next_dagrun for example_subdag_operator.section-2 to None, run_after=None
[2024-01-06T14:40:30.570-0800] {processor.py:183} INFO - Processing /mnt/c/Users/victo/OneDrive/Desktop/fantasy_nba_dashboard/airflow_env/lib/python3.10/site-packages/airflow/example_dags/example_subdag_operator.py took 0.084 seconds
[2024-01-06T14:41:01.331-0800] {processor.py:161} INFO - Started process (PID=11495) to work on /mnt/c/Users/victo/OneDrive/Desktop/fantasy_nba_dashboard/airflow_env/lib/python3.10/site-packages/airflow/example_dags/example_subdag_operator.py
[2024-01-06T14:41:01.332-0800] {processor.py:830} INFO - Processing file /mnt/c/Users/victo/OneDrive/Desktop/fantasy_nba_dashboard/airflow_env/lib/python3.10/site-packages/airflow/example_dags/example_subdag_operator.py for tasks to queue
[2024-01-06T14:41:01.333-0800] {logging_mixin.py:188} INFO - [2024-01-06T14:41:01.333-0800] {dagbag.py:538} INFO - Filling up the DagBag from /mnt/c/Users/victo/OneDrive/Desktop/fantasy_nba_dashboard/airflow_env/lib/python3.10/site-packages/airflow/example_dags/example_subdag_operator.py
[2024-01-06T14:41:01.364-0800] {processor.py:840} INFO - DAG(s) 'example_subdag_operator.section-1', 'example_subdag_operator.section-2', 'example_subdag_operator' retrieved from /mnt/c/Users/victo/OneDrive/Desktop/fantasy_nba_dashboard/airflow_env/lib/python3.10/site-packages/airflow/example_dags/example_subdag_operator.py
[2024-01-06T14:41:01.376-0800] {logging_mixin.py:188} INFO - [2024-01-06T14:41:01.375-0800] {dag.py:3033} INFO - Sync 3 DAGs
[2024-01-06T14:41:01.391-0800] {logging_mixin.py:188} INFO - [2024-01-06T14:41:01.391-0800] {dag.py:3820} INFO - Setting next_dagrun for example_subdag_operator to 2022-01-01T00:00:00+00:00, run_after=2022-01-01T00:00:00+00:00
[2024-01-06T14:41:01.394-0800] {logging_mixin.py:188} INFO - [2024-01-06T14:41:01.394-0800] {dag.py:3820} INFO - Setting next_dagrun for example_subdag_operator.section-1 to None, run_after=None
[2024-01-06T14:41:01.395-0800] {logging_mixin.py:188} INFO - [2024-01-06T14:41:01.394-0800] {dag.py:3820} INFO - Setting next_dagrun for example_subdag_operator.section-2 to None, run_after=None
[2024-01-06T14:41:01.399-0800] {logging_mixin.py:188} INFO - [2024-01-06T14:41:01.399-0800] {dag.py:3033} INFO - Sync 2 DAGs
[2024-01-06T14:41:01.402-0800] {logging_mixin.py:188} INFO - [2024-01-06T14:41:01.402-0800] {dag.py:3820} INFO - Setting next_dagrun for example_subdag_operator.section-1 to None, run_after=None
[2024-01-06T14:41:01.402-0800] {logging_mixin.py:188} INFO - [2024-01-06T14:41:01.402-0800] {dag.py:3820} INFO - Setting next_dagrun for example_subdag_operator.section-2 to None, run_after=None
[2024-01-06T14:41:01.409-0800] {processor.py:183} INFO - Processing /mnt/c/Users/victo/OneDrive/Desktop/fantasy_nba_dashboard/airflow_env/lib/python3.10/site-packages/airflow/example_dags/example_subdag_operator.py took 0.082 seconds
