[2024-01-06T14:24:43.904-0800] {processor.py:161} INFO - Started process (PID=7130) to work on /mnt/c/Users/victo/OneDrive/Desktop/fantasy_nba_dashboard/airflow_env/lib/python3.10/site-packages/airflow/example_dags/example_dag_decorator.py
[2024-01-06T14:24:43.905-0800] {processor.py:830} INFO - Processing file /mnt/c/Users/victo/OneDrive/Desktop/fantasy_nba_dashboard/airflow_env/lib/python3.10/site-packages/airflow/example_dags/example_dag_decorator.py for tasks to queue
[2024-01-06T14:24:43.906-0800] {logging_mixin.py:188} INFO - [2024-01-06T14:24:43.906-0800] {dagbag.py:538} INFO - Filling up the DagBag from /mnt/c/Users/victo/OneDrive/Desktop/fantasy_nba_dashboard/airflow_env/lib/python3.10/site-packages/airflow/example_dags/example_dag_decorator.py
[2024-01-06T14:24:44.284-0800] {processor.py:840} INFO - DAG(s) 'example_dag_decorator' retrieved from /mnt/c/Users/victo/OneDrive/Desktop/fantasy_nba_dashboard/airflow_env/lib/python3.10/site-packages/airflow/example_dags/example_dag_decorator.py
[2024-01-06T14:24:44.379-0800] {logging_mixin.py:188} INFO - [2024-01-06T14:24:44.379-0800] {dag.py:3033} INFO - Sync 1 DAGs
[2024-01-06T14:24:44.387-0800] {logging_mixin.py:188} INFO - [2024-01-06T14:24:44.387-0800] {dag.py:3820} INFO - Setting next_dagrun for example_dag_decorator to None, run_after=None
[2024-01-06T14:24:44.400-0800] {processor.py:183} INFO - Processing /mnt/c/Users/victo/OneDrive/Desktop/fantasy_nba_dashboard/airflow_env/lib/python3.10/site-packages/airflow/example_dags/example_dag_decorator.py took 0.500 seconds
[2024-01-06T14:25:14.775-0800] {processor.py:161} INFO - Started process (PID=7289) to work on /mnt/c/Users/victo/OneDrive/Desktop/fantasy_nba_dashboard/airflow_env/lib/python3.10/site-packages/airflow/example_dags/example_dag_decorator.py
[2024-01-06T14:25:14.776-0800] {processor.py:830} INFO - Processing file /mnt/c/Users/victo/OneDrive/Desktop/fantasy_nba_dashboard/airflow_env/lib/python3.10/site-packages/airflow/example_dags/example_dag_decorator.py for tasks to queue
[2024-01-06T14:25:14.777-0800] {logging_mixin.py:188} INFO - [2024-01-06T14:25:14.777-0800] {dagbag.py:538} INFO - Filling up the DagBag from /mnt/c/Users/victo/OneDrive/Desktop/fantasy_nba_dashboard/airflow_env/lib/python3.10/site-packages/airflow/example_dags/example_dag_decorator.py
[2024-01-06T14:25:14.854-0800] {processor.py:840} INFO - DAG(s) 'example_dag_decorator' retrieved from /mnt/c/Users/victo/OneDrive/Desktop/fantasy_nba_dashboard/airflow_env/lib/python3.10/site-packages/airflow/example_dags/example_dag_decorator.py
[2024-01-06T14:25:14.960-0800] {logging_mixin.py:188} INFO - [2024-01-06T14:25:14.959-0800] {dag.py:3033} INFO - Sync 1 DAGs
[2024-01-06T14:25:14.968-0800] {logging_mixin.py:188} INFO - [2024-01-06T14:25:14.967-0800] {dag.py:3820} INFO - Setting next_dagrun for example_dag_decorator to None, run_after=None
[2024-01-06T14:25:14.984-0800] {processor.py:183} INFO - Processing /mnt/c/Users/victo/OneDrive/Desktop/fantasy_nba_dashboard/airflow_env/lib/python3.10/site-packages/airflow/example_dags/example_dag_decorator.py took 0.212 seconds
[2024-01-06T14:25:45.103-0800] {processor.py:161} INFO - Started process (PID=7541) to work on /mnt/c/Users/victo/OneDrive/Desktop/fantasy_nba_dashboard/airflow_env/lib/python3.10/site-packages/airflow/example_dags/example_dag_decorator.py
[2024-01-06T14:25:45.104-0800] {processor.py:830} INFO - Processing file /mnt/c/Users/victo/OneDrive/Desktop/fantasy_nba_dashboard/airflow_env/lib/python3.10/site-packages/airflow/example_dags/example_dag_decorator.py for tasks to queue
[2024-01-06T14:25:45.105-0800] {logging_mixin.py:188} INFO - [2024-01-06T14:25:45.105-0800] {dagbag.py:538} INFO - Filling up the DagBag from /mnt/c/Users/victo/OneDrive/Desktop/fantasy_nba_dashboard/airflow_env/lib/python3.10/site-packages/airflow/example_dags/example_dag_decorator.py
[2024-01-06T14:25:45.178-0800] {processor.py:840} INFO - DAG(s) 'example_dag_decorator' retrieved from /mnt/c/Users/victo/OneDrive/Desktop/fantasy_nba_dashboard/airflow_env/lib/python3.10/site-packages/airflow/example_dags/example_dag_decorator.py
[2024-01-06T14:25:45.286-0800] {logging_mixin.py:188} INFO - [2024-01-06T14:25:45.286-0800] {dag.py:3033} INFO - Sync 1 DAGs
[2024-01-06T14:25:45.294-0800] {logging_mixin.py:188} INFO - [2024-01-06T14:25:45.294-0800] {dag.py:3820} INFO - Setting next_dagrun for example_dag_decorator to None, run_after=None
[2024-01-06T14:25:45.313-0800] {processor.py:183} INFO - Processing /mnt/c/Users/victo/OneDrive/Desktop/fantasy_nba_dashboard/airflow_env/lib/python3.10/site-packages/airflow/example_dags/example_dag_decorator.py took 0.214 seconds
[2024-01-06T14:26:15.407-0800] {processor.py:161} INFO - Started process (PID=8081) to work on /mnt/c/Users/victo/OneDrive/Desktop/fantasy_nba_dashboard/airflow_env/lib/python3.10/site-packages/airflow/example_dags/example_dag_decorator.py
[2024-01-06T14:26:15.408-0800] {processor.py:830} INFO - Processing file /mnt/c/Users/victo/OneDrive/Desktop/fantasy_nba_dashboard/airflow_env/lib/python3.10/site-packages/airflow/example_dags/example_dag_decorator.py for tasks to queue
[2024-01-06T14:26:15.408-0800] {logging_mixin.py:188} INFO - [2024-01-06T14:26:15.408-0800] {dagbag.py:538} INFO - Filling up the DagBag from /mnt/c/Users/victo/OneDrive/Desktop/fantasy_nba_dashboard/airflow_env/lib/python3.10/site-packages/airflow/example_dags/example_dag_decorator.py
[2024-01-06T14:26:15.480-0800] {processor.py:840} INFO - DAG(s) 'example_dag_decorator' retrieved from /mnt/c/Users/victo/OneDrive/Desktop/fantasy_nba_dashboard/airflow_env/lib/python3.10/site-packages/airflow/example_dags/example_dag_decorator.py
[2024-01-06T14:26:15.582-0800] {logging_mixin.py:188} INFO - [2024-01-06T14:26:15.582-0800] {dag.py:3033} INFO - Sync 1 DAGs
[2024-01-06T14:26:15.589-0800] {logging_mixin.py:188} INFO - [2024-01-06T14:26:15.589-0800] {dag.py:3820} INFO - Setting next_dagrun for example_dag_decorator to None, run_after=None
[2024-01-06T14:26:15.607-0800] {processor.py:183} INFO - Processing /mnt/c/Users/victo/OneDrive/Desktop/fantasy_nba_dashboard/airflow_env/lib/python3.10/site-packages/airflow/example_dags/example_dag_decorator.py took 0.204 seconds
[2024-01-06T14:35:55.224-0800] {processor.py:161} INFO - Started process (PID=9581) to work on /mnt/c/Users/victo/OneDrive/Desktop/fantasy_nba_dashboard/airflow_env/lib/python3.10/site-packages/airflow/example_dags/example_dag_decorator.py
[2024-01-06T14:35:55.225-0800] {processor.py:830} INFO - Processing file /mnt/c/Users/victo/OneDrive/Desktop/fantasy_nba_dashboard/airflow_env/lib/python3.10/site-packages/airflow/example_dags/example_dag_decorator.py for tasks to queue
[2024-01-06T14:35:55.226-0800] {logging_mixin.py:188} INFO - [2024-01-06T14:35:55.226-0800] {dagbag.py:538} INFO - Filling up the DagBag from /mnt/c/Users/victo/OneDrive/Desktop/fantasy_nba_dashboard/airflow_env/lib/python3.10/site-packages/airflow/example_dags/example_dag_decorator.py
[2024-01-06T14:35:55.585-0800] {processor.py:840} INFO - DAG(s) 'example_dag_decorator' retrieved from /mnt/c/Users/victo/OneDrive/Desktop/fantasy_nba_dashboard/airflow_env/lib/python3.10/site-packages/airflow/example_dags/example_dag_decorator.py
[2024-01-06T14:35:55.686-0800] {logging_mixin.py:188} INFO - [2024-01-06T14:35:55.686-0800] {dag.py:3033} INFO - Sync 1 DAGs
[2024-01-06T14:35:55.694-0800] {logging_mixin.py:188} INFO - [2024-01-06T14:35:55.694-0800] {dag.py:3820} INFO - Setting next_dagrun for example_dag_decorator to None, run_after=None
[2024-01-06T14:35:55.711-0800] {processor.py:183} INFO - Processing /mnt/c/Users/victo/OneDrive/Desktop/fantasy_nba_dashboard/airflow_env/lib/python3.10/site-packages/airflow/example_dags/example_dag_decorator.py took 0.491 seconds
[2024-01-06T14:36:26.623-0800] {processor.py:161} INFO - Started process (PID=9774) to work on /mnt/c/Users/victo/OneDrive/Desktop/fantasy_nba_dashboard/airflow_env/lib/python3.10/site-packages/airflow/example_dags/example_dag_decorator.py
[2024-01-06T14:36:26.624-0800] {processor.py:830} INFO - Processing file /mnt/c/Users/victo/OneDrive/Desktop/fantasy_nba_dashboard/airflow_env/lib/python3.10/site-packages/airflow/example_dags/example_dag_decorator.py for tasks to queue
[2024-01-06T14:36:26.625-0800] {logging_mixin.py:188} INFO - [2024-01-06T14:36:26.625-0800] {dagbag.py:538} INFO - Filling up the DagBag from /mnt/c/Users/victo/OneDrive/Desktop/fantasy_nba_dashboard/airflow_env/lib/python3.10/site-packages/airflow/example_dags/example_dag_decorator.py
[2024-01-06T14:36:26.696-0800] {processor.py:840} INFO - DAG(s) 'example_dag_decorator' retrieved from /mnt/c/Users/victo/OneDrive/Desktop/fantasy_nba_dashboard/airflow_env/lib/python3.10/site-packages/airflow/example_dags/example_dag_decorator.py
[2024-01-06T14:36:26.800-0800] {logging_mixin.py:188} INFO - [2024-01-06T14:36:26.800-0800] {dag.py:3033} INFO - Sync 1 DAGs
[2024-01-06T14:36:26.809-0800] {logging_mixin.py:188} INFO - [2024-01-06T14:36:26.809-0800] {dag.py:3820} INFO - Setting next_dagrun for example_dag_decorator to None, run_after=None
[2024-01-06T14:36:26.830-0800] {processor.py:183} INFO - Processing /mnt/c/Users/victo/OneDrive/Desktop/fantasy_nba_dashboard/airflow_env/lib/python3.10/site-packages/airflow/example_dags/example_dag_decorator.py took 0.211 seconds
[2024-01-06T14:36:57.584-0800] {processor.py:161} INFO - Started process (PID=10053) to work on /mnt/c/Users/victo/OneDrive/Desktop/fantasy_nba_dashboard/airflow_env/lib/python3.10/site-packages/airflow/example_dags/example_dag_decorator.py
[2024-01-06T14:36:57.585-0800] {processor.py:830} INFO - Processing file /mnt/c/Users/victo/OneDrive/Desktop/fantasy_nba_dashboard/airflow_env/lib/python3.10/site-packages/airflow/example_dags/example_dag_decorator.py for tasks to queue
[2024-01-06T14:36:57.585-0800] {logging_mixin.py:188} INFO - [2024-01-06T14:36:57.585-0800] {dagbag.py:538} INFO - Filling up the DagBag from /mnt/c/Users/victo/OneDrive/Desktop/fantasy_nba_dashboard/airflow_env/lib/python3.10/site-packages/airflow/example_dags/example_dag_decorator.py
[2024-01-06T14:36:57.657-0800] {processor.py:840} INFO - DAG(s) 'example_dag_decorator' retrieved from /mnt/c/Users/victo/OneDrive/Desktop/fantasy_nba_dashboard/airflow_env/lib/python3.10/site-packages/airflow/example_dags/example_dag_decorator.py
[2024-01-06T14:36:57.762-0800] {logging_mixin.py:188} INFO - [2024-01-06T14:36:57.762-0800] {dag.py:3033} INFO - Sync 1 DAGs
[2024-01-06T14:36:57.770-0800] {logging_mixin.py:188} INFO - [2024-01-06T14:36:57.769-0800] {dag.py:3820} INFO - Setting next_dagrun for example_dag_decorator to None, run_after=None
[2024-01-06T14:36:57.788-0800] {processor.py:183} INFO - Processing /mnt/c/Users/victo/OneDrive/Desktop/fantasy_nba_dashboard/airflow_env/lib/python3.10/site-packages/airflow/example_dags/example_dag_decorator.py took 0.208 seconds
[2024-01-06T14:37:28.266-0800] {processor.py:161} INFO - Started process (PID=10373) to work on /mnt/c/Users/victo/OneDrive/Desktop/fantasy_nba_dashboard/airflow_env/lib/python3.10/site-packages/airflow/example_dags/example_dag_decorator.py
[2024-01-06T14:37:28.267-0800] {processor.py:830} INFO - Processing file /mnt/c/Users/victo/OneDrive/Desktop/fantasy_nba_dashboard/airflow_env/lib/python3.10/site-packages/airflow/example_dags/example_dag_decorator.py for tasks to queue
[2024-01-06T14:37:28.268-0800] {logging_mixin.py:188} INFO - [2024-01-06T14:37:28.268-0800] {dagbag.py:538} INFO - Filling up the DagBag from /mnt/c/Users/victo/OneDrive/Desktop/fantasy_nba_dashboard/airflow_env/lib/python3.10/site-packages/airflow/example_dags/example_dag_decorator.py
[2024-01-06T14:37:28.343-0800] {processor.py:840} INFO - DAG(s) 'example_dag_decorator' retrieved from /mnt/c/Users/victo/OneDrive/Desktop/fantasy_nba_dashboard/airflow_env/lib/python3.10/site-packages/airflow/example_dags/example_dag_decorator.py
[2024-01-06T14:37:28.452-0800] {logging_mixin.py:188} INFO - [2024-01-06T14:37:28.452-0800] {dag.py:3033} INFO - Sync 1 DAGs
[2024-01-06T14:37:28.460-0800] {logging_mixin.py:188} INFO - [2024-01-06T14:37:28.460-0800] {dag.py:3820} INFO - Setting next_dagrun for example_dag_decorator to None, run_after=None
[2024-01-06T14:37:28.475-0800] {processor.py:183} INFO - Processing /mnt/c/Users/victo/OneDrive/Desktop/fantasy_nba_dashboard/airflow_env/lib/python3.10/site-packages/airflow/example_dags/example_dag_decorator.py took 0.213 seconds
[2024-01-06T14:37:58.969-0800] {processor.py:161} INFO - Started process (PID=10530) to work on /mnt/c/Users/victo/OneDrive/Desktop/fantasy_nba_dashboard/airflow_env/lib/python3.10/site-packages/airflow/example_dags/example_dag_decorator.py
[2024-01-06T14:37:58.970-0800] {processor.py:830} INFO - Processing file /mnt/c/Users/victo/OneDrive/Desktop/fantasy_nba_dashboard/airflow_env/lib/python3.10/site-packages/airflow/example_dags/example_dag_decorator.py for tasks to queue
[2024-01-06T14:37:58.971-0800] {logging_mixin.py:188} INFO - [2024-01-06T14:37:58.971-0800] {dagbag.py:538} INFO - Filling up the DagBag from /mnt/c/Users/victo/OneDrive/Desktop/fantasy_nba_dashboard/airflow_env/lib/python3.10/site-packages/airflow/example_dags/example_dag_decorator.py
[2024-01-06T14:37:59.043-0800] {processor.py:840} INFO - DAG(s) 'example_dag_decorator' retrieved from /mnt/c/Users/victo/OneDrive/Desktop/fantasy_nba_dashboard/airflow_env/lib/python3.10/site-packages/airflow/example_dags/example_dag_decorator.py
[2024-01-06T14:37:59.148-0800] {logging_mixin.py:188} INFO - [2024-01-06T14:37:59.147-0800] {dag.py:3033} INFO - Sync 1 DAGs
[2024-01-06T14:37:59.156-0800] {logging_mixin.py:188} INFO - [2024-01-06T14:37:59.156-0800] {dag.py:3820} INFO - Setting next_dagrun for example_dag_decorator to None, run_after=None
[2024-01-06T14:37:59.174-0800] {processor.py:183} INFO - Processing /mnt/c/Users/victo/OneDrive/Desktop/fantasy_nba_dashboard/airflow_env/lib/python3.10/site-packages/airflow/example_dags/example_dag_decorator.py took 0.209 seconds
[2024-01-06T14:38:29.697-0800] {processor.py:161} INFO - Started process (PID=10704) to work on /mnt/c/Users/victo/OneDrive/Desktop/fantasy_nba_dashboard/airflow_env/lib/python3.10/site-packages/airflow/example_dags/example_dag_decorator.py
[2024-01-06T14:38:29.698-0800] {processor.py:830} INFO - Processing file /mnt/c/Users/victo/OneDrive/Desktop/fantasy_nba_dashboard/airflow_env/lib/python3.10/site-packages/airflow/example_dags/example_dag_decorator.py for tasks to queue
[2024-01-06T14:38:29.699-0800] {logging_mixin.py:188} INFO - [2024-01-06T14:38:29.698-0800] {dagbag.py:538} INFO - Filling up the DagBag from /mnt/c/Users/victo/OneDrive/Desktop/fantasy_nba_dashboard/airflow_env/lib/python3.10/site-packages/airflow/example_dags/example_dag_decorator.py
[2024-01-06T14:38:29.772-0800] {processor.py:840} INFO - DAG(s) 'example_dag_decorator' retrieved from /mnt/c/Users/victo/OneDrive/Desktop/fantasy_nba_dashboard/airflow_env/lib/python3.10/site-packages/airflow/example_dags/example_dag_decorator.py
[2024-01-06T14:38:29.874-0800] {logging_mixin.py:188} INFO - [2024-01-06T14:38:29.874-0800] {dag.py:3033} INFO - Sync 1 DAGs
[2024-01-06T14:38:29.882-0800] {logging_mixin.py:188} INFO - [2024-01-06T14:38:29.882-0800] {dag.py:3820} INFO - Setting next_dagrun for example_dag_decorator to None, run_after=None
[2024-01-06T14:38:29.896-0800] {processor.py:183} INFO - Processing /mnt/c/Users/victo/OneDrive/Desktop/fantasy_nba_dashboard/airflow_env/lib/python3.10/site-packages/airflow/example_dags/example_dag_decorator.py took 0.203 seconds
[2024-01-06T14:39:00.672-0800] {processor.py:161} INFO - Started process (PID=10895) to work on /mnt/c/Users/victo/OneDrive/Desktop/fantasy_nba_dashboard/airflow_env/lib/python3.10/site-packages/airflow/example_dags/example_dag_decorator.py
[2024-01-06T14:39:00.673-0800] {processor.py:830} INFO - Processing file /mnt/c/Users/victo/OneDrive/Desktop/fantasy_nba_dashboard/airflow_env/lib/python3.10/site-packages/airflow/example_dags/example_dag_decorator.py for tasks to queue
[2024-01-06T14:39:00.674-0800] {logging_mixin.py:188} INFO - [2024-01-06T14:39:00.674-0800] {dagbag.py:538} INFO - Filling up the DagBag from /mnt/c/Users/victo/OneDrive/Desktop/fantasy_nba_dashboard/airflow_env/lib/python3.10/site-packages/airflow/example_dags/example_dag_decorator.py
[2024-01-06T14:39:00.744-0800] {processor.py:840} INFO - DAG(s) 'example_dag_decorator' retrieved from /mnt/c/Users/victo/OneDrive/Desktop/fantasy_nba_dashboard/airflow_env/lib/python3.10/site-packages/airflow/example_dags/example_dag_decorator.py
[2024-01-06T14:39:00.777-0800] {logging_mixin.py:188} INFO - [2024-01-06T14:39:00.777-0800] {dag.py:3033} INFO - Sync 1 DAGs
[2024-01-06T14:39:00.787-0800] {logging_mixin.py:188} INFO - [2024-01-06T14:39:00.787-0800] {dag.py:3820} INFO - Setting next_dagrun for example_dag_decorator to None, run_after=None
[2024-01-06T14:39:00.800-0800] {processor.py:183} INFO - Processing /mnt/c/Users/victo/OneDrive/Desktop/fantasy_nba_dashboard/airflow_env/lib/python3.10/site-packages/airflow/example_dags/example_dag_decorator.py took 0.132 seconds
[2024-01-06T14:39:31.277-0800] {processor.py:161} INFO - Started process (PID=11054) to work on /mnt/c/Users/victo/OneDrive/Desktop/fantasy_nba_dashboard/airflow_env/lib/python3.10/site-packages/airflow/example_dags/example_dag_decorator.py
[2024-01-06T14:39:31.278-0800] {processor.py:830} INFO - Processing file /mnt/c/Users/victo/OneDrive/Desktop/fantasy_nba_dashboard/airflow_env/lib/python3.10/site-packages/airflow/example_dags/example_dag_decorator.py for tasks to queue
[2024-01-06T14:39:31.278-0800] {logging_mixin.py:188} INFO - [2024-01-06T14:39:31.278-0800] {dagbag.py:538} INFO - Filling up the DagBag from /mnt/c/Users/victo/OneDrive/Desktop/fantasy_nba_dashboard/airflow_env/lib/python3.10/site-packages/airflow/example_dags/example_dag_decorator.py
[2024-01-06T14:39:31.350-0800] {processor.py:840} INFO - DAG(s) 'example_dag_decorator' retrieved from /mnt/c/Users/victo/OneDrive/Desktop/fantasy_nba_dashboard/airflow_env/lib/python3.10/site-packages/airflow/example_dags/example_dag_decorator.py
[2024-01-06T14:39:31.456-0800] {logging_mixin.py:188} INFO - [2024-01-06T14:39:31.456-0800] {dag.py:3033} INFO - Sync 1 DAGs
[2024-01-06T14:39:31.464-0800] {logging_mixin.py:188} INFO - [2024-01-06T14:39:31.464-0800] {dag.py:3820} INFO - Setting next_dagrun for example_dag_decorator to None, run_after=None
[2024-01-06T14:39:31.483-0800] {processor.py:183} INFO - Processing /mnt/c/Users/victo/OneDrive/Desktop/fantasy_nba_dashboard/airflow_env/lib/python3.10/site-packages/airflow/example_dags/example_dag_decorator.py took 0.210 seconds
[2024-01-06T14:40:02.069-0800] {processor.py:161} INFO - Started process (PID=11211) to work on /mnt/c/Users/victo/OneDrive/Desktop/fantasy_nba_dashboard/airflow_env/lib/python3.10/site-packages/airflow/example_dags/example_dag_decorator.py
[2024-01-06T14:40:02.070-0800] {processor.py:830} INFO - Processing file /mnt/c/Users/victo/OneDrive/Desktop/fantasy_nba_dashboard/airflow_env/lib/python3.10/site-packages/airflow/example_dags/example_dag_decorator.py for tasks to queue
[2024-01-06T14:40:02.071-0800] {logging_mixin.py:188} INFO - [2024-01-06T14:40:02.071-0800] {dagbag.py:538} INFO - Filling up the DagBag from /mnt/c/Users/victo/OneDrive/Desktop/fantasy_nba_dashboard/airflow_env/lib/python3.10/site-packages/airflow/example_dags/example_dag_decorator.py
[2024-01-06T14:40:02.140-0800] {processor.py:840} INFO - DAG(s) 'example_dag_decorator' retrieved from /mnt/c/Users/victo/OneDrive/Desktop/fantasy_nba_dashboard/airflow_env/lib/python3.10/site-packages/airflow/example_dags/example_dag_decorator.py
[2024-01-06T14:40:02.240-0800] {logging_mixin.py:188} INFO - [2024-01-06T14:40:02.240-0800] {dag.py:3033} INFO - Sync 1 DAGs
[2024-01-06T14:40:02.248-0800] {logging_mixin.py:188} INFO - [2024-01-06T14:40:02.247-0800] {dag.py:3820} INFO - Setting next_dagrun for example_dag_decorator to None, run_after=None
[2024-01-06T14:40:02.264-0800] {processor.py:183} INFO - Processing /mnt/c/Users/victo/OneDrive/Desktop/fantasy_nba_dashboard/airflow_env/lib/python3.10/site-packages/airflow/example_dags/example_dag_decorator.py took 0.199 seconds
[2024-01-06T14:40:32.899-0800] {processor.py:161} INFO - Started process (PID=11369) to work on /mnt/c/Users/victo/OneDrive/Desktop/fantasy_nba_dashboard/airflow_env/lib/python3.10/site-packages/airflow/example_dags/example_dag_decorator.py
[2024-01-06T14:40:32.900-0800] {processor.py:830} INFO - Processing file /mnt/c/Users/victo/OneDrive/Desktop/fantasy_nba_dashboard/airflow_env/lib/python3.10/site-packages/airflow/example_dags/example_dag_decorator.py for tasks to queue
[2024-01-06T14:40:32.901-0800] {logging_mixin.py:188} INFO - [2024-01-06T14:40:32.900-0800] {dagbag.py:538} INFO - Filling up the DagBag from /mnt/c/Users/victo/OneDrive/Desktop/fantasy_nba_dashboard/airflow_env/lib/python3.10/site-packages/airflow/example_dags/example_dag_decorator.py
[2024-01-06T14:40:32.971-0800] {processor.py:840} INFO - DAG(s) 'example_dag_decorator' retrieved from /mnt/c/Users/victo/OneDrive/Desktop/fantasy_nba_dashboard/airflow_env/lib/python3.10/site-packages/airflow/example_dags/example_dag_decorator.py
[2024-01-06T14:40:33.071-0800] {logging_mixin.py:188} INFO - [2024-01-06T14:40:33.071-0800] {dag.py:3033} INFO - Sync 1 DAGs
[2024-01-06T14:40:33.079-0800] {logging_mixin.py:188} INFO - [2024-01-06T14:40:33.079-0800] {dag.py:3820} INFO - Setting next_dagrun for example_dag_decorator to None, run_after=None
[2024-01-06T14:40:33.100-0800] {processor.py:183} INFO - Processing /mnt/c/Users/victo/OneDrive/Desktop/fantasy_nba_dashboard/airflow_env/lib/python3.10/site-packages/airflow/example_dags/example_dag_decorator.py took 0.207 seconds
[2024-01-06T14:41:03.784-0800] {processor.py:161} INFO - Started process (PID=11550) to work on /mnt/c/Users/victo/OneDrive/Desktop/fantasy_nba_dashboard/airflow_env/lib/python3.10/site-packages/airflow/example_dags/example_dag_decorator.py
[2024-01-06T14:41:03.785-0800] {processor.py:830} INFO - Processing file /mnt/c/Users/victo/OneDrive/Desktop/fantasy_nba_dashboard/airflow_env/lib/python3.10/site-packages/airflow/example_dags/example_dag_decorator.py for tasks to queue
[2024-01-06T14:41:03.786-0800] {logging_mixin.py:188} INFO - [2024-01-06T14:41:03.785-0800] {dagbag.py:538} INFO - Filling up the DagBag from /mnt/c/Users/victo/OneDrive/Desktop/fantasy_nba_dashboard/airflow_env/lib/python3.10/site-packages/airflow/example_dags/example_dag_decorator.py
[2024-01-06T14:41:03.861-0800] {processor.py:840} INFO - DAG(s) 'example_dag_decorator' retrieved from /mnt/c/Users/victo/OneDrive/Desktop/fantasy_nba_dashboard/airflow_env/lib/python3.10/site-packages/airflow/example_dags/example_dag_decorator.py
[2024-01-06T14:41:03.965-0800] {logging_mixin.py:188} INFO - [2024-01-06T14:41:03.965-0800] {dag.py:3033} INFO - Sync 1 DAGs
[2024-01-06T14:41:03.973-0800] {logging_mixin.py:188} INFO - [2024-01-06T14:41:03.973-0800] {dag.py:3820} INFO - Setting next_dagrun for example_dag_decorator to None, run_after=None
[2024-01-06T14:41:03.990-0800] {processor.py:183} INFO - Processing /mnt/c/Users/victo/OneDrive/Desktop/fantasy_nba_dashboard/airflow_env/lib/python3.10/site-packages/airflow/example_dags/example_dag_decorator.py took 0.211 seconds
