[2024-01-06T14:24:41.213-0800] {processor.py:161} INFO - Started process (PID=7064) to work on /mnt/c/Users/victo/OneDrive/Desktop/fantasy_nba_dashboard/airflow_env/lib/python3.10/site-packages/airflow/example_dags/example_xcomargs.py
[2024-01-06T14:24:41.214-0800] {processor.py:830} INFO - Processing file /mnt/c/Users/victo/OneDrive/Desktop/fantasy_nba_dashboard/airflow_env/lib/python3.10/site-packages/airflow/example_dags/example_xcomargs.py for tasks to queue
[2024-01-06T14:24:41.215-0800] {logging_mixin.py:188} INFO - [2024-01-06T14:24:41.215-0800] {dagbag.py:538} INFO - Filling up the DagBag from /mnt/c/Users/victo/OneDrive/Desktop/fantasy_nba_dashboard/airflow_env/lib/python3.10/site-packages/airflow/example_dags/example_xcomargs.py
[2024-01-06T14:24:41.227-0800] {processor.py:840} INFO - DAG(s) 'example_xcom_args', 'example_xcom_args_with_operators' retrieved from /mnt/c/Users/victo/OneDrive/Desktop/fantasy_nba_dashboard/airflow_env/lib/python3.10/site-packages/airflow/example_dags/example_xcomargs.py
[2024-01-06T14:24:41.340-0800] {logging_mixin.py:188} INFO - [2024-01-06T14:24:41.340-0800] {dag.py:3033} INFO - Sync 2 DAGs
[2024-01-06T14:24:41.349-0800] {logging_mixin.py:188} INFO - [2024-01-06T14:24:41.348-0800] {dag.py:3820} INFO - Setting next_dagrun for example_xcom_args to None, run_after=None
[2024-01-06T14:24:41.350-0800] {logging_mixin.py:188} INFO - [2024-01-06T14:24:41.350-0800] {dag.py:3820} INFO - Setting next_dagrun for example_xcom_args_with_operators to None, run_after=None
[2024-01-06T14:24:41.363-0800] {processor.py:183} INFO - Processing /mnt/c/Users/victo/OneDrive/Desktop/fantasy_nba_dashboard/airflow_env/lib/python3.10/site-packages/airflow/example_dags/example_xcomargs.py took 0.155 seconds
[2024-01-06T14:25:11.701-0800] {processor.py:161} INFO - Started process (PID=7223) to work on /mnt/c/Users/victo/OneDrive/Desktop/fantasy_nba_dashboard/airflow_env/lib/python3.10/site-packages/airflow/example_dags/example_xcomargs.py
[2024-01-06T14:25:11.701-0800] {processor.py:830} INFO - Processing file /mnt/c/Users/victo/OneDrive/Desktop/fantasy_nba_dashboard/airflow_env/lib/python3.10/site-packages/airflow/example_dags/example_xcomargs.py for tasks to queue
[2024-01-06T14:25:11.702-0800] {logging_mixin.py:188} INFO - [2024-01-06T14:25:11.702-0800] {dagbag.py:538} INFO - Filling up the DagBag from /mnt/c/Users/victo/OneDrive/Desktop/fantasy_nba_dashboard/airflow_env/lib/python3.10/site-packages/airflow/example_dags/example_xcomargs.py
[2024-01-06T14:25:11.711-0800] {processor.py:840} INFO - DAG(s) 'example_xcom_args_with_operators', 'example_xcom_args' retrieved from /mnt/c/Users/victo/OneDrive/Desktop/fantasy_nba_dashboard/airflow_env/lib/python3.10/site-packages/airflow/example_dags/example_xcomargs.py
[2024-01-06T14:25:11.743-0800] {logging_mixin.py:188} INFO - [2024-01-06T14:25:11.743-0800] {dag.py:3033} INFO - Sync 2 DAGs
[2024-01-06T14:25:11.753-0800] {logging_mixin.py:188} INFO - [2024-01-06T14:25:11.753-0800] {dag.py:3820} INFO - Setting next_dagrun for example_xcom_args to None, run_after=None
[2024-01-06T14:25:11.755-0800] {logging_mixin.py:188} INFO - [2024-01-06T14:25:11.755-0800] {dag.py:3820} INFO - Setting next_dagrun for example_xcom_args_with_operators to None, run_after=None
[2024-01-06T14:25:11.771-0800] {processor.py:183} INFO - Processing /mnt/c/Users/victo/OneDrive/Desktop/fantasy_nba_dashboard/airflow_env/lib/python3.10/site-packages/airflow/example_dags/example_xcomargs.py took 0.074 seconds
[2024-01-06T14:25:41.995-0800] {processor.py:161} INFO - Started process (PID=7472) to work on /mnt/c/Users/victo/OneDrive/Desktop/fantasy_nba_dashboard/airflow_env/lib/python3.10/site-packages/airflow/example_dags/example_xcomargs.py
[2024-01-06T14:25:41.996-0800] {processor.py:830} INFO - Processing file /mnt/c/Users/victo/OneDrive/Desktop/fantasy_nba_dashboard/airflow_env/lib/python3.10/site-packages/airflow/example_dags/example_xcomargs.py for tasks to queue
[2024-01-06T14:25:41.997-0800] {logging_mixin.py:188} INFO - [2024-01-06T14:25:41.997-0800] {dagbag.py:538} INFO - Filling up the DagBag from /mnt/c/Users/victo/OneDrive/Desktop/fantasy_nba_dashboard/airflow_env/lib/python3.10/site-packages/airflow/example_dags/example_xcomargs.py
[2024-01-06T14:25:42.004-0800] {processor.py:840} INFO - DAG(s) 'example_xcom_args', 'example_xcom_args_with_operators' retrieved from /mnt/c/Users/victo/OneDrive/Desktop/fantasy_nba_dashboard/airflow_env/lib/python3.10/site-packages/airflow/example_dags/example_xcomargs.py
[2024-01-06T14:25:42.036-0800] {logging_mixin.py:188} INFO - [2024-01-06T14:25:42.036-0800] {dag.py:3033} INFO - Sync 2 DAGs
[2024-01-06T14:25:42.046-0800] {logging_mixin.py:188} INFO - [2024-01-06T14:25:42.046-0800] {dag.py:3820} INFO - Setting next_dagrun for example_xcom_args to None, run_after=None
[2024-01-06T14:25:42.049-0800] {logging_mixin.py:188} INFO - [2024-01-06T14:25:42.049-0800] {dag.py:3820} INFO - Setting next_dagrun for example_xcom_args_with_operators to None, run_after=None
[2024-01-06T14:25:42.061-0800] {processor.py:183} INFO - Processing /mnt/c/Users/victo/OneDrive/Desktop/fantasy_nba_dashboard/airflow_env/lib/python3.10/site-packages/airflow/example_dags/example_xcomargs.py took 0.069 seconds
[2024-01-06T14:26:12.140-0800] {processor.py:161} INFO - Started process (PID=7978) to work on /mnt/c/Users/victo/OneDrive/Desktop/fantasy_nba_dashboard/airflow_env/lib/python3.10/site-packages/airflow/example_dags/example_xcomargs.py
[2024-01-06T14:26:12.141-0800] {processor.py:830} INFO - Processing file /mnt/c/Users/victo/OneDrive/Desktop/fantasy_nba_dashboard/airflow_env/lib/python3.10/site-packages/airflow/example_dags/example_xcomargs.py for tasks to queue
[2024-01-06T14:26:12.141-0800] {logging_mixin.py:188} INFO - [2024-01-06T14:26:12.141-0800] {dagbag.py:538} INFO - Filling up the DagBag from /mnt/c/Users/victo/OneDrive/Desktop/fantasy_nba_dashboard/airflow_env/lib/python3.10/site-packages/airflow/example_dags/example_xcomargs.py
[2024-01-06T14:26:12.149-0800] {processor.py:840} INFO - DAG(s) 'example_xcom_args', 'example_xcom_args_with_operators' retrieved from /mnt/c/Users/victo/OneDrive/Desktop/fantasy_nba_dashboard/airflow_env/lib/python3.10/site-packages/airflow/example_dags/example_xcomargs.py
[2024-01-06T14:26:12.189-0800] {logging_mixin.py:188} INFO - [2024-01-06T14:26:12.189-0800] {dag.py:3033} INFO - Sync 2 DAGs
[2024-01-06T14:26:12.203-0800] {logging_mixin.py:188} INFO - [2024-01-06T14:26:12.202-0800] {dag.py:3820} INFO - Setting next_dagrun for example_xcom_args to None, run_after=None
[2024-01-06T14:26:12.206-0800] {logging_mixin.py:188} INFO - [2024-01-06T14:26:12.206-0800] {dag.py:3820} INFO - Setting next_dagrun for example_xcom_args_with_operators to None, run_after=None
[2024-01-06T14:26:12.218-0800] {processor.py:183} INFO - Processing /mnt/c/Users/victo/OneDrive/Desktop/fantasy_nba_dashboard/airflow_env/lib/python3.10/site-packages/airflow/example_dags/example_xcomargs.py took 0.082 seconds
[2024-01-06T14:35:53.260-0800] {processor.py:161} INFO - Started process (PID=9518) to work on /mnt/c/Users/victo/OneDrive/Desktop/fantasy_nba_dashboard/airflow_env/lib/python3.10/site-packages/airflow/example_dags/example_xcomargs.py
[2024-01-06T14:35:53.261-0800] {processor.py:830} INFO - Processing file /mnt/c/Users/victo/OneDrive/Desktop/fantasy_nba_dashboard/airflow_env/lib/python3.10/site-packages/airflow/example_dags/example_xcomargs.py for tasks to queue
[2024-01-06T14:35:53.262-0800] {logging_mixin.py:188} INFO - [2024-01-06T14:35:53.261-0800] {dagbag.py:538} INFO - Filling up the DagBag from /mnt/c/Users/victo/OneDrive/Desktop/fantasy_nba_dashboard/airflow_env/lib/python3.10/site-packages/airflow/example_dags/example_xcomargs.py
[2024-01-06T14:35:53.274-0800] {processor.py:840} INFO - DAG(s) 'example_xcom_args_with_operators', 'example_xcom_args' retrieved from /mnt/c/Users/victo/OneDrive/Desktop/fantasy_nba_dashboard/airflow_env/lib/python3.10/site-packages/airflow/example_dags/example_xcomargs.py
[2024-01-06T14:35:53.316-0800] {logging_mixin.py:188} INFO - [2024-01-06T14:35:53.316-0800] {dag.py:3033} INFO - Sync 2 DAGs
[2024-01-06T14:35:53.326-0800] {logging_mixin.py:188} INFO - [2024-01-06T14:35:53.326-0800] {dag.py:3820} INFO - Setting next_dagrun for example_xcom_args to None, run_after=None
[2024-01-06T14:35:53.329-0800] {logging_mixin.py:188} INFO - [2024-01-06T14:35:53.328-0800] {dag.py:3820} INFO - Setting next_dagrun for example_xcom_args_with_operators to None, run_after=None
[2024-01-06T14:35:53.339-0800] {processor.py:183} INFO - Processing /mnt/c/Users/victo/OneDrive/Desktop/fantasy_nba_dashboard/airflow_env/lib/python3.10/site-packages/airflow/example_dags/example_xcomargs.py took 0.084 seconds
[2024-01-06T14:36:23.638-0800] {processor.py:161} INFO - Started process (PID=9702) to work on /mnt/c/Users/victo/OneDrive/Desktop/fantasy_nba_dashboard/airflow_env/lib/python3.10/site-packages/airflow/example_dags/example_xcomargs.py
[2024-01-06T14:36:23.639-0800] {processor.py:830} INFO - Processing file /mnt/c/Users/victo/OneDrive/Desktop/fantasy_nba_dashboard/airflow_env/lib/python3.10/site-packages/airflow/example_dags/example_xcomargs.py for tasks to queue
[2024-01-06T14:36:23.640-0800] {logging_mixin.py:188} INFO - [2024-01-06T14:36:23.640-0800] {dagbag.py:538} INFO - Filling up the DagBag from /mnt/c/Users/victo/OneDrive/Desktop/fantasy_nba_dashboard/airflow_env/lib/python3.10/site-packages/airflow/example_dags/example_xcomargs.py
[2024-01-06T14:36:23.649-0800] {processor.py:840} INFO - DAG(s) 'example_xcom_args_with_operators', 'example_xcom_args' retrieved from /mnt/c/Users/victo/OneDrive/Desktop/fantasy_nba_dashboard/airflow_env/lib/python3.10/site-packages/airflow/example_dags/example_xcomargs.py
[2024-01-06T14:36:23.680-0800] {logging_mixin.py:188} INFO - [2024-01-06T14:36:23.680-0800] {dag.py:3033} INFO - Sync 2 DAGs
[2024-01-06T14:36:23.691-0800] {logging_mixin.py:188} INFO - [2024-01-06T14:36:23.691-0800] {dag.py:3820} INFO - Setting next_dagrun for example_xcom_args to None, run_after=None
[2024-01-06T14:36:23.693-0800] {logging_mixin.py:188} INFO - [2024-01-06T14:36:23.693-0800] {dag.py:3820} INFO - Setting next_dagrun for example_xcom_args_with_operators to None, run_after=None
[2024-01-06T14:36:23.705-0800] {processor.py:183} INFO - Processing /mnt/c/Users/victo/OneDrive/Desktop/fantasy_nba_dashboard/airflow_env/lib/python3.10/site-packages/airflow/example_dags/example_xcomargs.py took 0.071 seconds
[2024-01-06T14:36:54.756-0800] {processor.py:161} INFO - Started process (PID=9981) to work on /mnt/c/Users/victo/OneDrive/Desktop/fantasy_nba_dashboard/airflow_env/lib/python3.10/site-packages/airflow/example_dags/example_xcomargs.py
[2024-01-06T14:36:54.757-0800] {processor.py:830} INFO - Processing file /mnt/c/Users/victo/OneDrive/Desktop/fantasy_nba_dashboard/airflow_env/lib/python3.10/site-packages/airflow/example_dags/example_xcomargs.py for tasks to queue
[2024-01-06T14:36:54.757-0800] {logging_mixin.py:188} INFO - [2024-01-06T14:36:54.757-0800] {dagbag.py:538} INFO - Filling up the DagBag from /mnt/c/Users/victo/OneDrive/Desktop/fantasy_nba_dashboard/airflow_env/lib/python3.10/site-packages/airflow/example_dags/example_xcomargs.py
[2024-01-06T14:36:54.767-0800] {processor.py:840} INFO - DAG(s) 'example_xcom_args', 'example_xcom_args_with_operators' retrieved from /mnt/c/Users/victo/OneDrive/Desktop/fantasy_nba_dashboard/airflow_env/lib/python3.10/site-packages/airflow/example_dags/example_xcomargs.py
[2024-01-06T14:36:54.804-0800] {logging_mixin.py:188} INFO - [2024-01-06T14:36:54.803-0800] {dag.py:3033} INFO - Sync 2 DAGs
[2024-01-06T14:36:54.816-0800] {logging_mixin.py:188} INFO - [2024-01-06T14:36:54.816-0800] {dag.py:3820} INFO - Setting next_dagrun for example_xcom_args to None, run_after=None
[2024-01-06T14:36:54.819-0800] {logging_mixin.py:188} INFO - [2024-01-06T14:36:54.819-0800] {dag.py:3820} INFO - Setting next_dagrun for example_xcom_args_with_operators to None, run_after=None
[2024-01-06T14:36:54.833-0800] {processor.py:183} INFO - Processing /mnt/c/Users/victo/OneDrive/Desktop/fantasy_nba_dashboard/airflow_env/lib/python3.10/site-packages/airflow/example_dags/example_xcomargs.py took 0.082 seconds
[2024-01-06T14:37:25.578-0800] {processor.py:161} INFO - Started process (PID=10260) to work on /mnt/c/Users/victo/OneDrive/Desktop/fantasy_nba_dashboard/airflow_env/lib/python3.10/site-packages/airflow/example_dags/example_xcomargs.py
[2024-01-06T14:37:25.579-0800] {processor.py:830} INFO - Processing file /mnt/c/Users/victo/OneDrive/Desktop/fantasy_nba_dashboard/airflow_env/lib/python3.10/site-packages/airflow/example_dags/example_xcomargs.py for tasks to queue
[2024-01-06T14:37:25.580-0800] {logging_mixin.py:188} INFO - [2024-01-06T14:37:25.580-0800] {dagbag.py:538} INFO - Filling up the DagBag from /mnt/c/Users/victo/OneDrive/Desktop/fantasy_nba_dashboard/airflow_env/lib/python3.10/site-packages/airflow/example_dags/example_xcomargs.py
[2024-01-06T14:37:25.590-0800] {processor.py:840} INFO - DAG(s) 'example_xcom_args', 'example_xcom_args_with_operators' retrieved from /mnt/c/Users/victo/OneDrive/Desktop/fantasy_nba_dashboard/airflow_env/lib/python3.10/site-packages/airflow/example_dags/example_xcomargs.py
[2024-01-06T14:37:25.625-0800] {logging_mixin.py:188} INFO - [2024-01-06T14:37:25.625-0800] {dag.py:3033} INFO - Sync 2 DAGs
[2024-01-06T14:37:25.636-0800] {logging_mixin.py:188} INFO - [2024-01-06T14:37:25.635-0800] {dag.py:3820} INFO - Setting next_dagrun for example_xcom_args to None, run_after=None
[2024-01-06T14:37:25.638-0800] {logging_mixin.py:188} INFO - [2024-01-06T14:37:25.638-0800] {dag.py:3820} INFO - Setting next_dagrun for example_xcom_args_with_operators to None, run_after=None
[2024-01-06T14:37:25.655-0800] {processor.py:183} INFO - Processing /mnt/c/Users/victo/OneDrive/Desktop/fantasy_nba_dashboard/airflow_env/lib/python3.10/site-packages/airflow/example_dags/example_xcomargs.py took 0.082 seconds
[2024-01-06T14:37:56.243-0800] {processor.py:161} INFO - Started process (PID=10461) to work on /mnt/c/Users/victo/OneDrive/Desktop/fantasy_nba_dashboard/airflow_env/lib/python3.10/site-packages/airflow/example_dags/example_xcomargs.py
[2024-01-06T14:37:56.244-0800] {processor.py:830} INFO - Processing file /mnt/c/Users/victo/OneDrive/Desktop/fantasy_nba_dashboard/airflow_env/lib/python3.10/site-packages/airflow/example_dags/example_xcomargs.py for tasks to queue
[2024-01-06T14:37:56.244-0800] {logging_mixin.py:188} INFO - [2024-01-06T14:37:56.244-0800] {dagbag.py:538} INFO - Filling up the DagBag from /mnt/c/Users/victo/OneDrive/Desktop/fantasy_nba_dashboard/airflow_env/lib/python3.10/site-packages/airflow/example_dags/example_xcomargs.py
[2024-01-06T14:37:56.252-0800] {processor.py:840} INFO - DAG(s) 'example_xcom_args', 'example_xcom_args_with_operators' retrieved from /mnt/c/Users/victo/OneDrive/Desktop/fantasy_nba_dashboard/airflow_env/lib/python3.10/site-packages/airflow/example_dags/example_xcomargs.py
[2024-01-06T14:37:56.282-0800] {logging_mixin.py:188} INFO - [2024-01-06T14:37:56.282-0800] {dag.py:3033} INFO - Sync 2 DAGs
[2024-01-06T14:37:56.292-0800] {logging_mixin.py:188} INFO - [2024-01-06T14:37:56.292-0800] {dag.py:3820} INFO - Setting next_dagrun for example_xcom_args to None, run_after=None
[2024-01-06T14:37:56.294-0800] {logging_mixin.py:188} INFO - [2024-01-06T14:37:56.294-0800] {dag.py:3820} INFO - Setting next_dagrun for example_xcom_args_with_operators to None, run_after=None
[2024-01-06T14:37:56.305-0800] {processor.py:183} INFO - Processing /mnt/c/Users/victo/OneDrive/Desktop/fantasy_nba_dashboard/airflow_env/lib/python3.10/site-packages/airflow/example_dags/example_xcomargs.py took 0.067 seconds
[2024-01-06T14:38:27.010-0800] {processor.py:161} INFO - Started process (PID=10634) to work on /mnt/c/Users/victo/OneDrive/Desktop/fantasy_nba_dashboard/airflow_env/lib/python3.10/site-packages/airflow/example_dags/example_xcomargs.py
[2024-01-06T14:38:27.011-0800] {processor.py:830} INFO - Processing file /mnt/c/Users/victo/OneDrive/Desktop/fantasy_nba_dashboard/airflow_env/lib/python3.10/site-packages/airflow/example_dags/example_xcomargs.py for tasks to queue
[2024-01-06T14:38:27.012-0800] {logging_mixin.py:188} INFO - [2024-01-06T14:38:27.012-0800] {dagbag.py:538} INFO - Filling up the DagBag from /mnt/c/Users/victo/OneDrive/Desktop/fantasy_nba_dashboard/airflow_env/lib/python3.10/site-packages/airflow/example_dags/example_xcomargs.py
[2024-01-06T14:38:27.020-0800] {processor.py:840} INFO - DAG(s) 'example_xcom_args_with_operators', 'example_xcom_args' retrieved from /mnt/c/Users/victo/OneDrive/Desktop/fantasy_nba_dashboard/airflow_env/lib/python3.10/site-packages/airflow/example_dags/example_xcomargs.py
[2024-01-06T14:38:27.052-0800] {logging_mixin.py:188} INFO - [2024-01-06T14:38:27.051-0800] {dag.py:3033} INFO - Sync 2 DAGs
[2024-01-06T14:38:27.062-0800] {logging_mixin.py:188} INFO - [2024-01-06T14:38:27.062-0800] {dag.py:3820} INFO - Setting next_dagrun for example_xcom_args to None, run_after=None
[2024-01-06T14:38:27.064-0800] {logging_mixin.py:188} INFO - [2024-01-06T14:38:27.064-0800] {dag.py:3820} INFO - Setting next_dagrun for example_xcom_args_with_operators to None, run_after=None
[2024-01-06T14:38:27.076-0800] {processor.py:183} INFO - Processing /mnt/c/Users/victo/OneDrive/Desktop/fantasy_nba_dashboard/airflow_env/lib/python3.10/site-packages/airflow/example_dags/example_xcomargs.py took 0.069 seconds
[2024-01-06T14:38:57.792-0800] {processor.py:161} INFO - Started process (PID=10792) to work on /mnt/c/Users/victo/OneDrive/Desktop/fantasy_nba_dashboard/airflow_env/lib/python3.10/site-packages/airflow/example_dags/example_xcomargs.py
[2024-01-06T14:38:57.793-0800] {processor.py:830} INFO - Processing file /mnt/c/Users/victo/OneDrive/Desktop/fantasy_nba_dashboard/airflow_env/lib/python3.10/site-packages/airflow/example_dags/example_xcomargs.py for tasks to queue
[2024-01-06T14:38:57.794-0800] {logging_mixin.py:188} INFO - [2024-01-06T14:38:57.794-0800] {dagbag.py:538} INFO - Filling up the DagBag from /mnt/c/Users/victo/OneDrive/Desktop/fantasy_nba_dashboard/airflow_env/lib/python3.10/site-packages/airflow/example_dags/example_xcomargs.py
[2024-01-06T14:38:57.803-0800] {processor.py:840} INFO - DAG(s) 'example_xcom_args', 'example_xcom_args_with_operators' retrieved from /mnt/c/Users/victo/OneDrive/Desktop/fantasy_nba_dashboard/airflow_env/lib/python3.10/site-packages/airflow/example_dags/example_xcomargs.py
[2024-01-06T14:38:57.837-0800] {logging_mixin.py:188} INFO - [2024-01-06T14:38:57.836-0800] {dag.py:3033} INFO - Sync 2 DAGs
[2024-01-06T14:38:57.847-0800] {logging_mixin.py:188} INFO - [2024-01-06T14:38:57.847-0800] {dag.py:3820} INFO - Setting next_dagrun for example_xcom_args to None, run_after=None
[2024-01-06T14:38:57.850-0800] {logging_mixin.py:188} INFO - [2024-01-06T14:38:57.849-0800] {dag.py:3820} INFO - Setting next_dagrun for example_xcom_args_with_operators to None, run_after=None
[2024-01-06T14:38:57.862-0800] {processor.py:183} INFO - Processing /mnt/c/Users/victo/OneDrive/Desktop/fantasy_nba_dashboard/airflow_env/lib/python3.10/site-packages/airflow/example_dags/example_xcomargs.py took 0.076 seconds
[2024-01-06T14:39:28.631-0800] {processor.py:161} INFO - Started process (PID=10984) to work on /mnt/c/Users/victo/OneDrive/Desktop/fantasy_nba_dashboard/airflow_env/lib/python3.10/site-packages/airflow/example_dags/example_xcomargs.py
[2024-01-06T14:39:28.632-0800] {processor.py:830} INFO - Processing file /mnt/c/Users/victo/OneDrive/Desktop/fantasy_nba_dashboard/airflow_env/lib/python3.10/site-packages/airflow/example_dags/example_xcomargs.py for tasks to queue
[2024-01-06T14:39:28.632-0800] {logging_mixin.py:188} INFO - [2024-01-06T14:39:28.632-0800] {dagbag.py:538} INFO - Filling up the DagBag from /mnt/c/Users/victo/OneDrive/Desktop/fantasy_nba_dashboard/airflow_env/lib/python3.10/site-packages/airflow/example_dags/example_xcomargs.py
[2024-01-06T14:39:28.641-0800] {processor.py:840} INFO - DAG(s) 'example_xcom_args_with_operators', 'example_xcom_args' retrieved from /mnt/c/Users/victo/OneDrive/Desktop/fantasy_nba_dashboard/airflow_env/lib/python3.10/site-packages/airflow/example_dags/example_xcomargs.py
[2024-01-06T14:39:28.674-0800] {logging_mixin.py:188} INFO - [2024-01-06T14:39:28.674-0800] {dag.py:3033} INFO - Sync 2 DAGs
[2024-01-06T14:39:28.685-0800] {logging_mixin.py:188} INFO - [2024-01-06T14:39:28.685-0800] {dag.py:3820} INFO - Setting next_dagrun for example_xcom_args to None, run_after=None
[2024-01-06T14:39:28.687-0800] {logging_mixin.py:188} INFO - [2024-01-06T14:39:28.687-0800] {dag.py:3820} INFO - Setting next_dagrun for example_xcom_args_with_operators to None, run_after=None
[2024-01-06T14:39:28.698-0800] {processor.py:183} INFO - Processing /mnt/c/Users/victo/OneDrive/Desktop/fantasy_nba_dashboard/airflow_env/lib/python3.10/site-packages/airflow/example_dags/example_xcomargs.py took 0.072 seconds
[2024-01-06T14:39:59.356-0800] {processor.py:161} INFO - Started process (PID=11139) to work on /mnt/c/Users/victo/OneDrive/Desktop/fantasy_nba_dashboard/airflow_env/lib/python3.10/site-packages/airflow/example_dags/example_xcomargs.py
[2024-01-06T14:39:59.357-0800] {processor.py:830} INFO - Processing file /mnt/c/Users/victo/OneDrive/Desktop/fantasy_nba_dashboard/airflow_env/lib/python3.10/site-packages/airflow/example_dags/example_xcomargs.py for tasks to queue
[2024-01-06T14:39:59.358-0800] {logging_mixin.py:188} INFO - [2024-01-06T14:39:59.358-0800] {dagbag.py:538} INFO - Filling up the DagBag from /mnt/c/Users/victo/OneDrive/Desktop/fantasy_nba_dashboard/airflow_env/lib/python3.10/site-packages/airflow/example_dags/example_xcomargs.py
[2024-01-06T14:39:59.365-0800] {processor.py:840} INFO - DAG(s) 'example_xcom_args', 'example_xcom_args_with_operators' retrieved from /mnt/c/Users/victo/OneDrive/Desktop/fantasy_nba_dashboard/airflow_env/lib/python3.10/site-packages/airflow/example_dags/example_xcomargs.py
[2024-01-06T14:39:59.394-0800] {logging_mixin.py:188} INFO - [2024-01-06T14:39:59.394-0800] {dag.py:3033} INFO - Sync 2 DAGs
[2024-01-06T14:39:59.403-0800] {logging_mixin.py:188} INFO - [2024-01-06T14:39:59.403-0800] {dag.py:3820} INFO - Setting next_dagrun for example_xcom_args to None, run_after=None
[2024-01-06T14:39:59.405-0800] {logging_mixin.py:188} INFO - [2024-01-06T14:39:59.405-0800] {dag.py:3820} INFO - Setting next_dagrun for example_xcom_args_with_operators to None, run_after=None
[2024-01-06T14:39:59.415-0800] {processor.py:183} INFO - Processing /mnt/c/Users/victo/OneDrive/Desktop/fantasy_nba_dashboard/airflow_env/lib/python3.10/site-packages/airflow/example_dags/example_xcomargs.py took 0.063 seconds
[2024-01-06T14:40:30.109-0800] {processor.py:161} INFO - Started process (PID=11297) to work on /mnt/c/Users/victo/OneDrive/Desktop/fantasy_nba_dashboard/airflow_env/lib/python3.10/site-packages/airflow/example_dags/example_xcomargs.py
[2024-01-06T14:40:30.110-0800] {processor.py:830} INFO - Processing file /mnt/c/Users/victo/OneDrive/Desktop/fantasy_nba_dashboard/airflow_env/lib/python3.10/site-packages/airflow/example_dags/example_xcomargs.py for tasks to queue
[2024-01-06T14:40:30.110-0800] {logging_mixin.py:188} INFO - [2024-01-06T14:40:30.110-0800] {dagbag.py:538} INFO - Filling up the DagBag from /mnt/c/Users/victo/OneDrive/Desktop/fantasy_nba_dashboard/airflow_env/lib/python3.10/site-packages/airflow/example_dags/example_xcomargs.py
[2024-01-06T14:40:30.118-0800] {processor.py:840} INFO - DAG(s) 'example_xcom_args_with_operators', 'example_xcom_args' retrieved from /mnt/c/Users/victo/OneDrive/Desktop/fantasy_nba_dashboard/airflow_env/lib/python3.10/site-packages/airflow/example_dags/example_xcomargs.py
[2024-01-06T14:40:30.148-0800] {logging_mixin.py:188} INFO - [2024-01-06T14:40:30.148-0800] {dag.py:3033} INFO - Sync 2 DAGs
[2024-01-06T14:40:30.158-0800] {logging_mixin.py:188} INFO - [2024-01-06T14:40:30.158-0800] {dag.py:3820} INFO - Setting next_dagrun for example_xcom_args to None, run_after=None
[2024-01-06T14:40:30.160-0800] {logging_mixin.py:188} INFO - [2024-01-06T14:40:30.160-0800] {dag.py:3820} INFO - Setting next_dagrun for example_xcom_args_with_operators to None, run_after=None
[2024-01-06T14:40:30.171-0800] {processor.py:183} INFO - Processing /mnt/c/Users/victo/OneDrive/Desktop/fantasy_nba_dashboard/airflow_env/lib/python3.10/site-packages/airflow/example_dags/example_xcomargs.py took 0.066 seconds
[2024-01-06T14:41:00.944-0800] {processor.py:161} INFO - Started process (PID=11481) to work on /mnt/c/Users/victo/OneDrive/Desktop/fantasy_nba_dashboard/airflow_env/lib/python3.10/site-packages/airflow/example_dags/example_xcomargs.py
[2024-01-06T14:41:00.945-0800] {processor.py:830} INFO - Processing file /mnt/c/Users/victo/OneDrive/Desktop/fantasy_nba_dashboard/airflow_env/lib/python3.10/site-packages/airflow/example_dags/example_xcomargs.py for tasks to queue
[2024-01-06T14:41:00.946-0800] {logging_mixin.py:188} INFO - [2024-01-06T14:41:00.945-0800] {dagbag.py:538} INFO - Filling up the DagBag from /mnt/c/Users/victo/OneDrive/Desktop/fantasy_nba_dashboard/airflow_env/lib/python3.10/site-packages/airflow/example_dags/example_xcomargs.py
[2024-01-06T14:41:00.954-0800] {processor.py:840} INFO - DAG(s) 'example_xcom_args', 'example_xcom_args_with_operators' retrieved from /mnt/c/Users/victo/OneDrive/Desktop/fantasy_nba_dashboard/airflow_env/lib/python3.10/site-packages/airflow/example_dags/example_xcomargs.py
[2024-01-06T14:41:00.987-0800] {logging_mixin.py:188} INFO - [2024-01-06T14:41:00.987-0800] {dag.py:3033} INFO - Sync 2 DAGs
[2024-01-06T14:41:00.998-0800] {logging_mixin.py:188} INFO - [2024-01-06T14:41:00.998-0800] {dag.py:3820} INFO - Setting next_dagrun for example_xcom_args to None, run_after=None
[2024-01-06T14:41:01.000-0800] {logging_mixin.py:188} INFO - [2024-01-06T14:41:01.000-0800] {dag.py:3820} INFO - Setting next_dagrun for example_xcom_args_with_operators to None, run_after=None
[2024-01-06T14:41:01.017-0800] {processor.py:183} INFO - Processing /mnt/c/Users/victo/OneDrive/Desktop/fantasy_nba_dashboard/airflow_env/lib/python3.10/site-packages/airflow/example_dags/example_xcomargs.py took 0.078 seconds
