[2024-01-06T14:24:41.388-0800] {processor.py:161} INFO - Started process (PID=7068) to work on /mnt/c/Users/victo/OneDrive/Desktop/fantasy_nba_dashboard/airflow_env/lib/python3.10/site-packages/airflow/example_dags/example_trigger_target_dag.py
[2024-01-06T14:24:41.389-0800] {processor.py:830} INFO - Processing file /mnt/c/Users/victo/OneDrive/Desktop/fantasy_nba_dashboard/airflow_env/lib/python3.10/site-packages/airflow/example_dags/example_trigger_target_dag.py for tasks to queue
[2024-01-06T14:24:41.389-0800] {logging_mixin.py:188} INFO - [2024-01-06T14:24:41.389-0800] {dagbag.py:538} INFO - Filling up the DagBag from /mnt/c/Users/victo/OneDrive/Desktop/fantasy_nba_dashboard/airflow_env/lib/python3.10/site-packages/airflow/example_dags/example_trigger_target_dag.py
[2024-01-06T14:24:41.399-0800] {processor.py:840} INFO - DAG(s) 'example_trigger_target_dag' retrieved from /mnt/c/Users/victo/OneDrive/Desktop/fantasy_nba_dashboard/airflow_env/lib/python3.10/site-packages/airflow/example_dags/example_trigger_target_dag.py
[2024-01-06T14:24:41.506-0800] {logging_mixin.py:188} INFO - [2024-01-06T14:24:41.506-0800] {dag.py:3033} INFO - Sync 1 DAGs
[2024-01-06T14:24:41.515-0800] {logging_mixin.py:188} INFO - [2024-01-06T14:24:41.515-0800] {dag.py:3820} INFO - Setting next_dagrun for example_trigger_target_dag to None, run_after=None
[2024-01-06T14:24:41.529-0800] {processor.py:183} INFO - Processing /mnt/c/Users/victo/OneDrive/Desktop/fantasy_nba_dashboard/airflow_env/lib/python3.10/site-packages/airflow/example_dags/example_trigger_target_dag.py took 0.144 seconds
[2024-01-06T14:25:11.797-0800] {processor.py:161} INFO - Started process (PID=7227) to work on /mnt/c/Users/victo/OneDrive/Desktop/fantasy_nba_dashboard/airflow_env/lib/python3.10/site-packages/airflow/example_dags/example_trigger_target_dag.py
[2024-01-06T14:25:11.798-0800] {processor.py:830} INFO - Processing file /mnt/c/Users/victo/OneDrive/Desktop/fantasy_nba_dashboard/airflow_env/lib/python3.10/site-packages/airflow/example_dags/example_trigger_target_dag.py for tasks to queue
[2024-01-06T14:25:11.799-0800] {logging_mixin.py:188} INFO - [2024-01-06T14:25:11.799-0800] {dagbag.py:538} INFO - Filling up the DagBag from /mnt/c/Users/victo/OneDrive/Desktop/fantasy_nba_dashboard/airflow_env/lib/python3.10/site-packages/airflow/example_dags/example_trigger_target_dag.py
[2024-01-06T14:25:11.805-0800] {processor.py:840} INFO - DAG(s) 'example_trigger_target_dag' retrieved from /mnt/c/Users/victo/OneDrive/Desktop/fantasy_nba_dashboard/airflow_env/lib/python3.10/site-packages/airflow/example_dags/example_trigger_target_dag.py
[2024-01-06T14:25:11.836-0800] {logging_mixin.py:188} INFO - [2024-01-06T14:25:11.836-0800] {dag.py:3033} INFO - Sync 1 DAGs
[2024-01-06T14:25:11.847-0800] {logging_mixin.py:188} INFO - [2024-01-06T14:25:11.847-0800] {dag.py:3820} INFO - Setting next_dagrun for example_trigger_target_dag to None, run_after=None
[2024-01-06T14:25:11.860-0800] {processor.py:183} INFO - Processing /mnt/c/Users/victo/OneDrive/Desktop/fantasy_nba_dashboard/airflow_env/lib/python3.10/site-packages/airflow/example_dags/example_trigger_target_dag.py took 0.066 seconds
[2024-01-06T14:25:42.174-0800] {processor.py:161} INFO - Started process (PID=7477) to work on /mnt/c/Users/victo/OneDrive/Desktop/fantasy_nba_dashboard/airflow_env/lib/python3.10/site-packages/airflow/example_dags/example_trigger_target_dag.py
[2024-01-06T14:25:42.175-0800] {processor.py:830} INFO - Processing file /mnt/c/Users/victo/OneDrive/Desktop/fantasy_nba_dashboard/airflow_env/lib/python3.10/site-packages/airflow/example_dags/example_trigger_target_dag.py for tasks to queue
[2024-01-06T14:25:42.176-0800] {logging_mixin.py:188} INFO - [2024-01-06T14:25:42.176-0800] {dagbag.py:538} INFO - Filling up the DagBag from /mnt/c/Users/victo/OneDrive/Desktop/fantasy_nba_dashboard/airflow_env/lib/python3.10/site-packages/airflow/example_dags/example_trigger_target_dag.py
[2024-01-06T14:25:42.182-0800] {processor.py:840} INFO - DAG(s) 'example_trigger_target_dag' retrieved from /mnt/c/Users/victo/OneDrive/Desktop/fantasy_nba_dashboard/airflow_env/lib/python3.10/site-packages/airflow/example_dags/example_trigger_target_dag.py
[2024-01-06T14:25:42.211-0800] {logging_mixin.py:188} INFO - [2024-01-06T14:25:42.210-0800] {dag.py:3033} INFO - Sync 1 DAGs
[2024-01-06T14:25:42.220-0800] {logging_mixin.py:188} INFO - [2024-01-06T14:25:42.220-0800] {dag.py:3820} INFO - Setting next_dagrun for example_trigger_target_dag to None, run_after=None
[2024-01-06T14:25:42.237-0800] {processor.py:183} INFO - Processing /mnt/c/Users/victo/OneDrive/Desktop/fantasy_nba_dashboard/airflow_env/lib/python3.10/site-packages/airflow/example_dags/example_trigger_target_dag.py took 0.067 seconds
[2024-01-06T14:26:12.344-0800] {processor.py:161} INFO - Started process (PID=7997) to work on /mnt/c/Users/victo/OneDrive/Desktop/fantasy_nba_dashboard/airflow_env/lib/python3.10/site-packages/airflow/example_dags/example_trigger_target_dag.py
[2024-01-06T14:26:12.345-0800] {processor.py:830} INFO - Processing file /mnt/c/Users/victo/OneDrive/Desktop/fantasy_nba_dashboard/airflow_env/lib/python3.10/site-packages/airflow/example_dags/example_trigger_target_dag.py for tasks to queue
[2024-01-06T14:26:12.346-0800] {logging_mixin.py:188} INFO - [2024-01-06T14:26:12.346-0800] {dagbag.py:538} INFO - Filling up the DagBag from /mnt/c/Users/victo/OneDrive/Desktop/fantasy_nba_dashboard/airflow_env/lib/python3.10/site-packages/airflow/example_dags/example_trigger_target_dag.py
[2024-01-06T14:26:12.352-0800] {processor.py:840} INFO - DAG(s) 'example_trigger_target_dag' retrieved from /mnt/c/Users/victo/OneDrive/Desktop/fantasy_nba_dashboard/airflow_env/lib/python3.10/site-packages/airflow/example_dags/example_trigger_target_dag.py
[2024-01-06T14:26:12.380-0800] {logging_mixin.py:188} INFO - [2024-01-06T14:26:12.380-0800] {dag.py:3033} INFO - Sync 1 DAGs
[2024-01-06T14:26:12.389-0800] {logging_mixin.py:188} INFO - [2024-01-06T14:26:12.389-0800] {dag.py:3820} INFO - Setting next_dagrun for example_trigger_target_dag to None, run_after=None
[2024-01-06T14:26:12.403-0800] {processor.py:183} INFO - Processing /mnt/c/Users/victo/OneDrive/Desktop/fantasy_nba_dashboard/airflow_env/lib/python3.10/site-packages/airflow/example_dags/example_trigger_target_dag.py took 0.062 seconds
[2024-01-06T14:35:53.365-0800] {processor.py:161} INFO - Started process (PID=9525) to work on /mnt/c/Users/victo/OneDrive/Desktop/fantasy_nba_dashboard/airflow_env/lib/python3.10/site-packages/airflow/example_dags/example_trigger_target_dag.py
[2024-01-06T14:35:53.366-0800] {processor.py:830} INFO - Processing file /mnt/c/Users/victo/OneDrive/Desktop/fantasy_nba_dashboard/airflow_env/lib/python3.10/site-packages/airflow/example_dags/example_trigger_target_dag.py for tasks to queue
[2024-01-06T14:35:53.366-0800] {logging_mixin.py:188} INFO - [2024-01-06T14:35:53.366-0800] {dagbag.py:538} INFO - Filling up the DagBag from /mnt/c/Users/victo/OneDrive/Desktop/fantasy_nba_dashboard/airflow_env/lib/python3.10/site-packages/airflow/example_dags/example_trigger_target_dag.py
[2024-01-06T14:35:53.376-0800] {processor.py:840} INFO - DAG(s) 'example_trigger_target_dag' retrieved from /mnt/c/Users/victo/OneDrive/Desktop/fantasy_nba_dashboard/airflow_env/lib/python3.10/site-packages/airflow/example_dags/example_trigger_target_dag.py
[2024-01-06T14:35:53.412-0800] {logging_mixin.py:188} INFO - [2024-01-06T14:35:53.412-0800] {dag.py:3033} INFO - Sync 1 DAGs
[2024-01-06T14:35:53.421-0800] {logging_mixin.py:188} INFO - [2024-01-06T14:35:53.421-0800] {dag.py:3820} INFO - Setting next_dagrun for example_trigger_target_dag to None, run_after=None
[2024-01-06T14:35:53.434-0800] {processor.py:183} INFO - Processing /mnt/c/Users/victo/OneDrive/Desktop/fantasy_nba_dashboard/airflow_env/lib/python3.10/site-packages/airflow/example_dags/example_trigger_target_dag.py took 0.074 seconds
[2024-01-06T14:36:23.729-0800] {processor.py:161} INFO - Started process (PID=9706) to work on /mnt/c/Users/victo/OneDrive/Desktop/fantasy_nba_dashboard/airflow_env/lib/python3.10/site-packages/airflow/example_dags/example_trigger_target_dag.py
[2024-01-06T14:36:23.730-0800] {processor.py:830} INFO - Processing file /mnt/c/Users/victo/OneDrive/Desktop/fantasy_nba_dashboard/airflow_env/lib/python3.10/site-packages/airflow/example_dags/example_trigger_target_dag.py for tasks to queue
[2024-01-06T14:36:23.731-0800] {logging_mixin.py:188} INFO - [2024-01-06T14:36:23.731-0800] {dagbag.py:538} INFO - Filling up the DagBag from /mnt/c/Users/victo/OneDrive/Desktop/fantasy_nba_dashboard/airflow_env/lib/python3.10/site-packages/airflow/example_dags/example_trigger_target_dag.py
[2024-01-06T14:36:23.738-0800] {processor.py:840} INFO - DAG(s) 'example_trigger_target_dag' retrieved from /mnt/c/Users/victo/OneDrive/Desktop/fantasy_nba_dashboard/airflow_env/lib/python3.10/site-packages/airflow/example_dags/example_trigger_target_dag.py
[2024-01-06T14:36:23.771-0800] {logging_mixin.py:188} INFO - [2024-01-06T14:36:23.771-0800] {dag.py:3033} INFO - Sync 1 DAGs
[2024-01-06T14:36:23.781-0800] {logging_mixin.py:188} INFO - [2024-01-06T14:36:23.781-0800] {dag.py:3820} INFO - Setting next_dagrun for example_trigger_target_dag to None, run_after=None
[2024-01-06T14:36:23.795-0800] {processor.py:183} INFO - Processing /mnt/c/Users/victo/OneDrive/Desktop/fantasy_nba_dashboard/airflow_env/lib/python3.10/site-packages/airflow/example_dags/example_trigger_target_dag.py took 0.069 seconds
[2024-01-06T14:36:54.877-0800] {processor.py:161} INFO - Started process (PID=9984) to work on /mnt/c/Users/victo/OneDrive/Desktop/fantasy_nba_dashboard/airflow_env/lib/python3.10/site-packages/airflow/example_dags/example_trigger_target_dag.py
[2024-01-06T14:36:54.879-0800] {processor.py:830} INFO - Processing file /mnt/c/Users/victo/OneDrive/Desktop/fantasy_nba_dashboard/airflow_env/lib/python3.10/site-packages/airflow/example_dags/example_trigger_target_dag.py for tasks to queue
[2024-01-06T14:36:54.880-0800] {logging_mixin.py:188} INFO - [2024-01-06T14:36:54.880-0800] {dagbag.py:538} INFO - Filling up the DagBag from /mnt/c/Users/victo/OneDrive/Desktop/fantasy_nba_dashboard/airflow_env/lib/python3.10/site-packages/airflow/example_dags/example_trigger_target_dag.py
[2024-01-06T14:36:54.889-0800] {processor.py:840} INFO - DAG(s) 'example_trigger_target_dag' retrieved from /mnt/c/Users/victo/OneDrive/Desktop/fantasy_nba_dashboard/airflow_env/lib/python3.10/site-packages/airflow/example_dags/example_trigger_target_dag.py
[2024-01-06T14:36:54.925-0800] {logging_mixin.py:188} INFO - [2024-01-06T14:36:54.925-0800] {dag.py:3033} INFO - Sync 1 DAGs
[2024-01-06T14:36:54.938-0800] {logging_mixin.py:188} INFO - [2024-01-06T14:36:54.938-0800] {dag.py:3820} INFO - Setting next_dagrun for example_trigger_target_dag to None, run_after=None
[2024-01-06T14:36:54.964-0800] {processor.py:183} INFO - Processing /mnt/c/Users/victo/OneDrive/Desktop/fantasy_nba_dashboard/airflow_env/lib/python3.10/site-packages/airflow/example_dags/example_trigger_target_dag.py took 0.092 seconds
[2024-01-06T14:37:25.682-0800] {processor.py:161} INFO - Started process (PID=10264) to work on /mnt/c/Users/victo/OneDrive/Desktop/fantasy_nba_dashboard/airflow_env/lib/python3.10/site-packages/airflow/example_dags/example_trigger_target_dag.py
[2024-01-06T14:37:25.683-0800] {processor.py:830} INFO - Processing file /mnt/c/Users/victo/OneDrive/Desktop/fantasy_nba_dashboard/airflow_env/lib/python3.10/site-packages/airflow/example_dags/example_trigger_target_dag.py for tasks to queue
[2024-01-06T14:37:25.684-0800] {logging_mixin.py:188} INFO - [2024-01-06T14:37:25.684-0800] {dagbag.py:538} INFO - Filling up the DagBag from /mnt/c/Users/victo/OneDrive/Desktop/fantasy_nba_dashboard/airflow_env/lib/python3.10/site-packages/airflow/example_dags/example_trigger_target_dag.py
[2024-01-06T14:37:25.690-0800] {processor.py:840} INFO - DAG(s) 'example_trigger_target_dag' retrieved from /mnt/c/Users/victo/OneDrive/Desktop/fantasy_nba_dashboard/airflow_env/lib/python3.10/site-packages/airflow/example_dags/example_trigger_target_dag.py
[2024-01-06T14:37:25.721-0800] {logging_mixin.py:188} INFO - [2024-01-06T14:37:25.721-0800] {dag.py:3033} INFO - Sync 1 DAGs
[2024-01-06T14:37:25.731-0800] {logging_mixin.py:188} INFO - [2024-01-06T14:37:25.731-0800] {dag.py:3820} INFO - Setting next_dagrun for example_trigger_target_dag to None, run_after=None
[2024-01-06T14:37:25.744-0800] {processor.py:183} INFO - Processing /mnt/c/Users/victo/OneDrive/Desktop/fantasy_nba_dashboard/airflow_env/lib/python3.10/site-packages/airflow/example_dags/example_trigger_target_dag.py took 0.066 seconds
[2024-01-06T14:37:56.342-0800] {processor.py:161} INFO - Started process (PID=10464) to work on /mnt/c/Users/victo/OneDrive/Desktop/fantasy_nba_dashboard/airflow_env/lib/python3.10/site-packages/airflow/example_dags/example_trigger_target_dag.py
[2024-01-06T14:37:56.343-0800] {processor.py:830} INFO - Processing file /mnt/c/Users/victo/OneDrive/Desktop/fantasy_nba_dashboard/airflow_env/lib/python3.10/site-packages/airflow/example_dags/example_trigger_target_dag.py for tasks to queue
[2024-01-06T14:37:56.344-0800] {logging_mixin.py:188} INFO - [2024-01-06T14:37:56.343-0800] {dagbag.py:538} INFO - Filling up the DagBag from /mnt/c/Users/victo/OneDrive/Desktop/fantasy_nba_dashboard/airflow_env/lib/python3.10/site-packages/airflow/example_dags/example_trigger_target_dag.py
[2024-01-06T14:37:56.350-0800] {processor.py:840} INFO - DAG(s) 'example_trigger_target_dag' retrieved from /mnt/c/Users/victo/OneDrive/Desktop/fantasy_nba_dashboard/airflow_env/lib/python3.10/site-packages/airflow/example_dags/example_trigger_target_dag.py
[2024-01-06T14:37:56.380-0800] {logging_mixin.py:188} INFO - [2024-01-06T14:37:56.379-0800] {dag.py:3033} INFO - Sync 1 DAGs
[2024-01-06T14:37:56.389-0800] {logging_mixin.py:188} INFO - [2024-01-06T14:37:56.389-0800] {dag.py:3820} INFO - Setting next_dagrun for example_trigger_target_dag to None, run_after=None
[2024-01-06T14:37:56.410-0800] {processor.py:183} INFO - Processing /mnt/c/Users/victo/OneDrive/Desktop/fantasy_nba_dashboard/airflow_env/lib/python3.10/site-packages/airflow/example_dags/example_trigger_target_dag.py took 0.072 seconds
[2024-01-06T14:38:27.101-0800] {processor.py:161} INFO - Started process (PID=10638) to work on /mnt/c/Users/victo/OneDrive/Desktop/fantasy_nba_dashboard/airflow_env/lib/python3.10/site-packages/airflow/example_dags/example_trigger_target_dag.py
[2024-01-06T14:38:27.102-0800] {processor.py:830} INFO - Processing file /mnt/c/Users/victo/OneDrive/Desktop/fantasy_nba_dashboard/airflow_env/lib/python3.10/site-packages/airflow/example_dags/example_trigger_target_dag.py for tasks to queue
[2024-01-06T14:38:27.103-0800] {logging_mixin.py:188} INFO - [2024-01-06T14:38:27.103-0800] {dagbag.py:538} INFO - Filling up the DagBag from /mnt/c/Users/victo/OneDrive/Desktop/fantasy_nba_dashboard/airflow_env/lib/python3.10/site-packages/airflow/example_dags/example_trigger_target_dag.py
[2024-01-06T14:38:27.109-0800] {processor.py:840} INFO - DAG(s) 'example_trigger_target_dag' retrieved from /mnt/c/Users/victo/OneDrive/Desktop/fantasy_nba_dashboard/airflow_env/lib/python3.10/site-packages/airflow/example_dags/example_trigger_target_dag.py
[2024-01-06T14:38:27.140-0800] {logging_mixin.py:188} INFO - [2024-01-06T14:38:27.140-0800] {dag.py:3033} INFO - Sync 1 DAGs
[2024-01-06T14:38:27.150-0800] {logging_mixin.py:188} INFO - [2024-01-06T14:38:27.149-0800] {dag.py:3820} INFO - Setting next_dagrun for example_trigger_target_dag to None, run_after=None
[2024-01-06T14:38:27.167-0800] {processor.py:183} INFO - Processing /mnt/c/Users/victo/OneDrive/Desktop/fantasy_nba_dashboard/airflow_env/lib/python3.10/site-packages/airflow/example_dags/example_trigger_target_dag.py took 0.070 seconds
[2024-01-06T14:38:57.901-0800] {processor.py:161} INFO - Started process (PID=10795) to work on /mnt/c/Users/victo/OneDrive/Desktop/fantasy_nba_dashboard/airflow_env/lib/python3.10/site-packages/airflow/example_dags/example_trigger_target_dag.py
[2024-01-06T14:38:57.902-0800] {processor.py:830} INFO - Processing file /mnt/c/Users/victo/OneDrive/Desktop/fantasy_nba_dashboard/airflow_env/lib/python3.10/site-packages/airflow/example_dags/example_trigger_target_dag.py for tasks to queue
[2024-01-06T14:38:57.902-0800] {logging_mixin.py:188} INFO - [2024-01-06T14:38:57.902-0800] {dagbag.py:538} INFO - Filling up the DagBag from /mnt/c/Users/victo/OneDrive/Desktop/fantasy_nba_dashboard/airflow_env/lib/python3.10/site-packages/airflow/example_dags/example_trigger_target_dag.py
[2024-01-06T14:38:57.912-0800] {processor.py:840} INFO - DAG(s) 'example_trigger_target_dag' retrieved from /mnt/c/Users/victo/OneDrive/Desktop/fantasy_nba_dashboard/airflow_env/lib/python3.10/site-packages/airflow/example_dags/example_trigger_target_dag.py
[2024-01-06T14:38:57.947-0800] {logging_mixin.py:188} INFO - [2024-01-06T14:38:57.946-0800] {dag.py:3033} INFO - Sync 1 DAGs
[2024-01-06T14:38:57.961-0800] {logging_mixin.py:188} INFO - [2024-01-06T14:38:57.961-0800] {dag.py:3820} INFO - Setting next_dagrun for example_trigger_target_dag to None, run_after=None
[2024-01-06T14:38:57.986-0800] {processor.py:183} INFO - Processing /mnt/c/Users/victo/OneDrive/Desktop/fantasy_nba_dashboard/airflow_env/lib/python3.10/site-packages/airflow/example_dags/example_trigger_target_dag.py took 0.089 seconds
[2024-01-06T14:39:28.724-0800] {processor.py:161} INFO - Started process (PID=10989) to work on /mnt/c/Users/victo/OneDrive/Desktop/fantasy_nba_dashboard/airflow_env/lib/python3.10/site-packages/airflow/example_dags/example_trigger_target_dag.py
[2024-01-06T14:39:28.725-0800] {processor.py:830} INFO - Processing file /mnt/c/Users/victo/OneDrive/Desktop/fantasy_nba_dashboard/airflow_env/lib/python3.10/site-packages/airflow/example_dags/example_trigger_target_dag.py for tasks to queue
[2024-01-06T14:39:28.726-0800] {logging_mixin.py:188} INFO - [2024-01-06T14:39:28.725-0800] {dagbag.py:538} INFO - Filling up the DagBag from /mnt/c/Users/victo/OneDrive/Desktop/fantasy_nba_dashboard/airflow_env/lib/python3.10/site-packages/airflow/example_dags/example_trigger_target_dag.py
[2024-01-06T14:39:28.732-0800] {processor.py:840} INFO - DAG(s) 'example_trigger_target_dag' retrieved from /mnt/c/Users/victo/OneDrive/Desktop/fantasy_nba_dashboard/airflow_env/lib/python3.10/site-packages/airflow/example_dags/example_trigger_target_dag.py
[2024-01-06T14:39:28.762-0800] {logging_mixin.py:188} INFO - [2024-01-06T14:39:28.762-0800] {dag.py:3033} INFO - Sync 1 DAGs
[2024-01-06T14:39:28.773-0800] {logging_mixin.py:188} INFO - [2024-01-06T14:39:28.773-0800] {dag.py:3820} INFO - Setting next_dagrun for example_trigger_target_dag to None, run_after=None
[2024-01-06T14:39:28.786-0800] {processor.py:183} INFO - Processing /mnt/c/Users/victo/OneDrive/Desktop/fantasy_nba_dashboard/airflow_env/lib/python3.10/site-packages/airflow/example_dags/example_trigger_target_dag.py took 0.066 seconds
[2024-01-06T14:39:59.452-0800] {processor.py:161} INFO - Started process (PID=11142) to work on /mnt/c/Users/victo/OneDrive/Desktop/fantasy_nba_dashboard/airflow_env/lib/python3.10/site-packages/airflow/example_dags/example_trigger_target_dag.py
[2024-01-06T14:39:59.452-0800] {processor.py:830} INFO - Processing file /mnt/c/Users/victo/OneDrive/Desktop/fantasy_nba_dashboard/airflow_env/lib/python3.10/site-packages/airflow/example_dags/example_trigger_target_dag.py for tasks to queue
[2024-01-06T14:39:59.453-0800] {logging_mixin.py:188} INFO - [2024-01-06T14:39:59.453-0800] {dagbag.py:538} INFO - Filling up the DagBag from /mnt/c/Users/victo/OneDrive/Desktop/fantasy_nba_dashboard/airflow_env/lib/python3.10/site-packages/airflow/example_dags/example_trigger_target_dag.py
[2024-01-06T14:39:59.459-0800] {processor.py:840} INFO - DAG(s) 'example_trigger_target_dag' retrieved from /mnt/c/Users/victo/OneDrive/Desktop/fantasy_nba_dashboard/airflow_env/lib/python3.10/site-packages/airflow/example_dags/example_trigger_target_dag.py
[2024-01-06T14:39:59.487-0800] {logging_mixin.py:188} INFO - [2024-01-06T14:39:59.486-0800] {dag.py:3033} INFO - Sync 1 DAGs
[2024-01-06T14:39:59.496-0800] {logging_mixin.py:188} INFO - [2024-01-06T14:39:59.496-0800] {dag.py:3820} INFO - Setting next_dagrun for example_trigger_target_dag to None, run_after=None
[2024-01-06T14:39:59.513-0800] {processor.py:183} INFO - Processing /mnt/c/Users/victo/OneDrive/Desktop/fantasy_nba_dashboard/airflow_env/lib/python3.10/site-packages/airflow/example_dags/example_trigger_target_dag.py took 0.066 seconds
[2024-01-06T14:40:30.208-0800] {processor.py:161} INFO - Started process (PID=11300) to work on /mnt/c/Users/victo/OneDrive/Desktop/fantasy_nba_dashboard/airflow_env/lib/python3.10/site-packages/airflow/example_dags/example_trigger_target_dag.py
[2024-01-06T14:40:30.209-0800] {processor.py:830} INFO - Processing file /mnt/c/Users/victo/OneDrive/Desktop/fantasy_nba_dashboard/airflow_env/lib/python3.10/site-packages/airflow/example_dags/example_trigger_target_dag.py for tasks to queue
[2024-01-06T14:40:30.209-0800] {logging_mixin.py:188} INFO - [2024-01-06T14:40:30.209-0800] {dagbag.py:538} INFO - Filling up the DagBag from /mnt/c/Users/victo/OneDrive/Desktop/fantasy_nba_dashboard/airflow_env/lib/python3.10/site-packages/airflow/example_dags/example_trigger_target_dag.py
[2024-01-06T14:40:30.217-0800] {processor.py:840} INFO - DAG(s) 'example_trigger_target_dag' retrieved from /mnt/c/Users/victo/OneDrive/Desktop/fantasy_nba_dashboard/airflow_env/lib/python3.10/site-packages/airflow/example_dags/example_trigger_target_dag.py
[2024-01-06T14:40:30.248-0800] {logging_mixin.py:188} INFO - [2024-01-06T14:40:30.248-0800] {dag.py:3033} INFO - Sync 1 DAGs
[2024-01-06T14:40:30.257-0800] {logging_mixin.py:188} INFO - [2024-01-06T14:40:30.256-0800] {dag.py:3820} INFO - Setting next_dagrun for example_trigger_target_dag to None, run_after=None
[2024-01-06T14:40:30.275-0800] {processor.py:183} INFO - Processing /mnt/c/Users/victo/OneDrive/Desktop/fantasy_nba_dashboard/airflow_env/lib/python3.10/site-packages/airflow/example_dags/example_trigger_target_dag.py took 0.071 seconds
[2024-01-06T14:41:01.046-0800] {processor.py:161} INFO - Started process (PID=11485) to work on /mnt/c/Users/victo/OneDrive/Desktop/fantasy_nba_dashboard/airflow_env/lib/python3.10/site-packages/airflow/example_dags/example_trigger_target_dag.py
[2024-01-06T14:41:01.047-0800] {processor.py:830} INFO - Processing file /mnt/c/Users/victo/OneDrive/Desktop/fantasy_nba_dashboard/airflow_env/lib/python3.10/site-packages/airflow/example_dags/example_trigger_target_dag.py for tasks to queue
[2024-01-06T14:41:01.048-0800] {logging_mixin.py:188} INFO - [2024-01-06T14:41:01.048-0800] {dagbag.py:538} INFO - Filling up the DagBag from /mnt/c/Users/victo/OneDrive/Desktop/fantasy_nba_dashboard/airflow_env/lib/python3.10/site-packages/airflow/example_dags/example_trigger_target_dag.py
[2024-01-06T14:41:01.055-0800] {processor.py:840} INFO - DAG(s) 'example_trigger_target_dag' retrieved from /mnt/c/Users/victo/OneDrive/Desktop/fantasy_nba_dashboard/airflow_env/lib/python3.10/site-packages/airflow/example_dags/example_trigger_target_dag.py
[2024-01-06T14:41:01.086-0800] {logging_mixin.py:188} INFO - [2024-01-06T14:41:01.085-0800] {dag.py:3033} INFO - Sync 1 DAGs
[2024-01-06T14:41:01.095-0800] {logging_mixin.py:188} INFO - [2024-01-06T14:41:01.095-0800] {dag.py:3820} INFO - Setting next_dagrun for example_trigger_target_dag to None, run_after=None
[2024-01-06T14:41:01.114-0800] {processor.py:183} INFO - Processing /mnt/c/Users/victo/OneDrive/Desktop/fantasy_nba_dashboard/airflow_env/lib/python3.10/site-packages/airflow/example_dags/example_trigger_target_dag.py took 0.072 seconds
