[2024-01-06T14:24:42.177-0800] {processor.py:161} INFO - Started process (PID=7089) to work on /mnt/c/Users/victo/OneDrive/Desktop/fantasy_nba_dashboard/airflow_env/lib/python3.10/site-packages/airflow/example_dags/example_short_circuit_decorator.py
[2024-01-06T14:24:42.178-0800] {processor.py:830} INFO - Processing file /mnt/c/Users/victo/OneDrive/Desktop/fantasy_nba_dashboard/airflow_env/lib/python3.10/site-packages/airflow/example_dags/example_short_circuit_decorator.py for tasks to queue
[2024-01-06T14:24:42.179-0800] {logging_mixin.py:188} INFO - [2024-01-06T14:24:42.179-0800] {dagbag.py:538} INFO - Filling up the DagBag from /mnt/c/Users/victo/OneDrive/Desktop/fantasy_nba_dashboard/airflow_env/lib/python3.10/site-packages/airflow/example_dags/example_short_circuit_decorator.py
[2024-01-06T14:24:42.190-0800] {processor.py:840} INFO - DAG(s) 'example_short_circuit_decorator' retrieved from /mnt/c/Users/victo/OneDrive/Desktop/fantasy_nba_dashboard/airflow_env/lib/python3.10/site-packages/airflow/example_dags/example_short_circuit_decorator.py
[2024-01-06T14:24:42.293-0800] {logging_mixin.py:188} INFO - [2024-01-06T14:24:42.292-0800] {dag.py:3033} INFO - Sync 1 DAGs
[2024-01-06T14:24:42.305-0800] {logging_mixin.py:188} INFO - [2024-01-06T14:24:42.305-0800] {dag.py:3820} INFO - Setting next_dagrun for example_short_circuit_decorator to 2024-01-05T00:00:00+00:00, run_after=2024-01-06T00:00:00+00:00
[2024-01-06T14:24:42.319-0800] {processor.py:183} INFO - Processing /mnt/c/Users/victo/OneDrive/Desktop/fantasy_nba_dashboard/airflow_env/lib/python3.10/site-packages/airflow/example_dags/example_short_circuit_decorator.py took 0.145 seconds
[2024-01-06T14:25:12.371-0800] {processor.py:161} INFO - Started process (PID=7245) to work on /mnt/c/Users/victo/OneDrive/Desktop/fantasy_nba_dashboard/airflow_env/lib/python3.10/site-packages/airflow/example_dags/example_short_circuit_decorator.py
[2024-01-06T14:25:12.372-0800] {processor.py:830} INFO - Processing file /mnt/c/Users/victo/OneDrive/Desktop/fantasy_nba_dashboard/airflow_env/lib/python3.10/site-packages/airflow/example_dags/example_short_circuit_decorator.py for tasks to queue
[2024-01-06T14:25:12.373-0800] {logging_mixin.py:188} INFO - [2024-01-06T14:25:12.373-0800] {dagbag.py:538} INFO - Filling up the DagBag from /mnt/c/Users/victo/OneDrive/Desktop/fantasy_nba_dashboard/airflow_env/lib/python3.10/site-packages/airflow/example_dags/example_short_circuit_decorator.py
[2024-01-06T14:25:12.382-0800] {processor.py:840} INFO - DAG(s) 'example_short_circuit_decorator' retrieved from /mnt/c/Users/victo/OneDrive/Desktop/fantasy_nba_dashboard/airflow_env/lib/python3.10/site-packages/airflow/example_dags/example_short_circuit_decorator.py
[2024-01-06T14:25:12.414-0800] {logging_mixin.py:188} INFO - [2024-01-06T14:25:12.414-0800] {dag.py:3033} INFO - Sync 1 DAGs
[2024-01-06T14:25:12.438-0800] {logging_mixin.py:188} INFO - [2024-01-06T14:25:12.438-0800] {dag.py:3820} INFO - Setting next_dagrun for example_short_circuit_decorator to 2024-01-05T00:00:00+00:00, run_after=2024-01-06T00:00:00+00:00
[2024-01-06T14:25:12.458-0800] {processor.py:183} INFO - Processing /mnt/c/Users/victo/OneDrive/Desktop/fantasy_nba_dashboard/airflow_env/lib/python3.10/site-packages/airflow/example_dags/example_short_circuit_decorator.py took 0.090 seconds
[2024-01-06T14:25:42.727-0800] {processor.py:161} INFO - Started process (PID=7495) to work on /mnt/c/Users/victo/OneDrive/Desktop/fantasy_nba_dashboard/airflow_env/lib/python3.10/site-packages/airflow/example_dags/example_short_circuit_decorator.py
[2024-01-06T14:25:42.728-0800] {processor.py:830} INFO - Processing file /mnt/c/Users/victo/OneDrive/Desktop/fantasy_nba_dashboard/airflow_env/lib/python3.10/site-packages/airflow/example_dags/example_short_circuit_decorator.py for tasks to queue
[2024-01-06T14:25:42.729-0800] {logging_mixin.py:188} INFO - [2024-01-06T14:25:42.729-0800] {dagbag.py:538} INFO - Filling up the DagBag from /mnt/c/Users/victo/OneDrive/Desktop/fantasy_nba_dashboard/airflow_env/lib/python3.10/site-packages/airflow/example_dags/example_short_circuit_decorator.py
[2024-01-06T14:25:42.738-0800] {processor.py:840} INFO - DAG(s) 'example_short_circuit_decorator' retrieved from /mnt/c/Users/victo/OneDrive/Desktop/fantasy_nba_dashboard/airflow_env/lib/python3.10/site-packages/airflow/example_dags/example_short_circuit_decorator.py
[2024-01-06T14:25:42.767-0800] {logging_mixin.py:188} INFO - [2024-01-06T14:25:42.767-0800] {dag.py:3033} INFO - Sync 1 DAGs
[2024-01-06T14:25:42.782-0800] {logging_mixin.py:188} INFO - [2024-01-06T14:25:42.782-0800] {dag.py:3820} INFO - Setting next_dagrun for example_short_circuit_decorator to 2024-01-05T00:00:00+00:00, run_after=2024-01-06T00:00:00+00:00
[2024-01-06T14:25:42.795-0800] {processor.py:183} INFO - Processing /mnt/c/Users/victo/OneDrive/Desktop/fantasy_nba_dashboard/airflow_env/lib/python3.10/site-packages/airflow/example_dags/example_short_circuit_decorator.py took 0.072 seconds
[2024-01-06T14:26:13.026-0800] {processor.py:161} INFO - Started process (PID=8034) to work on /mnt/c/Users/victo/OneDrive/Desktop/fantasy_nba_dashboard/airflow_env/lib/python3.10/site-packages/airflow/example_dags/example_short_circuit_decorator.py
[2024-01-06T14:26:13.027-0800] {processor.py:830} INFO - Processing file /mnt/c/Users/victo/OneDrive/Desktop/fantasy_nba_dashboard/airflow_env/lib/python3.10/site-packages/airflow/example_dags/example_short_circuit_decorator.py for tasks to queue
[2024-01-06T14:26:13.028-0800] {logging_mixin.py:188} INFO - [2024-01-06T14:26:13.028-0800] {dagbag.py:538} INFO - Filling up the DagBag from /mnt/c/Users/victo/OneDrive/Desktop/fantasy_nba_dashboard/airflow_env/lib/python3.10/site-packages/airflow/example_dags/example_short_circuit_decorator.py
[2024-01-06T14:26:13.037-0800] {processor.py:840} INFO - DAG(s) 'example_short_circuit_decorator' retrieved from /mnt/c/Users/victo/OneDrive/Desktop/fantasy_nba_dashboard/airflow_env/lib/python3.10/site-packages/airflow/example_dags/example_short_circuit_decorator.py
[2024-01-06T14:26:13.065-0800] {logging_mixin.py:188} INFO - [2024-01-06T14:26:13.065-0800] {dag.py:3033} INFO - Sync 1 DAGs
[2024-01-06T14:26:13.080-0800] {logging_mixin.py:188} INFO - [2024-01-06T14:26:13.080-0800] {dag.py:3820} INFO - Setting next_dagrun for example_short_circuit_decorator to 2024-01-05T00:00:00+00:00, run_after=2024-01-06T00:00:00+00:00
[2024-01-06T14:26:13.096-0800] {processor.py:183} INFO - Processing /mnt/c/Users/victo/OneDrive/Desktop/fantasy_nba_dashboard/airflow_env/lib/python3.10/site-packages/airflow/example_dags/example_short_circuit_decorator.py took 0.074 seconds
[2024-01-06T14:35:53.868-0800] {processor.py:161} INFO - Started process (PID=9542) to work on /mnt/c/Users/victo/OneDrive/Desktop/fantasy_nba_dashboard/airflow_env/lib/python3.10/site-packages/airflow/example_dags/example_short_circuit_decorator.py
[2024-01-06T14:35:53.869-0800] {processor.py:830} INFO - Processing file /mnt/c/Users/victo/OneDrive/Desktop/fantasy_nba_dashboard/airflow_env/lib/python3.10/site-packages/airflow/example_dags/example_short_circuit_decorator.py for tasks to queue
[2024-01-06T14:35:53.870-0800] {logging_mixin.py:188} INFO - [2024-01-06T14:35:53.870-0800] {dagbag.py:538} INFO - Filling up the DagBag from /mnt/c/Users/victo/OneDrive/Desktop/fantasy_nba_dashboard/airflow_env/lib/python3.10/site-packages/airflow/example_dags/example_short_circuit_decorator.py
[2024-01-06T14:35:53.881-0800] {processor.py:840} INFO - DAG(s) 'example_short_circuit_decorator' retrieved from /mnt/c/Users/victo/OneDrive/Desktop/fantasy_nba_dashboard/airflow_env/lib/python3.10/site-packages/airflow/example_dags/example_short_circuit_decorator.py
[2024-01-06T14:35:53.913-0800] {logging_mixin.py:188} INFO - [2024-01-06T14:35:53.913-0800] {dag.py:3033} INFO - Sync 1 DAGs
[2024-01-06T14:35:53.930-0800] {logging_mixin.py:188} INFO - [2024-01-06T14:35:53.930-0800] {dag.py:3820} INFO - Setting next_dagrun for example_short_circuit_decorator to 2024-01-05T00:00:00+00:00, run_after=2024-01-06T00:00:00+00:00
[2024-01-06T14:35:53.944-0800] {processor.py:183} INFO - Processing /mnt/c/Users/victo/OneDrive/Desktop/fantasy_nba_dashboard/airflow_env/lib/python3.10/site-packages/airflow/example_dags/example_short_circuit_decorator.py took 0.079 seconds
[2024-01-06T14:36:24.186-0800] {processor.py:161} INFO - Started process (PID=9724) to work on /mnt/c/Users/victo/OneDrive/Desktop/fantasy_nba_dashboard/airflow_env/lib/python3.10/site-packages/airflow/example_dags/example_short_circuit_decorator.py
[2024-01-06T14:36:24.187-0800] {processor.py:830} INFO - Processing file /mnt/c/Users/victo/OneDrive/Desktop/fantasy_nba_dashboard/airflow_env/lib/python3.10/site-packages/airflow/example_dags/example_short_circuit_decorator.py for tasks to queue
[2024-01-06T14:36:24.188-0800] {logging_mixin.py:188} INFO - [2024-01-06T14:36:24.188-0800] {dagbag.py:538} INFO - Filling up the DagBag from /mnt/c/Users/victo/OneDrive/Desktop/fantasy_nba_dashboard/airflow_env/lib/python3.10/site-packages/airflow/example_dags/example_short_circuit_decorator.py
[2024-01-06T14:36:24.200-0800] {processor.py:840} INFO - DAG(s) 'example_short_circuit_decorator' retrieved from /mnt/c/Users/victo/OneDrive/Desktop/fantasy_nba_dashboard/airflow_env/lib/python3.10/site-packages/airflow/example_dags/example_short_circuit_decorator.py
[2024-01-06T14:36:24.234-0800] {logging_mixin.py:188} INFO - [2024-01-06T14:36:24.234-0800] {dag.py:3033} INFO - Sync 1 DAGs
[2024-01-06T14:36:24.252-0800] {logging_mixin.py:188} INFO - [2024-01-06T14:36:24.251-0800] {dag.py:3820} INFO - Setting next_dagrun for example_short_circuit_decorator to 2024-01-05T00:00:00+00:00, run_after=2024-01-06T00:00:00+00:00
[2024-01-06T14:36:24.271-0800] {processor.py:183} INFO - Processing /mnt/c/Users/victo/OneDrive/Desktop/fantasy_nba_dashboard/airflow_env/lib/python3.10/site-packages/airflow/example_dags/example_short_circuit_decorator.py took 0.091 seconds
[2024-01-06T14:36:55.488-0800] {processor.py:161} INFO - Started process (PID=10005) to work on /mnt/c/Users/victo/OneDrive/Desktop/fantasy_nba_dashboard/airflow_env/lib/python3.10/site-packages/airflow/example_dags/example_short_circuit_decorator.py
[2024-01-06T14:36:55.489-0800] {processor.py:830} INFO - Processing file /mnt/c/Users/victo/OneDrive/Desktop/fantasy_nba_dashboard/airflow_env/lib/python3.10/site-packages/airflow/example_dags/example_short_circuit_decorator.py for tasks to queue
[2024-01-06T14:36:55.489-0800] {logging_mixin.py:188} INFO - [2024-01-06T14:36:55.489-0800] {dagbag.py:538} INFO - Filling up the DagBag from /mnt/c/Users/victo/OneDrive/Desktop/fantasy_nba_dashboard/airflow_env/lib/python3.10/site-packages/airflow/example_dags/example_short_circuit_decorator.py
[2024-01-06T14:36:55.499-0800] {processor.py:840} INFO - DAG(s) 'example_short_circuit_decorator' retrieved from /mnt/c/Users/victo/OneDrive/Desktop/fantasy_nba_dashboard/airflow_env/lib/python3.10/site-packages/airflow/example_dags/example_short_circuit_decorator.py
[2024-01-06T14:36:55.529-0800] {logging_mixin.py:188} INFO - [2024-01-06T14:36:55.529-0800] {dag.py:3033} INFO - Sync 1 DAGs
[2024-01-06T14:36:55.547-0800] {logging_mixin.py:188} INFO - [2024-01-06T14:36:55.546-0800] {dag.py:3820} INFO - Setting next_dagrun for example_short_circuit_decorator to 2024-01-05T00:00:00+00:00, run_after=2024-01-06T00:00:00+00:00
[2024-01-06T14:36:55.562-0800] {processor.py:183} INFO - Processing /mnt/c/Users/victo/OneDrive/Desktop/fantasy_nba_dashboard/airflow_env/lib/python3.10/site-packages/airflow/example_dags/example_short_circuit_decorator.py took 0.078 seconds
[2024-01-06T14:37:26.109-0800] {processor.py:161} INFO - Started process (PID=10282) to work on /mnt/c/Users/victo/OneDrive/Desktop/fantasy_nba_dashboard/airflow_env/lib/python3.10/site-packages/airflow/example_dags/example_short_circuit_decorator.py
[2024-01-06T14:37:26.110-0800] {processor.py:830} INFO - Processing file /mnt/c/Users/victo/OneDrive/Desktop/fantasy_nba_dashboard/airflow_env/lib/python3.10/site-packages/airflow/example_dags/example_short_circuit_decorator.py for tasks to queue
[2024-01-06T14:37:26.111-0800] {logging_mixin.py:188} INFO - [2024-01-06T14:37:26.111-0800] {dagbag.py:538} INFO - Filling up the DagBag from /mnt/c/Users/victo/OneDrive/Desktop/fantasy_nba_dashboard/airflow_env/lib/python3.10/site-packages/airflow/example_dags/example_short_circuit_decorator.py
[2024-01-06T14:37:26.121-0800] {processor.py:840} INFO - DAG(s) 'example_short_circuit_decorator' retrieved from /mnt/c/Users/victo/OneDrive/Desktop/fantasy_nba_dashboard/airflow_env/lib/python3.10/site-packages/airflow/example_dags/example_short_circuit_decorator.py
[2024-01-06T14:37:26.152-0800] {logging_mixin.py:188} INFO - [2024-01-06T14:37:26.151-0800] {dag.py:3033} INFO - Sync 1 DAGs
[2024-01-06T14:37:26.169-0800] {logging_mixin.py:188} INFO - [2024-01-06T14:37:26.169-0800] {dag.py:3820} INFO - Setting next_dagrun for example_short_circuit_decorator to 2024-01-05T00:00:00+00:00, run_after=2024-01-06T00:00:00+00:00
[2024-01-06T14:37:26.183-0800] {processor.py:183} INFO - Processing /mnt/c/Users/victo/OneDrive/Desktop/fantasy_nba_dashboard/airflow_env/lib/python3.10/site-packages/airflow/example_dags/example_short_circuit_decorator.py took 0.077 seconds
[2024-01-06T14:37:56.849-0800] {processor.py:161} INFO - Started process (PID=10483) to work on /mnt/c/Users/victo/OneDrive/Desktop/fantasy_nba_dashboard/airflow_env/lib/python3.10/site-packages/airflow/example_dags/example_short_circuit_decorator.py
[2024-01-06T14:37:56.850-0800] {processor.py:830} INFO - Processing file /mnt/c/Users/victo/OneDrive/Desktop/fantasy_nba_dashboard/airflow_env/lib/python3.10/site-packages/airflow/example_dags/example_short_circuit_decorator.py for tasks to queue
[2024-01-06T14:37:56.851-0800] {logging_mixin.py:188} INFO - [2024-01-06T14:37:56.850-0800] {dagbag.py:538} INFO - Filling up the DagBag from /mnt/c/Users/victo/OneDrive/Desktop/fantasy_nba_dashboard/airflow_env/lib/python3.10/site-packages/airflow/example_dags/example_short_circuit_decorator.py
[2024-01-06T14:37:56.860-0800] {processor.py:840} INFO - DAG(s) 'example_short_circuit_decorator' retrieved from /mnt/c/Users/victo/OneDrive/Desktop/fantasy_nba_dashboard/airflow_env/lib/python3.10/site-packages/airflow/example_dags/example_short_circuit_decorator.py
[2024-01-06T14:37:56.889-0800] {logging_mixin.py:188} INFO - [2024-01-06T14:37:56.889-0800] {dag.py:3033} INFO - Sync 1 DAGs
[2024-01-06T14:37:56.907-0800] {logging_mixin.py:188} INFO - [2024-01-06T14:37:56.907-0800] {dag.py:3820} INFO - Setting next_dagrun for example_short_circuit_decorator to 2024-01-05T00:00:00+00:00, run_after=2024-01-06T00:00:00+00:00
[2024-01-06T14:37:56.921-0800] {processor.py:183} INFO - Processing /mnt/c/Users/victo/OneDrive/Desktop/fantasy_nba_dashboard/airflow_env/lib/python3.10/site-packages/airflow/example_dags/example_short_circuit_decorator.py took 0.075 seconds
[2024-01-06T14:38:27.517-0800] {processor.py:161} INFO - Started process (PID=10657) to work on /mnt/c/Users/victo/OneDrive/Desktop/fantasy_nba_dashboard/airflow_env/lib/python3.10/site-packages/airflow/example_dags/example_short_circuit_decorator.py
[2024-01-06T14:38:27.518-0800] {processor.py:830} INFO - Processing file /mnt/c/Users/victo/OneDrive/Desktop/fantasy_nba_dashboard/airflow_env/lib/python3.10/site-packages/airflow/example_dags/example_short_circuit_decorator.py for tasks to queue
[2024-01-06T14:38:27.518-0800] {logging_mixin.py:188} INFO - [2024-01-06T14:38:27.518-0800] {dagbag.py:538} INFO - Filling up the DagBag from /mnt/c/Users/victo/OneDrive/Desktop/fantasy_nba_dashboard/airflow_env/lib/python3.10/site-packages/airflow/example_dags/example_short_circuit_decorator.py
[2024-01-06T14:38:27.528-0800] {processor.py:840} INFO - DAG(s) 'example_short_circuit_decorator' retrieved from /mnt/c/Users/victo/OneDrive/Desktop/fantasy_nba_dashboard/airflow_env/lib/python3.10/site-packages/airflow/example_dags/example_short_circuit_decorator.py
[2024-01-06T14:38:27.557-0800] {logging_mixin.py:188} INFO - [2024-01-06T14:38:27.557-0800] {dag.py:3033} INFO - Sync 1 DAGs
[2024-01-06T14:38:27.574-0800] {logging_mixin.py:188} INFO - [2024-01-06T14:38:27.574-0800] {dag.py:3820} INFO - Setting next_dagrun for example_short_circuit_decorator to 2024-01-05T00:00:00+00:00, run_after=2024-01-06T00:00:00+00:00
[2024-01-06T14:38:27.590-0800] {processor.py:183} INFO - Processing /mnt/c/Users/victo/OneDrive/Desktop/fantasy_nba_dashboard/airflow_env/lib/python3.10/site-packages/airflow/example_dags/example_short_circuit_decorator.py took 0.078 seconds
[2024-01-06T14:38:58.565-0800] {processor.py:161} INFO - Started process (PID=10848) to work on /mnt/c/Users/victo/OneDrive/Desktop/fantasy_nba_dashboard/airflow_env/lib/python3.10/site-packages/airflow/example_dags/example_short_circuit_decorator.py
[2024-01-06T14:38:58.566-0800] {processor.py:830} INFO - Processing file /mnt/c/Users/victo/OneDrive/Desktop/fantasy_nba_dashboard/airflow_env/lib/python3.10/site-packages/airflow/example_dags/example_short_circuit_decorator.py for tasks to queue
[2024-01-06T14:38:58.566-0800] {logging_mixin.py:188} INFO - [2024-01-06T14:38:58.566-0800] {dagbag.py:538} INFO - Filling up the DagBag from /mnt/c/Users/victo/OneDrive/Desktop/fantasy_nba_dashboard/airflow_env/lib/python3.10/site-packages/airflow/example_dags/example_short_circuit_decorator.py
[2024-01-06T14:38:58.579-0800] {processor.py:840} INFO - DAG(s) 'example_short_circuit_decorator' retrieved from /mnt/c/Users/victo/OneDrive/Desktop/fantasy_nba_dashboard/airflow_env/lib/python3.10/site-packages/airflow/example_dags/example_short_circuit_decorator.py
[2024-01-06T14:38:58.611-0800] {logging_mixin.py:188} INFO - [2024-01-06T14:38:58.610-0800] {dag.py:3033} INFO - Sync 1 DAGs
[2024-01-06T14:38:58.630-0800] {logging_mixin.py:188} INFO - [2024-01-06T14:38:58.630-0800] {dag.py:3820} INFO - Setting next_dagrun for example_short_circuit_decorator to 2024-01-05T00:00:00+00:00, run_after=2024-01-06T00:00:00+00:00
[2024-01-06T14:38:58.644-0800] {processor.py:183} INFO - Processing /mnt/c/Users/victo/OneDrive/Desktop/fantasy_nba_dashboard/airflow_env/lib/python3.10/site-packages/airflow/example_dags/example_short_circuit_decorator.py took 0.084 seconds
[2024-01-06T14:39:29.160-0800] {processor.py:161} INFO - Started process (PID=11007) to work on /mnt/c/Users/victo/OneDrive/Desktop/fantasy_nba_dashboard/airflow_env/lib/python3.10/site-packages/airflow/example_dags/example_short_circuit_decorator.py
[2024-01-06T14:39:29.161-0800] {processor.py:830} INFO - Processing file /mnt/c/Users/victo/OneDrive/Desktop/fantasy_nba_dashboard/airflow_env/lib/python3.10/site-packages/airflow/example_dags/example_short_circuit_decorator.py for tasks to queue
[2024-01-06T14:39:29.161-0800] {logging_mixin.py:188} INFO - [2024-01-06T14:39:29.161-0800] {dagbag.py:538} INFO - Filling up the DagBag from /mnt/c/Users/victo/OneDrive/Desktop/fantasy_nba_dashboard/airflow_env/lib/python3.10/site-packages/airflow/example_dags/example_short_circuit_decorator.py
[2024-01-06T14:39:29.171-0800] {processor.py:840} INFO - DAG(s) 'example_short_circuit_decorator' retrieved from /mnt/c/Users/victo/OneDrive/Desktop/fantasy_nba_dashboard/airflow_env/lib/python3.10/site-packages/airflow/example_dags/example_short_circuit_decorator.py
[2024-01-06T14:39:29.201-0800] {logging_mixin.py:188} INFO - [2024-01-06T14:39:29.201-0800] {dag.py:3033} INFO - Sync 1 DAGs
[2024-01-06T14:39:29.219-0800] {logging_mixin.py:188} INFO - [2024-01-06T14:39:29.219-0800] {dag.py:3820} INFO - Setting next_dagrun for example_short_circuit_decorator to 2024-01-05T00:00:00+00:00, run_after=2024-01-06T00:00:00+00:00
[2024-01-06T14:39:29.233-0800] {processor.py:183} INFO - Processing /mnt/c/Users/victo/OneDrive/Desktop/fantasy_nba_dashboard/airflow_env/lib/python3.10/site-packages/airflow/example_dags/example_short_circuit_decorator.py took 0.077 seconds
[2024-01-06T14:39:59.967-0800] {processor.py:161} INFO - Started process (PID=11164) to work on /mnt/c/Users/victo/OneDrive/Desktop/fantasy_nba_dashboard/airflow_env/lib/python3.10/site-packages/airflow/example_dags/example_short_circuit_decorator.py
[2024-01-06T14:39:59.968-0800] {processor.py:830} INFO - Processing file /mnt/c/Users/victo/OneDrive/Desktop/fantasy_nba_dashboard/airflow_env/lib/python3.10/site-packages/airflow/example_dags/example_short_circuit_decorator.py for tasks to queue
[2024-01-06T14:39:59.969-0800] {logging_mixin.py:188} INFO - [2024-01-06T14:39:59.969-0800] {dagbag.py:538} INFO - Filling up the DagBag from /mnt/c/Users/victo/OneDrive/Desktop/fantasy_nba_dashboard/airflow_env/lib/python3.10/site-packages/airflow/example_dags/example_short_circuit_decorator.py
[2024-01-06T14:39:59.978-0800] {processor.py:840} INFO - DAG(s) 'example_short_circuit_decorator' retrieved from /mnt/c/Users/victo/OneDrive/Desktop/fantasy_nba_dashboard/airflow_env/lib/python3.10/site-packages/airflow/example_dags/example_short_circuit_decorator.py
[2024-01-06T14:40:00.007-0800] {logging_mixin.py:188} INFO - [2024-01-06T14:40:00.007-0800] {dag.py:3033} INFO - Sync 1 DAGs
[2024-01-06T14:40:00.025-0800] {logging_mixin.py:188} INFO - [2024-01-06T14:40:00.024-0800] {dag.py:3820} INFO - Setting next_dagrun for example_short_circuit_decorator to 2024-01-05T00:00:00+00:00, run_after=2024-01-06T00:00:00+00:00
[2024-01-06T14:40:00.038-0800] {processor.py:183} INFO - Processing /mnt/c/Users/victo/OneDrive/Desktop/fantasy_nba_dashboard/airflow_env/lib/python3.10/site-packages/airflow/example_dags/example_short_circuit_decorator.py took 0.075 seconds
[2024-01-06T14:40:30.696-0800] {processor.py:161} INFO - Started process (PID=11318) to work on /mnt/c/Users/victo/OneDrive/Desktop/fantasy_nba_dashboard/airflow_env/lib/python3.10/site-packages/airflow/example_dags/example_short_circuit_decorator.py
[2024-01-06T14:40:30.697-0800] {processor.py:830} INFO - Processing file /mnt/c/Users/victo/OneDrive/Desktop/fantasy_nba_dashboard/airflow_env/lib/python3.10/site-packages/airflow/example_dags/example_short_circuit_decorator.py for tasks to queue
[2024-01-06T14:40:30.698-0800] {logging_mixin.py:188} INFO - [2024-01-06T14:40:30.698-0800] {dagbag.py:538} INFO - Filling up the DagBag from /mnt/c/Users/victo/OneDrive/Desktop/fantasy_nba_dashboard/airflow_env/lib/python3.10/site-packages/airflow/example_dags/example_short_circuit_decorator.py
[2024-01-06T14:40:30.708-0800] {processor.py:840} INFO - DAG(s) 'example_short_circuit_decorator' retrieved from /mnt/c/Users/victo/OneDrive/Desktop/fantasy_nba_dashboard/airflow_env/lib/python3.10/site-packages/airflow/example_dags/example_short_circuit_decorator.py
[2024-01-06T14:40:30.739-0800] {logging_mixin.py:188} INFO - [2024-01-06T14:40:30.738-0800] {dag.py:3033} INFO - Sync 1 DAGs
[2024-01-06T14:40:30.756-0800] {logging_mixin.py:188} INFO - [2024-01-06T14:40:30.756-0800] {dag.py:3820} INFO - Setting next_dagrun for example_short_circuit_decorator to 2024-01-05T00:00:00+00:00, run_after=2024-01-06T00:00:00+00:00
[2024-01-06T14:40:30.770-0800] {processor.py:183} INFO - Processing /mnt/c/Users/victo/OneDrive/Desktop/fantasy_nba_dashboard/airflow_env/lib/python3.10/site-packages/airflow/example_dags/example_short_circuit_decorator.py took 0.078 seconds
[2024-01-06T14:41:01.638-0800] {processor.py:161} INFO - Started process (PID=11503) to work on /mnt/c/Users/victo/OneDrive/Desktop/fantasy_nba_dashboard/airflow_env/lib/python3.10/site-packages/airflow/example_dags/example_short_circuit_decorator.py
[2024-01-06T14:41:01.639-0800] {processor.py:830} INFO - Processing file /mnt/c/Users/victo/OneDrive/Desktop/fantasy_nba_dashboard/airflow_env/lib/python3.10/site-packages/airflow/example_dags/example_short_circuit_decorator.py for tasks to queue
[2024-01-06T14:41:01.640-0800] {logging_mixin.py:188} INFO - [2024-01-06T14:41:01.639-0800] {dagbag.py:538} INFO - Filling up the DagBag from /mnt/c/Users/victo/OneDrive/Desktop/fantasy_nba_dashboard/airflow_env/lib/python3.10/site-packages/airflow/example_dags/example_short_circuit_decorator.py
[2024-01-06T14:41:01.650-0800] {processor.py:840} INFO - DAG(s) 'example_short_circuit_decorator' retrieved from /mnt/c/Users/victo/OneDrive/Desktop/fantasy_nba_dashboard/airflow_env/lib/python3.10/site-packages/airflow/example_dags/example_short_circuit_decorator.py
[2024-01-06T14:41:01.680-0800] {logging_mixin.py:188} INFO - [2024-01-06T14:41:01.679-0800] {dag.py:3033} INFO - Sync 1 DAGs
[2024-01-06T14:41:01.697-0800] {logging_mixin.py:188} INFO - [2024-01-06T14:41:01.697-0800] {dag.py:3820} INFO - Setting next_dagrun for example_short_circuit_decorator to 2024-01-05T00:00:00+00:00, run_after=2024-01-06T00:00:00+00:00
[2024-01-06T14:41:01.712-0800] {processor.py:183} INFO - Processing /mnt/c/Users/victo/OneDrive/Desktop/fantasy_nba_dashboard/airflow_env/lib/python3.10/site-packages/airflow/example_dags/example_short_circuit_decorator.py took 0.078 seconds
