[2024-01-06T14:24:44.618-0800] {processor.py:161} INFO - Started process (PID=7141) to work on /mnt/c/Users/victo/OneDrive/Desktop/fantasy_nba_dashboard/airflow_env/lib/python3.10/site-packages/airflow/example_dags/example_branch_day_of_week_operator.py
[2024-01-06T14:24:44.619-0800] {processor.py:830} INFO - Processing file /mnt/c/Users/victo/OneDrive/Desktop/fantasy_nba_dashboard/airflow_env/lib/python3.10/site-packages/airflow/example_dags/example_branch_day_of_week_operator.py for tasks to queue
[2024-01-06T14:24:44.619-0800] {logging_mixin.py:188} INFO - [2024-01-06T14:24:44.619-0800] {dagbag.py:538} INFO - Filling up the DagBag from /mnt/c/Users/victo/OneDrive/Desktop/fantasy_nba_dashboard/airflow_env/lib/python3.10/site-packages/airflow/example_dags/example_branch_day_of_week_operator.py
[2024-01-06T14:24:44.627-0800] {processor.py:840} INFO - DAG(s) 'example_weekday_branch_operator' retrieved from /mnt/c/Users/victo/OneDrive/Desktop/fantasy_nba_dashboard/airflow_env/lib/python3.10/site-packages/airflow/example_dags/example_branch_day_of_week_operator.py
[2024-01-06T14:24:44.731-0800] {logging_mixin.py:188} INFO - [2024-01-06T14:24:44.731-0800] {dag.py:3033} INFO - Sync 1 DAGs
[2024-01-06T14:24:44.746-0800] {logging_mixin.py:188} INFO - [2024-01-06T14:24:44.746-0800] {dag.py:3820} INFO - Setting next_dagrun for example_weekday_branch_operator to 2024-01-05T00:00:00+00:00, run_after=2024-01-06T00:00:00+00:00
[2024-01-06T14:24:44.760-0800] {processor.py:183} INFO - Processing /mnt/c/Users/victo/OneDrive/Desktop/fantasy_nba_dashboard/airflow_env/lib/python3.10/site-packages/airflow/example_dags/example_branch_day_of_week_operator.py took 0.147 seconds
[2024-01-06T14:25:15.213-0800] {processor.py:161} INFO - Started process (PID=7301) to work on /mnt/c/Users/victo/OneDrive/Desktop/fantasy_nba_dashboard/airflow_env/lib/python3.10/site-packages/airflow/example_dags/example_branch_day_of_week_operator.py
[2024-01-06T14:25:15.214-0800] {processor.py:830} INFO - Processing file /mnt/c/Users/victo/OneDrive/Desktop/fantasy_nba_dashboard/airflow_env/lib/python3.10/site-packages/airflow/example_dags/example_branch_day_of_week_operator.py for tasks to queue
[2024-01-06T14:25:15.215-0800] {logging_mixin.py:188} INFO - [2024-01-06T14:25:15.215-0800] {dagbag.py:538} INFO - Filling up the DagBag from /mnt/c/Users/victo/OneDrive/Desktop/fantasy_nba_dashboard/airflow_env/lib/python3.10/site-packages/airflow/example_dags/example_branch_day_of_week_operator.py
[2024-01-06T14:25:15.222-0800] {processor.py:840} INFO - DAG(s) 'example_weekday_branch_operator' retrieved from /mnt/c/Users/victo/OneDrive/Desktop/fantasy_nba_dashboard/airflow_env/lib/python3.10/site-packages/airflow/example_dags/example_branch_day_of_week_operator.py
[2024-01-06T14:25:15.251-0800] {logging_mixin.py:188} INFO - [2024-01-06T14:25:15.251-0800] {dag.py:3033} INFO - Sync 1 DAGs
[2024-01-06T14:25:15.268-0800] {logging_mixin.py:188} INFO - [2024-01-06T14:25:15.268-0800] {dag.py:3820} INFO - Setting next_dagrun for example_weekday_branch_operator to 2024-01-05T00:00:00+00:00, run_after=2024-01-06T00:00:00+00:00
[2024-01-06T14:25:15.280-0800] {processor.py:183} INFO - Processing /mnt/c/Users/victo/OneDrive/Desktop/fantasy_nba_dashboard/airflow_env/lib/python3.10/site-packages/airflow/example_dags/example_branch_day_of_week_operator.py took 0.071 seconds
[2024-01-06T14:25:45.461-0800] {processor.py:161} INFO - Started process (PID=7552) to work on /mnt/c/Users/victo/OneDrive/Desktop/fantasy_nba_dashboard/airflow_env/lib/python3.10/site-packages/airflow/example_dags/example_branch_day_of_week_operator.py
[2024-01-06T14:25:45.462-0800] {processor.py:830} INFO - Processing file /mnt/c/Users/victo/OneDrive/Desktop/fantasy_nba_dashboard/airflow_env/lib/python3.10/site-packages/airflow/example_dags/example_branch_day_of_week_operator.py for tasks to queue
[2024-01-06T14:25:45.463-0800] {logging_mixin.py:188} INFO - [2024-01-06T14:25:45.463-0800] {dagbag.py:538} INFO - Filling up the DagBag from /mnt/c/Users/victo/OneDrive/Desktop/fantasy_nba_dashboard/airflow_env/lib/python3.10/site-packages/airflow/example_dags/example_branch_day_of_week_operator.py
[2024-01-06T14:25:45.471-0800] {processor.py:840} INFO - DAG(s) 'example_weekday_branch_operator' retrieved from /mnt/c/Users/victo/OneDrive/Desktop/fantasy_nba_dashboard/airflow_env/lib/python3.10/site-packages/airflow/example_dags/example_branch_day_of_week_operator.py
[2024-01-06T14:25:45.504-0800] {logging_mixin.py:188} INFO - [2024-01-06T14:25:45.503-0800] {dag.py:3033} INFO - Sync 1 DAGs
[2024-01-06T14:25:45.521-0800] {logging_mixin.py:188} INFO - [2024-01-06T14:25:45.521-0800] {dag.py:3820} INFO - Setting next_dagrun for example_weekday_branch_operator to 2024-01-05T00:00:00+00:00, run_after=2024-01-06T00:00:00+00:00
[2024-01-06T14:25:45.536-0800] {processor.py:183} INFO - Processing /mnt/c/Users/victo/OneDrive/Desktop/fantasy_nba_dashboard/airflow_env/lib/python3.10/site-packages/airflow/example_dags/example_branch_day_of_week_operator.py took 0.078 seconds
[2024-01-06T14:26:15.623-0800] {processor.py:161} INFO - Started process (PID=8087) to work on /mnt/c/Users/victo/OneDrive/Desktop/fantasy_nba_dashboard/airflow_env/lib/python3.10/site-packages/airflow/example_dags/example_branch_day_of_week_operator.py
[2024-01-06T14:26:15.624-0800] {processor.py:830} INFO - Processing file /mnt/c/Users/victo/OneDrive/Desktop/fantasy_nba_dashboard/airflow_env/lib/python3.10/site-packages/airflow/example_dags/example_branch_day_of_week_operator.py for tasks to queue
[2024-01-06T14:26:15.625-0800] {logging_mixin.py:188} INFO - [2024-01-06T14:26:15.625-0800] {dagbag.py:538} INFO - Filling up the DagBag from /mnt/c/Users/victo/OneDrive/Desktop/fantasy_nba_dashboard/airflow_env/lib/python3.10/site-packages/airflow/example_dags/example_branch_day_of_week_operator.py
[2024-01-06T14:26:15.632-0800] {processor.py:840} INFO - DAG(s) 'example_weekday_branch_operator' retrieved from /mnt/c/Users/victo/OneDrive/Desktop/fantasy_nba_dashboard/airflow_env/lib/python3.10/site-packages/airflow/example_dags/example_branch_day_of_week_operator.py
[2024-01-06T14:26:15.660-0800] {logging_mixin.py:188} INFO - [2024-01-06T14:26:15.660-0800] {dag.py:3033} INFO - Sync 1 DAGs
[2024-01-06T14:26:15.677-0800] {logging_mixin.py:188} INFO - [2024-01-06T14:26:15.676-0800] {dag.py:3820} INFO - Setting next_dagrun for example_weekday_branch_operator to 2024-01-05T00:00:00+00:00, run_after=2024-01-06T00:00:00+00:00
[2024-01-06T14:26:15.693-0800] {processor.py:183} INFO - Processing /mnt/c/Users/victo/OneDrive/Desktop/fantasy_nba_dashboard/airflow_env/lib/python3.10/site-packages/airflow/example_dags/example_branch_day_of_week_operator.py took 0.073 seconds
[2024-01-06T14:35:55.828-0800] {processor.py:161} INFO - Started process (PID=9596) to work on /mnt/c/Users/victo/OneDrive/Desktop/fantasy_nba_dashboard/airflow_env/lib/python3.10/site-packages/airflow/example_dags/example_branch_day_of_week_operator.py
[2024-01-06T14:35:55.829-0800] {processor.py:830} INFO - Processing file /mnt/c/Users/victo/OneDrive/Desktop/fantasy_nba_dashboard/airflow_env/lib/python3.10/site-packages/airflow/example_dags/example_branch_day_of_week_operator.py for tasks to queue
[2024-01-06T14:35:55.830-0800] {logging_mixin.py:188} INFO - [2024-01-06T14:35:55.830-0800] {dagbag.py:538} INFO - Filling up the DagBag from /mnt/c/Users/victo/OneDrive/Desktop/fantasy_nba_dashboard/airflow_env/lib/python3.10/site-packages/airflow/example_dags/example_branch_day_of_week_operator.py
[2024-01-06T14:35:55.838-0800] {processor.py:840} INFO - DAG(s) 'example_weekday_branch_operator' retrieved from /mnt/c/Users/victo/OneDrive/Desktop/fantasy_nba_dashboard/airflow_env/lib/python3.10/site-packages/airflow/example_dags/example_branch_day_of_week_operator.py
[2024-01-06T14:35:55.869-0800] {logging_mixin.py:188} INFO - [2024-01-06T14:35:55.869-0800] {dag.py:3033} INFO - Sync 1 DAGs
[2024-01-06T14:35:55.887-0800] {logging_mixin.py:188} INFO - [2024-01-06T14:35:55.887-0800] {dag.py:3820} INFO - Setting next_dagrun for example_weekday_branch_operator to 2024-01-05T00:00:00+00:00, run_after=2024-01-06T00:00:00+00:00
[2024-01-06T14:35:55.900-0800] {processor.py:183} INFO - Processing /mnt/c/Users/victo/OneDrive/Desktop/fantasy_nba_dashboard/airflow_env/lib/python3.10/site-packages/airflow/example_dags/example_branch_day_of_week_operator.py took 0.076 seconds
[2024-01-06T14:36:26.843-0800] {processor.py:161} INFO - Started process (PID=9780) to work on /mnt/c/Users/victo/OneDrive/Desktop/fantasy_nba_dashboard/airflow_env/lib/python3.10/site-packages/airflow/example_dags/example_branch_day_of_week_operator.py
[2024-01-06T14:36:26.844-0800] {processor.py:830} INFO - Processing file /mnt/c/Users/victo/OneDrive/Desktop/fantasy_nba_dashboard/airflow_env/lib/python3.10/site-packages/airflow/example_dags/example_branch_day_of_week_operator.py for tasks to queue
[2024-01-06T14:36:26.845-0800] {logging_mixin.py:188} INFO - [2024-01-06T14:36:26.845-0800] {dagbag.py:538} INFO - Filling up the DagBag from /mnt/c/Users/victo/OneDrive/Desktop/fantasy_nba_dashboard/airflow_env/lib/python3.10/site-packages/airflow/example_dags/example_branch_day_of_week_operator.py
[2024-01-06T14:36:26.852-0800] {processor.py:840} INFO - DAG(s) 'example_weekday_branch_operator' retrieved from /mnt/c/Users/victo/OneDrive/Desktop/fantasy_nba_dashboard/airflow_env/lib/python3.10/site-packages/airflow/example_dags/example_branch_day_of_week_operator.py
[2024-01-06T14:36:26.881-0800] {logging_mixin.py:188} INFO - [2024-01-06T14:36:26.881-0800] {dag.py:3033} INFO - Sync 1 DAGs
[2024-01-06T14:36:26.897-0800] {logging_mixin.py:188} INFO - [2024-01-06T14:36:26.897-0800] {dag.py:3820} INFO - Setting next_dagrun for example_weekday_branch_operator to 2024-01-05T00:00:00+00:00, run_after=2024-01-06T00:00:00+00:00
[2024-01-06T14:36:26.910-0800] {processor.py:183} INFO - Processing /mnt/c/Users/victo/OneDrive/Desktop/fantasy_nba_dashboard/airflow_env/lib/python3.10/site-packages/airflow/example_dags/example_branch_day_of_week_operator.py took 0.070 seconds
[2024-01-06T14:36:57.805-0800] {processor.py:161} INFO - Started process (PID=10059) to work on /mnt/c/Users/victo/OneDrive/Desktop/fantasy_nba_dashboard/airflow_env/lib/python3.10/site-packages/airflow/example_dags/example_branch_day_of_week_operator.py
[2024-01-06T14:36:57.806-0800] {processor.py:830} INFO - Processing file /mnt/c/Users/victo/OneDrive/Desktop/fantasy_nba_dashboard/airflow_env/lib/python3.10/site-packages/airflow/example_dags/example_branch_day_of_week_operator.py for tasks to queue
[2024-01-06T14:36:57.806-0800] {logging_mixin.py:188} INFO - [2024-01-06T14:36:57.806-0800] {dagbag.py:538} INFO - Filling up the DagBag from /mnt/c/Users/victo/OneDrive/Desktop/fantasy_nba_dashboard/airflow_env/lib/python3.10/site-packages/airflow/example_dags/example_branch_day_of_week_operator.py
[2024-01-06T14:36:57.814-0800] {processor.py:840} INFO - DAG(s) 'example_weekday_branch_operator' retrieved from /mnt/c/Users/victo/OneDrive/Desktop/fantasy_nba_dashboard/airflow_env/lib/python3.10/site-packages/airflow/example_dags/example_branch_day_of_week_operator.py
[2024-01-06T14:36:57.842-0800] {logging_mixin.py:188} INFO - [2024-01-06T14:36:57.842-0800] {dag.py:3033} INFO - Sync 1 DAGs
[2024-01-06T14:36:57.858-0800] {logging_mixin.py:188} INFO - [2024-01-06T14:36:57.858-0800] {dag.py:3820} INFO - Setting next_dagrun for example_weekday_branch_operator to 2024-01-05T00:00:00+00:00, run_after=2024-01-06T00:00:00+00:00
[2024-01-06T14:36:57.870-0800] {processor.py:183} INFO - Processing /mnt/c/Users/victo/OneDrive/Desktop/fantasy_nba_dashboard/airflow_env/lib/python3.10/site-packages/airflow/example_dags/example_branch_day_of_week_operator.py took 0.069 seconds
[2024-01-06T14:37:28.505-0800] {processor.py:161} INFO - Started process (PID=10382) to work on /mnt/c/Users/victo/OneDrive/Desktop/fantasy_nba_dashboard/airflow_env/lib/python3.10/site-packages/airflow/example_dags/example_branch_day_of_week_operator.py
[2024-01-06T14:37:28.506-0800] {processor.py:830} INFO - Processing file /mnt/c/Users/victo/OneDrive/Desktop/fantasy_nba_dashboard/airflow_env/lib/python3.10/site-packages/airflow/example_dags/example_branch_day_of_week_operator.py for tasks to queue
[2024-01-06T14:37:28.506-0800] {logging_mixin.py:188} INFO - [2024-01-06T14:37:28.506-0800] {dagbag.py:538} INFO - Filling up the DagBag from /mnt/c/Users/victo/OneDrive/Desktop/fantasy_nba_dashboard/airflow_env/lib/python3.10/site-packages/airflow/example_dags/example_branch_day_of_week_operator.py
[2024-01-06T14:37:28.514-0800] {processor.py:840} INFO - DAG(s) 'example_weekday_branch_operator' retrieved from /mnt/c/Users/victo/OneDrive/Desktop/fantasy_nba_dashboard/airflow_env/lib/python3.10/site-packages/airflow/example_dags/example_branch_day_of_week_operator.py
[2024-01-06T14:37:28.543-0800] {logging_mixin.py:188} INFO - [2024-01-06T14:37:28.543-0800] {dag.py:3033} INFO - Sync 1 DAGs
[2024-01-06T14:37:28.560-0800] {logging_mixin.py:188} INFO - [2024-01-06T14:37:28.560-0800] {dag.py:3820} INFO - Setting next_dagrun for example_weekday_branch_operator to 2024-01-05T00:00:00+00:00, run_after=2024-01-06T00:00:00+00:00
[2024-01-06T14:37:28.576-0800] {processor.py:183} INFO - Processing /mnt/c/Users/victo/OneDrive/Desktop/fantasy_nba_dashboard/airflow_env/lib/python3.10/site-packages/airflow/example_dags/example_branch_day_of_week_operator.py took 0.076 seconds
[2024-01-06T14:37:59.191-0800] {processor.py:161} INFO - Started process (PID=10536) to work on /mnt/c/Users/victo/OneDrive/Desktop/fantasy_nba_dashboard/airflow_env/lib/python3.10/site-packages/airflow/example_dags/example_branch_day_of_week_operator.py
[2024-01-06T14:37:59.192-0800] {processor.py:830} INFO - Processing file /mnt/c/Users/victo/OneDrive/Desktop/fantasy_nba_dashboard/airflow_env/lib/python3.10/site-packages/airflow/example_dags/example_branch_day_of_week_operator.py for tasks to queue
[2024-01-06T14:37:59.193-0800] {logging_mixin.py:188} INFO - [2024-01-06T14:37:59.193-0800] {dagbag.py:538} INFO - Filling up the DagBag from /mnt/c/Users/victo/OneDrive/Desktop/fantasy_nba_dashboard/airflow_env/lib/python3.10/site-packages/airflow/example_dags/example_branch_day_of_week_operator.py
[2024-01-06T14:37:59.200-0800] {processor.py:840} INFO - DAG(s) 'example_weekday_branch_operator' retrieved from /mnt/c/Users/victo/OneDrive/Desktop/fantasy_nba_dashboard/airflow_env/lib/python3.10/site-packages/airflow/example_dags/example_branch_day_of_week_operator.py
[2024-01-06T14:37:59.230-0800] {logging_mixin.py:188} INFO - [2024-01-06T14:37:59.230-0800] {dag.py:3033} INFO - Sync 1 DAGs
[2024-01-06T14:37:59.247-0800] {logging_mixin.py:188} INFO - [2024-01-06T14:37:59.246-0800] {dag.py:3820} INFO - Setting next_dagrun for example_weekday_branch_operator to 2024-01-05T00:00:00+00:00, run_after=2024-01-06T00:00:00+00:00
[2024-01-06T14:37:59.263-0800] {processor.py:183} INFO - Processing /mnt/c/Users/victo/OneDrive/Desktop/fantasy_nba_dashboard/airflow_env/lib/python3.10/site-packages/airflow/example_dags/example_branch_day_of_week_operator.py took 0.076 seconds
[2024-01-06T14:38:29.923-0800] {processor.py:161} INFO - Started process (PID=10710) to work on /mnt/c/Users/victo/OneDrive/Desktop/fantasy_nba_dashboard/airflow_env/lib/python3.10/site-packages/airflow/example_dags/example_branch_day_of_week_operator.py
[2024-01-06T14:38:29.924-0800] {processor.py:830} INFO - Processing file /mnt/c/Users/victo/OneDrive/Desktop/fantasy_nba_dashboard/airflow_env/lib/python3.10/site-packages/airflow/example_dags/example_branch_day_of_week_operator.py for tasks to queue
[2024-01-06T14:38:29.925-0800] {logging_mixin.py:188} INFO - [2024-01-06T14:38:29.924-0800] {dagbag.py:538} INFO - Filling up the DagBag from /mnt/c/Users/victo/OneDrive/Desktop/fantasy_nba_dashboard/airflow_env/lib/python3.10/site-packages/airflow/example_dags/example_branch_day_of_week_operator.py
[2024-01-06T14:38:29.932-0800] {processor.py:840} INFO - DAG(s) 'example_weekday_branch_operator' retrieved from /mnt/c/Users/victo/OneDrive/Desktop/fantasy_nba_dashboard/airflow_env/lib/python3.10/site-packages/airflow/example_dags/example_branch_day_of_week_operator.py
[2024-01-06T14:38:29.960-0800] {logging_mixin.py:188} INFO - [2024-01-06T14:38:29.960-0800] {dag.py:3033} INFO - Sync 1 DAGs
[2024-01-06T14:38:29.977-0800] {logging_mixin.py:188} INFO - [2024-01-06T14:38:29.976-0800] {dag.py:3820} INFO - Setting next_dagrun for example_weekday_branch_operator to 2024-01-05T00:00:00+00:00, run_after=2024-01-06T00:00:00+00:00
[2024-01-06T14:38:29.994-0800] {processor.py:183} INFO - Processing /mnt/c/Users/victo/OneDrive/Desktop/fantasy_nba_dashboard/airflow_env/lib/python3.10/site-packages/airflow/example_dags/example_branch_day_of_week_operator.py took 0.075 seconds
[2024-01-06T14:39:00.827-0800] {processor.py:161} INFO - Started process (PID=10901) to work on /mnt/c/Users/victo/OneDrive/Desktop/fantasy_nba_dashboard/airflow_env/lib/python3.10/site-packages/airflow/example_dags/example_branch_day_of_week_operator.py
[2024-01-06T14:39:00.828-0800] {processor.py:830} INFO - Processing file /mnt/c/Users/victo/OneDrive/Desktop/fantasy_nba_dashboard/airflow_env/lib/python3.10/site-packages/airflow/example_dags/example_branch_day_of_week_operator.py for tasks to queue
[2024-01-06T14:39:00.829-0800] {logging_mixin.py:188} INFO - [2024-01-06T14:39:00.829-0800] {dagbag.py:538} INFO - Filling up the DagBag from /mnt/c/Users/victo/OneDrive/Desktop/fantasy_nba_dashboard/airflow_env/lib/python3.10/site-packages/airflow/example_dags/example_branch_day_of_week_operator.py
[2024-01-06T14:39:00.836-0800] {processor.py:840} INFO - DAG(s) 'example_weekday_branch_operator' retrieved from /mnt/c/Users/victo/OneDrive/Desktop/fantasy_nba_dashboard/airflow_env/lib/python3.10/site-packages/airflow/example_dags/example_branch_day_of_week_operator.py
[2024-01-06T14:39:00.866-0800] {logging_mixin.py:188} INFO - [2024-01-06T14:39:00.865-0800] {dag.py:3033} INFO - Sync 1 DAGs
[2024-01-06T14:39:00.886-0800] {logging_mixin.py:188} INFO - [2024-01-06T14:39:00.886-0800] {dag.py:3820} INFO - Setting next_dagrun for example_weekday_branch_operator to 2024-01-05T00:00:00+00:00, run_after=2024-01-06T00:00:00+00:00
[2024-01-06T14:39:00.899-0800] {processor.py:183} INFO - Processing /mnt/c/Users/victo/OneDrive/Desktop/fantasy_nba_dashboard/airflow_env/lib/python3.10/site-packages/airflow/example_dags/example_branch_day_of_week_operator.py took 0.075 seconds
[2024-01-06T14:39:31.505-0800] {processor.py:161} INFO - Started process (PID=11060) to work on /mnt/c/Users/victo/OneDrive/Desktop/fantasy_nba_dashboard/airflow_env/lib/python3.10/site-packages/airflow/example_dags/example_branch_day_of_week_operator.py
[2024-01-06T14:39:31.506-0800] {processor.py:830} INFO - Processing file /mnt/c/Users/victo/OneDrive/Desktop/fantasy_nba_dashboard/airflow_env/lib/python3.10/site-packages/airflow/example_dags/example_branch_day_of_week_operator.py for tasks to queue
[2024-01-06T14:39:31.507-0800] {logging_mixin.py:188} INFO - [2024-01-06T14:39:31.506-0800] {dagbag.py:538} INFO - Filling up the DagBag from /mnt/c/Users/victo/OneDrive/Desktop/fantasy_nba_dashboard/airflow_env/lib/python3.10/site-packages/airflow/example_dags/example_branch_day_of_week_operator.py
[2024-01-06T14:39:31.514-0800] {processor.py:840} INFO - DAG(s) 'example_weekday_branch_operator' retrieved from /mnt/c/Users/victo/OneDrive/Desktop/fantasy_nba_dashboard/airflow_env/lib/python3.10/site-packages/airflow/example_dags/example_branch_day_of_week_operator.py
[2024-01-06T14:39:31.542-0800] {logging_mixin.py:188} INFO - [2024-01-06T14:39:31.542-0800] {dag.py:3033} INFO - Sync 1 DAGs
[2024-01-06T14:39:31.559-0800] {logging_mixin.py:188} INFO - [2024-01-06T14:39:31.559-0800] {dag.py:3820} INFO - Setting next_dagrun for example_weekday_branch_operator to 2024-01-05T00:00:00+00:00, run_after=2024-01-06T00:00:00+00:00
[2024-01-06T14:39:31.573-0800] {processor.py:183} INFO - Processing /mnt/c/Users/victo/OneDrive/Desktop/fantasy_nba_dashboard/airflow_env/lib/python3.10/site-packages/airflow/example_dags/example_branch_day_of_week_operator.py took 0.072 seconds
[2024-01-06T14:40:02.284-0800] {processor.py:161} INFO - Started process (PID=11217) to work on /mnt/c/Users/victo/OneDrive/Desktop/fantasy_nba_dashboard/airflow_env/lib/python3.10/site-packages/airflow/example_dags/example_branch_day_of_week_operator.py
[2024-01-06T14:40:02.285-0800] {processor.py:830} INFO - Processing file /mnt/c/Users/victo/OneDrive/Desktop/fantasy_nba_dashboard/airflow_env/lib/python3.10/site-packages/airflow/example_dags/example_branch_day_of_week_operator.py for tasks to queue
[2024-01-06T14:40:02.286-0800] {logging_mixin.py:188} INFO - [2024-01-06T14:40:02.286-0800] {dagbag.py:538} INFO - Filling up the DagBag from /mnt/c/Users/victo/OneDrive/Desktop/fantasy_nba_dashboard/airflow_env/lib/python3.10/site-packages/airflow/example_dags/example_branch_day_of_week_operator.py
[2024-01-06T14:40:02.293-0800] {processor.py:840} INFO - DAG(s) 'example_weekday_branch_operator' retrieved from /mnt/c/Users/victo/OneDrive/Desktop/fantasy_nba_dashboard/airflow_env/lib/python3.10/site-packages/airflow/example_dags/example_branch_day_of_week_operator.py
[2024-01-06T14:40:02.321-0800] {logging_mixin.py:188} INFO - [2024-01-06T14:40:02.321-0800] {dag.py:3033} INFO - Sync 1 DAGs
[2024-01-06T14:40:02.337-0800] {logging_mixin.py:188} INFO - [2024-01-06T14:40:02.337-0800] {dag.py:3820} INFO - Setting next_dagrun for example_weekday_branch_operator to 2024-01-05T00:00:00+00:00, run_after=2024-01-06T00:00:00+00:00
[2024-01-06T14:40:02.353-0800] {processor.py:183} INFO - Processing /mnt/c/Users/victo/OneDrive/Desktop/fantasy_nba_dashboard/airflow_env/lib/python3.10/site-packages/airflow/example_dags/example_branch_day_of_week_operator.py took 0.073 seconds
[2024-01-06T14:40:33.129-0800] {processor.py:161} INFO - Started process (PID=11375) to work on /mnt/c/Users/victo/OneDrive/Desktop/fantasy_nba_dashboard/airflow_env/lib/python3.10/site-packages/airflow/example_dags/example_branch_day_of_week_operator.py
[2024-01-06T14:40:33.130-0800] {processor.py:830} INFO - Processing file /mnt/c/Users/victo/OneDrive/Desktop/fantasy_nba_dashboard/airflow_env/lib/python3.10/site-packages/airflow/example_dags/example_branch_day_of_week_operator.py for tasks to queue
[2024-01-06T14:40:33.130-0800] {logging_mixin.py:188} INFO - [2024-01-06T14:40:33.130-0800] {dagbag.py:538} INFO - Filling up the DagBag from /mnt/c/Users/victo/OneDrive/Desktop/fantasy_nba_dashboard/airflow_env/lib/python3.10/site-packages/airflow/example_dags/example_branch_day_of_week_operator.py
[2024-01-06T14:40:33.138-0800] {processor.py:840} INFO - DAG(s) 'example_weekday_branch_operator' retrieved from /mnt/c/Users/victo/OneDrive/Desktop/fantasy_nba_dashboard/airflow_env/lib/python3.10/site-packages/airflow/example_dags/example_branch_day_of_week_operator.py
[2024-01-06T14:40:33.169-0800] {logging_mixin.py:188} INFO - [2024-01-06T14:40:33.169-0800] {dag.py:3033} INFO - Sync 1 DAGs
[2024-01-06T14:40:33.187-0800] {logging_mixin.py:188} INFO - [2024-01-06T14:40:33.187-0800] {dag.py:3820} INFO - Setting next_dagrun for example_weekday_branch_operator to 2024-01-05T00:00:00+00:00, run_after=2024-01-06T00:00:00+00:00
[2024-01-06T14:40:33.201-0800] {processor.py:183} INFO - Processing /mnt/c/Users/victo/OneDrive/Desktop/fantasy_nba_dashboard/airflow_env/lib/python3.10/site-packages/airflow/example_dags/example_branch_day_of_week_operator.py took 0.076 seconds
[2024-01-06T14:41:04.014-0800] {processor.py:161} INFO - Started process (PID=11559) to work on /mnt/c/Users/victo/OneDrive/Desktop/fantasy_nba_dashboard/airflow_env/lib/python3.10/site-packages/airflow/example_dags/example_branch_day_of_week_operator.py
[2024-01-06T14:41:04.015-0800] {processor.py:830} INFO - Processing file /mnt/c/Users/victo/OneDrive/Desktop/fantasy_nba_dashboard/airflow_env/lib/python3.10/site-packages/airflow/example_dags/example_branch_day_of_week_operator.py for tasks to queue
[2024-01-06T14:41:04.016-0800] {logging_mixin.py:188} INFO - [2024-01-06T14:41:04.016-0800] {dagbag.py:538} INFO - Filling up the DagBag from /mnt/c/Users/victo/OneDrive/Desktop/fantasy_nba_dashboard/airflow_env/lib/python3.10/site-packages/airflow/example_dags/example_branch_day_of_week_operator.py
[2024-01-06T14:41:04.023-0800] {processor.py:840} INFO - DAG(s) 'example_weekday_branch_operator' retrieved from /mnt/c/Users/victo/OneDrive/Desktop/fantasy_nba_dashboard/airflow_env/lib/python3.10/site-packages/airflow/example_dags/example_branch_day_of_week_operator.py
[2024-01-06T14:41:04.053-0800] {logging_mixin.py:188} INFO - [2024-01-06T14:41:04.053-0800] {dag.py:3033} INFO - Sync 1 DAGs
[2024-01-06T14:41:04.070-0800] {logging_mixin.py:188} INFO - [2024-01-06T14:41:04.069-0800] {dag.py:3820} INFO - Setting next_dagrun for example_weekday_branch_operator to 2024-01-05T00:00:00+00:00, run_after=2024-01-06T00:00:00+00:00
[2024-01-06T14:41:04.082-0800] {processor.py:183} INFO - Processing /mnt/c/Users/victo/OneDrive/Desktop/fantasy_nba_dashboard/airflow_env/lib/python3.10/site-packages/airflow/example_dags/example_branch_day_of_week_operator.py took 0.071 seconds
