[2024-01-06T14:24:43.357-0800] {processor.py:161} INFO - Started process (PID=7119) to work on /mnt/c/Users/victo/OneDrive/Desktop/fantasy_nba_dashboard/airflow_env/lib/python3.10/site-packages/airflow/example_dags/example_external_task_marker_dag.py
[2024-01-06T14:24:43.358-0800] {processor.py:830} INFO - Processing file /mnt/c/Users/victo/OneDrive/Desktop/fantasy_nba_dashboard/airflow_env/lib/python3.10/site-packages/airflow/example_dags/example_external_task_marker_dag.py for tasks to queue
[2024-01-06T14:24:43.359-0800] {logging_mixin.py:188} INFO - [2024-01-06T14:24:43.358-0800] {dagbag.py:538} INFO - Filling up the DagBag from /mnt/c/Users/victo/OneDrive/Desktop/fantasy_nba_dashboard/airflow_env/lib/python3.10/site-packages/airflow/example_dags/example_external_task_marker_dag.py
[2024-01-06T14:24:43.365-0800] {processor.py:840} INFO - DAG(s) 'example_external_task_marker_parent', 'example_external_task_marker_child' retrieved from /mnt/c/Users/victo/OneDrive/Desktop/fantasy_nba_dashboard/airflow_env/lib/python3.10/site-packages/airflow/example_dags/example_external_task_marker_dag.py
[2024-01-06T14:24:43.467-0800] {logging_mixin.py:188} INFO - [2024-01-06T14:24:43.466-0800] {dag.py:3033} INFO - Sync 2 DAGs
[2024-01-06T14:24:43.474-0800] {logging_mixin.py:188} INFO - [2024-01-06T14:24:43.474-0800] {dag.py:3820} INFO - Setting next_dagrun for example_external_task_marker_child to None, run_after=None
[2024-01-06T14:24:43.476-0800] {logging_mixin.py:188} INFO - [2024-01-06T14:24:43.476-0800] {dag.py:3820} INFO - Setting next_dagrun for example_external_task_marker_parent to None, run_after=None
[2024-01-06T14:24:43.493-0800] {processor.py:183} INFO - Processing /mnt/c/Users/victo/OneDrive/Desktop/fantasy_nba_dashboard/airflow_env/lib/python3.10/site-packages/airflow/example_dags/example_external_task_marker_dag.py took 0.139 seconds
[2024-01-06T14:25:13.520-0800] {processor.py:161} INFO - Started process (PID=7278) to work on /mnt/c/Users/victo/OneDrive/Desktop/fantasy_nba_dashboard/airflow_env/lib/python3.10/site-packages/airflow/example_dags/example_external_task_marker_dag.py
[2024-01-06T14:25:13.521-0800] {processor.py:830} INFO - Processing file /mnt/c/Users/victo/OneDrive/Desktop/fantasy_nba_dashboard/airflow_env/lib/python3.10/site-packages/airflow/example_dags/example_external_task_marker_dag.py for tasks to queue
[2024-01-06T14:25:13.522-0800] {logging_mixin.py:188} INFO - [2024-01-06T14:25:13.522-0800] {dagbag.py:538} INFO - Filling up the DagBag from /mnt/c/Users/victo/OneDrive/Desktop/fantasy_nba_dashboard/airflow_env/lib/python3.10/site-packages/airflow/example_dags/example_external_task_marker_dag.py
[2024-01-06T14:25:13.530-0800] {processor.py:840} INFO - DAG(s) 'example_external_task_marker_parent', 'example_external_task_marker_child' retrieved from /mnt/c/Users/victo/OneDrive/Desktop/fantasy_nba_dashboard/airflow_env/lib/python3.10/site-packages/airflow/example_dags/example_external_task_marker_dag.py
[2024-01-06T14:25:13.559-0800] {logging_mixin.py:188} INFO - [2024-01-06T14:25:13.559-0800] {dag.py:3033} INFO - Sync 2 DAGs
[2024-01-06T14:25:13.568-0800] {logging_mixin.py:188} INFO - [2024-01-06T14:25:13.568-0800] {dag.py:3820} INFO - Setting next_dagrun for example_external_task_marker_child to None, run_after=None
[2024-01-06T14:25:13.570-0800] {logging_mixin.py:188} INFO - [2024-01-06T14:25:13.570-0800] {dag.py:3820} INFO - Setting next_dagrun for example_external_task_marker_parent to None, run_after=None
[2024-01-06T14:25:13.581-0800] {processor.py:183} INFO - Processing /mnt/c/Users/victo/OneDrive/Desktop/fantasy_nba_dashboard/airflow_env/lib/python3.10/site-packages/airflow/example_dags/example_external_task_marker_dag.py took 0.064 seconds
[2024-01-06T14:25:43.620-0800] {processor.py:161} INFO - Started process (PID=7528) to work on /mnt/c/Users/victo/OneDrive/Desktop/fantasy_nba_dashboard/airflow_env/lib/python3.10/site-packages/airflow/example_dags/example_external_task_marker_dag.py
[2024-01-06T14:25:43.621-0800] {processor.py:830} INFO - Processing file /mnt/c/Users/victo/OneDrive/Desktop/fantasy_nba_dashboard/airflow_env/lib/python3.10/site-packages/airflow/example_dags/example_external_task_marker_dag.py for tasks to queue
[2024-01-06T14:25:43.622-0800] {logging_mixin.py:188} INFO - [2024-01-06T14:25:43.622-0800] {dagbag.py:538} INFO - Filling up the DagBag from /mnt/c/Users/victo/OneDrive/Desktop/fantasy_nba_dashboard/airflow_env/lib/python3.10/site-packages/airflow/example_dags/example_external_task_marker_dag.py
[2024-01-06T14:25:43.628-0800] {processor.py:840} INFO - DAG(s) 'example_external_task_marker_child', 'example_external_task_marker_parent' retrieved from /mnt/c/Users/victo/OneDrive/Desktop/fantasy_nba_dashboard/airflow_env/lib/python3.10/site-packages/airflow/example_dags/example_external_task_marker_dag.py
[2024-01-06T14:25:43.659-0800] {logging_mixin.py:188} INFO - [2024-01-06T14:25:43.659-0800] {dag.py:3033} INFO - Sync 2 DAGs
[2024-01-06T14:25:43.669-0800] {logging_mixin.py:188} INFO - [2024-01-06T14:25:43.669-0800] {dag.py:3820} INFO - Setting next_dagrun for example_external_task_marker_child to None, run_after=None
[2024-01-06T14:25:43.671-0800] {logging_mixin.py:188} INFO - [2024-01-06T14:25:43.671-0800] {dag.py:3820} INFO - Setting next_dagrun for example_external_task_marker_parent to None, run_after=None
[2024-01-06T14:25:43.682-0800] {processor.py:183} INFO - Processing /mnt/c/Users/victo/OneDrive/Desktop/fantasy_nba_dashboard/airflow_env/lib/python3.10/site-packages/airflow/example_dags/example_external_task_marker_dag.py took 0.066 seconds
[2024-01-06T14:26:13.903-0800] {processor.py:161} INFO - Started process (PID=8063) to work on /mnt/c/Users/victo/OneDrive/Desktop/fantasy_nba_dashboard/airflow_env/lib/python3.10/site-packages/airflow/example_dags/example_external_task_marker_dag.py
[2024-01-06T14:26:13.904-0800] {processor.py:830} INFO - Processing file /mnt/c/Users/victo/OneDrive/Desktop/fantasy_nba_dashboard/airflow_env/lib/python3.10/site-packages/airflow/example_dags/example_external_task_marker_dag.py for tasks to queue
[2024-01-06T14:26:13.904-0800] {logging_mixin.py:188} INFO - [2024-01-06T14:26:13.904-0800] {dagbag.py:538} INFO - Filling up the DagBag from /mnt/c/Users/victo/OneDrive/Desktop/fantasy_nba_dashboard/airflow_env/lib/python3.10/site-packages/airflow/example_dags/example_external_task_marker_dag.py
[2024-01-06T14:26:13.911-0800] {processor.py:840} INFO - DAG(s) 'example_external_task_marker_parent', 'example_external_task_marker_child' retrieved from /mnt/c/Users/victo/OneDrive/Desktop/fantasy_nba_dashboard/airflow_env/lib/python3.10/site-packages/airflow/example_dags/example_external_task_marker_dag.py
[2024-01-06T14:26:13.944-0800] {logging_mixin.py:188} INFO - [2024-01-06T14:26:13.944-0800] {dag.py:3033} INFO - Sync 2 DAGs
[2024-01-06T14:26:13.955-0800] {logging_mixin.py:188} INFO - [2024-01-06T14:26:13.955-0800] {dag.py:3820} INFO - Setting next_dagrun for example_external_task_marker_child to None, run_after=None
[2024-01-06T14:26:13.958-0800] {logging_mixin.py:188} INFO - [2024-01-06T14:26:13.958-0800] {dag.py:3820} INFO - Setting next_dagrun for example_external_task_marker_parent to None, run_after=None
[2024-01-06T14:26:13.974-0800] {processor.py:183} INFO - Processing /mnt/c/Users/victo/OneDrive/Desktop/fantasy_nba_dashboard/airflow_env/lib/python3.10/site-packages/airflow/example_dags/example_external_task_marker_dag.py took 0.075 seconds
[2024-01-06T14:35:54.915-0800] {processor.py:161} INFO - Started process (PID=9573) to work on /mnt/c/Users/victo/OneDrive/Desktop/fantasy_nba_dashboard/airflow_env/lib/python3.10/site-packages/airflow/example_dags/example_external_task_marker_dag.py
[2024-01-06T14:35:54.916-0800] {processor.py:830} INFO - Processing file /mnt/c/Users/victo/OneDrive/Desktop/fantasy_nba_dashboard/airflow_env/lib/python3.10/site-packages/airflow/example_dags/example_external_task_marker_dag.py for tasks to queue
[2024-01-06T14:35:54.917-0800] {logging_mixin.py:188} INFO - [2024-01-06T14:35:54.917-0800] {dagbag.py:538} INFO - Filling up the DagBag from /mnt/c/Users/victo/OneDrive/Desktop/fantasy_nba_dashboard/airflow_env/lib/python3.10/site-packages/airflow/example_dags/example_external_task_marker_dag.py
[2024-01-06T14:35:54.923-0800] {processor.py:840} INFO - DAG(s) 'example_external_task_marker_parent', 'example_external_task_marker_child' retrieved from /mnt/c/Users/victo/OneDrive/Desktop/fantasy_nba_dashboard/airflow_env/lib/python3.10/site-packages/airflow/example_dags/example_external_task_marker_dag.py
[2024-01-06T14:35:54.952-0800] {logging_mixin.py:188} INFO - [2024-01-06T14:35:54.952-0800] {dag.py:3033} INFO - Sync 2 DAGs
[2024-01-06T14:35:54.962-0800] {logging_mixin.py:188} INFO - [2024-01-06T14:35:54.962-0800] {dag.py:3820} INFO - Setting next_dagrun for example_external_task_marker_child to None, run_after=None
[2024-01-06T14:35:54.964-0800] {logging_mixin.py:188} INFO - [2024-01-06T14:35:54.964-0800] {dag.py:3820} INFO - Setting next_dagrun for example_external_task_marker_parent to None, run_after=None
[2024-01-06T14:35:54.975-0800] {processor.py:183} INFO - Processing /mnt/c/Users/victo/OneDrive/Desktop/fantasy_nba_dashboard/airflow_env/lib/python3.10/site-packages/airflow/example_dags/example_external_task_marker_dag.py took 0.064 seconds
[2024-01-06T14:36:25.013-0800] {processor.py:161} INFO - Started process (PID=9756) to work on /mnt/c/Users/victo/OneDrive/Desktop/fantasy_nba_dashboard/airflow_env/lib/python3.10/site-packages/airflow/example_dags/example_external_task_marker_dag.py
[2024-01-06T14:36:25.014-0800] {processor.py:830} INFO - Processing file /mnt/c/Users/victo/OneDrive/Desktop/fantasy_nba_dashboard/airflow_env/lib/python3.10/site-packages/airflow/example_dags/example_external_task_marker_dag.py for tasks to queue
[2024-01-06T14:36:25.015-0800] {logging_mixin.py:188} INFO - [2024-01-06T14:36:25.015-0800] {dagbag.py:538} INFO - Filling up the DagBag from /mnt/c/Users/victo/OneDrive/Desktop/fantasy_nba_dashboard/airflow_env/lib/python3.10/site-packages/airflow/example_dags/example_external_task_marker_dag.py
[2024-01-06T14:36:25.021-0800] {processor.py:840} INFO - DAG(s) 'example_external_task_marker_parent', 'example_external_task_marker_child' retrieved from /mnt/c/Users/victo/OneDrive/Desktop/fantasy_nba_dashboard/airflow_env/lib/python3.10/site-packages/airflow/example_dags/example_external_task_marker_dag.py
[2024-01-06T14:36:25.053-0800] {logging_mixin.py:188} INFO - [2024-01-06T14:36:25.053-0800] {dag.py:3033} INFO - Sync 2 DAGs
[2024-01-06T14:36:25.062-0800] {logging_mixin.py:188} INFO - [2024-01-06T14:36:25.062-0800] {dag.py:3820} INFO - Setting next_dagrun for example_external_task_marker_child to None, run_after=None
[2024-01-06T14:36:25.064-0800] {logging_mixin.py:188} INFO - [2024-01-06T14:36:25.064-0800] {dag.py:3820} INFO - Setting next_dagrun for example_external_task_marker_parent to None, run_after=None
[2024-01-06T14:36:25.079-0800] {processor.py:183} INFO - Processing /mnt/c/Users/victo/OneDrive/Desktop/fantasy_nba_dashboard/airflow_env/lib/python3.10/site-packages/airflow/example_dags/example_external_task_marker_dag.py took 0.069 seconds
[2024-01-06T14:36:56.231-0800] {processor.py:161} INFO - Started process (PID=10036) to work on /mnt/c/Users/victo/OneDrive/Desktop/fantasy_nba_dashboard/airflow_env/lib/python3.10/site-packages/airflow/example_dags/example_external_task_marker_dag.py
[2024-01-06T14:36:56.232-0800] {processor.py:830} INFO - Processing file /mnt/c/Users/victo/OneDrive/Desktop/fantasy_nba_dashboard/airflow_env/lib/python3.10/site-packages/airflow/example_dags/example_external_task_marker_dag.py for tasks to queue
[2024-01-06T14:36:56.233-0800] {logging_mixin.py:188} INFO - [2024-01-06T14:36:56.233-0800] {dagbag.py:538} INFO - Filling up the DagBag from /mnt/c/Users/victo/OneDrive/Desktop/fantasy_nba_dashboard/airflow_env/lib/python3.10/site-packages/airflow/example_dags/example_external_task_marker_dag.py
[2024-01-06T14:36:56.239-0800] {processor.py:840} INFO - DAG(s) 'example_external_task_marker_child', 'example_external_task_marker_parent' retrieved from /mnt/c/Users/victo/OneDrive/Desktop/fantasy_nba_dashboard/airflow_env/lib/python3.10/site-packages/airflow/example_dags/example_external_task_marker_dag.py
[2024-01-06T14:36:56.271-0800] {logging_mixin.py:188} INFO - [2024-01-06T14:36:56.271-0800] {dag.py:3033} INFO - Sync 2 DAGs
[2024-01-06T14:36:56.281-0800] {logging_mixin.py:188} INFO - [2024-01-06T14:36:56.281-0800] {dag.py:3820} INFO - Setting next_dagrun for example_external_task_marker_child to None, run_after=None
[2024-01-06T14:36:56.284-0800] {logging_mixin.py:188} INFO - [2024-01-06T14:36:56.284-0800] {dag.py:3820} INFO - Setting next_dagrun for example_external_task_marker_parent to None, run_after=None
[2024-01-06T14:36:56.300-0800] {processor.py:183} INFO - Processing /mnt/c/Users/victo/OneDrive/Desktop/fantasy_nba_dashboard/airflow_env/lib/python3.10/site-packages/airflow/example_dags/example_external_task_marker_dag.py took 0.073 seconds
[2024-01-06T14:37:26.900-0800] {processor.py:161} INFO - Started process (PID=10315) to work on /mnt/c/Users/victo/OneDrive/Desktop/fantasy_nba_dashboard/airflow_env/lib/python3.10/site-packages/airflow/example_dags/example_external_task_marker_dag.py
[2024-01-06T14:37:26.901-0800] {processor.py:830} INFO - Processing file /mnt/c/Users/victo/OneDrive/Desktop/fantasy_nba_dashboard/airflow_env/lib/python3.10/site-packages/airflow/example_dags/example_external_task_marker_dag.py for tasks to queue
[2024-01-06T14:37:26.902-0800] {logging_mixin.py:188} INFO - [2024-01-06T14:37:26.902-0800] {dagbag.py:538} INFO - Filling up the DagBag from /mnt/c/Users/victo/OneDrive/Desktop/fantasy_nba_dashboard/airflow_env/lib/python3.10/site-packages/airflow/example_dags/example_external_task_marker_dag.py
[2024-01-06T14:37:26.908-0800] {processor.py:840} INFO - DAG(s) 'example_external_task_marker_parent', 'example_external_task_marker_child' retrieved from /mnt/c/Users/victo/OneDrive/Desktop/fantasy_nba_dashboard/airflow_env/lib/python3.10/site-packages/airflow/example_dags/example_external_task_marker_dag.py
[2024-01-06T14:37:26.943-0800] {logging_mixin.py:188} INFO - [2024-01-06T14:37:26.942-0800] {dag.py:3033} INFO - Sync 2 DAGs
[2024-01-06T14:37:26.954-0800] {logging_mixin.py:188} INFO - [2024-01-06T14:37:26.954-0800] {dag.py:3820} INFO - Setting next_dagrun for example_external_task_marker_child to None, run_after=None
[2024-01-06T14:37:26.956-0800] {logging_mixin.py:188} INFO - [2024-01-06T14:37:26.956-0800] {dag.py:3820} INFO - Setting next_dagrun for example_external_task_marker_parent to None, run_after=None
[2024-01-06T14:37:26.968-0800] {processor.py:183} INFO - Processing /mnt/c/Users/victo/OneDrive/Desktop/fantasy_nba_dashboard/airflow_env/lib/python3.10/site-packages/airflow/example_dags/example_external_task_marker_dag.py took 0.071 seconds
[2024-01-06T14:37:57.599-0800] {processor.py:161} INFO - Started process (PID=10515) to work on /mnt/c/Users/victo/OneDrive/Desktop/fantasy_nba_dashboard/airflow_env/lib/python3.10/site-packages/airflow/example_dags/example_external_task_marker_dag.py
[2024-01-06T14:37:57.600-0800] {processor.py:830} INFO - Processing file /mnt/c/Users/victo/OneDrive/Desktop/fantasy_nba_dashboard/airflow_env/lib/python3.10/site-packages/airflow/example_dags/example_external_task_marker_dag.py for tasks to queue
[2024-01-06T14:37:57.601-0800] {logging_mixin.py:188} INFO - [2024-01-06T14:37:57.600-0800] {dagbag.py:538} INFO - Filling up the DagBag from /mnt/c/Users/victo/OneDrive/Desktop/fantasy_nba_dashboard/airflow_env/lib/python3.10/site-packages/airflow/example_dags/example_external_task_marker_dag.py
[2024-01-06T14:37:57.607-0800] {processor.py:840} INFO - DAG(s) 'example_external_task_marker_child', 'example_external_task_marker_parent' retrieved from /mnt/c/Users/victo/OneDrive/Desktop/fantasy_nba_dashboard/airflow_env/lib/python3.10/site-packages/airflow/example_dags/example_external_task_marker_dag.py
[2024-01-06T14:37:57.639-0800] {logging_mixin.py:188} INFO - [2024-01-06T14:37:57.639-0800] {dag.py:3033} INFO - Sync 2 DAGs
[2024-01-06T14:37:57.650-0800] {logging_mixin.py:188} INFO - [2024-01-06T14:37:57.650-0800] {dag.py:3820} INFO - Setting next_dagrun for example_external_task_marker_child to None, run_after=None
[2024-01-06T14:37:57.653-0800] {logging_mixin.py:188} INFO - [2024-01-06T14:37:57.653-0800] {dag.py:3820} INFO - Setting next_dagrun for example_external_task_marker_parent to None, run_after=None
[2024-01-06T14:37:57.670-0800] {processor.py:183} INFO - Processing /mnt/c/Users/victo/OneDrive/Desktop/fantasy_nba_dashboard/airflow_env/lib/python3.10/site-packages/airflow/example_dags/example_external_task_marker_dag.py took 0.075 seconds
[2024-01-06T14:38:28.281-0800] {processor.py:161} INFO - Started process (PID=10687) to work on /mnt/c/Users/victo/OneDrive/Desktop/fantasy_nba_dashboard/airflow_env/lib/python3.10/site-packages/airflow/example_dags/example_external_task_marker_dag.py
[2024-01-06T14:38:28.282-0800] {processor.py:830} INFO - Processing file /mnt/c/Users/victo/OneDrive/Desktop/fantasy_nba_dashboard/airflow_env/lib/python3.10/site-packages/airflow/example_dags/example_external_task_marker_dag.py for tasks to queue
[2024-01-06T14:38:28.283-0800] {logging_mixin.py:188} INFO - [2024-01-06T14:38:28.283-0800] {dagbag.py:538} INFO - Filling up the DagBag from /mnt/c/Users/victo/OneDrive/Desktop/fantasy_nba_dashboard/airflow_env/lib/python3.10/site-packages/airflow/example_dags/example_external_task_marker_dag.py
[2024-01-06T14:38:28.289-0800] {processor.py:840} INFO - DAG(s) 'example_external_task_marker_child', 'example_external_task_marker_parent' retrieved from /mnt/c/Users/victo/OneDrive/Desktop/fantasy_nba_dashboard/airflow_env/lib/python3.10/site-packages/airflow/example_dags/example_external_task_marker_dag.py
[2024-01-06T14:38:28.322-0800] {logging_mixin.py:188} INFO - [2024-01-06T14:38:28.322-0800] {dag.py:3033} INFO - Sync 2 DAGs
[2024-01-06T14:38:28.332-0800] {logging_mixin.py:188} INFO - [2024-01-06T14:38:28.332-0800] {dag.py:3820} INFO - Setting next_dagrun for example_external_task_marker_child to None, run_after=None
[2024-01-06T14:38:28.334-0800] {logging_mixin.py:188} INFO - [2024-01-06T14:38:28.334-0800] {dag.py:3820} INFO - Setting next_dagrun for example_external_task_marker_parent to None, run_after=None
[2024-01-06T14:38:28.346-0800] {processor.py:183} INFO - Processing /mnt/c/Users/victo/OneDrive/Desktop/fantasy_nba_dashboard/airflow_env/lib/python3.10/site-packages/airflow/example_dags/example_external_task_marker_dag.py took 0.068 seconds
[2024-01-06T14:38:59.290-0800] {processor.py:161} INFO - Started process (PID=10877) to work on /mnt/c/Users/victo/OneDrive/Desktop/fantasy_nba_dashboard/airflow_env/lib/python3.10/site-packages/airflow/example_dags/example_external_task_marker_dag.py
[2024-01-06T14:38:59.291-0800] {processor.py:830} INFO - Processing file /mnt/c/Users/victo/OneDrive/Desktop/fantasy_nba_dashboard/airflow_env/lib/python3.10/site-packages/airflow/example_dags/example_external_task_marker_dag.py for tasks to queue
[2024-01-06T14:38:59.292-0800] {logging_mixin.py:188} INFO - [2024-01-06T14:38:59.292-0800] {dagbag.py:538} INFO - Filling up the DagBag from /mnt/c/Users/victo/OneDrive/Desktop/fantasy_nba_dashboard/airflow_env/lib/python3.10/site-packages/airflow/example_dags/example_external_task_marker_dag.py
[2024-01-06T14:38:59.298-0800] {processor.py:840} INFO - DAG(s) 'example_external_task_marker_parent', 'example_external_task_marker_child' retrieved from /mnt/c/Users/victo/OneDrive/Desktop/fantasy_nba_dashboard/airflow_env/lib/python3.10/site-packages/airflow/example_dags/example_external_task_marker_dag.py
[2024-01-06T14:38:59.331-0800] {logging_mixin.py:188} INFO - [2024-01-06T14:38:59.331-0800] {dag.py:3033} INFO - Sync 2 DAGs
[2024-01-06T14:38:59.343-0800] {logging_mixin.py:188} INFO - [2024-01-06T14:38:59.343-0800] {dag.py:3820} INFO - Setting next_dagrun for example_external_task_marker_child to None, run_after=None
[2024-01-06T14:38:59.345-0800] {logging_mixin.py:188} INFO - [2024-01-06T14:38:59.345-0800] {dag.py:3820} INFO - Setting next_dagrun for example_external_task_marker_parent to None, run_after=None
[2024-01-06T14:38:59.362-0800] {processor.py:183} INFO - Processing /mnt/c/Users/victo/OneDrive/Desktop/fantasy_nba_dashboard/airflow_env/lib/python3.10/site-packages/airflow/example_dags/example_external_task_marker_dag.py took 0.076 seconds
[2024-01-06T14:39:29.906-0800] {processor.py:161} INFO - Started process (PID=11037) to work on /mnt/c/Users/victo/OneDrive/Desktop/fantasy_nba_dashboard/airflow_env/lib/python3.10/site-packages/airflow/example_dags/example_external_task_marker_dag.py
[2024-01-06T14:39:29.907-0800] {processor.py:830} INFO - Processing file /mnt/c/Users/victo/OneDrive/Desktop/fantasy_nba_dashboard/airflow_env/lib/python3.10/site-packages/airflow/example_dags/example_external_task_marker_dag.py for tasks to queue
[2024-01-06T14:39:29.907-0800] {logging_mixin.py:188} INFO - [2024-01-06T14:39:29.907-0800] {dagbag.py:538} INFO - Filling up the DagBag from /mnt/c/Users/victo/OneDrive/Desktop/fantasy_nba_dashboard/airflow_env/lib/python3.10/site-packages/airflow/example_dags/example_external_task_marker_dag.py
[2024-01-06T14:39:29.913-0800] {processor.py:840} INFO - DAG(s) 'example_external_task_marker_child', 'example_external_task_marker_parent' retrieved from /mnt/c/Users/victo/OneDrive/Desktop/fantasy_nba_dashboard/airflow_env/lib/python3.10/site-packages/airflow/example_dags/example_external_task_marker_dag.py
[2024-01-06T14:39:29.947-0800] {logging_mixin.py:188} INFO - [2024-01-06T14:39:29.947-0800] {dag.py:3033} INFO - Sync 2 DAGs
[2024-01-06T14:39:29.957-0800] {logging_mixin.py:188} INFO - [2024-01-06T14:39:29.957-0800] {dag.py:3820} INFO - Setting next_dagrun for example_external_task_marker_child to None, run_after=None
[2024-01-06T14:39:29.960-0800] {logging_mixin.py:188} INFO - [2024-01-06T14:39:29.960-0800] {dag.py:3820} INFO - Setting next_dagrun for example_external_task_marker_parent to None, run_after=None
[2024-01-06T14:39:29.972-0800] {processor.py:183} INFO - Processing /mnt/c/Users/victo/OneDrive/Desktop/fantasy_nba_dashboard/airflow_env/lib/python3.10/site-packages/airflow/example_dags/example_external_task_marker_dag.py took 0.070 seconds
[2024-01-06T14:40:00.722-0800] {processor.py:161} INFO - Started process (PID=11194) to work on /mnt/c/Users/victo/OneDrive/Desktop/fantasy_nba_dashboard/airflow_env/lib/python3.10/site-packages/airflow/example_dags/example_external_task_marker_dag.py
[2024-01-06T14:40:00.722-0800] {processor.py:830} INFO - Processing file /mnt/c/Users/victo/OneDrive/Desktop/fantasy_nba_dashboard/airflow_env/lib/python3.10/site-packages/airflow/example_dags/example_external_task_marker_dag.py for tasks to queue
[2024-01-06T14:40:00.723-0800] {logging_mixin.py:188} INFO - [2024-01-06T14:40:00.723-0800] {dagbag.py:538} INFO - Filling up the DagBag from /mnt/c/Users/victo/OneDrive/Desktop/fantasy_nba_dashboard/airflow_env/lib/python3.10/site-packages/airflow/example_dags/example_external_task_marker_dag.py
[2024-01-06T14:40:00.729-0800] {processor.py:840} INFO - DAG(s) 'example_external_task_marker_parent', 'example_external_task_marker_child' retrieved from /mnt/c/Users/victo/OneDrive/Desktop/fantasy_nba_dashboard/airflow_env/lib/python3.10/site-packages/airflow/example_dags/example_external_task_marker_dag.py
[2024-01-06T14:40:00.762-0800] {logging_mixin.py:188} INFO - [2024-01-06T14:40:00.762-0800] {dag.py:3033} INFO - Sync 2 DAGs
[2024-01-06T14:40:00.773-0800] {logging_mixin.py:188} INFO - [2024-01-06T14:40:00.773-0800] {dag.py:3820} INFO - Setting next_dagrun for example_external_task_marker_child to None, run_after=None
[2024-01-06T14:40:00.775-0800] {logging_mixin.py:188} INFO - [2024-01-06T14:40:00.775-0800] {dag.py:3820} INFO - Setting next_dagrun for example_external_task_marker_parent to None, run_after=None
[2024-01-06T14:40:00.786-0800] {processor.py:183} INFO - Processing /mnt/c/Users/victo/OneDrive/Desktop/fantasy_nba_dashboard/airflow_env/lib/python3.10/site-packages/airflow/example_dags/example_external_task_marker_dag.py took 0.068 seconds
[2024-01-06T14:40:31.504-0800] {processor.py:161} INFO - Started process (PID=11352) to work on /mnt/c/Users/victo/OneDrive/Desktop/fantasy_nba_dashboard/airflow_env/lib/python3.10/site-packages/airflow/example_dags/example_external_task_marker_dag.py
[2024-01-06T14:40:31.505-0800] {processor.py:830} INFO - Processing file /mnt/c/Users/victo/OneDrive/Desktop/fantasy_nba_dashboard/airflow_env/lib/python3.10/site-packages/airflow/example_dags/example_external_task_marker_dag.py for tasks to queue
[2024-01-06T14:40:31.505-0800] {logging_mixin.py:188} INFO - [2024-01-06T14:40:31.505-0800] {dagbag.py:538} INFO - Filling up the DagBag from /mnt/c/Users/victo/OneDrive/Desktop/fantasy_nba_dashboard/airflow_env/lib/python3.10/site-packages/airflow/example_dags/example_external_task_marker_dag.py
[2024-01-06T14:40:31.512-0800] {processor.py:840} INFO - DAG(s) 'example_external_task_marker_parent', 'example_external_task_marker_child' retrieved from /mnt/c/Users/victo/OneDrive/Desktop/fantasy_nba_dashboard/airflow_env/lib/python3.10/site-packages/airflow/example_dags/example_external_task_marker_dag.py
[2024-01-06T14:40:31.545-0800] {logging_mixin.py:188} INFO - [2024-01-06T14:40:31.545-0800] {dag.py:3033} INFO - Sync 2 DAGs
[2024-01-06T14:40:31.555-0800] {logging_mixin.py:188} INFO - [2024-01-06T14:40:31.554-0800] {dag.py:3820} INFO - Setting next_dagrun for example_external_task_marker_child to None, run_after=None
[2024-01-06T14:40:31.557-0800] {logging_mixin.py:188} INFO - [2024-01-06T14:40:31.557-0800] {dag.py:3820} INFO - Setting next_dagrun for example_external_task_marker_parent to None, run_after=None
[2024-01-06T14:40:31.568-0800] {processor.py:183} INFO - Processing /mnt/c/Users/victo/OneDrive/Desktop/fantasy_nba_dashboard/airflow_env/lib/python3.10/site-packages/airflow/example_dags/example_external_task_marker_dag.py took 0.069 seconds
[2024-01-06T14:41:02.424-0800] {processor.py:161} INFO - Started process (PID=11536) to work on /mnt/c/Users/victo/OneDrive/Desktop/fantasy_nba_dashboard/airflow_env/lib/python3.10/site-packages/airflow/example_dags/example_external_task_marker_dag.py
[2024-01-06T14:41:02.425-0800] {processor.py:830} INFO - Processing file /mnt/c/Users/victo/OneDrive/Desktop/fantasy_nba_dashboard/airflow_env/lib/python3.10/site-packages/airflow/example_dags/example_external_task_marker_dag.py for tasks to queue
[2024-01-06T14:41:02.425-0800] {logging_mixin.py:188} INFO - [2024-01-06T14:41:02.425-0800] {dagbag.py:538} INFO - Filling up the DagBag from /mnt/c/Users/victo/OneDrive/Desktop/fantasy_nba_dashboard/airflow_env/lib/python3.10/site-packages/airflow/example_dags/example_external_task_marker_dag.py
[2024-01-06T14:41:02.432-0800] {processor.py:840} INFO - DAG(s) 'example_external_task_marker_child', 'example_external_task_marker_parent' retrieved from /mnt/c/Users/victo/OneDrive/Desktop/fantasy_nba_dashboard/airflow_env/lib/python3.10/site-packages/airflow/example_dags/example_external_task_marker_dag.py
[2024-01-06T14:41:02.464-0800] {logging_mixin.py:188} INFO - [2024-01-06T14:41:02.464-0800] {dag.py:3033} INFO - Sync 2 DAGs
[2024-01-06T14:41:02.475-0800] {logging_mixin.py:188} INFO - [2024-01-06T14:41:02.474-0800] {dag.py:3820} INFO - Setting next_dagrun for example_external_task_marker_child to None, run_after=None
[2024-01-06T14:41:02.477-0800] {logging_mixin.py:188} INFO - [2024-01-06T14:41:02.477-0800] {dag.py:3820} INFO - Setting next_dagrun for example_external_task_marker_parent to None, run_after=None
[2024-01-06T14:41:02.488-0800] {processor.py:183} INFO - Processing /mnt/c/Users/victo/OneDrive/Desktop/fantasy_nba_dashboard/airflow_env/lib/python3.10/site-packages/airflow/example_dags/example_external_task_marker_dag.py took 0.068 seconds
