[2024-01-06T14:24:44.427-0800] {processor.py:161} INFO - Started process (PID=7138) to work on /mnt/c/Users/victo/OneDrive/Desktop/fantasy_nba_dashboard/airflow_env/lib/python3.10/site-packages/airflow/example_dags/example_branch_operator.py
[2024-01-06T14:24:44.428-0800] {processor.py:830} INFO - Processing file /mnt/c/Users/victo/OneDrive/Desktop/fantasy_nba_dashboard/airflow_env/lib/python3.10/site-packages/airflow/example_dags/example_branch_operator.py for tasks to queue
[2024-01-06T14:24:44.429-0800] {logging_mixin.py:188} INFO - [2024-01-06T14:24:44.429-0800] {dagbag.py:538} INFO - Filling up the DagBag from /mnt/c/Users/victo/OneDrive/Desktop/fantasy_nba_dashboard/airflow_env/lib/python3.10/site-packages/airflow/example_dags/example_branch_operator.py
[2024-01-06T14:24:44.444-0800] {processor.py:840} INFO - DAG(s) 'example_branch_operator' retrieved from /mnt/c/Users/victo/OneDrive/Desktop/fantasy_nba_dashboard/airflow_env/lib/python3.10/site-packages/airflow/example_dags/example_branch_operator.py
[2024-01-06T14:24:44.543-0800] {logging_mixin.py:188} INFO - [2024-01-06T14:24:44.543-0800] {dag.py:3033} INFO - Sync 1 DAGs
[2024-01-06T14:24:44.557-0800] {logging_mixin.py:188} INFO - [2024-01-06T14:24:44.557-0800] {dag.py:3820} INFO - Setting next_dagrun for example_branch_operator to 2024-01-05T00:00:00+00:00, run_after=2024-01-06T00:00:00+00:00
[2024-01-06T14:24:44.575-0800] {processor.py:183} INFO - Processing /mnt/c/Users/victo/OneDrive/Desktop/fantasy_nba_dashboard/airflow_env/lib/python3.10/site-packages/airflow/example_dags/example_branch_operator.py took 0.152 seconds
[2024-01-06T14:25:15.105-0800] {processor.py:161} INFO - Started process (PID=7297) to work on /mnt/c/Users/victo/OneDrive/Desktop/fantasy_nba_dashboard/airflow_env/lib/python3.10/site-packages/airflow/example_dags/example_branch_operator.py
[2024-01-06T14:25:15.106-0800] {processor.py:830} INFO - Processing file /mnt/c/Users/victo/OneDrive/Desktop/fantasy_nba_dashboard/airflow_env/lib/python3.10/site-packages/airflow/example_dags/example_branch_operator.py for tasks to queue
[2024-01-06T14:25:15.107-0800] {logging_mixin.py:188} INFO - [2024-01-06T14:25:15.106-0800] {dagbag.py:538} INFO - Filling up the DagBag from /mnt/c/Users/victo/OneDrive/Desktop/fantasy_nba_dashboard/airflow_env/lib/python3.10/site-packages/airflow/example_dags/example_branch_operator.py
[2024-01-06T14:25:15.122-0800] {processor.py:840} INFO - DAG(s) 'example_branch_operator' retrieved from /mnt/c/Users/victo/OneDrive/Desktop/fantasy_nba_dashboard/airflow_env/lib/python3.10/site-packages/airflow/example_dags/example_branch_operator.py
[2024-01-06T14:25:15.156-0800] {logging_mixin.py:188} INFO - [2024-01-06T14:25:15.156-0800] {dag.py:3033} INFO - Sync 1 DAGs
[2024-01-06T14:25:15.172-0800] {logging_mixin.py:188} INFO - [2024-01-06T14:25:15.172-0800] {dag.py:3820} INFO - Setting next_dagrun for example_branch_operator to 2024-01-05T00:00:00+00:00, run_after=2024-01-06T00:00:00+00:00
[2024-01-06T14:25:15.186-0800] {processor.py:183} INFO - Processing /mnt/c/Users/victo/OneDrive/Desktop/fantasy_nba_dashboard/airflow_env/lib/python3.10/site-packages/airflow/example_dags/example_branch_operator.py took 0.085 seconds
[2024-01-06T14:25:45.230-0800] {processor.py:161} INFO - Started process (PID=7545) to work on /mnt/c/Users/victo/OneDrive/Desktop/fantasy_nba_dashboard/airflow_env/lib/python3.10/site-packages/airflow/example_dags/example_branch_operator.py
[2024-01-06T14:25:45.230-0800] {processor.py:830} INFO - Processing file /mnt/c/Users/victo/OneDrive/Desktop/fantasy_nba_dashboard/airflow_env/lib/python3.10/site-packages/airflow/example_dags/example_branch_operator.py for tasks to queue
[2024-01-06T14:25:45.231-0800] {logging_mixin.py:188} INFO - [2024-01-06T14:25:45.231-0800] {dagbag.py:538} INFO - Filling up the DagBag from /mnt/c/Users/victo/OneDrive/Desktop/fantasy_nba_dashboard/airflow_env/lib/python3.10/site-packages/airflow/example_dags/example_branch_operator.py
[2024-01-06T14:25:45.248-0800] {processor.py:840} INFO - DAG(s) 'example_branch_operator' retrieved from /mnt/c/Users/victo/OneDrive/Desktop/fantasy_nba_dashboard/airflow_env/lib/python3.10/site-packages/airflow/example_dags/example_branch_operator.py
[2024-01-06T14:25:45.281-0800] {logging_mixin.py:188} INFO - [2024-01-06T14:25:45.281-0800] {dag.py:3033} INFO - Sync 1 DAGs
[2024-01-06T14:25:45.299-0800] {logging_mixin.py:188} INFO - [2024-01-06T14:25:45.299-0800] {dag.py:3820} INFO - Setting next_dagrun for example_branch_operator to 2024-01-05T00:00:00+00:00, run_after=2024-01-06T00:00:00+00:00
[2024-01-06T14:25:45.317-0800] {processor.py:183} INFO - Processing /mnt/c/Users/victo/OneDrive/Desktop/fantasy_nba_dashboard/airflow_env/lib/python3.10/site-packages/airflow/example_dags/example_branch_operator.py took 0.092 seconds
[2024-01-06T14:26:15.416-0800] {processor.py:161} INFO - Started process (PID=8082) to work on /mnt/c/Users/victo/OneDrive/Desktop/fantasy_nba_dashboard/airflow_env/lib/python3.10/site-packages/airflow/example_dags/example_branch_operator.py
[2024-01-06T14:26:15.417-0800] {processor.py:830} INFO - Processing file /mnt/c/Users/victo/OneDrive/Desktop/fantasy_nba_dashboard/airflow_env/lib/python3.10/site-packages/airflow/example_dags/example_branch_operator.py for tasks to queue
[2024-01-06T14:26:15.417-0800] {logging_mixin.py:188} INFO - [2024-01-06T14:26:15.417-0800] {dagbag.py:538} INFO - Filling up the DagBag from /mnt/c/Users/victo/OneDrive/Desktop/fantasy_nba_dashboard/airflow_env/lib/python3.10/site-packages/airflow/example_dags/example_branch_operator.py
[2024-01-06T14:26:15.432-0800] {processor.py:840} INFO - DAG(s) 'example_branch_operator' retrieved from /mnt/c/Users/victo/OneDrive/Desktop/fantasy_nba_dashboard/airflow_env/lib/python3.10/site-packages/airflow/example_dags/example_branch_operator.py
[2024-01-06T14:26:15.466-0800] {logging_mixin.py:188} INFO - [2024-01-06T14:26:15.465-0800] {dag.py:3033} INFO - Sync 1 DAGs
[2024-01-06T14:26:15.482-0800] {logging_mixin.py:188} INFO - [2024-01-06T14:26:15.482-0800] {dag.py:3820} INFO - Setting next_dagrun for example_branch_operator to 2024-01-05T00:00:00+00:00, run_after=2024-01-06T00:00:00+00:00
[2024-01-06T14:26:15.499-0800] {processor.py:183} INFO - Processing /mnt/c/Users/victo/OneDrive/Desktop/fantasy_nba_dashboard/airflow_env/lib/python3.10/site-packages/airflow/example_dags/example_branch_operator.py took 0.087 seconds
[2024-01-06T14:35:55.538-0800] {processor.py:161} INFO - Started process (PID=9591) to work on /mnt/c/Users/victo/OneDrive/Desktop/fantasy_nba_dashboard/airflow_env/lib/python3.10/site-packages/airflow/example_dags/example_branch_operator.py
[2024-01-06T14:35:55.539-0800] {processor.py:830} INFO - Processing file /mnt/c/Users/victo/OneDrive/Desktop/fantasy_nba_dashboard/airflow_env/lib/python3.10/site-packages/airflow/example_dags/example_branch_operator.py for tasks to queue
[2024-01-06T14:35:55.540-0800] {logging_mixin.py:188} INFO - [2024-01-06T14:35:55.540-0800] {dagbag.py:538} INFO - Filling up the DagBag from /mnt/c/Users/victo/OneDrive/Desktop/fantasy_nba_dashboard/airflow_env/lib/python3.10/site-packages/airflow/example_dags/example_branch_operator.py
[2024-01-06T14:35:55.555-0800] {processor.py:840} INFO - DAG(s) 'example_branch_operator' retrieved from /mnt/c/Users/victo/OneDrive/Desktop/fantasy_nba_dashboard/airflow_env/lib/python3.10/site-packages/airflow/example_dags/example_branch_operator.py
[2024-01-06T14:35:55.662-0800] {logging_mixin.py:188} INFO - [2024-01-06T14:35:55.662-0800] {dag.py:3033} INFO - Sync 1 DAGs
[2024-01-06T14:35:55.678-0800] {logging_mixin.py:188} INFO - [2024-01-06T14:35:55.678-0800] {dag.py:3820} INFO - Setting next_dagrun for example_branch_operator to 2024-01-05T00:00:00+00:00, run_after=2024-01-06T00:00:00+00:00
[2024-01-06T14:35:55.703-0800] {processor.py:183} INFO - Processing /mnt/c/Users/victo/OneDrive/Desktop/fantasy_nba_dashboard/airflow_env/lib/python3.10/site-packages/airflow/example_dags/example_branch_operator.py took 0.168 seconds
[2024-01-06T14:36:26.635-0800] {processor.py:161} INFO - Started process (PID=9775) to work on /mnt/c/Users/victo/OneDrive/Desktop/fantasy_nba_dashboard/airflow_env/lib/python3.10/site-packages/airflow/example_dags/example_branch_operator.py
[2024-01-06T14:36:26.636-0800] {processor.py:830} INFO - Processing file /mnt/c/Users/victo/OneDrive/Desktop/fantasy_nba_dashboard/airflow_env/lib/python3.10/site-packages/airflow/example_dags/example_branch_operator.py for tasks to queue
[2024-01-06T14:36:26.637-0800] {logging_mixin.py:188} INFO - [2024-01-06T14:36:26.637-0800] {dagbag.py:538} INFO - Filling up the DagBag from /mnt/c/Users/victo/OneDrive/Desktop/fantasy_nba_dashboard/airflow_env/lib/python3.10/site-packages/airflow/example_dags/example_branch_operator.py
[2024-01-06T14:36:26.652-0800] {processor.py:840} INFO - DAG(s) 'example_branch_operator' retrieved from /mnt/c/Users/victo/OneDrive/Desktop/fantasy_nba_dashboard/airflow_env/lib/python3.10/site-packages/airflow/example_dags/example_branch_operator.py
[2024-01-06T14:36:26.686-0800] {logging_mixin.py:188} INFO - [2024-01-06T14:36:26.686-0800] {dag.py:3033} INFO - Sync 1 DAGs
[2024-01-06T14:36:26.704-0800] {logging_mixin.py:188} INFO - [2024-01-06T14:36:26.704-0800] {dag.py:3820} INFO - Setting next_dagrun for example_branch_operator to 2024-01-05T00:00:00+00:00, run_after=2024-01-06T00:00:00+00:00
[2024-01-06T14:36:26.722-0800] {processor.py:183} INFO - Processing /mnt/c/Users/victo/OneDrive/Desktop/fantasy_nba_dashboard/airflow_env/lib/python3.10/site-packages/airflow/example_dags/example_branch_operator.py took 0.090 seconds
[2024-01-06T14:36:57.593-0800] {processor.py:161} INFO - Started process (PID=10054) to work on /mnt/c/Users/victo/OneDrive/Desktop/fantasy_nba_dashboard/airflow_env/lib/python3.10/site-packages/airflow/example_dags/example_branch_operator.py
[2024-01-06T14:36:57.594-0800] {processor.py:830} INFO - Processing file /mnt/c/Users/victo/OneDrive/Desktop/fantasy_nba_dashboard/airflow_env/lib/python3.10/site-packages/airflow/example_dags/example_branch_operator.py for tasks to queue
[2024-01-06T14:36:57.594-0800] {logging_mixin.py:188} INFO - [2024-01-06T14:36:57.594-0800] {dagbag.py:538} INFO - Filling up the DagBag from /mnt/c/Users/victo/OneDrive/Desktop/fantasy_nba_dashboard/airflow_env/lib/python3.10/site-packages/airflow/example_dags/example_branch_operator.py
[2024-01-06T14:36:57.609-0800] {processor.py:840} INFO - DAG(s) 'example_branch_operator' retrieved from /mnt/c/Users/victo/OneDrive/Desktop/fantasy_nba_dashboard/airflow_env/lib/python3.10/site-packages/airflow/example_dags/example_branch_operator.py
[2024-01-06T14:36:57.642-0800] {logging_mixin.py:188} INFO - [2024-01-06T14:36:57.642-0800] {dag.py:3033} INFO - Sync 1 DAGs
[2024-01-06T14:36:57.658-0800] {logging_mixin.py:188} INFO - [2024-01-06T14:36:57.658-0800] {dag.py:3820} INFO - Setting next_dagrun for example_branch_operator to 2024-01-05T00:00:00+00:00, run_after=2024-01-06T00:00:00+00:00
[2024-01-06T14:36:57.687-0800] {processor.py:183} INFO - Processing /mnt/c/Users/victo/OneDrive/Desktop/fantasy_nba_dashboard/airflow_env/lib/python3.10/site-packages/airflow/example_dags/example_branch_operator.py took 0.098 seconds
[2024-01-06T14:37:28.278-0800] {processor.py:161} INFO - Started process (PID=10374) to work on /mnt/c/Users/victo/OneDrive/Desktop/fantasy_nba_dashboard/airflow_env/lib/python3.10/site-packages/airflow/example_dags/example_branch_operator.py
[2024-01-06T14:37:28.279-0800] {processor.py:830} INFO - Processing file /mnt/c/Users/victo/OneDrive/Desktop/fantasy_nba_dashboard/airflow_env/lib/python3.10/site-packages/airflow/example_dags/example_branch_operator.py for tasks to queue
[2024-01-06T14:37:28.280-0800] {logging_mixin.py:188} INFO - [2024-01-06T14:37:28.280-0800] {dagbag.py:538} INFO - Filling up the DagBag from /mnt/c/Users/victo/OneDrive/Desktop/fantasy_nba_dashboard/airflow_env/lib/python3.10/site-packages/airflow/example_dags/example_branch_operator.py
[2024-01-06T14:37:28.296-0800] {processor.py:840} INFO - DAG(s) 'example_branch_operator' retrieved from /mnt/c/Users/victo/OneDrive/Desktop/fantasy_nba_dashboard/airflow_env/lib/python3.10/site-packages/airflow/example_dags/example_branch_operator.py
[2024-01-06T14:37:28.330-0800] {logging_mixin.py:188} INFO - [2024-01-06T14:37:28.330-0800] {dag.py:3033} INFO - Sync 1 DAGs
[2024-01-06T14:37:28.349-0800] {logging_mixin.py:188} INFO - [2024-01-06T14:37:28.349-0800] {dag.py:3820} INFO - Setting next_dagrun for example_branch_operator to 2024-01-05T00:00:00+00:00, run_after=2024-01-06T00:00:00+00:00
[2024-01-06T14:37:28.377-0800] {processor.py:183} INFO - Processing /mnt/c/Users/victo/OneDrive/Desktop/fantasy_nba_dashboard/airflow_env/lib/python3.10/site-packages/airflow/example_dags/example_branch_operator.py took 0.103 seconds
[2024-01-06T14:37:58.981-0800] {processor.py:161} INFO - Started process (PID=10531) to work on /mnt/c/Users/victo/OneDrive/Desktop/fantasy_nba_dashboard/airflow_env/lib/python3.10/site-packages/airflow/example_dags/example_branch_operator.py
[2024-01-06T14:37:58.982-0800] {processor.py:830} INFO - Processing file /mnt/c/Users/victo/OneDrive/Desktop/fantasy_nba_dashboard/airflow_env/lib/python3.10/site-packages/airflow/example_dags/example_branch_operator.py for tasks to queue
[2024-01-06T14:37:58.982-0800] {logging_mixin.py:188} INFO - [2024-01-06T14:37:58.982-0800] {dagbag.py:538} INFO - Filling up the DagBag from /mnt/c/Users/victo/OneDrive/Desktop/fantasy_nba_dashboard/airflow_env/lib/python3.10/site-packages/airflow/example_dags/example_branch_operator.py
[2024-01-06T14:37:58.997-0800] {processor.py:840} INFO - DAG(s) 'example_branch_operator' retrieved from /mnt/c/Users/victo/OneDrive/Desktop/fantasy_nba_dashboard/airflow_env/lib/python3.10/site-packages/airflow/example_dags/example_branch_operator.py
[2024-01-06T14:37:59.032-0800] {logging_mixin.py:188} INFO - [2024-01-06T14:37:59.032-0800] {dag.py:3033} INFO - Sync 1 DAGs
[2024-01-06T14:37:59.050-0800] {logging_mixin.py:188} INFO - [2024-01-06T14:37:59.050-0800] {dag.py:3820} INFO - Setting next_dagrun for example_branch_operator to 2024-01-05T00:00:00+00:00, run_after=2024-01-06T00:00:00+00:00
[2024-01-06T14:37:59.069-0800] {processor.py:183} INFO - Processing /mnt/c/Users/victo/OneDrive/Desktop/fantasy_nba_dashboard/airflow_env/lib/python3.10/site-packages/airflow/example_dags/example_branch_operator.py took 0.092 seconds
[2024-01-06T14:38:29.708-0800] {processor.py:161} INFO - Started process (PID=10705) to work on /mnt/c/Users/victo/OneDrive/Desktop/fantasy_nba_dashboard/airflow_env/lib/python3.10/site-packages/airflow/example_dags/example_branch_operator.py
[2024-01-06T14:38:29.709-0800] {processor.py:830} INFO - Processing file /mnt/c/Users/victo/OneDrive/Desktop/fantasy_nba_dashboard/airflow_env/lib/python3.10/site-packages/airflow/example_dags/example_branch_operator.py for tasks to queue
[2024-01-06T14:38:29.710-0800] {logging_mixin.py:188} INFO - [2024-01-06T14:38:29.709-0800] {dagbag.py:538} INFO - Filling up the DagBag from /mnt/c/Users/victo/OneDrive/Desktop/fantasy_nba_dashboard/airflow_env/lib/python3.10/site-packages/airflow/example_dags/example_branch_operator.py
[2024-01-06T14:38:29.725-0800] {processor.py:840} INFO - DAG(s) 'example_branch_operator' retrieved from /mnt/c/Users/victo/OneDrive/Desktop/fantasy_nba_dashboard/airflow_env/lib/python3.10/site-packages/airflow/example_dags/example_branch_operator.py
[2024-01-06T14:38:29.758-0800] {logging_mixin.py:188} INFO - [2024-01-06T14:38:29.758-0800] {dag.py:3033} INFO - Sync 1 DAGs
[2024-01-06T14:38:29.778-0800] {logging_mixin.py:188} INFO - [2024-01-06T14:38:29.777-0800] {dag.py:3820} INFO - Setting next_dagrun for example_branch_operator to 2024-01-05T00:00:00+00:00, run_after=2024-01-06T00:00:00+00:00
[2024-01-06T14:38:29.807-0800] {processor.py:183} INFO - Processing /mnt/c/Users/victo/OneDrive/Desktop/fantasy_nba_dashboard/airflow_env/lib/python3.10/site-packages/airflow/example_dags/example_branch_operator.py took 0.103 seconds
[2024-01-06T14:39:00.684-0800] {processor.py:161} INFO - Started process (PID=10896) to work on /mnt/c/Users/victo/OneDrive/Desktop/fantasy_nba_dashboard/airflow_env/lib/python3.10/site-packages/airflow/example_dags/example_branch_operator.py
[2024-01-06T14:39:00.685-0800] {processor.py:830} INFO - Processing file /mnt/c/Users/victo/OneDrive/Desktop/fantasy_nba_dashboard/airflow_env/lib/python3.10/site-packages/airflow/example_dags/example_branch_operator.py for tasks to queue
[2024-01-06T14:39:00.685-0800] {logging_mixin.py:188} INFO - [2024-01-06T14:39:00.685-0800] {dagbag.py:538} INFO - Filling up the DagBag from /mnt/c/Users/victo/OneDrive/Desktop/fantasy_nba_dashboard/airflow_env/lib/python3.10/site-packages/airflow/example_dags/example_branch_operator.py
[2024-01-06T14:39:00.700-0800] {processor.py:840} INFO - DAG(s) 'example_branch_operator' retrieved from /mnt/c/Users/victo/OneDrive/Desktop/fantasy_nba_dashboard/airflow_env/lib/python3.10/site-packages/airflow/example_dags/example_branch_operator.py
[2024-01-06T14:39:00.733-0800] {logging_mixin.py:188} INFO - [2024-01-06T14:39:00.733-0800] {dag.py:3033} INFO - Sync 1 DAGs
[2024-01-06T14:39:00.750-0800] {logging_mixin.py:188} INFO - [2024-01-06T14:39:00.750-0800] {dag.py:3820} INFO - Setting next_dagrun for example_branch_operator to 2024-01-05T00:00:00+00:00, run_after=2024-01-06T00:00:00+00:00
[2024-01-06T14:39:00.768-0800] {processor.py:183} INFO - Processing /mnt/c/Users/victo/OneDrive/Desktop/fantasy_nba_dashboard/airflow_env/lib/python3.10/site-packages/airflow/example_dags/example_branch_operator.py took 0.088 seconds
[2024-01-06T14:39:31.287-0800] {processor.py:161} INFO - Started process (PID=11055) to work on /mnt/c/Users/victo/OneDrive/Desktop/fantasy_nba_dashboard/airflow_env/lib/python3.10/site-packages/airflow/example_dags/example_branch_operator.py
[2024-01-06T14:39:31.288-0800] {processor.py:830} INFO - Processing file /mnt/c/Users/victo/OneDrive/Desktop/fantasy_nba_dashboard/airflow_env/lib/python3.10/site-packages/airflow/example_dags/example_branch_operator.py for tasks to queue
[2024-01-06T14:39:31.288-0800] {logging_mixin.py:188} INFO - [2024-01-06T14:39:31.288-0800] {dagbag.py:538} INFO - Filling up the DagBag from /mnt/c/Users/victo/OneDrive/Desktop/fantasy_nba_dashboard/airflow_env/lib/python3.10/site-packages/airflow/example_dags/example_branch_operator.py
[2024-01-06T14:39:31.303-0800] {processor.py:840} INFO - DAG(s) 'example_branch_operator' retrieved from /mnt/c/Users/victo/OneDrive/Desktop/fantasy_nba_dashboard/airflow_env/lib/python3.10/site-packages/airflow/example_dags/example_branch_operator.py
[2024-01-06T14:39:31.338-0800] {logging_mixin.py:188} INFO - [2024-01-06T14:39:31.337-0800] {dag.py:3033} INFO - Sync 1 DAGs
[2024-01-06T14:39:31.356-0800] {logging_mixin.py:188} INFO - [2024-01-06T14:39:31.355-0800] {dag.py:3820} INFO - Setting next_dagrun for example_branch_operator to 2024-01-05T00:00:00+00:00, run_after=2024-01-06T00:00:00+00:00
[2024-01-06T14:39:31.383-0800] {processor.py:183} INFO - Processing /mnt/c/Users/victo/OneDrive/Desktop/fantasy_nba_dashboard/airflow_env/lib/python3.10/site-packages/airflow/example_dags/example_branch_operator.py took 0.101 seconds
[2024-01-06T14:40:02.082-0800] {processor.py:161} INFO - Started process (PID=11212) to work on /mnt/c/Users/victo/OneDrive/Desktop/fantasy_nba_dashboard/airflow_env/lib/python3.10/site-packages/airflow/example_dags/example_branch_operator.py
[2024-01-06T14:40:02.082-0800] {processor.py:830} INFO - Processing file /mnt/c/Users/victo/OneDrive/Desktop/fantasy_nba_dashboard/airflow_env/lib/python3.10/site-packages/airflow/example_dags/example_branch_operator.py for tasks to queue
[2024-01-06T14:40:02.083-0800] {logging_mixin.py:188} INFO - [2024-01-06T14:40:02.083-0800] {dagbag.py:538} INFO - Filling up the DagBag from /mnt/c/Users/victo/OneDrive/Desktop/fantasy_nba_dashboard/airflow_env/lib/python3.10/site-packages/airflow/example_dags/example_branch_operator.py
[2024-01-06T14:40:02.098-0800] {processor.py:840} INFO - DAG(s) 'example_branch_operator' retrieved from /mnt/c/Users/victo/OneDrive/Desktop/fantasy_nba_dashboard/airflow_env/lib/python3.10/site-packages/airflow/example_dags/example_branch_operator.py
[2024-01-06T14:40:02.130-0800] {logging_mixin.py:188} INFO - [2024-01-06T14:40:02.130-0800] {dag.py:3033} INFO - Sync 1 DAGs
[2024-01-06T14:40:02.148-0800] {logging_mixin.py:188} INFO - [2024-01-06T14:40:02.148-0800] {dag.py:3820} INFO - Setting next_dagrun for example_branch_operator to 2024-01-05T00:00:00+00:00, run_after=2024-01-06T00:00:00+00:00
[2024-01-06T14:40:02.165-0800] {processor.py:183} INFO - Processing /mnt/c/Users/victo/OneDrive/Desktop/fantasy_nba_dashboard/airflow_env/lib/python3.10/site-packages/airflow/example_dags/example_branch_operator.py took 0.087 seconds
[2024-01-06T14:40:32.909-0800] {processor.py:161} INFO - Started process (PID=11370) to work on /mnt/c/Users/victo/OneDrive/Desktop/fantasy_nba_dashboard/airflow_env/lib/python3.10/site-packages/airflow/example_dags/example_branch_operator.py
[2024-01-06T14:40:32.910-0800] {processor.py:830} INFO - Processing file /mnt/c/Users/victo/OneDrive/Desktop/fantasy_nba_dashboard/airflow_env/lib/python3.10/site-packages/airflow/example_dags/example_branch_operator.py for tasks to queue
[2024-01-06T14:40:32.911-0800] {logging_mixin.py:188} INFO - [2024-01-06T14:40:32.911-0800] {dagbag.py:538} INFO - Filling up the DagBag from /mnt/c/Users/victo/OneDrive/Desktop/fantasy_nba_dashboard/airflow_env/lib/python3.10/site-packages/airflow/example_dags/example_branch_operator.py
[2024-01-06T14:40:32.926-0800] {processor.py:840} INFO - DAG(s) 'example_branch_operator' retrieved from /mnt/c/Users/victo/OneDrive/Desktop/fantasy_nba_dashboard/airflow_env/lib/python3.10/site-packages/airflow/example_dags/example_branch_operator.py
[2024-01-06T14:40:32.959-0800] {logging_mixin.py:188} INFO - [2024-01-06T14:40:32.959-0800] {dag.py:3033} INFO - Sync 1 DAGs
[2024-01-06T14:40:32.977-0800] {logging_mixin.py:188} INFO - [2024-01-06T14:40:32.977-0800] {dag.py:3820} INFO - Setting next_dagrun for example_branch_operator to 2024-01-05T00:00:00+00:00, run_after=2024-01-06T00:00:00+00:00
[2024-01-06T14:40:33.005-0800] {processor.py:183} INFO - Processing /mnt/c/Users/victo/OneDrive/Desktop/fantasy_nba_dashboard/airflow_env/lib/python3.10/site-packages/airflow/example_dags/example_branch_operator.py took 0.100 seconds
[2024-01-06T14:41:03.798-0800] {processor.py:161} INFO - Started process (PID=11551) to work on /mnt/c/Users/victo/OneDrive/Desktop/fantasy_nba_dashboard/airflow_env/lib/python3.10/site-packages/airflow/example_dags/example_branch_operator.py
[2024-01-06T14:41:03.799-0800] {processor.py:830} INFO - Processing file /mnt/c/Users/victo/OneDrive/Desktop/fantasy_nba_dashboard/airflow_env/lib/python3.10/site-packages/airflow/example_dags/example_branch_operator.py for tasks to queue
[2024-01-06T14:41:03.800-0800] {logging_mixin.py:188} INFO - [2024-01-06T14:41:03.799-0800] {dagbag.py:538} INFO - Filling up the DagBag from /mnt/c/Users/victo/OneDrive/Desktop/fantasy_nba_dashboard/airflow_env/lib/python3.10/site-packages/airflow/example_dags/example_branch_operator.py
[2024-01-06T14:41:03.816-0800] {processor.py:840} INFO - DAG(s) 'example_branch_operator' retrieved from /mnt/c/Users/victo/OneDrive/Desktop/fantasy_nba_dashboard/airflow_env/lib/python3.10/site-packages/airflow/example_dags/example_branch_operator.py
[2024-01-06T14:41:03.848-0800] {logging_mixin.py:188} INFO - [2024-01-06T14:41:03.848-0800] {dag.py:3033} INFO - Sync 1 DAGs
[2024-01-06T14:41:03.866-0800] {logging_mixin.py:188} INFO - [2024-01-06T14:41:03.866-0800] {dag.py:3820} INFO - Setting next_dagrun for example_branch_operator to 2024-01-05T00:00:00+00:00, run_after=2024-01-06T00:00:00+00:00
[2024-01-06T14:41:03.888-0800] {processor.py:183} INFO - Processing /mnt/c/Users/victo/OneDrive/Desktop/fantasy_nba_dashboard/airflow_env/lib/python3.10/site-packages/airflow/example_dags/example_branch_operator.py took 0.095 seconds
