[2024-01-06T14:24:42.843-0800] {processor.py:161} INFO - Started process (PID=7105) to work on /mnt/c/Users/victo/OneDrive/Desktop/fantasy_nba_dashboard/airflow_env/lib/python3.10/site-packages/airflow/example_dags/example_params_ui_tutorial.py
[2024-01-06T14:24:42.844-0800] {processor.py:830} INFO - Processing file /mnt/c/Users/victo/OneDrive/Desktop/fantasy_nba_dashboard/airflow_env/lib/python3.10/site-packages/airflow/example_dags/example_params_ui_tutorial.py for tasks to queue
[2024-01-06T14:24:42.845-0800] {logging_mixin.py:188} INFO - [2024-01-06T14:24:42.845-0800] {dagbag.py:538} INFO - Filling up the DagBag from /mnt/c/Users/victo/OneDrive/Desktop/fantasy_nba_dashboard/airflow_env/lib/python3.10/site-packages/airflow/example_dags/example_params_ui_tutorial.py
[2024-01-06T14:24:42.856-0800] {processor.py:840} INFO - DAG(s) 'example_params_ui_tutorial' retrieved from /mnt/c/Users/victo/OneDrive/Desktop/fantasy_nba_dashboard/airflow_env/lib/python3.10/site-packages/airflow/example_dags/example_params_ui_tutorial.py
[2024-01-06T14:24:42.972-0800] {logging_mixin.py:188} INFO - [2024-01-06T14:24:42.972-0800] {dag.py:3033} INFO - Sync 1 DAGs
[2024-01-06T14:24:42.980-0800] {logging_mixin.py:188} INFO - [2024-01-06T14:24:42.980-0800] {dag.py:3820} INFO - Setting next_dagrun for example_params_ui_tutorial to None, run_after=None
[2024-01-06T14:24:42.995-0800] {processor.py:183} INFO - Processing /mnt/c/Users/victo/OneDrive/Desktop/fantasy_nba_dashboard/airflow_env/lib/python3.10/site-packages/airflow/example_dags/example_params_ui_tutorial.py took 0.156 seconds
[2024-01-06T14:25:13.076-0800] {processor.py:161} INFO - Started process (PID=7264) to work on /mnt/c/Users/victo/OneDrive/Desktop/fantasy_nba_dashboard/airflow_env/lib/python3.10/site-packages/airflow/example_dags/example_params_ui_tutorial.py
[2024-01-06T14:25:13.078-0800] {processor.py:830} INFO - Processing file /mnt/c/Users/victo/OneDrive/Desktop/fantasy_nba_dashboard/airflow_env/lib/python3.10/site-packages/airflow/example_dags/example_params_ui_tutorial.py for tasks to queue
[2024-01-06T14:25:13.078-0800] {logging_mixin.py:188} INFO - [2024-01-06T14:25:13.078-0800] {dagbag.py:538} INFO - Filling up the DagBag from /mnt/c/Users/victo/OneDrive/Desktop/fantasy_nba_dashboard/airflow_env/lib/python3.10/site-packages/airflow/example_dags/example_params_ui_tutorial.py
[2024-01-06T14:25:13.090-0800] {processor.py:840} INFO - DAG(s) 'example_params_ui_tutorial' retrieved from /mnt/c/Users/victo/OneDrive/Desktop/fantasy_nba_dashboard/airflow_env/lib/python3.10/site-packages/airflow/example_dags/example_params_ui_tutorial.py
[2024-01-06T14:25:13.136-0800] {logging_mixin.py:188} INFO - [2024-01-06T14:25:13.136-0800] {dag.py:3033} INFO - Sync 1 DAGs
[2024-01-06T14:25:13.146-0800] {logging_mixin.py:188} INFO - [2024-01-06T14:25:13.145-0800] {dag.py:3820} INFO - Setting next_dagrun for example_params_ui_tutorial to None, run_after=None
[2024-01-06T14:25:13.158-0800] {processor.py:183} INFO - Processing /mnt/c/Users/victo/OneDrive/Desktop/fantasy_nba_dashboard/airflow_env/lib/python3.10/site-packages/airflow/example_dags/example_params_ui_tutorial.py took 0.085 seconds
[2024-01-06T14:25:43.275-0800] {processor.py:161} INFO - Started process (PID=7511) to work on /mnt/c/Users/victo/OneDrive/Desktop/fantasy_nba_dashboard/airflow_env/lib/python3.10/site-packages/airflow/example_dags/example_params_ui_tutorial.py
[2024-01-06T14:25:43.276-0800] {processor.py:830} INFO - Processing file /mnt/c/Users/victo/OneDrive/Desktop/fantasy_nba_dashboard/airflow_env/lib/python3.10/site-packages/airflow/example_dags/example_params_ui_tutorial.py for tasks to queue
[2024-01-06T14:25:43.277-0800] {logging_mixin.py:188} INFO - [2024-01-06T14:25:43.276-0800] {dagbag.py:538} INFO - Filling up the DagBag from /mnt/c/Users/victo/OneDrive/Desktop/fantasy_nba_dashboard/airflow_env/lib/python3.10/site-packages/airflow/example_dags/example_params_ui_tutorial.py
[2024-01-06T14:25:43.287-0800] {processor.py:840} INFO - DAG(s) 'example_params_ui_tutorial' retrieved from /mnt/c/Users/victo/OneDrive/Desktop/fantasy_nba_dashboard/airflow_env/lib/python3.10/site-packages/airflow/example_dags/example_params_ui_tutorial.py
[2024-01-06T14:25:43.335-0800] {logging_mixin.py:188} INFO - [2024-01-06T14:25:43.334-0800] {dag.py:3033} INFO - Sync 1 DAGs
[2024-01-06T14:25:43.344-0800] {logging_mixin.py:188} INFO - [2024-01-06T14:25:43.344-0800] {dag.py:3820} INFO - Setting next_dagrun for example_params_ui_tutorial to None, run_after=None
[2024-01-06T14:25:43.357-0800] {processor.py:183} INFO - Processing /mnt/c/Users/victo/OneDrive/Desktop/fantasy_nba_dashboard/airflow_env/lib/python3.10/site-packages/airflow/example_dags/example_params_ui_tutorial.py took 0.086 seconds
[2024-01-06T14:26:13.518-0800] {processor.py:161} INFO - Started process (PID=8049) to work on /mnt/c/Users/victo/OneDrive/Desktop/fantasy_nba_dashboard/airflow_env/lib/python3.10/site-packages/airflow/example_dags/example_params_ui_tutorial.py
[2024-01-06T14:26:13.520-0800] {processor.py:830} INFO - Processing file /mnt/c/Users/victo/OneDrive/Desktop/fantasy_nba_dashboard/airflow_env/lib/python3.10/site-packages/airflow/example_dags/example_params_ui_tutorial.py for tasks to queue
[2024-01-06T14:26:13.521-0800] {logging_mixin.py:188} INFO - [2024-01-06T14:26:13.520-0800] {dagbag.py:538} INFO - Filling up the DagBag from /mnt/c/Users/victo/OneDrive/Desktop/fantasy_nba_dashboard/airflow_env/lib/python3.10/site-packages/airflow/example_dags/example_params_ui_tutorial.py
[2024-01-06T14:26:13.534-0800] {processor.py:840} INFO - DAG(s) 'example_params_ui_tutorial' retrieved from /mnt/c/Users/victo/OneDrive/Desktop/fantasy_nba_dashboard/airflow_env/lib/python3.10/site-packages/airflow/example_dags/example_params_ui_tutorial.py
[2024-01-06T14:26:13.582-0800] {logging_mixin.py:188} INFO - [2024-01-06T14:26:13.582-0800] {dag.py:3033} INFO - Sync 1 DAGs
[2024-01-06T14:26:13.592-0800] {logging_mixin.py:188} INFO - [2024-01-06T14:26:13.592-0800] {dag.py:3820} INFO - Setting next_dagrun for example_params_ui_tutorial to None, run_after=None
[2024-01-06T14:26:13.606-0800] {processor.py:183} INFO - Processing /mnt/c/Users/victo/OneDrive/Desktop/fantasy_nba_dashboard/airflow_env/lib/python3.10/site-packages/airflow/example_dags/example_params_ui_tutorial.py took 0.094 seconds
[2024-01-06T14:35:54.447-0800] {processor.py:161} INFO - Started process (PID=9559) to work on /mnt/c/Users/victo/OneDrive/Desktop/fantasy_nba_dashboard/airflow_env/lib/python3.10/site-packages/airflow/example_dags/example_params_ui_tutorial.py
[2024-01-06T14:35:54.448-0800] {processor.py:830} INFO - Processing file /mnt/c/Users/victo/OneDrive/Desktop/fantasy_nba_dashboard/airflow_env/lib/python3.10/site-packages/airflow/example_dags/example_params_ui_tutorial.py for tasks to queue
[2024-01-06T14:35:54.449-0800] {logging_mixin.py:188} INFO - [2024-01-06T14:35:54.448-0800] {dagbag.py:538} INFO - Filling up the DagBag from /mnt/c/Users/victo/OneDrive/Desktop/fantasy_nba_dashboard/airflow_env/lib/python3.10/site-packages/airflow/example_dags/example_params_ui_tutorial.py
[2024-01-06T14:35:54.460-0800] {processor.py:840} INFO - DAG(s) 'example_params_ui_tutorial' retrieved from /mnt/c/Users/victo/OneDrive/Desktop/fantasy_nba_dashboard/airflow_env/lib/python3.10/site-packages/airflow/example_dags/example_params_ui_tutorial.py
[2024-01-06T14:35:54.506-0800] {logging_mixin.py:188} INFO - [2024-01-06T14:35:54.506-0800] {dag.py:3033} INFO - Sync 1 DAGs
[2024-01-06T14:35:54.516-0800] {logging_mixin.py:188} INFO - [2024-01-06T14:35:54.516-0800] {dag.py:3820} INFO - Setting next_dagrun for example_params_ui_tutorial to None, run_after=None
[2024-01-06T14:35:54.532-0800] {processor.py:183} INFO - Processing /mnt/c/Users/victo/OneDrive/Desktop/fantasy_nba_dashboard/airflow_env/lib/python3.10/site-packages/airflow/example_dags/example_params_ui_tutorial.py took 0.088 seconds
[2024-01-06T14:36:24.609-0800] {processor.py:161} INFO - Started process (PID=9741) to work on /mnt/c/Users/victo/OneDrive/Desktop/fantasy_nba_dashboard/airflow_env/lib/python3.10/site-packages/airflow/example_dags/example_params_ui_tutorial.py
[2024-01-06T14:36:24.610-0800] {processor.py:830} INFO - Processing file /mnt/c/Users/victo/OneDrive/Desktop/fantasy_nba_dashboard/airflow_env/lib/python3.10/site-packages/airflow/example_dags/example_params_ui_tutorial.py for tasks to queue
[2024-01-06T14:36:24.611-0800] {logging_mixin.py:188} INFO - [2024-01-06T14:36:24.610-0800] {dagbag.py:538} INFO - Filling up the DagBag from /mnt/c/Users/victo/OneDrive/Desktop/fantasy_nba_dashboard/airflow_env/lib/python3.10/site-packages/airflow/example_dags/example_params_ui_tutorial.py
[2024-01-06T14:36:24.622-0800] {processor.py:840} INFO - DAG(s) 'example_params_ui_tutorial' retrieved from /mnt/c/Users/victo/OneDrive/Desktop/fantasy_nba_dashboard/airflow_env/lib/python3.10/site-packages/airflow/example_dags/example_params_ui_tutorial.py
[2024-01-06T14:36:24.669-0800] {logging_mixin.py:188} INFO - [2024-01-06T14:36:24.669-0800] {dag.py:3033} INFO - Sync 1 DAGs
[2024-01-06T14:36:24.678-0800] {logging_mixin.py:188} INFO - [2024-01-06T14:36:24.678-0800] {dag.py:3820} INFO - Setting next_dagrun for example_params_ui_tutorial to None, run_after=None
[2024-01-06T14:36:24.695-0800] {processor.py:183} INFO - Processing /mnt/c/Users/victo/OneDrive/Desktop/fantasy_nba_dashboard/airflow_env/lib/python3.10/site-packages/airflow/example_dags/example_params_ui_tutorial.py took 0.090 seconds
[2024-01-06T14:36:55.903-0800] {processor.py:161} INFO - Started process (PID=10021) to work on /mnt/c/Users/victo/OneDrive/Desktop/fantasy_nba_dashboard/airflow_env/lib/python3.10/site-packages/airflow/example_dags/example_params_ui_tutorial.py
[2024-01-06T14:36:55.904-0800] {processor.py:830} INFO - Processing file /mnt/c/Users/victo/OneDrive/Desktop/fantasy_nba_dashboard/airflow_env/lib/python3.10/site-packages/airflow/example_dags/example_params_ui_tutorial.py for tasks to queue
[2024-01-06T14:36:55.905-0800] {logging_mixin.py:188} INFO - [2024-01-06T14:36:55.905-0800] {dagbag.py:538} INFO - Filling up the DagBag from /mnt/c/Users/victo/OneDrive/Desktop/fantasy_nba_dashboard/airflow_env/lib/python3.10/site-packages/airflow/example_dags/example_params_ui_tutorial.py
[2024-01-06T14:36:55.916-0800] {processor.py:840} INFO - DAG(s) 'example_params_ui_tutorial' retrieved from /mnt/c/Users/victo/OneDrive/Desktop/fantasy_nba_dashboard/airflow_env/lib/python3.10/site-packages/airflow/example_dags/example_params_ui_tutorial.py
[2024-01-06T14:36:55.964-0800] {logging_mixin.py:188} INFO - [2024-01-06T14:36:55.964-0800] {dag.py:3033} INFO - Sync 1 DAGs
[2024-01-06T14:36:55.974-0800] {logging_mixin.py:188} INFO - [2024-01-06T14:36:55.974-0800] {dag.py:3820} INFO - Setting next_dagrun for example_params_ui_tutorial to None, run_after=None
[2024-01-06T14:36:55.988-0800] {processor.py:183} INFO - Processing /mnt/c/Users/victo/OneDrive/Desktop/fantasy_nba_dashboard/airflow_env/lib/python3.10/site-packages/airflow/example_dags/example_params_ui_tutorial.py took 0.090 seconds
[2024-01-06T14:37:26.503-0800] {processor.py:161} INFO - Started process (PID=10301) to work on /mnt/c/Users/victo/OneDrive/Desktop/fantasy_nba_dashboard/airflow_env/lib/python3.10/site-packages/airflow/example_dags/example_params_ui_tutorial.py
[2024-01-06T14:37:26.504-0800] {processor.py:830} INFO - Processing file /mnt/c/Users/victo/OneDrive/Desktop/fantasy_nba_dashboard/airflow_env/lib/python3.10/site-packages/airflow/example_dags/example_params_ui_tutorial.py for tasks to queue
[2024-01-06T14:37:26.504-0800] {logging_mixin.py:188} INFO - [2024-01-06T14:37:26.504-0800] {dagbag.py:538} INFO - Filling up the DagBag from /mnt/c/Users/victo/OneDrive/Desktop/fantasy_nba_dashboard/airflow_env/lib/python3.10/site-packages/airflow/example_dags/example_params_ui_tutorial.py
[2024-01-06T14:37:26.516-0800] {processor.py:840} INFO - DAG(s) 'example_params_ui_tutorial' retrieved from /mnt/c/Users/victo/OneDrive/Desktop/fantasy_nba_dashboard/airflow_env/lib/python3.10/site-packages/airflow/example_dags/example_params_ui_tutorial.py
[2024-01-06T14:37:26.568-0800] {logging_mixin.py:188} INFO - [2024-01-06T14:37:26.568-0800] {dag.py:3033} INFO - Sync 1 DAGs
[2024-01-06T14:37:26.578-0800] {logging_mixin.py:188} INFO - [2024-01-06T14:37:26.578-0800] {dag.py:3820} INFO - Setting next_dagrun for example_params_ui_tutorial to None, run_after=None
[2024-01-06T14:37:26.593-0800] {processor.py:183} INFO - Processing /mnt/c/Users/victo/OneDrive/Desktop/fantasy_nba_dashboard/airflow_env/lib/python3.10/site-packages/airflow/example_dags/example_params_ui_tutorial.py took 0.094 seconds
[2024-01-06T14:37:57.253-0800] {processor.py:161} INFO - Started process (PID=10499) to work on /mnt/c/Users/victo/OneDrive/Desktop/fantasy_nba_dashboard/airflow_env/lib/python3.10/site-packages/airflow/example_dags/example_params_ui_tutorial.py
[2024-01-06T14:37:57.254-0800] {processor.py:830} INFO - Processing file /mnt/c/Users/victo/OneDrive/Desktop/fantasy_nba_dashboard/airflow_env/lib/python3.10/site-packages/airflow/example_dags/example_params_ui_tutorial.py for tasks to queue
[2024-01-06T14:37:57.255-0800] {logging_mixin.py:188} INFO - [2024-01-06T14:37:57.255-0800] {dagbag.py:538} INFO - Filling up the DagBag from /mnt/c/Users/victo/OneDrive/Desktop/fantasy_nba_dashboard/airflow_env/lib/python3.10/site-packages/airflow/example_dags/example_params_ui_tutorial.py
[2024-01-06T14:37:57.267-0800] {processor.py:840} INFO - DAG(s) 'example_params_ui_tutorial' retrieved from /mnt/c/Users/victo/OneDrive/Desktop/fantasy_nba_dashboard/airflow_env/lib/python3.10/site-packages/airflow/example_dags/example_params_ui_tutorial.py
[2024-01-06T14:37:57.315-0800] {logging_mixin.py:188} INFO - [2024-01-06T14:37:57.314-0800] {dag.py:3033} INFO - Sync 1 DAGs
[2024-01-06T14:37:57.325-0800] {logging_mixin.py:188} INFO - [2024-01-06T14:37:57.325-0800] {dag.py:3820} INFO - Setting next_dagrun for example_params_ui_tutorial to None, run_after=None
[2024-01-06T14:37:57.340-0800] {processor.py:183} INFO - Processing /mnt/c/Users/victo/OneDrive/Desktop/fantasy_nba_dashboard/airflow_env/lib/python3.10/site-packages/airflow/example_dags/example_params_ui_tutorial.py took 0.090 seconds
[2024-01-06T14:38:27.914-0800] {processor.py:161} INFO - Started process (PID=10673) to work on /mnt/c/Users/victo/OneDrive/Desktop/fantasy_nba_dashboard/airflow_env/lib/python3.10/site-packages/airflow/example_dags/example_params_ui_tutorial.py
[2024-01-06T14:38:27.915-0800] {processor.py:830} INFO - Processing file /mnt/c/Users/victo/OneDrive/Desktop/fantasy_nba_dashboard/airflow_env/lib/python3.10/site-packages/airflow/example_dags/example_params_ui_tutorial.py for tasks to queue
[2024-01-06T14:38:27.915-0800] {logging_mixin.py:188} INFO - [2024-01-06T14:38:27.915-0800] {dagbag.py:538} INFO - Filling up the DagBag from /mnt/c/Users/victo/OneDrive/Desktop/fantasy_nba_dashboard/airflow_env/lib/python3.10/site-packages/airflow/example_dags/example_params_ui_tutorial.py
[2024-01-06T14:38:27.927-0800] {processor.py:840} INFO - DAG(s) 'example_params_ui_tutorial' retrieved from /mnt/c/Users/victo/OneDrive/Desktop/fantasy_nba_dashboard/airflow_env/lib/python3.10/site-packages/airflow/example_dags/example_params_ui_tutorial.py
[2024-01-06T14:38:27.973-0800] {logging_mixin.py:188} INFO - [2024-01-06T14:38:27.973-0800] {dag.py:3033} INFO - Sync 1 DAGs
[2024-01-06T14:38:27.984-0800] {logging_mixin.py:188} INFO - [2024-01-06T14:38:27.983-0800] {dag.py:3820} INFO - Setting next_dagrun for example_params_ui_tutorial to None, run_after=None
[2024-01-06T14:38:27.997-0800] {processor.py:183} INFO - Processing /mnt/c/Users/victo/OneDrive/Desktop/fantasy_nba_dashboard/airflow_env/lib/python3.10/site-packages/airflow/example_dags/example_params_ui_tutorial.py took 0.087 seconds
[2024-01-06T14:38:58.958-0800] {processor.py:161} INFO - Started process (PID=10864) to work on /mnt/c/Users/victo/OneDrive/Desktop/fantasy_nba_dashboard/airflow_env/lib/python3.10/site-packages/airflow/example_dags/example_params_ui_tutorial.py
[2024-01-06T14:38:58.959-0800] {processor.py:830} INFO - Processing file /mnt/c/Users/victo/OneDrive/Desktop/fantasy_nba_dashboard/airflow_env/lib/python3.10/site-packages/airflow/example_dags/example_params_ui_tutorial.py for tasks to queue
[2024-01-06T14:38:58.960-0800] {logging_mixin.py:188} INFO - [2024-01-06T14:38:58.960-0800] {dagbag.py:538} INFO - Filling up the DagBag from /mnt/c/Users/victo/OneDrive/Desktop/fantasy_nba_dashboard/airflow_env/lib/python3.10/site-packages/airflow/example_dags/example_params_ui_tutorial.py
[2024-01-06T14:38:58.971-0800] {processor.py:840} INFO - DAG(s) 'example_params_ui_tutorial' retrieved from /mnt/c/Users/victo/OneDrive/Desktop/fantasy_nba_dashboard/airflow_env/lib/python3.10/site-packages/airflow/example_dags/example_params_ui_tutorial.py
[2024-01-06T14:38:59.017-0800] {logging_mixin.py:188} INFO - [2024-01-06T14:38:59.017-0800] {dag.py:3033} INFO - Sync 1 DAGs
[2024-01-06T14:38:59.027-0800] {logging_mixin.py:188} INFO - [2024-01-06T14:38:59.027-0800] {dag.py:3820} INFO - Setting next_dagrun for example_params_ui_tutorial to None, run_after=None
[2024-01-06T14:38:59.041-0800] {processor.py:183} INFO - Processing /mnt/c/Users/victo/OneDrive/Desktop/fantasy_nba_dashboard/airflow_env/lib/python3.10/site-packages/airflow/example_dags/example_params_ui_tutorial.py took 0.086 seconds
[2024-01-06T14:39:29.544-0800] {processor.py:161} INFO - Started process (PID=11023) to work on /mnt/c/Users/victo/OneDrive/Desktop/fantasy_nba_dashboard/airflow_env/lib/python3.10/site-packages/airflow/example_dags/example_params_ui_tutorial.py
[2024-01-06T14:39:29.545-0800] {processor.py:830} INFO - Processing file /mnt/c/Users/victo/OneDrive/Desktop/fantasy_nba_dashboard/airflow_env/lib/python3.10/site-packages/airflow/example_dags/example_params_ui_tutorial.py for tasks to queue
[2024-01-06T14:39:29.546-0800] {logging_mixin.py:188} INFO - [2024-01-06T14:39:29.546-0800] {dagbag.py:538} INFO - Filling up the DagBag from /mnt/c/Users/victo/OneDrive/Desktop/fantasy_nba_dashboard/airflow_env/lib/python3.10/site-packages/airflow/example_dags/example_params_ui_tutorial.py
[2024-01-06T14:39:29.558-0800] {processor.py:840} INFO - DAG(s) 'example_params_ui_tutorial' retrieved from /mnt/c/Users/victo/OneDrive/Desktop/fantasy_nba_dashboard/airflow_env/lib/python3.10/site-packages/airflow/example_dags/example_params_ui_tutorial.py
[2024-01-06T14:39:29.604-0800] {logging_mixin.py:188} INFO - [2024-01-06T14:39:29.604-0800] {dag.py:3033} INFO - Sync 1 DAGs
[2024-01-06T14:39:29.613-0800] {logging_mixin.py:188} INFO - [2024-01-06T14:39:29.613-0800] {dag.py:3820} INFO - Setting next_dagrun for example_params_ui_tutorial to None, run_after=None
[2024-01-06T14:39:29.626-0800] {processor.py:183} INFO - Processing /mnt/c/Users/victo/OneDrive/Desktop/fantasy_nba_dashboard/airflow_env/lib/python3.10/site-packages/airflow/example_dags/example_params_ui_tutorial.py took 0.086 seconds
[2024-01-06T14:40:00.346-0800] {processor.py:161} INFO - Started process (PID=11180) to work on /mnt/c/Users/victo/OneDrive/Desktop/fantasy_nba_dashboard/airflow_env/lib/python3.10/site-packages/airflow/example_dags/example_params_ui_tutorial.py
[2024-01-06T14:40:00.347-0800] {processor.py:830} INFO - Processing file /mnt/c/Users/victo/OneDrive/Desktop/fantasy_nba_dashboard/airflow_env/lib/python3.10/site-packages/airflow/example_dags/example_params_ui_tutorial.py for tasks to queue
[2024-01-06T14:40:00.348-0800] {logging_mixin.py:188} INFO - [2024-01-06T14:40:00.347-0800] {dagbag.py:538} INFO - Filling up the DagBag from /mnt/c/Users/victo/OneDrive/Desktop/fantasy_nba_dashboard/airflow_env/lib/python3.10/site-packages/airflow/example_dags/example_params_ui_tutorial.py
[2024-01-06T14:40:00.359-0800] {processor.py:840} INFO - DAG(s) 'example_params_ui_tutorial' retrieved from /mnt/c/Users/victo/OneDrive/Desktop/fantasy_nba_dashboard/airflow_env/lib/python3.10/site-packages/airflow/example_dags/example_params_ui_tutorial.py
[2024-01-06T14:40:00.404-0800] {logging_mixin.py:188} INFO - [2024-01-06T14:40:00.404-0800] {dag.py:3033} INFO - Sync 1 DAGs
[2024-01-06T14:40:00.414-0800] {logging_mixin.py:188} INFO - [2024-01-06T14:40:00.414-0800] {dag.py:3820} INFO - Setting next_dagrun for example_params_ui_tutorial to None, run_after=None
[2024-01-06T14:40:00.428-0800] {processor.py:183} INFO - Processing /mnt/c/Users/victo/OneDrive/Desktop/fantasy_nba_dashboard/airflow_env/lib/python3.10/site-packages/airflow/example_dags/example_params_ui_tutorial.py took 0.085 seconds
[2024-01-06T14:40:31.080-0800] {processor.py:161} INFO - Started process (PID=11337) to work on /mnt/c/Users/victo/OneDrive/Desktop/fantasy_nba_dashboard/airflow_env/lib/python3.10/site-packages/airflow/example_dags/example_params_ui_tutorial.py
[2024-01-06T14:40:31.081-0800] {processor.py:830} INFO - Processing file /mnt/c/Users/victo/OneDrive/Desktop/fantasy_nba_dashboard/airflow_env/lib/python3.10/site-packages/airflow/example_dags/example_params_ui_tutorial.py for tasks to queue
[2024-01-06T14:40:31.082-0800] {logging_mixin.py:188} INFO - [2024-01-06T14:40:31.082-0800] {dagbag.py:538} INFO - Filling up the DagBag from /mnt/c/Users/victo/OneDrive/Desktop/fantasy_nba_dashboard/airflow_env/lib/python3.10/site-packages/airflow/example_dags/example_params_ui_tutorial.py
[2024-01-06T14:40:31.094-0800] {processor.py:840} INFO - DAG(s) 'example_params_ui_tutorial' retrieved from /mnt/c/Users/victo/OneDrive/Desktop/fantasy_nba_dashboard/airflow_env/lib/python3.10/site-packages/airflow/example_dags/example_params_ui_tutorial.py
[2024-01-06T14:40:31.138-0800] {logging_mixin.py:188} INFO - [2024-01-06T14:40:31.138-0800] {dag.py:3033} INFO - Sync 1 DAGs
[2024-01-06T14:40:31.148-0800] {logging_mixin.py:188} INFO - [2024-01-06T14:40:31.148-0800] {dag.py:3820} INFO - Setting next_dagrun for example_params_ui_tutorial to None, run_after=None
[2024-01-06T14:40:31.162-0800] {processor.py:183} INFO - Processing /mnt/c/Users/victo/OneDrive/Desktop/fantasy_nba_dashboard/airflow_env/lib/python3.10/site-packages/airflow/example_dags/example_params_ui_tutorial.py took 0.086 seconds
[2024-01-06T14:41:02.101-0800] {processor.py:161} INFO - Started process (PID=11522) to work on /mnt/c/Users/victo/OneDrive/Desktop/fantasy_nba_dashboard/airflow_env/lib/python3.10/site-packages/airflow/example_dags/example_params_ui_tutorial.py
[2024-01-06T14:41:02.102-0800] {processor.py:830} INFO - Processing file /mnt/c/Users/victo/OneDrive/Desktop/fantasy_nba_dashboard/airflow_env/lib/python3.10/site-packages/airflow/example_dags/example_params_ui_tutorial.py for tasks to queue
[2024-01-06T14:41:02.102-0800] {logging_mixin.py:188} INFO - [2024-01-06T14:41:02.102-0800] {dagbag.py:538} INFO - Filling up the DagBag from /mnt/c/Users/victo/OneDrive/Desktop/fantasy_nba_dashboard/airflow_env/lib/python3.10/site-packages/airflow/example_dags/example_params_ui_tutorial.py
[2024-01-06T14:41:02.114-0800] {processor.py:840} INFO - DAG(s) 'example_params_ui_tutorial' retrieved from /mnt/c/Users/victo/OneDrive/Desktop/fantasy_nba_dashboard/airflow_env/lib/python3.10/site-packages/airflow/example_dags/example_params_ui_tutorial.py
[2024-01-06T14:41:02.161-0800] {logging_mixin.py:188} INFO - [2024-01-06T14:41:02.161-0800] {dag.py:3033} INFO - Sync 1 DAGs
[2024-01-06T14:41:02.172-0800] {logging_mixin.py:188} INFO - [2024-01-06T14:41:02.172-0800] {dag.py:3820} INFO - Setting next_dagrun for example_params_ui_tutorial to None, run_after=None
[2024-01-06T14:41:02.185-0800] {processor.py:183} INFO - Processing /mnt/c/Users/victo/OneDrive/Desktop/fantasy_nba_dashboard/airflow_env/lib/python3.10/site-packages/airflow/example_dags/example_params_ui_tutorial.py took 0.088 seconds
