[2024-01-06T14:24:43.693-0800] {processor.py:161} INFO - Started process (PID=7128) to work on /mnt/c/Users/victo/OneDrive/Desktop/fantasy_nba_dashboard/airflow_env/lib/python3.10/site-packages/airflow/example_dags/example_datasets.py
[2024-01-06T14:24:43.694-0800] {processor.py:830} INFO - Processing file /mnt/c/Users/victo/OneDrive/Desktop/fantasy_nba_dashboard/airflow_env/lib/python3.10/site-packages/airflow/example_dags/example_datasets.py for tasks to queue
[2024-01-06T14:24:43.695-0800] {logging_mixin.py:188} INFO - [2024-01-06T14:24:43.695-0800] {dagbag.py:538} INFO - Filling up the DagBag from /mnt/c/Users/victo/OneDrive/Desktop/fantasy_nba_dashboard/airflow_env/lib/python3.10/site-packages/airflow/example_dags/example_datasets.py
[2024-01-06T14:24:43.703-0800] {processor.py:840} INFO - DAG(s) 'dataset_consumes_unknown_never_scheduled', 'dataset_produces_1', 'dataset_consumes_1', 'dataset_consumes_1_never_scheduled', 'dataset_produces_2', 'dataset_consumes_1_and_2' retrieved from /mnt/c/Users/victo/OneDrive/Desktop/fantasy_nba_dashboard/airflow_env/lib/python3.10/site-packages/airflow/example_dags/example_datasets.py
[2024-01-06T14:24:43.830-0800] {logging_mixin.py:188} INFO - [2024-01-06T14:24:43.830-0800] {dag.py:3033} INFO - Sync 6 DAGs
[2024-01-06T14:24:43.844-0800] {logging_mixin.py:188} INFO - [2024-01-06T14:24:43.844-0800] {dag.py:3820} INFO - Setting next_dagrun for dataset_consumes_1 to None, run_after=None
[2024-01-06T14:24:43.846-0800] {logging_mixin.py:188} INFO - [2024-01-06T14:24:43.846-0800] {dag.py:3820} INFO - Setting next_dagrun for dataset_consumes_1_and_2 to None, run_after=None
[2024-01-06T14:24:43.847-0800] {logging_mixin.py:188} INFO - [2024-01-06T14:24:43.847-0800] {dag.py:3820} INFO - Setting next_dagrun for dataset_consumes_1_never_scheduled to None, run_after=None
[2024-01-06T14:24:43.847-0800] {logging_mixin.py:188} INFO - [2024-01-06T14:24:43.847-0800] {dag.py:3820} INFO - Setting next_dagrun for dataset_consumes_unknown_never_scheduled to None, run_after=None
[2024-01-06T14:24:43.849-0800] {logging_mixin.py:188} INFO - [2024-01-06T14:24:43.849-0800] {dag.py:3820} INFO - Setting next_dagrun for dataset_produces_1 to 2024-01-05T00:00:00+00:00, run_after=2024-01-06T00:00:00+00:00
[2024-01-06T14:24:43.849-0800] {logging_mixin.py:188} INFO - [2024-01-06T14:24:43.849-0800] {dag.py:3820} INFO - Setting next_dagrun for dataset_produces_2 to None, run_after=None
[2024-01-06T14:24:43.875-0800] {processor.py:183} INFO - Processing /mnt/c/Users/victo/OneDrive/Desktop/fantasy_nba_dashboard/airflow_env/lib/python3.10/site-packages/airflow/example_dags/example_datasets.py took 0.185 seconds
[2024-01-06T14:25:14.653-0800] {processor.py:161} INFO - Started process (PID=7287) to work on /mnt/c/Users/victo/OneDrive/Desktop/fantasy_nba_dashboard/airflow_env/lib/python3.10/site-packages/airflow/example_dags/example_datasets.py
[2024-01-06T14:25:14.654-0800] {processor.py:830} INFO - Processing file /mnt/c/Users/victo/OneDrive/Desktop/fantasy_nba_dashboard/airflow_env/lib/python3.10/site-packages/airflow/example_dags/example_datasets.py for tasks to queue
[2024-01-06T14:25:14.654-0800] {logging_mixin.py:188} INFO - [2024-01-06T14:25:14.654-0800] {dagbag.py:538} INFO - Filling up the DagBag from /mnt/c/Users/victo/OneDrive/Desktop/fantasy_nba_dashboard/airflow_env/lib/python3.10/site-packages/airflow/example_dags/example_datasets.py
[2024-01-06T14:25:14.663-0800] {processor.py:840} INFO - DAG(s) 'dataset_consumes_1', 'dataset_produces_2', 'dataset_consumes_1_never_scheduled', 'dataset_produces_1', 'dataset_consumes_unknown_never_scheduled', 'dataset_consumes_1_and_2' retrieved from /mnt/c/Users/victo/OneDrive/Desktop/fantasy_nba_dashboard/airflow_env/lib/python3.10/site-packages/airflow/example_dags/example_datasets.py
[2024-01-06T14:25:14.701-0800] {logging_mixin.py:188} INFO - [2024-01-06T14:25:14.701-0800] {dag.py:3033} INFO - Sync 6 DAGs
[2024-01-06T14:25:14.718-0800] {logging_mixin.py:188} INFO - [2024-01-06T14:25:14.718-0800] {dag.py:3820} INFO - Setting next_dagrun for dataset_consumes_1 to None, run_after=None
[2024-01-06T14:25:14.721-0800] {logging_mixin.py:188} INFO - [2024-01-06T14:25:14.721-0800] {dag.py:3820} INFO - Setting next_dagrun for dataset_consumes_1_and_2 to None, run_after=None
[2024-01-06T14:25:14.722-0800] {logging_mixin.py:188} INFO - [2024-01-06T14:25:14.722-0800] {dag.py:3820} INFO - Setting next_dagrun for dataset_consumes_1_never_scheduled to None, run_after=None
[2024-01-06T14:25:14.723-0800] {logging_mixin.py:188} INFO - [2024-01-06T14:25:14.722-0800] {dag.py:3820} INFO - Setting next_dagrun for dataset_consumes_unknown_never_scheduled to None, run_after=None
[2024-01-06T14:25:14.725-0800] {logging_mixin.py:188} INFO - [2024-01-06T14:25:14.725-0800] {dag.py:3820} INFO - Setting next_dagrun for dataset_produces_1 to 2024-01-05T00:00:00+00:00, run_after=2024-01-06T00:00:00+00:00
[2024-01-06T14:25:14.726-0800] {logging_mixin.py:188} INFO - [2024-01-06T14:25:14.726-0800] {dag.py:3820} INFO - Setting next_dagrun for dataset_produces_2 to None, run_after=None
[2024-01-06T14:25:14.751-0800] {processor.py:183} INFO - Processing /mnt/c/Users/victo/OneDrive/Desktop/fantasy_nba_dashboard/airflow_env/lib/python3.10/site-packages/airflow/example_dags/example_datasets.py took 0.102 seconds
[2024-01-06T14:25:44.802-0800] {processor.py:161} INFO - Started process (PID=7534) to work on /mnt/c/Users/victo/OneDrive/Desktop/fantasy_nba_dashboard/airflow_env/lib/python3.10/site-packages/airflow/example_dags/example_datasets.py
[2024-01-06T14:25:44.803-0800] {processor.py:830} INFO - Processing file /mnt/c/Users/victo/OneDrive/Desktop/fantasy_nba_dashboard/airflow_env/lib/python3.10/site-packages/airflow/example_dags/example_datasets.py for tasks to queue
[2024-01-06T14:25:44.803-0800] {logging_mixin.py:188} INFO - [2024-01-06T14:25:44.803-0800] {dagbag.py:538} INFO - Filling up the DagBag from /mnt/c/Users/victo/OneDrive/Desktop/fantasy_nba_dashboard/airflow_env/lib/python3.10/site-packages/airflow/example_dags/example_datasets.py
[2024-01-06T14:25:44.812-0800] {processor.py:840} INFO - DAG(s) 'dataset_produces_2', 'dataset_consumes_1', 'dataset_consumes_unknown_never_scheduled', 'dataset_consumes_1_and_2', 'dataset_consumes_1_never_scheduled', 'dataset_produces_1' retrieved from /mnt/c/Users/victo/OneDrive/Desktop/fantasy_nba_dashboard/airflow_env/lib/python3.10/site-packages/airflow/example_dags/example_datasets.py
[2024-01-06T14:25:44.848-0800] {logging_mixin.py:188} INFO - [2024-01-06T14:25:44.848-0800] {dag.py:3033} INFO - Sync 6 DAGs
[2024-01-06T14:25:44.864-0800] {logging_mixin.py:188} INFO - [2024-01-06T14:25:44.864-0800] {dag.py:3820} INFO - Setting next_dagrun for dataset_consumes_1 to None, run_after=None
[2024-01-06T14:25:44.866-0800] {logging_mixin.py:188} INFO - [2024-01-06T14:25:44.866-0800] {dag.py:3820} INFO - Setting next_dagrun for dataset_consumes_1_and_2 to None, run_after=None
[2024-01-06T14:25:44.867-0800] {logging_mixin.py:188} INFO - [2024-01-06T14:25:44.867-0800] {dag.py:3820} INFO - Setting next_dagrun for dataset_consumes_1_never_scheduled to None, run_after=None
[2024-01-06T14:25:44.867-0800] {logging_mixin.py:188} INFO - [2024-01-06T14:25:44.867-0800] {dag.py:3820} INFO - Setting next_dagrun for dataset_consumes_unknown_never_scheduled to None, run_after=None
[2024-01-06T14:25:44.869-0800] {logging_mixin.py:188} INFO - [2024-01-06T14:25:44.869-0800] {dag.py:3820} INFO - Setting next_dagrun for dataset_produces_1 to 2024-01-05T00:00:00+00:00, run_after=2024-01-06T00:00:00+00:00
[2024-01-06T14:25:44.869-0800] {logging_mixin.py:188} INFO - [2024-01-06T14:25:44.869-0800] {dag.py:3820} INFO - Setting next_dagrun for dataset_produces_2 to None, run_after=None
[2024-01-06T14:25:44.892-0800] {processor.py:183} INFO - Processing /mnt/c/Users/victo/OneDrive/Desktop/fantasy_nba_dashboard/airflow_env/lib/python3.10/site-packages/airflow/example_dags/example_datasets.py took 0.094 seconds
[2024-01-06T14:26:15.089-0800] {processor.py:161} INFO - Started process (PID=8073) to work on /mnt/c/Users/victo/OneDrive/Desktop/fantasy_nba_dashboard/airflow_env/lib/python3.10/site-packages/airflow/example_dags/example_datasets.py
[2024-01-06T14:26:15.090-0800] {processor.py:830} INFO - Processing file /mnt/c/Users/victo/OneDrive/Desktop/fantasy_nba_dashboard/airflow_env/lib/python3.10/site-packages/airflow/example_dags/example_datasets.py for tasks to queue
[2024-01-06T14:26:15.090-0800] {logging_mixin.py:188} INFO - [2024-01-06T14:26:15.090-0800] {dagbag.py:538} INFO - Filling up the DagBag from /mnt/c/Users/victo/OneDrive/Desktop/fantasy_nba_dashboard/airflow_env/lib/python3.10/site-packages/airflow/example_dags/example_datasets.py
[2024-01-06T14:26:15.099-0800] {processor.py:840} INFO - DAG(s) 'dataset_produces_2', 'dataset_consumes_1_and_2', 'dataset_consumes_unknown_never_scheduled', 'dataset_consumes_1', 'dataset_consumes_1_never_scheduled', 'dataset_produces_1' retrieved from /mnt/c/Users/victo/OneDrive/Desktop/fantasy_nba_dashboard/airflow_env/lib/python3.10/site-packages/airflow/example_dags/example_datasets.py
[2024-01-06T14:26:15.133-0800] {logging_mixin.py:188} INFO - [2024-01-06T14:26:15.133-0800] {dag.py:3033} INFO - Sync 6 DAGs
[2024-01-06T14:26:15.149-0800] {logging_mixin.py:188} INFO - [2024-01-06T14:26:15.149-0800] {dag.py:3820} INFO - Setting next_dagrun for dataset_consumes_1 to None, run_after=None
[2024-01-06T14:26:15.152-0800] {logging_mixin.py:188} INFO - [2024-01-06T14:26:15.152-0800] {dag.py:3820} INFO - Setting next_dagrun for dataset_consumes_1_and_2 to None, run_after=None
[2024-01-06T14:26:15.152-0800] {logging_mixin.py:188} INFO - [2024-01-06T14:26:15.152-0800] {dag.py:3820} INFO - Setting next_dagrun for dataset_consumes_1_never_scheduled to None, run_after=None
[2024-01-06T14:26:15.153-0800] {logging_mixin.py:188} INFO - [2024-01-06T14:26:15.153-0800] {dag.py:3820} INFO - Setting next_dagrun for dataset_consumes_unknown_never_scheduled to None, run_after=None
[2024-01-06T14:26:15.154-0800] {logging_mixin.py:188} INFO - [2024-01-06T14:26:15.154-0800] {dag.py:3820} INFO - Setting next_dagrun for dataset_produces_1 to 2024-01-05T00:00:00+00:00, run_after=2024-01-06T00:00:00+00:00
[2024-01-06T14:26:15.155-0800] {logging_mixin.py:188} INFO - [2024-01-06T14:26:15.155-0800] {dag.py:3820} INFO - Setting next_dagrun for dataset_produces_2 to None, run_after=None
[2024-01-06T14:26:15.187-0800] {processor.py:183} INFO - Processing /mnt/c/Users/victo/OneDrive/Desktop/fantasy_nba_dashboard/airflow_env/lib/python3.10/site-packages/airflow/example_dags/example_datasets.py took 0.102 seconds
[2024-01-06T14:35:55.097-0800] {processor.py:161} INFO - Started process (PID=9579) to work on /mnt/c/Users/victo/OneDrive/Desktop/fantasy_nba_dashboard/airflow_env/lib/python3.10/site-packages/airflow/example_dags/example_datasets.py
[2024-01-06T14:35:55.098-0800] {processor.py:830} INFO - Processing file /mnt/c/Users/victo/OneDrive/Desktop/fantasy_nba_dashboard/airflow_env/lib/python3.10/site-packages/airflow/example_dags/example_datasets.py for tasks to queue
[2024-01-06T14:35:55.098-0800] {logging_mixin.py:188} INFO - [2024-01-06T14:35:55.098-0800] {dagbag.py:538} INFO - Filling up the DagBag from /mnt/c/Users/victo/OneDrive/Desktop/fantasy_nba_dashboard/airflow_env/lib/python3.10/site-packages/airflow/example_dags/example_datasets.py
[2024-01-06T14:35:55.107-0800] {processor.py:840} INFO - DAG(s) 'dataset_produces_2', 'dataset_consumes_1', 'dataset_consumes_1_never_scheduled', 'dataset_consumes_unknown_never_scheduled', 'dataset_consumes_1_and_2', 'dataset_produces_1' retrieved from /mnt/c/Users/victo/OneDrive/Desktop/fantasy_nba_dashboard/airflow_env/lib/python3.10/site-packages/airflow/example_dags/example_datasets.py
[2024-01-06T14:35:55.143-0800] {logging_mixin.py:188} INFO - [2024-01-06T14:35:55.143-0800] {dag.py:3033} INFO - Sync 6 DAGs
[2024-01-06T14:35:55.159-0800] {logging_mixin.py:188} INFO - [2024-01-06T14:35:55.159-0800] {dag.py:3820} INFO - Setting next_dagrun for dataset_consumes_1 to None, run_after=None
[2024-01-06T14:35:55.161-0800] {logging_mixin.py:188} INFO - [2024-01-06T14:35:55.161-0800] {dag.py:3820} INFO - Setting next_dagrun for dataset_consumes_1_and_2 to None, run_after=None
[2024-01-06T14:35:55.161-0800] {logging_mixin.py:188} INFO - [2024-01-06T14:35:55.161-0800] {dag.py:3820} INFO - Setting next_dagrun for dataset_consumes_1_never_scheduled to None, run_after=None
[2024-01-06T14:35:55.163-0800] {logging_mixin.py:188} INFO - [2024-01-06T14:35:55.163-0800] {dag.py:3820} INFO - Setting next_dagrun for dataset_consumes_unknown_never_scheduled to None, run_after=None
[2024-01-06T14:35:55.165-0800] {logging_mixin.py:188} INFO - [2024-01-06T14:35:55.165-0800] {dag.py:3820} INFO - Setting next_dagrun for dataset_produces_1 to 2024-01-05T00:00:00+00:00, run_after=2024-01-06T00:00:00+00:00
[2024-01-06T14:35:55.165-0800] {logging_mixin.py:188} INFO - [2024-01-06T14:35:55.165-0800] {dag.py:3820} INFO - Setting next_dagrun for dataset_produces_2 to None, run_after=None
[2024-01-06T14:35:55.195-0800] {processor.py:183} INFO - Processing /mnt/c/Users/victo/OneDrive/Desktop/fantasy_nba_dashboard/airflow_env/lib/python3.10/site-packages/airflow/example_dags/example_datasets.py took 0.102 seconds
[2024-01-06T14:36:25.286-0800] {processor.py:161} INFO - Started process (PID=9763) to work on /mnt/c/Users/victo/OneDrive/Desktop/fantasy_nba_dashboard/airflow_env/lib/python3.10/site-packages/airflow/example_dags/example_datasets.py
[2024-01-06T14:36:25.287-0800] {processor.py:830} INFO - Processing file /mnt/c/Users/victo/OneDrive/Desktop/fantasy_nba_dashboard/airflow_env/lib/python3.10/site-packages/airflow/example_dags/example_datasets.py for tasks to queue
[2024-01-06T14:36:25.288-0800] {logging_mixin.py:188} INFO - [2024-01-06T14:36:25.288-0800] {dagbag.py:538} INFO - Filling up the DagBag from /mnt/c/Users/victo/OneDrive/Desktop/fantasy_nba_dashboard/airflow_env/lib/python3.10/site-packages/airflow/example_dags/example_datasets.py
[2024-01-06T14:36:25.297-0800] {processor.py:840} INFO - DAG(s) 'dataset_produces_1', 'dataset_consumes_1_and_2', 'dataset_produces_2', 'dataset_consumes_1_never_scheduled', 'dataset_consumes_1', 'dataset_consumes_unknown_never_scheduled' retrieved from /mnt/c/Users/victo/OneDrive/Desktop/fantasy_nba_dashboard/airflow_env/lib/python3.10/site-packages/airflow/example_dags/example_datasets.py
[2024-01-06T14:36:25.332-0800] {logging_mixin.py:188} INFO - [2024-01-06T14:36:25.332-0800] {dag.py:3033} INFO - Sync 6 DAGs
[2024-01-06T14:36:25.350-0800] {logging_mixin.py:188} INFO - [2024-01-06T14:36:25.350-0800] {dag.py:3820} INFO - Setting next_dagrun for dataset_consumes_1 to None, run_after=None
[2024-01-06T14:36:25.352-0800] {logging_mixin.py:188} INFO - [2024-01-06T14:36:25.352-0800] {dag.py:3820} INFO - Setting next_dagrun for dataset_consumes_1_and_2 to None, run_after=None
[2024-01-06T14:36:25.353-0800] {logging_mixin.py:188} INFO - [2024-01-06T14:36:25.353-0800] {dag.py:3820} INFO - Setting next_dagrun for dataset_consumes_1_never_scheduled to None, run_after=None
[2024-01-06T14:36:25.354-0800] {logging_mixin.py:188} INFO - [2024-01-06T14:36:25.354-0800] {dag.py:3820} INFO - Setting next_dagrun for dataset_consumes_unknown_never_scheduled to None, run_after=None
[2024-01-06T14:36:25.356-0800] {logging_mixin.py:188} INFO - [2024-01-06T14:36:25.355-0800] {dag.py:3820} INFO - Setting next_dagrun for dataset_produces_1 to 2024-01-05T00:00:00+00:00, run_after=2024-01-06T00:00:00+00:00
[2024-01-06T14:36:25.356-0800] {logging_mixin.py:188} INFO - [2024-01-06T14:36:25.356-0800] {dag.py:3820} INFO - Setting next_dagrun for dataset_produces_2 to None, run_after=None
[2024-01-06T14:36:25.376-0800] {processor.py:183} INFO - Processing /mnt/c/Users/victo/OneDrive/Desktop/fantasy_nba_dashboard/airflow_env/lib/python3.10/site-packages/airflow/example_dags/example_datasets.py took 0.093 seconds
[2024-01-06T14:36:56.358-0800] {processor.py:161} INFO - Started process (PID=10042) to work on /mnt/c/Users/victo/OneDrive/Desktop/fantasy_nba_dashboard/airflow_env/lib/python3.10/site-packages/airflow/example_dags/example_datasets.py
[2024-01-06T14:36:56.359-0800] {processor.py:830} INFO - Processing file /mnt/c/Users/victo/OneDrive/Desktop/fantasy_nba_dashboard/airflow_env/lib/python3.10/site-packages/airflow/example_dags/example_datasets.py for tasks to queue
[2024-01-06T14:36:56.360-0800] {logging_mixin.py:188} INFO - [2024-01-06T14:36:56.359-0800] {dagbag.py:538} INFO - Filling up the DagBag from /mnt/c/Users/victo/OneDrive/Desktop/fantasy_nba_dashboard/airflow_env/lib/python3.10/site-packages/airflow/example_dags/example_datasets.py
[2024-01-06T14:36:56.368-0800] {processor.py:840} INFO - DAG(s) 'dataset_consumes_1', 'dataset_consumes_unknown_never_scheduled', 'dataset_produces_1', 'dataset_consumes_1_never_scheduled', 'dataset_consumes_1_and_2', 'dataset_produces_2' retrieved from /mnt/c/Users/victo/OneDrive/Desktop/fantasy_nba_dashboard/airflow_env/lib/python3.10/site-packages/airflow/example_dags/example_datasets.py
[2024-01-06T14:36:56.406-0800] {logging_mixin.py:188} INFO - [2024-01-06T14:36:56.406-0800] {dag.py:3033} INFO - Sync 6 DAGs
[2024-01-06T14:36:56.424-0800] {logging_mixin.py:188} INFO - [2024-01-06T14:36:56.424-0800] {dag.py:3820} INFO - Setting next_dagrun for dataset_consumes_1 to None, run_after=None
[2024-01-06T14:36:56.426-0800] {logging_mixin.py:188} INFO - [2024-01-06T14:36:56.426-0800] {dag.py:3820} INFO - Setting next_dagrun for dataset_consumes_1_and_2 to None, run_after=None
[2024-01-06T14:36:56.427-0800] {logging_mixin.py:188} INFO - [2024-01-06T14:36:56.427-0800] {dag.py:3820} INFO - Setting next_dagrun for dataset_consumes_1_never_scheduled to None, run_after=None
[2024-01-06T14:36:56.427-0800] {logging_mixin.py:188} INFO - [2024-01-06T14:36:56.427-0800] {dag.py:3820} INFO - Setting next_dagrun for dataset_consumes_unknown_never_scheduled to None, run_after=None
[2024-01-06T14:36:56.429-0800] {logging_mixin.py:188} INFO - [2024-01-06T14:36:56.429-0800] {dag.py:3820} INFO - Setting next_dagrun for dataset_produces_1 to 2024-01-05T00:00:00+00:00, run_after=2024-01-06T00:00:00+00:00
[2024-01-06T14:36:56.430-0800] {logging_mixin.py:188} INFO - [2024-01-06T14:36:56.430-0800] {dag.py:3820} INFO - Setting next_dagrun for dataset_produces_2 to None, run_after=None
[2024-01-06T14:36:56.452-0800] {processor.py:183} INFO - Processing /mnt/c/Users/victo/OneDrive/Desktop/fantasy_nba_dashboard/airflow_env/lib/python3.10/site-packages/airflow/example_dags/example_datasets.py took 0.098 seconds
[2024-01-06T14:37:27.029-0800] {processor.py:161} INFO - Started process (PID=10321) to work on /mnt/c/Users/victo/OneDrive/Desktop/fantasy_nba_dashboard/airflow_env/lib/python3.10/site-packages/airflow/example_dags/example_datasets.py
[2024-01-06T14:37:27.030-0800] {processor.py:830} INFO - Processing file /mnt/c/Users/victo/OneDrive/Desktop/fantasy_nba_dashboard/airflow_env/lib/python3.10/site-packages/airflow/example_dags/example_datasets.py for tasks to queue
[2024-01-06T14:37:27.031-0800] {logging_mixin.py:188} INFO - [2024-01-06T14:37:27.030-0800] {dagbag.py:538} INFO - Filling up the DagBag from /mnt/c/Users/victo/OneDrive/Desktop/fantasy_nba_dashboard/airflow_env/lib/python3.10/site-packages/airflow/example_dags/example_datasets.py
[2024-01-06T14:37:27.040-0800] {processor.py:840} INFO - DAG(s) 'dataset_consumes_unknown_never_scheduled', 'dataset_produces_2', 'dataset_consumes_1_and_2', 'dataset_consumes_1_never_scheduled', 'dataset_produces_1', 'dataset_consumes_1' retrieved from /mnt/c/Users/victo/OneDrive/Desktop/fantasy_nba_dashboard/airflow_env/lib/python3.10/site-packages/airflow/example_dags/example_datasets.py
[2024-01-06T14:37:27.078-0800] {logging_mixin.py:188} INFO - [2024-01-06T14:37:27.077-0800] {dag.py:3033} INFO - Sync 6 DAGs
[2024-01-06T14:37:27.097-0800] {logging_mixin.py:188} INFO - [2024-01-06T14:37:27.096-0800] {dag.py:3820} INFO - Setting next_dagrun for dataset_consumes_1 to None, run_after=None
[2024-01-06T14:37:27.099-0800] {logging_mixin.py:188} INFO - [2024-01-06T14:37:27.099-0800] {dag.py:3820} INFO - Setting next_dagrun for dataset_consumes_1_and_2 to None, run_after=None
[2024-01-06T14:37:27.100-0800] {logging_mixin.py:188} INFO - [2024-01-06T14:37:27.100-0800] {dag.py:3820} INFO - Setting next_dagrun for dataset_consumes_1_never_scheduled to None, run_after=None
[2024-01-06T14:37:27.100-0800] {logging_mixin.py:188} INFO - [2024-01-06T14:37:27.100-0800] {dag.py:3820} INFO - Setting next_dagrun for dataset_consumes_unknown_never_scheduled to None, run_after=None
[2024-01-06T14:37:27.102-0800] {logging_mixin.py:188} INFO - [2024-01-06T14:37:27.102-0800] {dag.py:3820} INFO - Setting next_dagrun for dataset_produces_1 to 2024-01-05T00:00:00+00:00, run_after=2024-01-06T00:00:00+00:00
[2024-01-06T14:37:27.103-0800] {logging_mixin.py:188} INFO - [2024-01-06T14:37:27.103-0800] {dag.py:3820} INFO - Setting next_dagrun for dataset_produces_2 to None, run_after=None
[2024-01-06T14:37:27.125-0800] {processor.py:183} INFO - Processing /mnt/c/Users/victo/OneDrive/Desktop/fantasy_nba_dashboard/airflow_env/lib/python3.10/site-packages/airflow/example_dags/example_datasets.py took 0.100 seconds
[2024-01-06T14:37:57.732-0800] {processor.py:161} INFO - Started process (PID=10522) to work on /mnt/c/Users/victo/OneDrive/Desktop/fantasy_nba_dashboard/airflow_env/lib/python3.10/site-packages/airflow/example_dags/example_datasets.py
[2024-01-06T14:37:57.733-0800] {processor.py:830} INFO - Processing file /mnt/c/Users/victo/OneDrive/Desktop/fantasy_nba_dashboard/airflow_env/lib/python3.10/site-packages/airflow/example_dags/example_datasets.py for tasks to queue
[2024-01-06T14:37:57.734-0800] {logging_mixin.py:188} INFO - [2024-01-06T14:37:57.734-0800] {dagbag.py:538} INFO - Filling up the DagBag from /mnt/c/Users/victo/OneDrive/Desktop/fantasy_nba_dashboard/airflow_env/lib/python3.10/site-packages/airflow/example_dags/example_datasets.py
[2024-01-06T14:37:57.743-0800] {processor.py:840} INFO - DAG(s) 'dataset_consumes_1', 'dataset_consumes_1_never_scheduled', 'dataset_produces_1', 'dataset_consumes_1_and_2', 'dataset_consumes_unknown_never_scheduled', 'dataset_produces_2' retrieved from /mnt/c/Users/victo/OneDrive/Desktop/fantasy_nba_dashboard/airflow_env/lib/python3.10/site-packages/airflow/example_dags/example_datasets.py
[2024-01-06T14:37:57.782-0800] {logging_mixin.py:188} INFO - [2024-01-06T14:37:57.782-0800] {dag.py:3033} INFO - Sync 6 DAGs
[2024-01-06T14:37:57.801-0800] {logging_mixin.py:188} INFO - [2024-01-06T14:37:57.800-0800] {dag.py:3820} INFO - Setting next_dagrun for dataset_consumes_1 to None, run_after=None
[2024-01-06T14:37:57.803-0800] {logging_mixin.py:188} INFO - [2024-01-06T14:37:57.803-0800] {dag.py:3820} INFO - Setting next_dagrun for dataset_consumes_1_and_2 to None, run_after=None
[2024-01-06T14:37:57.804-0800] {logging_mixin.py:188} INFO - [2024-01-06T14:37:57.804-0800] {dag.py:3820} INFO - Setting next_dagrun for dataset_consumes_1_never_scheduled to None, run_after=None
[2024-01-06T14:37:57.804-0800] {logging_mixin.py:188} INFO - [2024-01-06T14:37:57.804-0800] {dag.py:3820} INFO - Setting next_dagrun for dataset_consumes_unknown_never_scheduled to None, run_after=None
[2024-01-06T14:37:57.806-0800] {logging_mixin.py:188} INFO - [2024-01-06T14:37:57.806-0800] {dag.py:3820} INFO - Setting next_dagrun for dataset_produces_1 to 2024-01-05T00:00:00+00:00, run_after=2024-01-06T00:00:00+00:00
[2024-01-06T14:37:57.807-0800] {logging_mixin.py:188} INFO - [2024-01-06T14:37:57.807-0800] {dag.py:3820} INFO - Setting next_dagrun for dataset_produces_2 to None, run_after=None
[2024-01-06T14:37:57.830-0800] {processor.py:183} INFO - Processing /mnt/c/Users/victo/OneDrive/Desktop/fantasy_nba_dashboard/airflow_env/lib/python3.10/site-packages/airflow/example_dags/example_datasets.py took 0.102 seconds
[2024-01-06T14:38:28.467-0800] {processor.py:161} INFO - Started process (PID=10694) to work on /mnt/c/Users/victo/OneDrive/Desktop/fantasy_nba_dashboard/airflow_env/lib/python3.10/site-packages/airflow/example_dags/example_datasets.py
[2024-01-06T14:38:28.468-0800] {processor.py:830} INFO - Processing file /mnt/c/Users/victo/OneDrive/Desktop/fantasy_nba_dashboard/airflow_env/lib/python3.10/site-packages/airflow/example_dags/example_datasets.py for tasks to queue
[2024-01-06T14:38:28.469-0800] {logging_mixin.py:188} INFO - [2024-01-06T14:38:28.469-0800] {dagbag.py:538} INFO - Filling up the DagBag from /mnt/c/Users/victo/OneDrive/Desktop/fantasy_nba_dashboard/airflow_env/lib/python3.10/site-packages/airflow/example_dags/example_datasets.py
[2024-01-06T14:38:28.478-0800] {processor.py:840} INFO - DAG(s) 'dataset_consumes_unknown_never_scheduled', 'dataset_produces_2', 'dataset_consumes_1_never_scheduled', 'dataset_produces_1', 'dataset_consumes_1', 'dataset_consumes_1_and_2' retrieved from /mnt/c/Users/victo/OneDrive/Desktop/fantasy_nba_dashboard/airflow_env/lib/python3.10/site-packages/airflow/example_dags/example_datasets.py
[2024-01-06T14:38:28.514-0800] {logging_mixin.py:188} INFO - [2024-01-06T14:38:28.513-0800] {dag.py:3033} INFO - Sync 6 DAGs
[2024-01-06T14:38:28.530-0800] {logging_mixin.py:188} INFO - [2024-01-06T14:38:28.530-0800] {dag.py:3820} INFO - Setting next_dagrun for dataset_consumes_1 to None, run_after=None
[2024-01-06T14:38:28.533-0800] {logging_mixin.py:188} INFO - [2024-01-06T14:38:28.533-0800] {dag.py:3820} INFO - Setting next_dagrun for dataset_consumes_1_and_2 to None, run_after=None
[2024-01-06T14:38:28.533-0800] {logging_mixin.py:188} INFO - [2024-01-06T14:38:28.533-0800] {dag.py:3820} INFO - Setting next_dagrun for dataset_consumes_1_never_scheduled to None, run_after=None
[2024-01-06T14:38:28.534-0800] {logging_mixin.py:188} INFO - [2024-01-06T14:38:28.534-0800] {dag.py:3820} INFO - Setting next_dagrun for dataset_consumes_unknown_never_scheduled to None, run_after=None
[2024-01-06T14:38:28.536-0800] {logging_mixin.py:188} INFO - [2024-01-06T14:38:28.536-0800] {dag.py:3820} INFO - Setting next_dagrun for dataset_produces_1 to 2024-01-05T00:00:00+00:00, run_after=2024-01-06T00:00:00+00:00
[2024-01-06T14:38:28.536-0800] {logging_mixin.py:188} INFO - [2024-01-06T14:38:28.536-0800] {dag.py:3820} INFO - Setting next_dagrun for dataset_produces_2 to None, run_after=None
[2024-01-06T14:38:28.556-0800] {processor.py:183} INFO - Processing /mnt/c/Users/victo/OneDrive/Desktop/fantasy_nba_dashboard/airflow_env/lib/python3.10/site-packages/airflow/example_dags/example_datasets.py took 0.093 seconds
[2024-01-06T14:38:59.419-0800] {processor.py:161} INFO - Started process (PID=10884) to work on /mnt/c/Users/victo/OneDrive/Desktop/fantasy_nba_dashboard/airflow_env/lib/python3.10/site-packages/airflow/example_dags/example_datasets.py
[2024-01-06T14:38:59.420-0800] {processor.py:830} INFO - Processing file /mnt/c/Users/victo/OneDrive/Desktop/fantasy_nba_dashboard/airflow_env/lib/python3.10/site-packages/airflow/example_dags/example_datasets.py for tasks to queue
[2024-01-06T14:38:59.421-0800] {logging_mixin.py:188} INFO - [2024-01-06T14:38:59.420-0800] {dagbag.py:538} INFO - Filling up the DagBag from /mnt/c/Users/victo/OneDrive/Desktop/fantasy_nba_dashboard/airflow_env/lib/python3.10/site-packages/airflow/example_dags/example_datasets.py
[2024-01-06T14:38:59.429-0800] {processor.py:840} INFO - DAG(s) 'dataset_produces_2', 'dataset_consumes_1', 'dataset_consumes_1_never_scheduled', 'dataset_produces_1', 'dataset_consumes_unknown_never_scheduled', 'dataset_consumes_1_and_2' retrieved from /mnt/c/Users/victo/OneDrive/Desktop/fantasy_nba_dashboard/airflow_env/lib/python3.10/site-packages/airflow/example_dags/example_datasets.py
[2024-01-06T14:38:59.473-0800] {logging_mixin.py:188} INFO - [2024-01-06T14:38:59.473-0800] {dag.py:3033} INFO - Sync 6 DAGs
[2024-01-06T14:38:59.497-0800] {logging_mixin.py:188} INFO - [2024-01-06T14:38:59.497-0800] {dag.py:3820} INFO - Setting next_dagrun for dataset_consumes_1 to None, run_after=None
[2024-01-06T14:38:59.500-0800] {logging_mixin.py:188} INFO - [2024-01-06T14:38:59.500-0800] {dag.py:3820} INFO - Setting next_dagrun for dataset_consumes_1_and_2 to None, run_after=None
[2024-01-06T14:38:59.501-0800] {logging_mixin.py:188} INFO - [2024-01-06T14:38:59.501-0800] {dag.py:3820} INFO - Setting next_dagrun for dataset_consumes_1_never_scheduled to None, run_after=None
[2024-01-06T14:38:59.502-0800] {logging_mixin.py:188} INFO - [2024-01-06T14:38:59.502-0800] {dag.py:3820} INFO - Setting next_dagrun for dataset_consumes_unknown_never_scheduled to None, run_after=None
[2024-01-06T14:38:59.504-0800] {logging_mixin.py:188} INFO - [2024-01-06T14:38:59.504-0800] {dag.py:3820} INFO - Setting next_dagrun for dataset_produces_1 to 2024-01-05T00:00:00+00:00, run_after=2024-01-06T00:00:00+00:00
[2024-01-06T14:38:59.505-0800] {logging_mixin.py:188} INFO - [2024-01-06T14:38:59.505-0800] {dag.py:3820} INFO - Setting next_dagrun for dataset_produces_2 to None, run_after=None
[2024-01-06T14:38:59.530-0800] {processor.py:183} INFO - Processing /mnt/c/Users/victo/OneDrive/Desktop/fantasy_nba_dashboard/airflow_env/lib/python3.10/site-packages/airflow/example_dags/example_datasets.py took 0.115 seconds
[2024-01-06T14:39:30.034-0800] {processor.py:161} INFO - Started process (PID=11043) to work on /mnt/c/Users/victo/OneDrive/Desktop/fantasy_nba_dashboard/airflow_env/lib/python3.10/site-packages/airflow/example_dags/example_datasets.py
[2024-01-06T14:39:30.035-0800] {processor.py:830} INFO - Processing file /mnt/c/Users/victo/OneDrive/Desktop/fantasy_nba_dashboard/airflow_env/lib/python3.10/site-packages/airflow/example_dags/example_datasets.py for tasks to queue
[2024-01-06T14:39:30.036-0800] {logging_mixin.py:188} INFO - [2024-01-06T14:39:30.036-0800] {dagbag.py:538} INFO - Filling up the DagBag from /mnt/c/Users/victo/OneDrive/Desktop/fantasy_nba_dashboard/airflow_env/lib/python3.10/site-packages/airflow/example_dags/example_datasets.py
[2024-01-06T14:39:30.045-0800] {processor.py:840} INFO - DAG(s) 'dataset_consumes_1_never_scheduled', 'dataset_consumes_unknown_never_scheduled', 'dataset_consumes_1', 'dataset_consumes_1_and_2', 'dataset_produces_2', 'dataset_produces_1' retrieved from /mnt/c/Users/victo/OneDrive/Desktop/fantasy_nba_dashboard/airflow_env/lib/python3.10/site-packages/airflow/example_dags/example_datasets.py
[2024-01-06T14:39:30.083-0800] {logging_mixin.py:188} INFO - [2024-01-06T14:39:30.083-0800] {dag.py:3033} INFO - Sync 6 DAGs
[2024-01-06T14:39:30.102-0800] {logging_mixin.py:188} INFO - [2024-01-06T14:39:30.102-0800] {dag.py:3820} INFO - Setting next_dagrun for dataset_consumes_1 to None, run_after=None
[2024-01-06T14:39:30.105-0800] {logging_mixin.py:188} INFO - [2024-01-06T14:39:30.105-0800] {dag.py:3820} INFO - Setting next_dagrun for dataset_consumes_1_and_2 to None, run_after=None
[2024-01-06T14:39:30.106-0800] {logging_mixin.py:188} INFO - [2024-01-06T14:39:30.105-0800] {dag.py:3820} INFO - Setting next_dagrun for dataset_consumes_1_never_scheduled to None, run_after=None
[2024-01-06T14:39:30.106-0800] {logging_mixin.py:188} INFO - [2024-01-06T14:39:30.106-0800] {dag.py:3820} INFO - Setting next_dagrun for dataset_consumes_unknown_never_scheduled to None, run_after=None
[2024-01-06T14:39:30.108-0800] {logging_mixin.py:188} INFO - [2024-01-06T14:39:30.108-0800] {dag.py:3820} INFO - Setting next_dagrun for dataset_produces_1 to 2024-01-05T00:00:00+00:00, run_after=2024-01-06T00:00:00+00:00
[2024-01-06T14:39:30.109-0800] {logging_mixin.py:188} INFO - [2024-01-06T14:39:30.109-0800] {dag.py:3820} INFO - Setting next_dagrun for dataset_produces_2 to None, run_after=None
[2024-01-06T14:39:30.134-0800] {processor.py:183} INFO - Processing /mnt/c/Users/victo/OneDrive/Desktop/fantasy_nba_dashboard/airflow_env/lib/python3.10/site-packages/airflow/example_dags/example_datasets.py took 0.103 seconds
[2024-01-06T14:40:00.844-0800] {processor.py:161} INFO - Started process (PID=11200) to work on /mnt/c/Users/victo/OneDrive/Desktop/fantasy_nba_dashboard/airflow_env/lib/python3.10/site-packages/airflow/example_dags/example_datasets.py
[2024-01-06T14:40:00.845-0800] {processor.py:830} INFO - Processing file /mnt/c/Users/victo/OneDrive/Desktop/fantasy_nba_dashboard/airflow_env/lib/python3.10/site-packages/airflow/example_dags/example_datasets.py for tasks to queue
[2024-01-06T14:40:00.846-0800] {logging_mixin.py:188} INFO - [2024-01-06T14:40:00.846-0800] {dagbag.py:538} INFO - Filling up the DagBag from /mnt/c/Users/victo/OneDrive/Desktop/fantasy_nba_dashboard/airflow_env/lib/python3.10/site-packages/airflow/example_dags/example_datasets.py
[2024-01-06T14:40:00.855-0800] {processor.py:840} INFO - DAG(s) 'dataset_consumes_1', 'dataset_consumes_1_and_2', 'dataset_consumes_unknown_never_scheduled', 'dataset_produces_2', 'dataset_consumes_1_never_scheduled', 'dataset_produces_1' retrieved from /mnt/c/Users/victo/OneDrive/Desktop/fantasy_nba_dashboard/airflow_env/lib/python3.10/site-packages/airflow/example_dags/example_datasets.py
[2024-01-06T14:40:00.894-0800] {logging_mixin.py:188} INFO - [2024-01-06T14:40:00.893-0800] {dag.py:3033} INFO - Sync 6 DAGs
[2024-01-06T14:40:00.912-0800] {logging_mixin.py:188} INFO - [2024-01-06T14:40:00.912-0800] {dag.py:3820} INFO - Setting next_dagrun for dataset_consumes_1 to None, run_after=None
[2024-01-06T14:40:00.914-0800] {logging_mixin.py:188} INFO - [2024-01-06T14:40:00.914-0800] {dag.py:3820} INFO - Setting next_dagrun for dataset_consumes_1_and_2 to None, run_after=None
[2024-01-06T14:40:00.915-0800] {logging_mixin.py:188} INFO - [2024-01-06T14:40:00.915-0800] {dag.py:3820} INFO - Setting next_dagrun for dataset_consumes_1_never_scheduled to None, run_after=None
[2024-01-06T14:40:00.916-0800] {logging_mixin.py:188} INFO - [2024-01-06T14:40:00.916-0800] {dag.py:3820} INFO - Setting next_dagrun for dataset_consumes_unknown_never_scheduled to None, run_after=None
[2024-01-06T14:40:00.918-0800] {logging_mixin.py:188} INFO - [2024-01-06T14:40:00.917-0800] {dag.py:3820} INFO - Setting next_dagrun for dataset_produces_1 to 2024-01-05T00:00:00+00:00, run_after=2024-01-06T00:00:00+00:00
[2024-01-06T14:40:00.918-0800] {logging_mixin.py:188} INFO - [2024-01-06T14:40:00.918-0800] {dag.py:3820} INFO - Setting next_dagrun for dataset_produces_2 to None, run_after=None
[2024-01-06T14:40:00.940-0800] {processor.py:183} INFO - Processing /mnt/c/Users/victo/OneDrive/Desktop/fantasy_nba_dashboard/airflow_env/lib/python3.10/site-packages/airflow/example_dags/example_datasets.py took 0.099 seconds
[2024-01-06T14:40:31.684-0800] {processor.py:161} INFO - Started process (PID=11358) to work on /mnt/c/Users/victo/OneDrive/Desktop/fantasy_nba_dashboard/airflow_env/lib/python3.10/site-packages/airflow/example_dags/example_datasets.py
[2024-01-06T14:40:31.685-0800] {processor.py:830} INFO - Processing file /mnt/c/Users/victo/OneDrive/Desktop/fantasy_nba_dashboard/airflow_env/lib/python3.10/site-packages/airflow/example_dags/example_datasets.py for tasks to queue
[2024-01-06T14:40:31.686-0800] {logging_mixin.py:188} INFO - [2024-01-06T14:40:31.686-0800] {dagbag.py:538} INFO - Filling up the DagBag from /mnt/c/Users/victo/OneDrive/Desktop/fantasy_nba_dashboard/airflow_env/lib/python3.10/site-packages/airflow/example_dags/example_datasets.py
[2024-01-06T14:40:31.695-0800] {processor.py:840} INFO - DAG(s) 'dataset_consumes_1_and_2', 'dataset_consumes_unknown_never_scheduled', 'dataset_consumes_1_never_scheduled', 'dataset_produces_2', 'dataset_consumes_1', 'dataset_produces_1' retrieved from /mnt/c/Users/victo/OneDrive/Desktop/fantasy_nba_dashboard/airflow_env/lib/python3.10/site-packages/airflow/example_dags/example_datasets.py
[2024-01-06T14:40:31.733-0800] {logging_mixin.py:188} INFO - [2024-01-06T14:40:31.733-0800] {dag.py:3033} INFO - Sync 6 DAGs
[2024-01-06T14:40:31.751-0800] {logging_mixin.py:188} INFO - [2024-01-06T14:40:31.751-0800] {dag.py:3820} INFO - Setting next_dagrun for dataset_consumes_1 to None, run_after=None
[2024-01-06T14:40:31.754-0800] {logging_mixin.py:188} INFO - [2024-01-06T14:40:31.753-0800] {dag.py:3820} INFO - Setting next_dagrun for dataset_consumes_1_and_2 to None, run_after=None
[2024-01-06T14:40:31.754-0800] {logging_mixin.py:188} INFO - [2024-01-06T14:40:31.754-0800] {dag.py:3820} INFO - Setting next_dagrun for dataset_consumes_1_never_scheduled to None, run_after=None
[2024-01-06T14:40:31.755-0800] {logging_mixin.py:188} INFO - [2024-01-06T14:40:31.755-0800] {dag.py:3820} INFO - Setting next_dagrun for dataset_consumes_unknown_never_scheduled to None, run_after=None
[2024-01-06T14:40:31.757-0800] {logging_mixin.py:188} INFO - [2024-01-06T14:40:31.757-0800] {dag.py:3820} INFO - Setting next_dagrun for dataset_produces_1 to 2024-01-05T00:00:00+00:00, run_after=2024-01-06T00:00:00+00:00
[2024-01-06T14:40:31.757-0800] {logging_mixin.py:188} INFO - [2024-01-06T14:40:31.757-0800] {dag.py:3820} INFO - Setting next_dagrun for dataset_produces_2 to None, run_after=None
[2024-01-06T14:40:31.780-0800] {processor.py:183} INFO - Processing /mnt/c/Users/victo/OneDrive/Desktop/fantasy_nba_dashboard/airflow_env/lib/python3.10/site-packages/airflow/example_dags/example_datasets.py took 0.100 seconds
[2024-01-06T14:41:02.555-0800] {processor.py:161} INFO - Started process (PID=11542) to work on /mnt/c/Users/victo/OneDrive/Desktop/fantasy_nba_dashboard/airflow_env/lib/python3.10/site-packages/airflow/example_dags/example_datasets.py
[2024-01-06T14:41:02.556-0800] {processor.py:830} INFO - Processing file /mnt/c/Users/victo/OneDrive/Desktop/fantasy_nba_dashboard/airflow_env/lib/python3.10/site-packages/airflow/example_dags/example_datasets.py for tasks to queue
[2024-01-06T14:41:02.556-0800] {logging_mixin.py:188} INFO - [2024-01-06T14:41:02.556-0800] {dagbag.py:538} INFO - Filling up the DagBag from /mnt/c/Users/victo/OneDrive/Desktop/fantasy_nba_dashboard/airflow_env/lib/python3.10/site-packages/airflow/example_dags/example_datasets.py
[2024-01-06T14:41:02.566-0800] {processor.py:840} INFO - DAG(s) 'dataset_consumes_1_and_2', 'dataset_produces_1', 'dataset_consumes_unknown_never_scheduled', 'dataset_produces_2', 'dataset_consumes_1_never_scheduled', 'dataset_consumes_1' retrieved from /mnt/c/Users/victo/OneDrive/Desktop/fantasy_nba_dashboard/airflow_env/lib/python3.10/site-packages/airflow/example_dags/example_datasets.py
[2024-01-06T14:41:02.602-0800] {logging_mixin.py:188} INFO - [2024-01-06T14:41:02.602-0800] {dag.py:3033} INFO - Sync 6 DAGs
[2024-01-06T14:41:02.619-0800] {logging_mixin.py:188} INFO - [2024-01-06T14:41:02.619-0800] {dag.py:3820} INFO - Setting next_dagrun for dataset_consumes_1 to None, run_after=None
[2024-01-06T14:41:02.621-0800] {logging_mixin.py:188} INFO - [2024-01-06T14:41:02.621-0800] {dag.py:3820} INFO - Setting next_dagrun for dataset_consumes_1_and_2 to None, run_after=None
[2024-01-06T14:41:02.622-0800] {logging_mixin.py:188} INFO - [2024-01-06T14:41:02.622-0800] {dag.py:3820} INFO - Setting next_dagrun for dataset_consumes_1_never_scheduled to None, run_after=None
[2024-01-06T14:41:02.622-0800] {logging_mixin.py:188} INFO - [2024-01-06T14:41:02.622-0800] {dag.py:3820} INFO - Setting next_dagrun for dataset_consumes_unknown_never_scheduled to None, run_after=None
[2024-01-06T14:41:02.624-0800] {logging_mixin.py:188} INFO - [2024-01-06T14:41:02.624-0800] {dag.py:3820} INFO - Setting next_dagrun for dataset_produces_1 to 2024-01-05T00:00:00+00:00, run_after=2024-01-06T00:00:00+00:00
[2024-01-06T14:41:02.625-0800] {logging_mixin.py:188} INFO - [2024-01-06T14:41:02.625-0800] {dag.py:3820} INFO - Setting next_dagrun for dataset_produces_2 to None, run_after=None
[2024-01-06T14:41:02.646-0800] {processor.py:183} INFO - Processing /mnt/c/Users/victo/OneDrive/Desktop/fantasy_nba_dashboard/airflow_env/lib/python3.10/site-packages/airflow/example_dags/example_datasets.py took 0.095 seconds
