[2024-01-06T14:24:43.148-0800] {processor.py:161} INFO - Started process (PID=7113) to work on /mnt/c/Users/victo/OneDrive/Desktop/fantasy_nba_dashboard/airflow_env/lib/python3.10/site-packages/airflow/example_dags/example_latest_only_with_trigger.py
[2024-01-06T14:24:43.149-0800] {processor.py:830} INFO - Processing file /mnt/c/Users/victo/OneDrive/Desktop/fantasy_nba_dashboard/airflow_env/lib/python3.10/site-packages/airflow/example_dags/example_latest_only_with_trigger.py for tasks to queue
[2024-01-06T14:24:43.150-0800] {logging_mixin.py:188} INFO - [2024-01-06T14:24:43.149-0800] {dagbag.py:538} INFO - Filling up the DagBag from /mnt/c/Users/victo/OneDrive/Desktop/fantasy_nba_dashboard/airflow_env/lib/python3.10/site-packages/airflow/example_dags/example_latest_only_with_trigger.py
[2024-01-06T14:24:43.157-0800] {processor.py:840} INFO - DAG(s) 'latest_only_with_trigger' retrieved from /mnt/c/Users/victo/OneDrive/Desktop/fantasy_nba_dashboard/airflow_env/lib/python3.10/site-packages/airflow/example_dags/example_latest_only_with_trigger.py
[2024-01-06T14:24:43.258-0800] {logging_mixin.py:188} INFO - [2024-01-06T14:24:43.258-0800] {dag.py:3033} INFO - Sync 1 DAGs
[2024-01-06T14:24:43.272-0800] {logging_mixin.py:188} INFO - [2024-01-06T14:24:43.272-0800] {dag.py:3820} INFO - Setting next_dagrun for latest_only_with_trigger to 2024-01-06T16:00:00+00:00, run_after=2024-01-06T20:00:00+00:00
[2024-01-06T14:24:43.290-0800] {processor.py:183} INFO - Processing /mnt/c/Users/victo/OneDrive/Desktop/fantasy_nba_dashboard/airflow_env/lib/python3.10/site-packages/airflow/example_dags/example_latest_only_with_trigger.py took 0.146 seconds
[2024-01-06T14:25:13.352-0800] {processor.py:161} INFO - Started process (PID=7272) to work on /mnt/c/Users/victo/OneDrive/Desktop/fantasy_nba_dashboard/airflow_env/lib/python3.10/site-packages/airflow/example_dags/example_latest_only_with_trigger.py
[2024-01-06T14:25:13.353-0800] {processor.py:830} INFO - Processing file /mnt/c/Users/victo/OneDrive/Desktop/fantasy_nba_dashboard/airflow_env/lib/python3.10/site-packages/airflow/example_dags/example_latest_only_with_trigger.py for tasks to queue
[2024-01-06T14:25:13.354-0800] {logging_mixin.py:188} INFO - [2024-01-06T14:25:13.353-0800] {dagbag.py:538} INFO - Filling up the DagBag from /mnt/c/Users/victo/OneDrive/Desktop/fantasy_nba_dashboard/airflow_env/lib/python3.10/site-packages/airflow/example_dags/example_latest_only_with_trigger.py
[2024-01-06T14:25:13.361-0800] {processor.py:840} INFO - DAG(s) 'latest_only_with_trigger' retrieved from /mnt/c/Users/victo/OneDrive/Desktop/fantasy_nba_dashboard/airflow_env/lib/python3.10/site-packages/airflow/example_dags/example_latest_only_with_trigger.py
[2024-01-06T14:25:13.388-0800] {logging_mixin.py:188} INFO - [2024-01-06T14:25:13.388-0800] {dag.py:3033} INFO - Sync 1 DAGs
[2024-01-06T14:25:13.404-0800] {logging_mixin.py:188} INFO - [2024-01-06T14:25:13.404-0800] {dag.py:3820} INFO - Setting next_dagrun for latest_only_with_trigger to 2024-01-06T16:00:00+00:00, run_after=2024-01-06T20:00:00+00:00
[2024-01-06T14:25:13.421-0800] {processor.py:183} INFO - Processing /mnt/c/Users/victo/OneDrive/Desktop/fantasy_nba_dashboard/airflow_env/lib/python3.10/site-packages/airflow/example_dags/example_latest_only_with_trigger.py took 0.072 seconds
[2024-01-06T14:25:43.458-0800] {processor.py:161} INFO - Started process (PID=7519) to work on /mnt/c/Users/victo/OneDrive/Desktop/fantasy_nba_dashboard/airflow_env/lib/python3.10/site-packages/airflow/example_dags/example_latest_only_with_trigger.py
[2024-01-06T14:25:43.460-0800] {processor.py:830} INFO - Processing file /mnt/c/Users/victo/OneDrive/Desktop/fantasy_nba_dashboard/airflow_env/lib/python3.10/site-packages/airflow/example_dags/example_latest_only_with_trigger.py for tasks to queue
[2024-01-06T14:25:43.460-0800] {logging_mixin.py:188} INFO - [2024-01-06T14:25:43.460-0800] {dagbag.py:538} INFO - Filling up the DagBag from /mnt/c/Users/victo/OneDrive/Desktop/fantasy_nba_dashboard/airflow_env/lib/python3.10/site-packages/airflow/example_dags/example_latest_only_with_trigger.py
[2024-01-06T14:25:43.468-0800] {processor.py:840} INFO - DAG(s) 'latest_only_with_trigger' retrieved from /mnt/c/Users/victo/OneDrive/Desktop/fantasy_nba_dashboard/airflow_env/lib/python3.10/site-packages/airflow/example_dags/example_latest_only_with_trigger.py
[2024-01-06T14:25:43.500-0800] {logging_mixin.py:188} INFO - [2024-01-06T14:25:43.500-0800] {dag.py:3033} INFO - Sync 1 DAGs
[2024-01-06T14:25:43.515-0800] {logging_mixin.py:188} INFO - [2024-01-06T14:25:43.515-0800] {dag.py:3820} INFO - Setting next_dagrun for latest_only_with_trigger to 2024-01-06T16:00:00+00:00, run_after=2024-01-06T20:00:00+00:00
[2024-01-06T14:25:43.527-0800] {processor.py:183} INFO - Processing /mnt/c/Users/victo/OneDrive/Desktop/fantasy_nba_dashboard/airflow_env/lib/python3.10/site-packages/airflow/example_dags/example_latest_only_with_trigger.py took 0.073 seconds
[2024-01-06T14:26:13.745-0800] {processor.py:161} INFO - Started process (PID=8058) to work on /mnt/c/Users/victo/OneDrive/Desktop/fantasy_nba_dashboard/airflow_env/lib/python3.10/site-packages/airflow/example_dags/example_latest_only_with_trigger.py
[2024-01-06T14:26:13.746-0800] {processor.py:830} INFO - Processing file /mnt/c/Users/victo/OneDrive/Desktop/fantasy_nba_dashboard/airflow_env/lib/python3.10/site-packages/airflow/example_dags/example_latest_only_with_trigger.py for tasks to queue
[2024-01-06T14:26:13.747-0800] {logging_mixin.py:188} INFO - [2024-01-06T14:26:13.747-0800] {dagbag.py:538} INFO - Filling up the DagBag from /mnt/c/Users/victo/OneDrive/Desktop/fantasy_nba_dashboard/airflow_env/lib/python3.10/site-packages/airflow/example_dags/example_latest_only_with_trigger.py
[2024-01-06T14:26:13.754-0800] {processor.py:840} INFO - DAG(s) 'latest_only_with_trigger' retrieved from /mnt/c/Users/victo/OneDrive/Desktop/fantasy_nba_dashboard/airflow_env/lib/python3.10/site-packages/airflow/example_dags/example_latest_only_with_trigger.py
[2024-01-06T14:26:13.781-0800] {logging_mixin.py:188} INFO - [2024-01-06T14:26:13.781-0800] {dag.py:3033} INFO - Sync 1 DAGs
[2024-01-06T14:26:13.799-0800] {logging_mixin.py:188} INFO - [2024-01-06T14:26:13.798-0800] {dag.py:3820} INFO - Setting next_dagrun for latest_only_with_trigger to 2024-01-06T16:00:00+00:00, run_after=2024-01-06T20:00:00+00:00
[2024-01-06T14:26:13.811-0800] {processor.py:183} INFO - Processing /mnt/c/Users/victo/OneDrive/Desktop/fantasy_nba_dashboard/airflow_env/lib/python3.10/site-packages/airflow/example_dags/example_latest_only_with_trigger.py took 0.069 seconds
[2024-01-06T14:35:54.773-0800] {processor.py:161} INFO - Started process (PID=9566) to work on /mnt/c/Users/victo/OneDrive/Desktop/fantasy_nba_dashboard/airflow_env/lib/python3.10/site-packages/airflow/example_dags/example_latest_only_with_trigger.py
[2024-01-06T14:35:54.774-0800] {processor.py:830} INFO - Processing file /mnt/c/Users/victo/OneDrive/Desktop/fantasy_nba_dashboard/airflow_env/lib/python3.10/site-packages/airflow/example_dags/example_latest_only_with_trigger.py for tasks to queue
[2024-01-06T14:35:54.774-0800] {logging_mixin.py:188} INFO - [2024-01-06T14:35:54.774-0800] {dagbag.py:538} INFO - Filling up the DagBag from /mnt/c/Users/victo/OneDrive/Desktop/fantasy_nba_dashboard/airflow_env/lib/python3.10/site-packages/airflow/example_dags/example_latest_only_with_trigger.py
[2024-01-06T14:35:54.781-0800] {processor.py:840} INFO - DAG(s) 'latest_only_with_trigger' retrieved from /mnt/c/Users/victo/OneDrive/Desktop/fantasy_nba_dashboard/airflow_env/lib/python3.10/site-packages/airflow/example_dags/example_latest_only_with_trigger.py
[2024-01-06T14:35:54.813-0800] {logging_mixin.py:188} INFO - [2024-01-06T14:35:54.812-0800] {dag.py:3033} INFO - Sync 1 DAGs
[2024-01-06T14:35:54.829-0800] {logging_mixin.py:188} INFO - [2024-01-06T14:35:54.829-0800] {dag.py:3820} INFO - Setting next_dagrun for latest_only_with_trigger to 2024-01-06T16:00:00+00:00, run_after=2024-01-06T20:00:00+00:00
[2024-01-06T14:35:54.842-0800] {processor.py:183} INFO - Processing /mnt/c/Users/victo/OneDrive/Desktop/fantasy_nba_dashboard/airflow_env/lib/python3.10/site-packages/airflow/example_dags/example_latest_only_with_trigger.py took 0.074 seconds
[2024-01-06T14:36:24.896-0800] {processor.py:161} INFO - Started process (PID=9751) to work on /mnt/c/Users/victo/OneDrive/Desktop/fantasy_nba_dashboard/airflow_env/lib/python3.10/site-packages/airflow/example_dags/example_latest_only_with_trigger.py
[2024-01-06T14:36:24.897-0800] {processor.py:830} INFO - Processing file /mnt/c/Users/victo/OneDrive/Desktop/fantasy_nba_dashboard/airflow_env/lib/python3.10/site-packages/airflow/example_dags/example_latest_only_with_trigger.py for tasks to queue
[2024-01-06T14:36:24.898-0800] {logging_mixin.py:188} INFO - [2024-01-06T14:36:24.898-0800] {dagbag.py:538} INFO - Filling up the DagBag from /mnt/c/Users/victo/OneDrive/Desktop/fantasy_nba_dashboard/airflow_env/lib/python3.10/site-packages/airflow/example_dags/example_latest_only_with_trigger.py
[2024-01-06T14:36:24.906-0800] {processor.py:840} INFO - DAG(s) 'latest_only_with_trigger' retrieved from /mnt/c/Users/victo/OneDrive/Desktop/fantasy_nba_dashboard/airflow_env/lib/python3.10/site-packages/airflow/example_dags/example_latest_only_with_trigger.py
[2024-01-06T14:36:24.935-0800] {logging_mixin.py:188} INFO - [2024-01-06T14:36:24.935-0800] {dag.py:3033} INFO - Sync 1 DAGs
[2024-01-06T14:36:24.951-0800] {logging_mixin.py:188} INFO - [2024-01-06T14:36:24.951-0800] {dag.py:3820} INFO - Setting next_dagrun for latest_only_with_trigger to 2024-01-06T16:00:00+00:00, run_after=2024-01-06T20:00:00+00:00
[2024-01-06T14:36:24.963-0800] {processor.py:183} INFO - Processing /mnt/c/Users/victo/OneDrive/Desktop/fantasy_nba_dashboard/airflow_env/lib/python3.10/site-packages/airflow/example_dags/example_latest_only_with_trigger.py took 0.071 seconds
[2024-01-06T14:36:56.113-0800] {processor.py:161} INFO - Started process (PID=10030) to work on /mnt/c/Users/victo/OneDrive/Desktop/fantasy_nba_dashboard/airflow_env/lib/python3.10/site-packages/airflow/example_dags/example_latest_only_with_trigger.py
[2024-01-06T14:36:56.114-0800] {processor.py:830} INFO - Processing file /mnt/c/Users/victo/OneDrive/Desktop/fantasy_nba_dashboard/airflow_env/lib/python3.10/site-packages/airflow/example_dags/example_latest_only_with_trigger.py for tasks to queue
[2024-01-06T14:36:56.115-0800] {logging_mixin.py:188} INFO - [2024-01-06T14:36:56.115-0800] {dagbag.py:538} INFO - Filling up the DagBag from /mnt/c/Users/victo/OneDrive/Desktop/fantasy_nba_dashboard/airflow_env/lib/python3.10/site-packages/airflow/example_dags/example_latest_only_with_trigger.py
[2024-01-06T14:36:56.122-0800] {processor.py:840} INFO - DAG(s) 'latest_only_with_trigger' retrieved from /mnt/c/Users/victo/OneDrive/Desktop/fantasy_nba_dashboard/airflow_env/lib/python3.10/site-packages/airflow/example_dags/example_latest_only_with_trigger.py
[2024-01-06T14:36:56.150-0800] {logging_mixin.py:188} INFO - [2024-01-06T14:36:56.150-0800] {dag.py:3033} INFO - Sync 1 DAGs
[2024-01-06T14:36:56.167-0800] {logging_mixin.py:188} INFO - [2024-01-06T14:36:56.167-0800] {dag.py:3820} INFO - Setting next_dagrun for latest_only_with_trigger to 2024-01-06T16:00:00+00:00, run_after=2024-01-06T20:00:00+00:00
[2024-01-06T14:36:56.180-0800] {processor.py:183} INFO - Processing /mnt/c/Users/victo/OneDrive/Desktop/fantasy_nba_dashboard/airflow_env/lib/python3.10/site-packages/airflow/example_dags/example_latest_only_with_trigger.py took 0.070 seconds
[2024-01-06T14:37:26.734-0800] {processor.py:161} INFO - Started process (PID=10309) to work on /mnt/c/Users/victo/OneDrive/Desktop/fantasy_nba_dashboard/airflow_env/lib/python3.10/site-packages/airflow/example_dags/example_latest_only_with_trigger.py
[2024-01-06T14:37:26.735-0800] {processor.py:830} INFO - Processing file /mnt/c/Users/victo/OneDrive/Desktop/fantasy_nba_dashboard/airflow_env/lib/python3.10/site-packages/airflow/example_dags/example_latest_only_with_trigger.py for tasks to queue
[2024-01-06T14:37:26.736-0800] {logging_mixin.py:188} INFO - [2024-01-06T14:37:26.736-0800] {dagbag.py:538} INFO - Filling up the DagBag from /mnt/c/Users/victo/OneDrive/Desktop/fantasy_nba_dashboard/airflow_env/lib/python3.10/site-packages/airflow/example_dags/example_latest_only_with_trigger.py
[2024-01-06T14:37:26.743-0800] {processor.py:840} INFO - DAG(s) 'latest_only_with_trigger' retrieved from /mnt/c/Users/victo/OneDrive/Desktop/fantasy_nba_dashboard/airflow_env/lib/python3.10/site-packages/airflow/example_dags/example_latest_only_with_trigger.py
[2024-01-06T14:37:26.778-0800] {logging_mixin.py:188} INFO - [2024-01-06T14:37:26.778-0800] {dag.py:3033} INFO - Sync 1 DAGs
[2024-01-06T14:37:26.796-0800] {logging_mixin.py:188} INFO - [2024-01-06T14:37:26.795-0800] {dag.py:3820} INFO - Setting next_dagrun for latest_only_with_trigger to 2024-01-06T16:00:00+00:00, run_after=2024-01-06T20:00:00+00:00
[2024-01-06T14:37:26.808-0800] {processor.py:183} INFO - Processing /mnt/c/Users/victo/OneDrive/Desktop/fantasy_nba_dashboard/airflow_env/lib/python3.10/site-packages/airflow/example_dags/example_latest_only_with_trigger.py took 0.078 seconds
[2024-01-06T14:37:57.481-0800] {processor.py:161} INFO - Started process (PID=10510) to work on /mnt/c/Users/victo/OneDrive/Desktop/fantasy_nba_dashboard/airflow_env/lib/python3.10/site-packages/airflow/example_dags/example_latest_only_with_trigger.py
[2024-01-06T14:37:57.482-0800] {processor.py:830} INFO - Processing file /mnt/c/Users/victo/OneDrive/Desktop/fantasy_nba_dashboard/airflow_env/lib/python3.10/site-packages/airflow/example_dags/example_latest_only_with_trigger.py for tasks to queue
[2024-01-06T14:37:57.482-0800] {logging_mixin.py:188} INFO - [2024-01-06T14:37:57.482-0800] {dagbag.py:538} INFO - Filling up the DagBag from /mnt/c/Users/victo/OneDrive/Desktop/fantasy_nba_dashboard/airflow_env/lib/python3.10/site-packages/airflow/example_dags/example_latest_only_with_trigger.py
[2024-01-06T14:37:57.490-0800] {processor.py:840} INFO - DAG(s) 'latest_only_with_trigger' retrieved from /mnt/c/Users/victo/OneDrive/Desktop/fantasy_nba_dashboard/airflow_env/lib/python3.10/site-packages/airflow/example_dags/example_latest_only_with_trigger.py
[2024-01-06T14:37:57.521-0800] {logging_mixin.py:188} INFO - [2024-01-06T14:37:57.520-0800] {dag.py:3033} INFO - Sync 1 DAGs
[2024-01-06T14:37:57.538-0800] {logging_mixin.py:188} INFO - [2024-01-06T14:37:57.538-0800] {dag.py:3820} INFO - Setting next_dagrun for latest_only_with_trigger to 2024-01-06T16:00:00+00:00, run_after=2024-01-06T20:00:00+00:00
[2024-01-06T14:37:57.551-0800] {processor.py:183} INFO - Processing /mnt/c/Users/victo/OneDrive/Desktop/fantasy_nba_dashboard/airflow_env/lib/python3.10/site-packages/airflow/example_dags/example_latest_only_with_trigger.py took 0.074 seconds
[2024-01-06T14:38:28.122-0800] {processor.py:161} INFO - Started process (PID=10681) to work on /mnt/c/Users/victo/OneDrive/Desktop/fantasy_nba_dashboard/airflow_env/lib/python3.10/site-packages/airflow/example_dags/example_latest_only_with_trigger.py
[2024-01-06T14:38:28.123-0800] {processor.py:830} INFO - Processing file /mnt/c/Users/victo/OneDrive/Desktop/fantasy_nba_dashboard/airflow_env/lib/python3.10/site-packages/airflow/example_dags/example_latest_only_with_trigger.py for tasks to queue
[2024-01-06T14:38:28.123-0800] {logging_mixin.py:188} INFO - [2024-01-06T14:38:28.123-0800] {dagbag.py:538} INFO - Filling up the DagBag from /mnt/c/Users/victo/OneDrive/Desktop/fantasy_nba_dashboard/airflow_env/lib/python3.10/site-packages/airflow/example_dags/example_latest_only_with_trigger.py
[2024-01-06T14:38:28.132-0800] {processor.py:840} INFO - DAG(s) 'latest_only_with_trigger' retrieved from /mnt/c/Users/victo/OneDrive/Desktop/fantasy_nba_dashboard/airflow_env/lib/python3.10/site-packages/airflow/example_dags/example_latest_only_with_trigger.py
[2024-01-06T14:38:28.163-0800] {logging_mixin.py:188} INFO - [2024-01-06T14:38:28.163-0800] {dag.py:3033} INFO - Sync 1 DAGs
[2024-01-06T14:38:28.179-0800] {logging_mixin.py:188} INFO - [2024-01-06T14:38:28.179-0800] {dag.py:3820} INFO - Setting next_dagrun for latest_only_with_trigger to 2024-01-06T16:00:00+00:00, run_after=2024-01-06T20:00:00+00:00
[2024-01-06T14:38:28.197-0800] {processor.py:183} INFO - Processing /mnt/c/Users/victo/OneDrive/Desktop/fantasy_nba_dashboard/airflow_env/lib/python3.10/site-packages/airflow/example_dags/example_latest_only_with_trigger.py took 0.080 seconds
[2024-01-06T14:38:59.166-0800] {processor.py:161} INFO - Started process (PID=10872) to work on /mnt/c/Users/victo/OneDrive/Desktop/fantasy_nba_dashboard/airflow_env/lib/python3.10/site-packages/airflow/example_dags/example_latest_only_with_trigger.py
[2024-01-06T14:38:59.167-0800] {processor.py:830} INFO - Processing file /mnt/c/Users/victo/OneDrive/Desktop/fantasy_nba_dashboard/airflow_env/lib/python3.10/site-packages/airflow/example_dags/example_latest_only_with_trigger.py for tasks to queue
[2024-01-06T14:38:59.167-0800] {logging_mixin.py:188} INFO - [2024-01-06T14:38:59.167-0800] {dagbag.py:538} INFO - Filling up the DagBag from /mnt/c/Users/victo/OneDrive/Desktop/fantasy_nba_dashboard/airflow_env/lib/python3.10/site-packages/airflow/example_dags/example_latest_only_with_trigger.py
[2024-01-06T14:38:59.175-0800] {processor.py:840} INFO - DAG(s) 'latest_only_with_trigger' retrieved from /mnt/c/Users/victo/OneDrive/Desktop/fantasy_nba_dashboard/airflow_env/lib/python3.10/site-packages/airflow/example_dags/example_latest_only_with_trigger.py
[2024-01-06T14:38:59.204-0800] {logging_mixin.py:188} INFO - [2024-01-06T14:38:59.204-0800] {dag.py:3033} INFO - Sync 1 DAGs
[2024-01-06T14:38:59.223-0800] {logging_mixin.py:188} INFO - [2024-01-06T14:38:59.223-0800] {dag.py:3820} INFO - Setting next_dagrun for latest_only_with_trigger to 2024-01-06T16:00:00+00:00, run_after=2024-01-06T20:00:00+00:00
[2024-01-06T14:38:59.241-0800] {processor.py:183} INFO - Processing /mnt/c/Users/victo/OneDrive/Desktop/fantasy_nba_dashboard/airflow_env/lib/python3.10/site-packages/airflow/example_dags/example_latest_only_with_trigger.py took 0.079 seconds
[2024-01-06T14:39:29.750-0800] {processor.py:161} INFO - Started process (PID=11031) to work on /mnt/c/Users/victo/OneDrive/Desktop/fantasy_nba_dashboard/airflow_env/lib/python3.10/site-packages/airflow/example_dags/example_latest_only_with_trigger.py
[2024-01-06T14:39:29.751-0800] {processor.py:830} INFO - Processing file /mnt/c/Users/victo/OneDrive/Desktop/fantasy_nba_dashboard/airflow_env/lib/python3.10/site-packages/airflow/example_dags/example_latest_only_with_trigger.py for tasks to queue
[2024-01-06T14:39:29.752-0800] {logging_mixin.py:188} INFO - [2024-01-06T14:39:29.752-0800] {dagbag.py:538} INFO - Filling up the DagBag from /mnt/c/Users/victo/OneDrive/Desktop/fantasy_nba_dashboard/airflow_env/lib/python3.10/site-packages/airflow/example_dags/example_latest_only_with_trigger.py
[2024-01-06T14:39:29.759-0800] {processor.py:840} INFO - DAG(s) 'latest_only_with_trigger' retrieved from /mnt/c/Users/victo/OneDrive/Desktop/fantasy_nba_dashboard/airflow_env/lib/python3.10/site-packages/airflow/example_dags/example_latest_only_with_trigger.py
[2024-01-06T14:39:29.785-0800] {logging_mixin.py:188} INFO - [2024-01-06T14:39:29.785-0800] {dag.py:3033} INFO - Sync 1 DAGs
[2024-01-06T14:39:29.802-0800] {logging_mixin.py:188} INFO - [2024-01-06T14:39:29.802-0800] {dag.py:3820} INFO - Setting next_dagrun for latest_only_with_trigger to 2024-01-06T16:00:00+00:00, run_after=2024-01-06T20:00:00+00:00
[2024-01-06T14:39:29.814-0800] {processor.py:183} INFO - Processing /mnt/c/Users/victo/OneDrive/Desktop/fantasy_nba_dashboard/airflow_env/lib/python3.10/site-packages/airflow/example_dags/example_latest_only_with_trigger.py took 0.067 seconds
[2024-01-06T14:40:00.557-0800] {processor.py:161} INFO - Started process (PID=11188) to work on /mnt/c/Users/victo/OneDrive/Desktop/fantasy_nba_dashboard/airflow_env/lib/python3.10/site-packages/airflow/example_dags/example_latest_only_with_trigger.py
[2024-01-06T14:40:00.558-0800] {processor.py:830} INFO - Processing file /mnt/c/Users/victo/OneDrive/Desktop/fantasy_nba_dashboard/airflow_env/lib/python3.10/site-packages/airflow/example_dags/example_latest_only_with_trigger.py for tasks to queue
[2024-01-06T14:40:00.558-0800] {logging_mixin.py:188} INFO - [2024-01-06T14:40:00.558-0800] {dagbag.py:538} INFO - Filling up the DagBag from /mnt/c/Users/victo/OneDrive/Desktop/fantasy_nba_dashboard/airflow_env/lib/python3.10/site-packages/airflow/example_dags/example_latest_only_with_trigger.py
[2024-01-06T14:40:00.565-0800] {processor.py:840} INFO - DAG(s) 'latest_only_with_trigger' retrieved from /mnt/c/Users/victo/OneDrive/Desktop/fantasy_nba_dashboard/airflow_env/lib/python3.10/site-packages/airflow/example_dags/example_latest_only_with_trigger.py
[2024-01-06T14:40:00.594-0800] {logging_mixin.py:188} INFO - [2024-01-06T14:40:00.594-0800] {dag.py:3033} INFO - Sync 1 DAGs
[2024-01-06T14:40:00.611-0800] {logging_mixin.py:188} INFO - [2024-01-06T14:40:00.611-0800] {dag.py:3820} INFO - Setting next_dagrun for latest_only_with_trigger to 2024-01-06T16:00:00+00:00, run_after=2024-01-06T20:00:00+00:00
[2024-01-06T14:40:00.628-0800] {processor.py:183} INFO - Processing /mnt/c/Users/victo/OneDrive/Desktop/fantasy_nba_dashboard/airflow_env/lib/python3.10/site-packages/airflow/example_dags/example_latest_only_with_trigger.py took 0.075 seconds
[2024-01-06T14:40:31.336-0800] {processor.py:161} INFO - Started process (PID=11346) to work on /mnt/c/Users/victo/OneDrive/Desktop/fantasy_nba_dashboard/airflow_env/lib/python3.10/site-packages/airflow/example_dags/example_latest_only_with_trigger.py
[2024-01-06T14:40:31.337-0800] {processor.py:830} INFO - Processing file /mnt/c/Users/victo/OneDrive/Desktop/fantasy_nba_dashboard/airflow_env/lib/python3.10/site-packages/airflow/example_dags/example_latest_only_with_trigger.py for tasks to queue
[2024-01-06T14:40:31.338-0800] {logging_mixin.py:188} INFO - [2024-01-06T14:40:31.337-0800] {dagbag.py:538} INFO - Filling up the DagBag from /mnt/c/Users/victo/OneDrive/Desktop/fantasy_nba_dashboard/airflow_env/lib/python3.10/site-packages/airflow/example_dags/example_latest_only_with_trigger.py
[2024-01-06T14:40:31.346-0800] {processor.py:840} INFO - DAG(s) 'latest_only_with_trigger' retrieved from /mnt/c/Users/victo/OneDrive/Desktop/fantasy_nba_dashboard/airflow_env/lib/python3.10/site-packages/airflow/example_dags/example_latest_only_with_trigger.py
[2024-01-06T14:40:31.376-0800] {logging_mixin.py:188} INFO - [2024-01-06T14:40:31.376-0800] {dag.py:3033} INFO - Sync 1 DAGs
[2024-01-06T14:40:31.398-0800] {logging_mixin.py:188} INFO - [2024-01-06T14:40:31.398-0800] {dag.py:3820} INFO - Setting next_dagrun for latest_only_with_trigger to 2024-01-06T16:00:00+00:00, run_after=2024-01-06T20:00:00+00:00
[2024-01-06T14:40:31.412-0800] {processor.py:183} INFO - Processing /mnt/c/Users/victo/OneDrive/Desktop/fantasy_nba_dashboard/airflow_env/lib/python3.10/site-packages/airflow/example_dags/example_latest_only_with_trigger.py took 0.081 seconds
[2024-01-06T14:41:02.294-0800] {processor.py:161} INFO - Started process (PID=11530) to work on /mnt/c/Users/victo/OneDrive/Desktop/fantasy_nba_dashboard/airflow_env/lib/python3.10/site-packages/airflow/example_dags/example_latest_only_with_trigger.py
[2024-01-06T14:41:02.295-0800] {processor.py:830} INFO - Processing file /mnt/c/Users/victo/OneDrive/Desktop/fantasy_nba_dashboard/airflow_env/lib/python3.10/site-packages/airflow/example_dags/example_latest_only_with_trigger.py for tasks to queue
[2024-01-06T14:41:02.296-0800] {logging_mixin.py:188} INFO - [2024-01-06T14:41:02.295-0800] {dagbag.py:538} INFO - Filling up the DagBag from /mnt/c/Users/victo/OneDrive/Desktop/fantasy_nba_dashboard/airflow_env/lib/python3.10/site-packages/airflow/example_dags/example_latest_only_with_trigger.py
[2024-01-06T14:41:02.305-0800] {processor.py:840} INFO - DAG(s) 'latest_only_with_trigger' retrieved from /mnt/c/Users/victo/OneDrive/Desktop/fantasy_nba_dashboard/airflow_env/lib/python3.10/site-packages/airflow/example_dags/example_latest_only_with_trigger.py
[2024-01-06T14:41:02.338-0800] {logging_mixin.py:188} INFO - [2024-01-06T14:41:02.338-0800] {dag.py:3033} INFO - Sync 1 DAGs
[2024-01-06T14:41:02.356-0800] {logging_mixin.py:188} INFO - [2024-01-06T14:41:02.356-0800] {dag.py:3820} INFO - Setting next_dagrun for latest_only_with_trigger to 2024-01-06T16:00:00+00:00, run_after=2024-01-06T20:00:00+00:00
[2024-01-06T14:41:02.369-0800] {processor.py:183} INFO - Processing /mnt/c/Users/victo/OneDrive/Desktop/fantasy_nba_dashboard/airflow_env/lib/python3.10/site-packages/airflow/example_dags/example_latest_only_with_trigger.py took 0.080 seconds
