[2024-01-06T14:24:41.104-0800] {processor.py:161} INFO - Started process (PID=7062) to work on /mnt/c/Users/victo/OneDrive/Desktop/fantasy_nba_dashboard/airflow_env/lib/python3.10/site-packages/airflow/example_dags/tutorial.py
[2024-01-06T14:24:41.105-0800] {processor.py:830} INFO - Processing file /mnt/c/Users/victo/OneDrive/Desktop/fantasy_nba_dashboard/airflow_env/lib/python3.10/site-packages/airflow/example_dags/tutorial.py for tasks to queue
[2024-01-06T14:24:41.106-0800] {logging_mixin.py:188} INFO - [2024-01-06T14:24:41.106-0800] {dagbag.py:538} INFO - Filling up the DagBag from /mnt/c/Users/victo/OneDrive/Desktop/fantasy_nba_dashboard/airflow_env/lib/python3.10/site-packages/airflow/example_dags/tutorial.py
[2024-01-06T14:24:41.117-0800] {processor.py:840} INFO - DAG(s) 'tutorial' retrieved from /mnt/c/Users/victo/OneDrive/Desktop/fantasy_nba_dashboard/airflow_env/lib/python3.10/site-packages/airflow/example_dags/tutorial.py
[2024-01-06T14:24:41.227-0800] {logging_mixin.py:188} INFO - [2024-01-06T14:24:41.227-0800] {dag.py:3033} INFO - Sync 1 DAGs
[2024-01-06T14:24:41.243-0800] {logging_mixin.py:188} INFO - [2024-01-06T14:24:41.243-0800] {dag.py:3820} INFO - Setting next_dagrun for tutorial to 2024-01-05T00:00:00+00:00, run_after=2024-01-06T00:00:00+00:00
[2024-01-06T14:24:41.256-0800] {processor.py:183} INFO - Processing /mnt/c/Users/victo/OneDrive/Desktop/fantasy_nba_dashboard/airflow_env/lib/python3.10/site-packages/airflow/example_dags/tutorial.py took 0.156 seconds
[2024-01-06T14:25:11.635-0800] {processor.py:161} INFO - Started process (PID=7221) to work on /mnt/c/Users/victo/OneDrive/Desktop/fantasy_nba_dashboard/airflow_env/lib/python3.10/site-packages/airflow/example_dags/tutorial.py
[2024-01-06T14:25:11.636-0800] {processor.py:830} INFO - Processing file /mnt/c/Users/victo/OneDrive/Desktop/fantasy_nba_dashboard/airflow_env/lib/python3.10/site-packages/airflow/example_dags/tutorial.py for tasks to queue
[2024-01-06T14:25:11.636-0800] {logging_mixin.py:188} INFO - [2024-01-06T14:25:11.636-0800] {dagbag.py:538} INFO - Filling up the DagBag from /mnt/c/Users/victo/OneDrive/Desktop/fantasy_nba_dashboard/airflow_env/lib/python3.10/site-packages/airflow/example_dags/tutorial.py
[2024-01-06T14:25:11.644-0800] {processor.py:840} INFO - DAG(s) 'tutorial' retrieved from /mnt/c/Users/victo/OneDrive/Desktop/fantasy_nba_dashboard/airflow_env/lib/python3.10/site-packages/airflow/example_dags/tutorial.py
[2024-01-06T14:25:11.673-0800] {logging_mixin.py:188} INFO - [2024-01-06T14:25:11.673-0800] {dag.py:3033} INFO - Sync 1 DAGs
[2024-01-06T14:25:11.691-0800] {logging_mixin.py:188} INFO - [2024-01-06T14:25:11.691-0800] {dag.py:3820} INFO - Setting next_dagrun for tutorial to 2024-01-05T00:00:00+00:00, run_after=2024-01-06T00:00:00+00:00
[2024-01-06T14:25:11.704-0800] {processor.py:183} INFO - Processing /mnt/c/Users/victo/OneDrive/Desktop/fantasy_nba_dashboard/airflow_env/lib/python3.10/site-packages/airflow/example_dags/tutorial.py took 0.073 seconds
[2024-01-06T14:25:41.897-0800] {processor.py:161} INFO - Started process (PID=7470) to work on /mnt/c/Users/victo/OneDrive/Desktop/fantasy_nba_dashboard/airflow_env/lib/python3.10/site-packages/airflow/example_dags/tutorial.py
[2024-01-06T14:25:41.898-0800] {processor.py:830} INFO - Processing file /mnt/c/Users/victo/OneDrive/Desktop/fantasy_nba_dashboard/airflow_env/lib/python3.10/site-packages/airflow/example_dags/tutorial.py for tasks to queue
[2024-01-06T14:25:41.899-0800] {logging_mixin.py:188} INFO - [2024-01-06T14:25:41.899-0800] {dagbag.py:538} INFO - Filling up the DagBag from /mnt/c/Users/victo/OneDrive/Desktop/fantasy_nba_dashboard/airflow_env/lib/python3.10/site-packages/airflow/example_dags/tutorial.py
[2024-01-06T14:25:41.906-0800] {processor.py:840} INFO - DAG(s) 'tutorial' retrieved from /mnt/c/Users/victo/OneDrive/Desktop/fantasy_nba_dashboard/airflow_env/lib/python3.10/site-packages/airflow/example_dags/tutorial.py
[2024-01-06T14:25:41.934-0800] {logging_mixin.py:188} INFO - [2024-01-06T14:25:41.934-0800] {dag.py:3033} INFO - Sync 1 DAGs
[2024-01-06T14:25:41.951-0800] {logging_mixin.py:188} INFO - [2024-01-06T14:25:41.951-0800] {dag.py:3820} INFO - Setting next_dagrun for tutorial to 2024-01-05T00:00:00+00:00, run_after=2024-01-06T00:00:00+00:00
[2024-01-06T14:25:41.969-0800] {processor.py:183} INFO - Processing /mnt/c/Users/victo/OneDrive/Desktop/fantasy_nba_dashboard/airflow_env/lib/python3.10/site-packages/airflow/example_dags/tutorial.py took 0.075 seconds
[2024-01-06T14:26:12.039-0800] {processor.py:161} INFO - Started process (PID=7975) to work on /mnt/c/Users/victo/OneDrive/Desktop/fantasy_nba_dashboard/airflow_env/lib/python3.10/site-packages/airflow/example_dags/tutorial.py
[2024-01-06T14:26:12.040-0800] {processor.py:830} INFO - Processing file /mnt/c/Users/victo/OneDrive/Desktop/fantasy_nba_dashboard/airflow_env/lib/python3.10/site-packages/airflow/example_dags/tutorial.py for tasks to queue
[2024-01-06T14:26:12.040-0800] {logging_mixin.py:188} INFO - [2024-01-06T14:26:12.040-0800] {dagbag.py:538} INFO - Filling up the DagBag from /mnt/c/Users/victo/OneDrive/Desktop/fantasy_nba_dashboard/airflow_env/lib/python3.10/site-packages/airflow/example_dags/tutorial.py
[2024-01-06T14:26:12.047-0800] {processor.py:840} INFO - DAG(s) 'tutorial' retrieved from /mnt/c/Users/victo/OneDrive/Desktop/fantasy_nba_dashboard/airflow_env/lib/python3.10/site-packages/airflow/example_dags/tutorial.py
[2024-01-06T14:26:12.073-0800] {logging_mixin.py:188} INFO - [2024-01-06T14:26:12.073-0800] {dag.py:3033} INFO - Sync 1 DAGs
[2024-01-06T14:26:12.088-0800] {logging_mixin.py:188} INFO - [2024-01-06T14:26:12.088-0800] {dag.py:3820} INFO - Setting next_dagrun for tutorial to 2024-01-05T00:00:00+00:00, run_after=2024-01-06T00:00:00+00:00
[2024-01-06T14:26:12.104-0800] {processor.py:183} INFO - Processing /mnt/c/Users/victo/OneDrive/Desktop/fantasy_nba_dashboard/airflow_env/lib/python3.10/site-packages/airflow/example_dags/tutorial.py took 0.068 seconds
[2024-01-06T14:35:53.214-0800] {processor.py:161} INFO - Started process (PID=9515) to work on /mnt/c/Users/victo/OneDrive/Desktop/fantasy_nba_dashboard/airflow_env/lib/python3.10/site-packages/airflow/example_dags/tutorial.py
[2024-01-06T14:35:53.215-0800] {processor.py:830} INFO - Processing file /mnt/c/Users/victo/OneDrive/Desktop/fantasy_nba_dashboard/airflow_env/lib/python3.10/site-packages/airflow/example_dags/tutorial.py for tasks to queue
[2024-01-06T14:35:53.215-0800] {logging_mixin.py:188} INFO - [2024-01-06T14:35:53.215-0800] {dagbag.py:538} INFO - Filling up the DagBag from /mnt/c/Users/victo/OneDrive/Desktop/fantasy_nba_dashboard/airflow_env/lib/python3.10/site-packages/airflow/example_dags/tutorial.py
[2024-01-06T14:35:53.227-0800] {processor.py:840} INFO - DAG(s) 'tutorial' retrieved from /mnt/c/Users/victo/OneDrive/Desktop/fantasy_nba_dashboard/airflow_env/lib/python3.10/site-packages/airflow/example_dags/tutorial.py
[2024-01-06T14:35:53.268-0800] {logging_mixin.py:188} INFO - [2024-01-06T14:35:53.268-0800] {dag.py:3033} INFO - Sync 1 DAGs
[2024-01-06T14:35:53.285-0800] {logging_mixin.py:188} INFO - [2024-01-06T14:35:53.285-0800] {dag.py:3820} INFO - Setting next_dagrun for tutorial to 2024-01-05T00:00:00+00:00, run_after=2024-01-06T00:00:00+00:00
[2024-01-06T14:35:53.302-0800] {processor.py:183} INFO - Processing /mnt/c/Users/victo/OneDrive/Desktop/fantasy_nba_dashboard/airflow_env/lib/python3.10/site-packages/airflow/example_dags/tutorial.py took 0.093 seconds
[2024-01-06T14:36:23.543-0800] {processor.py:161} INFO - Started process (PID=9699) to work on /mnt/c/Users/victo/OneDrive/Desktop/fantasy_nba_dashboard/airflow_env/lib/python3.10/site-packages/airflow/example_dags/tutorial.py
[2024-01-06T14:36:23.544-0800] {processor.py:830} INFO - Processing file /mnt/c/Users/victo/OneDrive/Desktop/fantasy_nba_dashboard/airflow_env/lib/python3.10/site-packages/airflow/example_dags/tutorial.py for tasks to queue
[2024-01-06T14:36:23.545-0800] {logging_mixin.py:188} INFO - [2024-01-06T14:36:23.545-0800] {dagbag.py:538} INFO - Filling up the DagBag from /mnt/c/Users/victo/OneDrive/Desktop/fantasy_nba_dashboard/airflow_env/lib/python3.10/site-packages/airflow/example_dags/tutorial.py
[2024-01-06T14:36:23.552-0800] {processor.py:840} INFO - DAG(s) 'tutorial' retrieved from /mnt/c/Users/victo/OneDrive/Desktop/fantasy_nba_dashboard/airflow_env/lib/python3.10/site-packages/airflow/example_dags/tutorial.py
[2024-01-06T14:36:23.581-0800] {logging_mixin.py:188} INFO - [2024-01-06T14:36:23.581-0800] {dag.py:3033} INFO - Sync 1 DAGs
[2024-01-06T14:36:23.597-0800] {logging_mixin.py:188} INFO - [2024-01-06T14:36:23.597-0800] {dag.py:3820} INFO - Setting next_dagrun for tutorial to 2024-01-05T00:00:00+00:00, run_after=2024-01-06T00:00:00+00:00
[2024-01-06T14:36:23.609-0800] {processor.py:183} INFO - Processing /mnt/c/Users/victo/OneDrive/Desktop/fantasy_nba_dashboard/airflow_env/lib/python3.10/site-packages/airflow/example_dags/tutorial.py took 0.070 seconds
[2024-01-06T14:36:54.638-0800] {processor.py:161} INFO - Started process (PID=9978) to work on /mnt/c/Users/victo/OneDrive/Desktop/fantasy_nba_dashboard/airflow_env/lib/python3.10/site-packages/airflow/example_dags/tutorial.py
[2024-01-06T14:36:54.639-0800] {processor.py:830} INFO - Processing file /mnt/c/Users/victo/OneDrive/Desktop/fantasy_nba_dashboard/airflow_env/lib/python3.10/site-packages/airflow/example_dags/tutorial.py for tasks to queue
[2024-01-06T14:36:54.640-0800] {logging_mixin.py:188} INFO - [2024-01-06T14:36:54.639-0800] {dagbag.py:538} INFO - Filling up the DagBag from /mnt/c/Users/victo/OneDrive/Desktop/fantasy_nba_dashboard/airflow_env/lib/python3.10/site-packages/airflow/example_dags/tutorial.py
[2024-01-06T14:36:54.647-0800] {processor.py:840} INFO - DAG(s) 'tutorial' retrieved from /mnt/c/Users/victo/OneDrive/Desktop/fantasy_nba_dashboard/airflow_env/lib/python3.10/site-packages/airflow/example_dags/tutorial.py
[2024-01-06T14:36:54.681-0800] {logging_mixin.py:188} INFO - [2024-01-06T14:36:54.681-0800] {dag.py:3033} INFO - Sync 1 DAGs
[2024-01-06T14:36:54.704-0800] {logging_mixin.py:188} INFO - [2024-01-06T14:36:54.703-0800] {dag.py:3820} INFO - Setting next_dagrun for tutorial to 2024-01-05T00:00:00+00:00, run_after=2024-01-06T00:00:00+00:00
[2024-01-06T14:36:54.731-0800] {processor.py:183} INFO - Processing /mnt/c/Users/victo/OneDrive/Desktop/fantasy_nba_dashboard/airflow_env/lib/python3.10/site-packages/airflow/example_dags/tutorial.py took 0.097 seconds
[2024-01-06T14:37:25.470-0800] {processor.py:161} INFO - Started process (PID=10257) to work on /mnt/c/Users/victo/OneDrive/Desktop/fantasy_nba_dashboard/airflow_env/lib/python3.10/site-packages/airflow/example_dags/tutorial.py
[2024-01-06T14:37:25.471-0800] {processor.py:830} INFO - Processing file /mnt/c/Users/victo/OneDrive/Desktop/fantasy_nba_dashboard/airflow_env/lib/python3.10/site-packages/airflow/example_dags/tutorial.py for tasks to queue
[2024-01-06T14:37:25.472-0800] {logging_mixin.py:188} INFO - [2024-01-06T14:37:25.472-0800] {dagbag.py:538} INFO - Filling up the DagBag from /mnt/c/Users/victo/OneDrive/Desktop/fantasy_nba_dashboard/airflow_env/lib/python3.10/site-packages/airflow/example_dags/tutorial.py
[2024-01-06T14:37:25.480-0800] {processor.py:840} INFO - DAG(s) 'tutorial' retrieved from /mnt/c/Users/victo/OneDrive/Desktop/fantasy_nba_dashboard/airflow_env/lib/python3.10/site-packages/airflow/example_dags/tutorial.py
[2024-01-06T14:37:25.510-0800] {logging_mixin.py:188} INFO - [2024-01-06T14:37:25.510-0800] {dag.py:3033} INFO - Sync 1 DAGs
[2024-01-06T14:37:25.531-0800] {logging_mixin.py:188} INFO - [2024-01-06T14:37:25.531-0800] {dag.py:3820} INFO - Setting next_dagrun for tutorial to 2024-01-05T00:00:00+00:00, run_after=2024-01-06T00:00:00+00:00
[2024-01-06T14:37:25.551-0800] {processor.py:183} INFO - Processing /mnt/c/Users/victo/OneDrive/Desktop/fantasy_nba_dashboard/airflow_env/lib/python3.10/site-packages/airflow/example_dags/tutorial.py took 0.084 seconds
[2024-01-06T14:37:56.139-0800] {processor.py:161} INFO - Started process (PID=10458) to work on /mnt/c/Users/victo/OneDrive/Desktop/fantasy_nba_dashboard/airflow_env/lib/python3.10/site-packages/airflow/example_dags/tutorial.py
[2024-01-06T14:37:56.140-0800] {processor.py:830} INFO - Processing file /mnt/c/Users/victo/OneDrive/Desktop/fantasy_nba_dashboard/airflow_env/lib/python3.10/site-packages/airflow/example_dags/tutorial.py for tasks to queue
[2024-01-06T14:37:56.141-0800] {logging_mixin.py:188} INFO - [2024-01-06T14:37:56.140-0800] {dagbag.py:538} INFO - Filling up the DagBag from /mnt/c/Users/victo/OneDrive/Desktop/fantasy_nba_dashboard/airflow_env/lib/python3.10/site-packages/airflow/example_dags/tutorial.py
[2024-01-06T14:37:56.148-0800] {processor.py:840} INFO - DAG(s) 'tutorial' retrieved from /mnt/c/Users/victo/OneDrive/Desktop/fantasy_nba_dashboard/airflow_env/lib/python3.10/site-packages/airflow/example_dags/tutorial.py
[2024-01-06T14:37:56.177-0800] {logging_mixin.py:188} INFO - [2024-01-06T14:37:56.177-0800] {dag.py:3033} INFO - Sync 1 DAGs
[2024-01-06T14:37:56.196-0800] {logging_mixin.py:188} INFO - [2024-01-06T14:37:56.195-0800] {dag.py:3820} INFO - Setting next_dagrun for tutorial to 2024-01-05T00:00:00+00:00, run_after=2024-01-06T00:00:00+00:00
[2024-01-06T14:37:56.215-0800] {processor.py:183} INFO - Processing /mnt/c/Users/victo/OneDrive/Desktop/fantasy_nba_dashboard/airflow_env/lib/python3.10/site-packages/airflow/example_dags/tutorial.py took 0.080 seconds
[2024-01-06T14:38:26.909-0800] {processor.py:161} INFO - Started process (PID=10631) to work on /mnt/c/Users/victo/OneDrive/Desktop/fantasy_nba_dashboard/airflow_env/lib/python3.10/site-packages/airflow/example_dags/tutorial.py
[2024-01-06T14:38:26.910-0800] {processor.py:830} INFO - Processing file /mnt/c/Users/victo/OneDrive/Desktop/fantasy_nba_dashboard/airflow_env/lib/python3.10/site-packages/airflow/example_dags/tutorial.py for tasks to queue
[2024-01-06T14:38:26.911-0800] {logging_mixin.py:188} INFO - [2024-01-06T14:38:26.911-0800] {dagbag.py:538} INFO - Filling up the DagBag from /mnt/c/Users/victo/OneDrive/Desktop/fantasy_nba_dashboard/airflow_env/lib/python3.10/site-packages/airflow/example_dags/tutorial.py
[2024-01-06T14:38:26.918-0800] {processor.py:840} INFO - DAG(s) 'tutorial' retrieved from /mnt/c/Users/victo/OneDrive/Desktop/fantasy_nba_dashboard/airflow_env/lib/python3.10/site-packages/airflow/example_dags/tutorial.py
[2024-01-06T14:38:26.947-0800] {logging_mixin.py:188} INFO - [2024-01-06T14:38:26.947-0800] {dag.py:3033} INFO - Sync 1 DAGs
[2024-01-06T14:38:26.964-0800] {logging_mixin.py:188} INFO - [2024-01-06T14:38:26.964-0800] {dag.py:3820} INFO - Setting next_dagrun for tutorial to 2024-01-05T00:00:00+00:00, run_after=2024-01-06T00:00:00+00:00
[2024-01-06T14:38:26.983-0800] {processor.py:183} INFO - Processing /mnt/c/Users/victo/OneDrive/Desktop/fantasy_nba_dashboard/airflow_env/lib/python3.10/site-packages/airflow/example_dags/tutorial.py took 0.078 seconds
[2024-01-06T14:38:57.679-0800] {processor.py:161} INFO - Started process (PID=10789) to work on /mnt/c/Users/victo/OneDrive/Desktop/fantasy_nba_dashboard/airflow_env/lib/python3.10/site-packages/airflow/example_dags/tutorial.py
[2024-01-06T14:38:57.680-0800] {processor.py:830} INFO - Processing file /mnt/c/Users/victo/OneDrive/Desktop/fantasy_nba_dashboard/airflow_env/lib/python3.10/site-packages/airflow/example_dags/tutorial.py for tasks to queue
[2024-01-06T14:38:57.680-0800] {logging_mixin.py:188} INFO - [2024-01-06T14:38:57.680-0800] {dagbag.py:538} INFO - Filling up the DagBag from /mnt/c/Users/victo/OneDrive/Desktop/fantasy_nba_dashboard/airflow_env/lib/python3.10/site-packages/airflow/example_dags/tutorial.py
[2024-01-06T14:38:57.688-0800] {processor.py:840} INFO - DAG(s) 'tutorial' retrieved from /mnt/c/Users/victo/OneDrive/Desktop/fantasy_nba_dashboard/airflow_env/lib/python3.10/site-packages/airflow/example_dags/tutorial.py
[2024-01-06T14:38:57.718-0800] {logging_mixin.py:188} INFO - [2024-01-06T14:38:57.718-0800] {dag.py:3033} INFO - Sync 1 DAGs
[2024-01-06T14:38:57.737-0800] {logging_mixin.py:188} INFO - [2024-01-06T14:38:57.737-0800] {dag.py:3820} INFO - Setting next_dagrun for tutorial to 2024-01-05T00:00:00+00:00, run_after=2024-01-06T00:00:00+00:00
[2024-01-06T14:38:57.759-0800] {processor.py:183} INFO - Processing /mnt/c/Users/victo/OneDrive/Desktop/fantasy_nba_dashboard/airflow_env/lib/python3.10/site-packages/airflow/example_dags/tutorial.py took 0.084 seconds
[2024-01-06T14:39:28.528-0800] {processor.py:161} INFO - Started process (PID=10979) to work on /mnt/c/Users/victo/OneDrive/Desktop/fantasy_nba_dashboard/airflow_env/lib/python3.10/site-packages/airflow/example_dags/tutorial.py
[2024-01-06T14:39:28.529-0800] {processor.py:830} INFO - Processing file /mnt/c/Users/victo/OneDrive/Desktop/fantasy_nba_dashboard/airflow_env/lib/python3.10/site-packages/airflow/example_dags/tutorial.py for tasks to queue
[2024-01-06T14:39:28.530-0800] {logging_mixin.py:188} INFO - [2024-01-06T14:39:28.530-0800] {dagbag.py:538} INFO - Filling up the DagBag from /mnt/c/Users/victo/OneDrive/Desktop/fantasy_nba_dashboard/airflow_env/lib/python3.10/site-packages/airflow/example_dags/tutorial.py
[2024-01-06T14:39:28.537-0800] {processor.py:840} INFO - DAG(s) 'tutorial' retrieved from /mnt/c/Users/victo/OneDrive/Desktop/fantasy_nba_dashboard/airflow_env/lib/python3.10/site-packages/airflow/example_dags/tutorial.py
[2024-01-06T14:39:28.567-0800] {logging_mixin.py:188} INFO - [2024-01-06T14:39:28.567-0800] {dag.py:3033} INFO - Sync 1 DAGs
[2024-01-06T14:39:28.586-0800] {logging_mixin.py:188} INFO - [2024-01-06T14:39:28.585-0800] {dag.py:3820} INFO - Setting next_dagrun for tutorial to 2024-01-05T00:00:00+00:00, run_after=2024-01-06T00:00:00+00:00
[2024-01-06T14:39:28.602-0800] {processor.py:183} INFO - Processing /mnt/c/Users/victo/OneDrive/Desktop/fantasy_nba_dashboard/airflow_env/lib/python3.10/site-packages/airflow/example_dags/tutorial.py took 0.077 seconds
[2024-01-06T14:39:59.258-0800] {processor.py:161} INFO - Started process (PID=11136) to work on /mnt/c/Users/victo/OneDrive/Desktop/fantasy_nba_dashboard/airflow_env/lib/python3.10/site-packages/airflow/example_dags/tutorial.py
[2024-01-06T14:39:59.259-0800] {processor.py:830} INFO - Processing file /mnt/c/Users/victo/OneDrive/Desktop/fantasy_nba_dashboard/airflow_env/lib/python3.10/site-packages/airflow/example_dags/tutorial.py for tasks to queue
[2024-01-06T14:39:59.260-0800] {logging_mixin.py:188} INFO - [2024-01-06T14:39:59.260-0800] {dagbag.py:538} INFO - Filling up the DagBag from /mnt/c/Users/victo/OneDrive/Desktop/fantasy_nba_dashboard/airflow_env/lib/python3.10/site-packages/airflow/example_dags/tutorial.py
[2024-01-06T14:39:59.267-0800] {processor.py:840} INFO - DAG(s) 'tutorial' retrieved from /mnt/c/Users/victo/OneDrive/Desktop/fantasy_nba_dashboard/airflow_env/lib/python3.10/site-packages/airflow/example_dags/tutorial.py
[2024-01-06T14:39:59.296-0800] {logging_mixin.py:188} INFO - [2024-01-06T14:39:59.295-0800] {dag.py:3033} INFO - Sync 1 DAGs
[2024-01-06T14:39:59.313-0800] {logging_mixin.py:188} INFO - [2024-01-06T14:39:59.312-0800] {dag.py:3820} INFO - Setting next_dagrun for tutorial to 2024-01-05T00:00:00+00:00, run_after=2024-01-06T00:00:00+00:00
[2024-01-06T14:39:59.330-0800] {processor.py:183} INFO - Processing /mnt/c/Users/victo/OneDrive/Desktop/fantasy_nba_dashboard/airflow_env/lib/python3.10/site-packages/airflow/example_dags/tutorial.py took 0.077 seconds
[2024-01-06T14:40:30.009-0800] {processor.py:161} INFO - Started process (PID=11294) to work on /mnt/c/Users/victo/OneDrive/Desktop/fantasy_nba_dashboard/airflow_env/lib/python3.10/site-packages/airflow/example_dags/tutorial.py
[2024-01-06T14:40:30.010-0800] {processor.py:830} INFO - Processing file /mnt/c/Users/victo/OneDrive/Desktop/fantasy_nba_dashboard/airflow_env/lib/python3.10/site-packages/airflow/example_dags/tutorial.py for tasks to queue
[2024-01-06T14:40:30.010-0800] {logging_mixin.py:188} INFO - [2024-01-06T14:40:30.010-0800] {dagbag.py:538} INFO - Filling up the DagBag from /mnt/c/Users/victo/OneDrive/Desktop/fantasy_nba_dashboard/airflow_env/lib/python3.10/site-packages/airflow/example_dags/tutorial.py
[2024-01-06T14:40:30.017-0800] {processor.py:840} INFO - DAG(s) 'tutorial' retrieved from /mnt/c/Users/victo/OneDrive/Desktop/fantasy_nba_dashboard/airflow_env/lib/python3.10/site-packages/airflow/example_dags/tutorial.py
[2024-01-06T14:40:30.046-0800] {logging_mixin.py:188} INFO - [2024-01-06T14:40:30.046-0800] {dag.py:3033} INFO - Sync 1 DAGs
[2024-01-06T14:40:30.063-0800] {logging_mixin.py:188} INFO - [2024-01-06T14:40:30.063-0800] {dag.py:3820} INFO - Setting next_dagrun for tutorial to 2024-01-05T00:00:00+00:00, run_after=2024-01-06T00:00:00+00:00
[2024-01-06T14:40:30.082-0800] {processor.py:183} INFO - Processing /mnt/c/Users/victo/OneDrive/Desktop/fantasy_nba_dashboard/airflow_env/lib/python3.10/site-packages/airflow/example_dags/tutorial.py took 0.078 seconds
[2024-01-06T14:41:00.841-0800] {processor.py:161} INFO - Started process (PID=11478) to work on /mnt/c/Users/victo/OneDrive/Desktop/fantasy_nba_dashboard/airflow_env/lib/python3.10/site-packages/airflow/example_dags/tutorial.py
[2024-01-06T14:41:00.842-0800] {processor.py:830} INFO - Processing file /mnt/c/Users/victo/OneDrive/Desktop/fantasy_nba_dashboard/airflow_env/lib/python3.10/site-packages/airflow/example_dags/tutorial.py for tasks to queue
[2024-01-06T14:41:00.842-0800] {logging_mixin.py:188} INFO - [2024-01-06T14:41:00.842-0800] {dagbag.py:538} INFO - Filling up the DagBag from /mnt/c/Users/victo/OneDrive/Desktop/fantasy_nba_dashboard/airflow_env/lib/python3.10/site-packages/airflow/example_dags/tutorial.py
[2024-01-06T14:41:00.849-0800] {processor.py:840} INFO - DAG(s) 'tutorial' retrieved from /mnt/c/Users/victo/OneDrive/Desktop/fantasy_nba_dashboard/airflow_env/lib/python3.10/site-packages/airflow/example_dags/tutorial.py
[2024-01-06T14:41:00.879-0800] {logging_mixin.py:188} INFO - [2024-01-06T14:41:00.879-0800] {dag.py:3033} INFO - Sync 1 DAGs
[2024-01-06T14:41:00.897-0800] {logging_mixin.py:188} INFO - [2024-01-06T14:41:00.897-0800] {dag.py:3820} INFO - Setting next_dagrun for tutorial to 2024-01-05T00:00:00+00:00, run_after=2024-01-06T00:00:00+00:00
[2024-01-06T14:41:00.916-0800] {processor.py:183} INFO - Processing /mnt/c/Users/victo/OneDrive/Desktop/fantasy_nba_dashboard/airflow_env/lib/python3.10/site-packages/airflow/example_dags/tutorial.py took 0.079 seconds
