[2024-01-06T14:24:40.845-0800] {processor.py:161} INFO - Started process (PID=7057) to work on /mnt/c/Users/victo/OneDrive/Desktop/fantasy_nba_dashboard/airflow_env/lib/python3.10/site-packages/airflow/example_dags/tutorial_objectstorage.py
[2024-01-06T14:24:40.846-0800] {processor.py:830} INFO - Processing file /mnt/c/Users/victo/OneDrive/Desktop/fantasy_nba_dashboard/airflow_env/lib/python3.10/site-packages/airflow/example_dags/tutorial_objectstorage.py for tasks to queue
[2024-01-06T14:24:40.847-0800] {logging_mixin.py:188} INFO - [2024-01-06T14:24:40.847-0800] {dagbag.py:538} INFO - Filling up the DagBag from /mnt/c/Users/victo/OneDrive/Desktop/fantasy_nba_dashboard/airflow_env/lib/python3.10/site-packages/airflow/example_dags/tutorial_objectstorage.py
[2024-01-06T14:24:40.858-0800] {processor.py:840} INFO - DAG(s) 'tutorial_objectstorage' retrieved from /mnt/c/Users/victo/OneDrive/Desktop/fantasy_nba_dashboard/airflow_env/lib/python3.10/site-packages/airflow/example_dags/tutorial_objectstorage.py
[2024-01-06T14:24:40.970-0800] {logging_mixin.py:188} INFO - [2024-01-06T14:24:40.970-0800] {dag.py:3033} INFO - Sync 1 DAGs
[2024-01-06T14:24:40.980-0800] {logging_mixin.py:188} INFO - [2024-01-06T14:24:40.979-0800] {dag.py:3820} INFO - Setting next_dagrun for tutorial_objectstorage to None, run_after=None
[2024-01-06T14:24:41.010-0800] {processor.py:183} INFO - Processing /mnt/c/Users/victo/OneDrive/Desktop/fantasy_nba_dashboard/airflow_env/lib/python3.10/site-packages/airflow/example_dags/tutorial_objectstorage.py took 0.169 seconds
[2024-01-06T14:25:11.515-0800] {processor.py:161} INFO - Started process (PID=7216) to work on /mnt/c/Users/victo/OneDrive/Desktop/fantasy_nba_dashboard/airflow_env/lib/python3.10/site-packages/airflow/example_dags/tutorial_objectstorage.py
[2024-01-06T14:25:11.516-0800] {processor.py:830} INFO - Processing file /mnt/c/Users/victo/OneDrive/Desktop/fantasy_nba_dashboard/airflow_env/lib/python3.10/site-packages/airflow/example_dags/tutorial_objectstorage.py for tasks to queue
[2024-01-06T14:25:11.516-0800] {logging_mixin.py:188} INFO - [2024-01-06T14:25:11.516-0800] {dagbag.py:538} INFO - Filling up the DagBag from /mnt/c/Users/victo/OneDrive/Desktop/fantasy_nba_dashboard/airflow_env/lib/python3.10/site-packages/airflow/example_dags/tutorial_objectstorage.py
[2024-01-06T14:25:11.523-0800] {processor.py:840} INFO - DAG(s) 'tutorial_objectstorage' retrieved from /mnt/c/Users/victo/OneDrive/Desktop/fantasy_nba_dashboard/airflow_env/lib/python3.10/site-packages/airflow/example_dags/tutorial_objectstorage.py
[2024-01-06T14:25:11.553-0800] {logging_mixin.py:188} INFO - [2024-01-06T14:25:11.553-0800] {dag.py:3033} INFO - Sync 1 DAGs
[2024-01-06T14:25:11.563-0800] {logging_mixin.py:188} INFO - [2024-01-06T14:25:11.563-0800] {dag.py:3820} INFO - Setting next_dagrun for tutorial_objectstorage to None, run_after=None
[2024-01-06T14:25:11.581-0800] {processor.py:183} INFO - Processing /mnt/c/Users/victo/OneDrive/Desktop/fantasy_nba_dashboard/airflow_env/lib/python3.10/site-packages/airflow/example_dags/tutorial_objectstorage.py took 0.069 seconds
[2024-01-06T14:25:41.705-0800] {processor.py:161} INFO - Started process (PID=7450) to work on /mnt/c/Users/victo/OneDrive/Desktop/fantasy_nba_dashboard/airflow_env/lib/python3.10/site-packages/airflow/example_dags/tutorial_objectstorage.py
[2024-01-06T14:25:41.706-0800] {processor.py:830} INFO - Processing file /mnt/c/Users/victo/OneDrive/Desktop/fantasy_nba_dashboard/airflow_env/lib/python3.10/site-packages/airflow/example_dags/tutorial_objectstorage.py for tasks to queue
[2024-01-06T14:25:41.706-0800] {logging_mixin.py:188} INFO - [2024-01-06T14:25:41.706-0800] {dagbag.py:538} INFO - Filling up the DagBag from /mnt/c/Users/victo/OneDrive/Desktop/fantasy_nba_dashboard/airflow_env/lib/python3.10/site-packages/airflow/example_dags/tutorial_objectstorage.py
[2024-01-06T14:25:41.713-0800] {processor.py:840} INFO - DAG(s) 'tutorial_objectstorage' retrieved from /mnt/c/Users/victo/OneDrive/Desktop/fantasy_nba_dashboard/airflow_env/lib/python3.10/site-packages/airflow/example_dags/tutorial_objectstorage.py
[2024-01-06T14:25:41.739-0800] {logging_mixin.py:188} INFO - [2024-01-06T14:25:41.738-0800] {dag.py:3033} INFO - Sync 1 DAGs
[2024-01-06T14:25:41.747-0800] {logging_mixin.py:188} INFO - [2024-01-06T14:25:41.747-0800] {dag.py:3820} INFO - Setting next_dagrun for tutorial_objectstorage to None, run_after=None
[2024-01-06T14:25:41.758-0800] {processor.py:183} INFO - Processing /mnt/c/Users/victo/OneDrive/Desktop/fantasy_nba_dashboard/airflow_env/lib/python3.10/site-packages/airflow/example_dags/tutorial_objectstorage.py took 0.057 seconds
[2024-01-06T14:26:11.879-0800] {processor.py:161} INFO - Started process (PID=7971) to work on /mnt/c/Users/victo/OneDrive/Desktop/fantasy_nba_dashboard/airflow_env/lib/python3.10/site-packages/airflow/example_dags/tutorial_objectstorage.py
[2024-01-06T14:26:11.880-0800] {processor.py:830} INFO - Processing file /mnt/c/Users/victo/OneDrive/Desktop/fantasy_nba_dashboard/airflow_env/lib/python3.10/site-packages/airflow/example_dags/tutorial_objectstorage.py for tasks to queue
[2024-01-06T14:26:11.881-0800] {logging_mixin.py:188} INFO - [2024-01-06T14:26:11.881-0800] {dagbag.py:538} INFO - Filling up the DagBag from /mnt/c/Users/victo/OneDrive/Desktop/fantasy_nba_dashboard/airflow_env/lib/python3.10/site-packages/airflow/example_dags/tutorial_objectstorage.py
[2024-01-06T14:26:11.888-0800] {processor.py:840} INFO - DAG(s) 'tutorial_objectstorage' retrieved from /mnt/c/Users/victo/OneDrive/Desktop/fantasy_nba_dashboard/airflow_env/lib/python3.10/site-packages/airflow/example_dags/tutorial_objectstorage.py
[2024-01-06T14:26:11.915-0800] {logging_mixin.py:188} INFO - [2024-01-06T14:26:11.914-0800] {dag.py:3033} INFO - Sync 1 DAGs
[2024-01-06T14:26:11.923-0800] {logging_mixin.py:188} INFO - [2024-01-06T14:26:11.923-0800] {dag.py:3820} INFO - Setting next_dagrun for tutorial_objectstorage to None, run_after=None
[2024-01-06T14:26:11.935-0800] {processor.py:183} INFO - Processing /mnt/c/Users/victo/OneDrive/Desktop/fantasy_nba_dashboard/airflow_env/lib/python3.10/site-packages/airflow/example_dags/tutorial_objectstorage.py took 0.059 seconds
[2024-01-06T14:35:53.004-0800] {processor.py:161} INFO - Started process (PID=9511) to work on /mnt/c/Users/victo/OneDrive/Desktop/fantasy_nba_dashboard/airflow_env/lib/python3.10/site-packages/airflow/example_dags/tutorial_objectstorage.py
[2024-01-06T14:35:53.005-0800] {processor.py:830} INFO - Processing file /mnt/c/Users/victo/OneDrive/Desktop/fantasy_nba_dashboard/airflow_env/lib/python3.10/site-packages/airflow/example_dags/tutorial_objectstorage.py for tasks to queue
[2024-01-06T14:35:53.006-0800] {logging_mixin.py:188} INFO - [2024-01-06T14:35:53.006-0800] {dagbag.py:538} INFO - Filling up the DagBag from /mnt/c/Users/victo/OneDrive/Desktop/fantasy_nba_dashboard/airflow_env/lib/python3.10/site-packages/airflow/example_dags/tutorial_objectstorage.py
[2024-01-06T14:35:53.016-0800] {processor.py:840} INFO - DAG(s) 'tutorial_objectstorage' retrieved from /mnt/c/Users/victo/OneDrive/Desktop/fantasy_nba_dashboard/airflow_env/lib/python3.10/site-packages/airflow/example_dags/tutorial_objectstorage.py
[2024-01-06T14:35:53.055-0800] {logging_mixin.py:188} INFO - [2024-01-06T14:35:53.055-0800] {dag.py:3033} INFO - Sync 1 DAGs
[2024-01-06T14:35:53.065-0800] {logging_mixin.py:188} INFO - [2024-01-06T14:35:53.065-0800] {dag.py:3820} INFO - Setting next_dagrun for tutorial_objectstorage to None, run_after=None
[2024-01-06T14:35:53.082-0800] {processor.py:183} INFO - Processing /mnt/c/Users/victo/OneDrive/Desktop/fantasy_nba_dashboard/airflow_env/lib/python3.10/site-packages/airflow/example_dags/tutorial_objectstorage.py took 0.082 seconds
[2024-01-06T14:36:23.345-0800] {processor.py:161} INFO - Started process (PID=9680) to work on /mnt/c/Users/victo/OneDrive/Desktop/fantasy_nba_dashboard/airflow_env/lib/python3.10/site-packages/airflow/example_dags/tutorial_objectstorage.py
[2024-01-06T14:36:23.346-0800] {processor.py:830} INFO - Processing file /mnt/c/Users/victo/OneDrive/Desktop/fantasy_nba_dashboard/airflow_env/lib/python3.10/site-packages/airflow/example_dags/tutorial_objectstorage.py for tasks to queue
[2024-01-06T14:36:23.347-0800] {logging_mixin.py:188} INFO - [2024-01-06T14:36:23.347-0800] {dagbag.py:538} INFO - Filling up the DagBag from /mnt/c/Users/victo/OneDrive/Desktop/fantasy_nba_dashboard/airflow_env/lib/python3.10/site-packages/airflow/example_dags/tutorial_objectstorage.py
[2024-01-06T14:36:23.354-0800] {processor.py:840} INFO - DAG(s) 'tutorial_objectstorage' retrieved from /mnt/c/Users/victo/OneDrive/Desktop/fantasy_nba_dashboard/airflow_env/lib/python3.10/site-packages/airflow/example_dags/tutorial_objectstorage.py
[2024-01-06T14:36:23.392-0800] {logging_mixin.py:188} INFO - [2024-01-06T14:36:23.392-0800] {dag.py:3033} INFO - Sync 1 DAGs
[2024-01-06T14:36:23.406-0800] {logging_mixin.py:188} INFO - [2024-01-06T14:36:23.406-0800] {dag.py:3820} INFO - Setting next_dagrun for tutorial_objectstorage to None, run_after=None
[2024-01-06T14:36:23.422-0800] {processor.py:183} INFO - Processing /mnt/c/Users/victo/OneDrive/Desktop/fantasy_nba_dashboard/airflow_env/lib/python3.10/site-packages/airflow/example_dags/tutorial_objectstorage.py took 0.080 seconds
[2024-01-06T14:36:54.381-0800] {processor.py:161} INFO - Started process (PID=9959) to work on /mnt/c/Users/victo/OneDrive/Desktop/fantasy_nba_dashboard/airflow_env/lib/python3.10/site-packages/airflow/example_dags/tutorial_objectstorage.py
[2024-01-06T14:36:54.383-0800] {processor.py:830} INFO - Processing file /mnt/c/Users/victo/OneDrive/Desktop/fantasy_nba_dashboard/airflow_env/lib/python3.10/site-packages/airflow/example_dags/tutorial_objectstorage.py for tasks to queue
[2024-01-06T14:36:54.383-0800] {logging_mixin.py:188} INFO - [2024-01-06T14:36:54.383-0800] {dagbag.py:538} INFO - Filling up the DagBag from /mnt/c/Users/victo/OneDrive/Desktop/fantasy_nba_dashboard/airflow_env/lib/python3.10/site-packages/airflow/example_dags/tutorial_objectstorage.py
[2024-01-06T14:36:54.392-0800] {processor.py:840} INFO - DAG(s) 'tutorial_objectstorage' retrieved from /mnt/c/Users/victo/OneDrive/Desktop/fantasy_nba_dashboard/airflow_env/lib/python3.10/site-packages/airflow/example_dags/tutorial_objectstorage.py
[2024-01-06T14:36:54.465-0800] {logging_mixin.py:188} INFO - [2024-01-06T14:36:54.464-0800] {dag.py:3033} INFO - Sync 1 DAGs
[2024-01-06T14:36:54.481-0800] {logging_mixin.py:188} INFO - [2024-01-06T14:36:54.480-0800] {dag.py:3820} INFO - Setting next_dagrun for tutorial_objectstorage to None, run_after=None
[2024-01-06T14:36:54.505-0800] {processor.py:183} INFO - Processing /mnt/c/Users/victo/OneDrive/Desktop/fantasy_nba_dashboard/airflow_env/lib/python3.10/site-packages/airflow/example_dags/tutorial_objectstorage.py took 0.129 seconds
[2024-01-06T14:37:25.270-0800] {processor.py:161} INFO - Started process (PID=10229) to work on /mnt/c/Users/victo/OneDrive/Desktop/fantasy_nba_dashboard/airflow_env/lib/python3.10/site-packages/airflow/example_dags/tutorial_objectstorage.py
[2024-01-06T14:37:25.271-0800] {processor.py:830} INFO - Processing file /mnt/c/Users/victo/OneDrive/Desktop/fantasy_nba_dashboard/airflow_env/lib/python3.10/site-packages/airflow/example_dags/tutorial_objectstorage.py for tasks to queue
[2024-01-06T14:37:25.271-0800] {logging_mixin.py:188} INFO - [2024-01-06T14:37:25.271-0800] {dagbag.py:538} INFO - Filling up the DagBag from /mnt/c/Users/victo/OneDrive/Desktop/fantasy_nba_dashboard/airflow_env/lib/python3.10/site-packages/airflow/example_dags/tutorial_objectstorage.py
[2024-01-06T14:37:25.280-0800] {processor.py:840} INFO - DAG(s) 'tutorial_objectstorage' retrieved from /mnt/c/Users/victo/OneDrive/Desktop/fantasy_nba_dashboard/airflow_env/lib/python3.10/site-packages/airflow/example_dags/tutorial_objectstorage.py
[2024-01-06T14:37:25.320-0800] {logging_mixin.py:188} INFO - [2024-01-06T14:37:25.320-0800] {dag.py:3033} INFO - Sync 1 DAGs
[2024-01-06T14:37:25.333-0800] {logging_mixin.py:188} INFO - [2024-01-06T14:37:25.333-0800] {dag.py:3820} INFO - Setting next_dagrun for tutorial_objectstorage to None, run_after=None
[2024-01-06T14:37:25.354-0800] {processor.py:183} INFO - Processing /mnt/c/Users/victo/OneDrive/Desktop/fantasy_nba_dashboard/airflow_env/lib/python3.10/site-packages/airflow/example_dags/tutorial_objectstorage.py took 0.088 seconds
[2024-01-06T14:37:55.941-0800] {processor.py:161} INFO - Started process (PID=10439) to work on /mnt/c/Users/victo/OneDrive/Desktop/fantasy_nba_dashboard/airflow_env/lib/python3.10/site-packages/airflow/example_dags/tutorial_objectstorage.py
[2024-01-06T14:37:55.942-0800] {processor.py:830} INFO - Processing file /mnt/c/Users/victo/OneDrive/Desktop/fantasy_nba_dashboard/airflow_env/lib/python3.10/site-packages/airflow/example_dags/tutorial_objectstorage.py for tasks to queue
[2024-01-06T14:37:55.942-0800] {logging_mixin.py:188} INFO - [2024-01-06T14:37:55.942-0800] {dagbag.py:538} INFO - Filling up the DagBag from /mnt/c/Users/victo/OneDrive/Desktop/fantasy_nba_dashboard/airflow_env/lib/python3.10/site-packages/airflow/example_dags/tutorial_objectstorage.py
[2024-01-06T14:37:55.952-0800] {processor.py:840} INFO - DAG(s) 'tutorial_objectstorage' retrieved from /mnt/c/Users/victo/OneDrive/Desktop/fantasy_nba_dashboard/airflow_env/lib/python3.10/site-packages/airflow/example_dags/tutorial_objectstorage.py
[2024-01-06T14:37:55.991-0800] {logging_mixin.py:188} INFO - [2024-01-06T14:37:55.991-0800] {dag.py:3033} INFO - Sync 1 DAGs
[2024-01-06T14:37:56.005-0800] {logging_mixin.py:188} INFO - [2024-01-06T14:37:56.004-0800] {dag.py:3820} INFO - Setting next_dagrun for tutorial_objectstorage to None, run_after=None
[2024-01-06T14:37:56.025-0800] {processor.py:183} INFO - Processing /mnt/c/Users/victo/OneDrive/Desktop/fantasy_nba_dashboard/airflow_env/lib/python3.10/site-packages/airflow/example_dags/tutorial_objectstorage.py took 0.089 seconds
[2024-01-06T14:38:26.716-0800] {processor.py:161} INFO - Started process (PID=10612) to work on /mnt/c/Users/victo/OneDrive/Desktop/fantasy_nba_dashboard/airflow_env/lib/python3.10/site-packages/airflow/example_dags/tutorial_objectstorage.py
[2024-01-06T14:38:26.716-0800] {processor.py:830} INFO - Processing file /mnt/c/Users/victo/OneDrive/Desktop/fantasy_nba_dashboard/airflow_env/lib/python3.10/site-packages/airflow/example_dags/tutorial_objectstorage.py for tasks to queue
[2024-01-06T14:38:26.717-0800] {logging_mixin.py:188} INFO - [2024-01-06T14:38:26.717-0800] {dagbag.py:538} INFO - Filling up the DagBag from /mnt/c/Users/victo/OneDrive/Desktop/fantasy_nba_dashboard/airflow_env/lib/python3.10/site-packages/airflow/example_dags/tutorial_objectstorage.py
[2024-01-06T14:38:26.724-0800] {processor.py:840} INFO - DAG(s) 'tutorial_objectstorage' retrieved from /mnt/c/Users/victo/OneDrive/Desktop/fantasy_nba_dashboard/airflow_env/lib/python3.10/site-packages/airflow/example_dags/tutorial_objectstorage.py
[2024-01-06T14:38:26.760-0800] {logging_mixin.py:188} INFO - [2024-01-06T14:38:26.760-0800] {dag.py:3033} INFO - Sync 1 DAGs
[2024-01-06T14:38:26.773-0800] {logging_mixin.py:188} INFO - [2024-01-06T14:38:26.773-0800] {dag.py:3820} INFO - Setting next_dagrun for tutorial_objectstorage to None, run_after=None
[2024-01-06T14:38:26.801-0800] {processor.py:183} INFO - Processing /mnt/c/Users/victo/OneDrive/Desktop/fantasy_nba_dashboard/airflow_env/lib/python3.10/site-packages/airflow/example_dags/tutorial_objectstorage.py took 0.089 seconds
[2024-01-06T14:38:57.473-0800] {processor.py:161} INFO - Started process (PID=10770) to work on /mnt/c/Users/victo/OneDrive/Desktop/fantasy_nba_dashboard/airflow_env/lib/python3.10/site-packages/airflow/example_dags/tutorial_objectstorage.py
[2024-01-06T14:38:57.474-0800] {processor.py:830} INFO - Processing file /mnt/c/Users/victo/OneDrive/Desktop/fantasy_nba_dashboard/airflow_env/lib/python3.10/site-packages/airflow/example_dags/tutorial_objectstorage.py for tasks to queue
[2024-01-06T14:38:57.474-0800] {logging_mixin.py:188} INFO - [2024-01-06T14:38:57.474-0800] {dagbag.py:538} INFO - Filling up the DagBag from /mnt/c/Users/victo/OneDrive/Desktop/fantasy_nba_dashboard/airflow_env/lib/python3.10/site-packages/airflow/example_dags/tutorial_objectstorage.py
[2024-01-06T14:38:57.482-0800] {processor.py:840} INFO - DAG(s) 'tutorial_objectstorage' retrieved from /mnt/c/Users/victo/OneDrive/Desktop/fantasy_nba_dashboard/airflow_env/lib/python3.10/site-packages/airflow/example_dags/tutorial_objectstorage.py
[2024-01-06T14:38:57.522-0800] {logging_mixin.py:188} INFO - [2024-01-06T14:38:57.522-0800] {dag.py:3033} INFO - Sync 1 DAGs
[2024-01-06T14:38:57.536-0800] {logging_mixin.py:188} INFO - [2024-01-06T14:38:57.536-0800] {dag.py:3820} INFO - Setting next_dagrun for tutorial_objectstorage to None, run_after=None
[2024-01-06T14:38:57.559-0800] {processor.py:183} INFO - Processing /mnt/c/Users/victo/OneDrive/Desktop/fantasy_nba_dashboard/airflow_env/lib/python3.10/site-packages/airflow/example_dags/tutorial_objectstorage.py took 0.090 seconds
[2024-01-06T14:39:28.327-0800] {processor.py:161} INFO - Started process (PID=10960) to work on /mnt/c/Users/victo/OneDrive/Desktop/fantasy_nba_dashboard/airflow_env/lib/python3.10/site-packages/airflow/example_dags/tutorial_objectstorage.py
[2024-01-06T14:39:28.328-0800] {processor.py:830} INFO - Processing file /mnt/c/Users/victo/OneDrive/Desktop/fantasy_nba_dashboard/airflow_env/lib/python3.10/site-packages/airflow/example_dags/tutorial_objectstorage.py for tasks to queue
[2024-01-06T14:39:28.329-0800] {logging_mixin.py:188} INFO - [2024-01-06T14:39:28.329-0800] {dagbag.py:538} INFO - Filling up the DagBag from /mnt/c/Users/victo/OneDrive/Desktop/fantasy_nba_dashboard/airflow_env/lib/python3.10/site-packages/airflow/example_dags/tutorial_objectstorage.py
[2024-01-06T14:39:28.336-0800] {processor.py:840} INFO - DAG(s) 'tutorial_objectstorage' retrieved from /mnt/c/Users/victo/OneDrive/Desktop/fantasy_nba_dashboard/airflow_env/lib/python3.10/site-packages/airflow/example_dags/tutorial_objectstorage.py
[2024-01-06T14:39:28.376-0800] {logging_mixin.py:188} INFO - [2024-01-06T14:39:28.376-0800] {dag.py:3033} INFO - Sync 1 DAGs
[2024-01-06T14:39:28.389-0800] {logging_mixin.py:188} INFO - [2024-01-06T14:39:28.389-0800] {dag.py:3820} INFO - Setting next_dagrun for tutorial_objectstorage to None, run_after=None
[2024-01-06T14:39:28.410-0800] {processor.py:183} INFO - Processing /mnt/c/Users/victo/OneDrive/Desktop/fantasy_nba_dashboard/airflow_env/lib/python3.10/site-packages/airflow/example_dags/tutorial_objectstorage.py took 0.086 seconds
[2024-01-06T14:39:59.053-0800] {processor.py:161} INFO - Started process (PID=11117) to work on /mnt/c/Users/victo/OneDrive/Desktop/fantasy_nba_dashboard/airflow_env/lib/python3.10/site-packages/airflow/example_dags/tutorial_objectstorage.py
[2024-01-06T14:39:59.054-0800] {processor.py:830} INFO - Processing file /mnt/c/Users/victo/OneDrive/Desktop/fantasy_nba_dashboard/airflow_env/lib/python3.10/site-packages/airflow/example_dags/tutorial_objectstorage.py for tasks to queue
[2024-01-06T14:39:59.055-0800] {logging_mixin.py:188} INFO - [2024-01-06T14:39:59.055-0800] {dagbag.py:538} INFO - Filling up the DagBag from /mnt/c/Users/victo/OneDrive/Desktop/fantasy_nba_dashboard/airflow_env/lib/python3.10/site-packages/airflow/example_dags/tutorial_objectstorage.py
[2024-01-06T14:39:59.063-0800] {processor.py:840} INFO - DAG(s) 'tutorial_objectstorage' retrieved from /mnt/c/Users/victo/OneDrive/Desktop/fantasy_nba_dashboard/airflow_env/lib/python3.10/site-packages/airflow/example_dags/tutorial_objectstorage.py
[2024-01-06T14:39:59.102-0800] {logging_mixin.py:188} INFO - [2024-01-06T14:39:59.102-0800] {dag.py:3033} INFO - Sync 1 DAGs
[2024-01-06T14:39:59.114-0800] {logging_mixin.py:188} INFO - [2024-01-06T14:39:59.114-0800] {dag.py:3820} INFO - Setting next_dagrun for tutorial_objectstorage to None, run_after=None
[2024-01-06T14:39:59.145-0800] {processor.py:183} INFO - Processing /mnt/c/Users/victo/OneDrive/Desktop/fantasy_nba_dashboard/airflow_env/lib/python3.10/site-packages/airflow/example_dags/tutorial_objectstorage.py took 0.096 seconds
[2024-01-06T14:40:29.801-0800] {processor.py:161} INFO - Started process (PID=11275) to work on /mnt/c/Users/victo/OneDrive/Desktop/fantasy_nba_dashboard/airflow_env/lib/python3.10/site-packages/airflow/example_dags/tutorial_objectstorage.py
[2024-01-06T14:40:29.802-0800] {processor.py:830} INFO - Processing file /mnt/c/Users/victo/OneDrive/Desktop/fantasy_nba_dashboard/airflow_env/lib/python3.10/site-packages/airflow/example_dags/tutorial_objectstorage.py for tasks to queue
[2024-01-06T14:40:29.802-0800] {logging_mixin.py:188} INFO - [2024-01-06T14:40:29.802-0800] {dagbag.py:538} INFO - Filling up the DagBag from /mnt/c/Users/victo/OneDrive/Desktop/fantasy_nba_dashboard/airflow_env/lib/python3.10/site-packages/airflow/example_dags/tutorial_objectstorage.py
[2024-01-06T14:40:29.809-0800] {processor.py:840} INFO - DAG(s) 'tutorial_objectstorage' retrieved from /mnt/c/Users/victo/OneDrive/Desktop/fantasy_nba_dashboard/airflow_env/lib/python3.10/site-packages/airflow/example_dags/tutorial_objectstorage.py
[2024-01-06T14:40:29.847-0800] {logging_mixin.py:188} INFO - [2024-01-06T14:40:29.847-0800] {dag.py:3033} INFO - Sync 1 DAGs
[2024-01-06T14:40:29.860-0800] {logging_mixin.py:188} INFO - [2024-01-06T14:40:29.860-0800] {dag.py:3820} INFO - Setting next_dagrun for tutorial_objectstorage to None, run_after=None
[2024-01-06T14:40:29.894-0800] {processor.py:183} INFO - Processing /mnt/c/Users/victo/OneDrive/Desktop/fantasy_nba_dashboard/airflow_env/lib/python3.10/site-packages/airflow/example_dags/tutorial_objectstorage.py took 0.097 seconds
[2024-01-06T14:41:00.637-0800] {processor.py:161} INFO - Started process (PID=11459) to work on /mnt/c/Users/victo/OneDrive/Desktop/fantasy_nba_dashboard/airflow_env/lib/python3.10/site-packages/airflow/example_dags/tutorial_objectstorage.py
[2024-01-06T14:41:00.638-0800] {processor.py:830} INFO - Processing file /mnt/c/Users/victo/OneDrive/Desktop/fantasy_nba_dashboard/airflow_env/lib/python3.10/site-packages/airflow/example_dags/tutorial_objectstorage.py for tasks to queue
[2024-01-06T14:41:00.639-0800] {logging_mixin.py:188} INFO - [2024-01-06T14:41:00.638-0800] {dagbag.py:538} INFO - Filling up the DagBag from /mnt/c/Users/victo/OneDrive/Desktop/fantasy_nba_dashboard/airflow_env/lib/python3.10/site-packages/airflow/example_dags/tutorial_objectstorage.py
[2024-01-06T14:41:00.646-0800] {processor.py:840} INFO - DAG(s) 'tutorial_objectstorage' retrieved from /mnt/c/Users/victo/OneDrive/Desktop/fantasy_nba_dashboard/airflow_env/lib/python3.10/site-packages/airflow/example_dags/tutorial_objectstorage.py
[2024-01-06T14:41:00.684-0800] {logging_mixin.py:188} INFO - [2024-01-06T14:41:00.684-0800] {dag.py:3033} INFO - Sync 1 DAGs
[2024-01-06T14:41:00.696-0800] {logging_mixin.py:188} INFO - [2024-01-06T14:41:00.696-0800] {dag.py:3820} INFO - Setting next_dagrun for tutorial_objectstorage to None, run_after=None
[2024-01-06T14:41:00.717-0800] {processor.py:183} INFO - Processing /mnt/c/Users/victo/OneDrive/Desktop/fantasy_nba_dashboard/airflow_env/lib/python3.10/site-packages/airflow/example_dags/tutorial_objectstorage.py took 0.084 seconds
