[2024-01-06T14:24:40.519-0800] {processor.py:161} INFO - Started process (PID=7055) to work on /mnt/c/Users/victo/OneDrive/Desktop/fantasy_nba_dashboard/airflow_env/lib/python3.10/site-packages/airflow/example_dags/tutorial_taskflow_api.py
[2024-01-06T14:24:40.520-0800] {processor.py:830} INFO - Processing file /mnt/c/Users/victo/OneDrive/Desktop/fantasy_nba_dashboard/airflow_env/lib/python3.10/site-packages/airflow/example_dags/tutorial_taskflow_api.py for tasks to queue
[2024-01-06T14:24:40.521-0800] {logging_mixin.py:188} INFO - [2024-01-06T14:24:40.521-0800] {dagbag.py:538} INFO - Filling up the DagBag from /mnt/c/Users/victo/OneDrive/Desktop/fantasy_nba_dashboard/airflow_env/lib/python3.10/site-packages/airflow/example_dags/tutorial_taskflow_api.py
[2024-01-06T14:24:40.530-0800] {processor.py:840} INFO - DAG(s) 'tutorial_taskflow_api' retrieved from /mnt/c/Users/victo/OneDrive/Desktop/fantasy_nba_dashboard/airflow_env/lib/python3.10/site-packages/airflow/example_dags/tutorial_taskflow_api.py
[2024-01-06T14:24:40.640-0800] {logging_mixin.py:188} INFO - [2024-01-06T14:24:40.640-0800] {dag.py:3033} INFO - Sync 1 DAGs
[2024-01-06T14:24:40.650-0800] {logging_mixin.py:188} INFO - [2024-01-06T14:24:40.649-0800] {dag.py:3820} INFO - Setting next_dagrun for tutorial_taskflow_api to None, run_after=None
[2024-01-06T14:24:40.672-0800] {processor.py:183} INFO - Processing /mnt/c/Users/victo/OneDrive/Desktop/fantasy_nba_dashboard/airflow_env/lib/python3.10/site-packages/airflow/example_dags/tutorial_taskflow_api.py took 0.156 seconds
[2024-01-06T14:25:11.429-0800] {processor.py:161} INFO - Started process (PID=7214) to work on /mnt/c/Users/victo/OneDrive/Desktop/fantasy_nba_dashboard/airflow_env/lib/python3.10/site-packages/airflow/example_dags/tutorial_taskflow_api.py
[2024-01-06T14:25:11.430-0800] {processor.py:830} INFO - Processing file /mnt/c/Users/victo/OneDrive/Desktop/fantasy_nba_dashboard/airflow_env/lib/python3.10/site-packages/airflow/example_dags/tutorial_taskflow_api.py for tasks to queue
[2024-01-06T14:25:11.430-0800] {logging_mixin.py:188} INFO - [2024-01-06T14:25:11.430-0800] {dagbag.py:538} INFO - Filling up the DagBag from /mnt/c/Users/victo/OneDrive/Desktop/fantasy_nba_dashboard/airflow_env/lib/python3.10/site-packages/airflow/example_dags/tutorial_taskflow_api.py
[2024-01-06T14:25:11.437-0800] {processor.py:840} INFO - DAG(s) 'tutorial_taskflow_api' retrieved from /mnt/c/Users/victo/OneDrive/Desktop/fantasy_nba_dashboard/airflow_env/lib/python3.10/site-packages/airflow/example_dags/tutorial_taskflow_api.py
[2024-01-06T14:25:11.466-0800] {logging_mixin.py:188} INFO - [2024-01-06T14:25:11.466-0800] {dag.py:3033} INFO - Sync 1 DAGs
[2024-01-06T14:25:11.476-0800] {logging_mixin.py:188} INFO - [2024-01-06T14:25:11.476-0800] {dag.py:3820} INFO - Setting next_dagrun for tutorial_taskflow_api to None, run_after=None
[2024-01-06T14:25:11.490-0800] {processor.py:183} INFO - Processing /mnt/c/Users/victo/OneDrive/Desktop/fantasy_nba_dashboard/airflow_env/lib/python3.10/site-packages/airflow/example_dags/tutorial_taskflow_api.py took 0.065 seconds
[2024-01-06T14:25:41.619-0800] {processor.py:161} INFO - Started process (PID=7447) to work on /mnt/c/Users/victo/OneDrive/Desktop/fantasy_nba_dashboard/airflow_env/lib/python3.10/site-packages/airflow/example_dags/tutorial_taskflow_api.py
[2024-01-06T14:25:41.620-0800] {processor.py:830} INFO - Processing file /mnt/c/Users/victo/OneDrive/Desktop/fantasy_nba_dashboard/airflow_env/lib/python3.10/site-packages/airflow/example_dags/tutorial_taskflow_api.py for tasks to queue
[2024-01-06T14:25:41.620-0800] {logging_mixin.py:188} INFO - [2024-01-06T14:25:41.620-0800] {dagbag.py:538} INFO - Filling up the DagBag from /mnt/c/Users/victo/OneDrive/Desktop/fantasy_nba_dashboard/airflow_env/lib/python3.10/site-packages/airflow/example_dags/tutorial_taskflow_api.py
[2024-01-06T14:25:41.627-0800] {processor.py:840} INFO - DAG(s) 'tutorial_taskflow_api' retrieved from /mnt/c/Users/victo/OneDrive/Desktop/fantasy_nba_dashboard/airflow_env/lib/python3.10/site-packages/airflow/example_dags/tutorial_taskflow_api.py
[2024-01-06T14:25:41.653-0800] {logging_mixin.py:188} INFO - [2024-01-06T14:25:41.653-0800] {dag.py:3033} INFO - Sync 1 DAGs
[2024-01-06T14:25:41.662-0800] {logging_mixin.py:188} INFO - [2024-01-06T14:25:41.662-0800] {dag.py:3820} INFO - Setting next_dagrun for tutorial_taskflow_api to None, run_after=None
[2024-01-06T14:25:41.687-0800] {processor.py:183} INFO - Processing /mnt/c/Users/victo/OneDrive/Desktop/fantasy_nba_dashboard/airflow_env/lib/python3.10/site-packages/airflow/example_dags/tutorial_taskflow_api.py took 0.071 seconds
[2024-01-06T14:26:11.794-0800] {processor.py:161} INFO - Started process (PID=7968) to work on /mnt/c/Users/victo/OneDrive/Desktop/fantasy_nba_dashboard/airflow_env/lib/python3.10/site-packages/airflow/example_dags/tutorial_taskflow_api.py
[2024-01-06T14:26:11.795-0800] {processor.py:830} INFO - Processing file /mnt/c/Users/victo/OneDrive/Desktop/fantasy_nba_dashboard/airflow_env/lib/python3.10/site-packages/airflow/example_dags/tutorial_taskflow_api.py for tasks to queue
[2024-01-06T14:26:11.796-0800] {logging_mixin.py:188} INFO - [2024-01-06T14:26:11.796-0800] {dagbag.py:538} INFO - Filling up the DagBag from /mnt/c/Users/victo/OneDrive/Desktop/fantasy_nba_dashboard/airflow_env/lib/python3.10/site-packages/airflow/example_dags/tutorial_taskflow_api.py
[2024-01-06T14:26:11.802-0800] {processor.py:840} INFO - DAG(s) 'tutorial_taskflow_api' retrieved from /mnt/c/Users/victo/OneDrive/Desktop/fantasy_nba_dashboard/airflow_env/lib/python3.10/site-packages/airflow/example_dags/tutorial_taskflow_api.py
[2024-01-06T14:26:11.829-0800] {logging_mixin.py:188} INFO - [2024-01-06T14:26:11.829-0800] {dag.py:3033} INFO - Sync 1 DAGs
[2024-01-06T14:26:11.837-0800] {logging_mixin.py:188} INFO - [2024-01-06T14:26:11.837-0800] {dag.py:3820} INFO - Setting next_dagrun for tutorial_taskflow_api to None, run_after=None
[2024-01-06T14:26:11.860-0800] {processor.py:183} INFO - Processing /mnt/c/Users/victo/OneDrive/Desktop/fantasy_nba_dashboard/airflow_env/lib/python3.10/site-packages/airflow/example_dags/tutorial_taskflow_api.py took 0.069 seconds
[2024-01-06T14:35:52.763-0800] {processor.py:161} INFO - Started process (PID=9509) to work on /mnt/c/Users/victo/OneDrive/Desktop/fantasy_nba_dashboard/airflow_env/lib/python3.10/site-packages/airflow/example_dags/tutorial_taskflow_api.py
[2024-01-06T14:35:52.764-0800] {processor.py:830} INFO - Processing file /mnt/c/Users/victo/OneDrive/Desktop/fantasy_nba_dashboard/airflow_env/lib/python3.10/site-packages/airflow/example_dags/tutorial_taskflow_api.py for tasks to queue
[2024-01-06T14:35:52.765-0800] {logging_mixin.py:188} INFO - [2024-01-06T14:35:52.765-0800] {dagbag.py:538} INFO - Filling up the DagBag from /mnt/c/Users/victo/OneDrive/Desktop/fantasy_nba_dashboard/airflow_env/lib/python3.10/site-packages/airflow/example_dags/tutorial_taskflow_api.py
[2024-01-06T14:35:52.774-0800] {processor.py:840} INFO - DAG(s) 'tutorial_taskflow_api' retrieved from /mnt/c/Users/victo/OneDrive/Desktop/fantasy_nba_dashboard/airflow_env/lib/python3.10/site-packages/airflow/example_dags/tutorial_taskflow_api.py
[2024-01-06T14:35:52.810-0800] {logging_mixin.py:188} INFO - [2024-01-06T14:35:52.810-0800] {dag.py:3033} INFO - Sync 1 DAGs
[2024-01-06T14:35:52.821-0800] {logging_mixin.py:188} INFO - [2024-01-06T14:35:52.821-0800] {dag.py:3820} INFO - Setting next_dagrun for tutorial_taskflow_api to None, run_after=None
[2024-01-06T14:35:52.834-0800] {processor.py:183} INFO - Processing /mnt/c/Users/victo/OneDrive/Desktop/fantasy_nba_dashboard/airflow_env/lib/python3.10/site-packages/airflow/example_dags/tutorial_taskflow_api.py took 0.075 seconds
[2024-01-06T14:36:23.239-0800] {processor.py:161} INFO - Started process (PID=9677) to work on /mnt/c/Users/victo/OneDrive/Desktop/fantasy_nba_dashboard/airflow_env/lib/python3.10/site-packages/airflow/example_dags/tutorial_taskflow_api.py
[2024-01-06T14:36:23.240-0800] {processor.py:830} INFO - Processing file /mnt/c/Users/victo/OneDrive/Desktop/fantasy_nba_dashboard/airflow_env/lib/python3.10/site-packages/airflow/example_dags/tutorial_taskflow_api.py for tasks to queue
[2024-01-06T14:36:23.241-0800] {logging_mixin.py:188} INFO - [2024-01-06T14:36:23.240-0800] {dagbag.py:538} INFO - Filling up the DagBag from /mnt/c/Users/victo/OneDrive/Desktop/fantasy_nba_dashboard/airflow_env/lib/python3.10/site-packages/airflow/example_dags/tutorial_taskflow_api.py
[2024-01-06T14:36:23.247-0800] {processor.py:840} INFO - DAG(s) 'tutorial_taskflow_api' retrieved from /mnt/c/Users/victo/OneDrive/Desktop/fantasy_nba_dashboard/airflow_env/lib/python3.10/site-packages/airflow/example_dags/tutorial_taskflow_api.py
[2024-01-06T14:36:23.277-0800] {logging_mixin.py:188} INFO - [2024-01-06T14:36:23.277-0800] {dag.py:3033} INFO - Sync 1 DAGs
[2024-01-06T14:36:23.287-0800] {logging_mixin.py:188} INFO - [2024-01-06T14:36:23.287-0800] {dag.py:3820} INFO - Setting next_dagrun for tutorial_taskflow_api to None, run_after=None
[2024-01-06T14:36:23.305-0800] {processor.py:183} INFO - Processing /mnt/c/Users/victo/OneDrive/Desktop/fantasy_nba_dashboard/airflow_env/lib/python3.10/site-packages/airflow/example_dags/tutorial_taskflow_api.py took 0.070 seconds
[2024-01-06T14:36:53.342-0800] {processor.py:161} INFO - Started process (PID=9940) to work on /mnt/c/Users/victo/OneDrive/Desktop/fantasy_nba_dashboard/airflow_env/lib/python3.10/site-packages/airflow/example_dags/tutorial_taskflow_api.py
[2024-01-06T14:36:53.342-0800] {processor.py:830} INFO - Processing file /mnt/c/Users/victo/OneDrive/Desktop/fantasy_nba_dashboard/airflow_env/lib/python3.10/site-packages/airflow/example_dags/tutorial_taskflow_api.py for tasks to queue
[2024-01-06T14:36:53.343-0800] {logging_mixin.py:188} INFO - [2024-01-06T14:36:53.343-0800] {dagbag.py:538} INFO - Filling up the DagBag from /mnt/c/Users/victo/OneDrive/Desktop/fantasy_nba_dashboard/airflow_env/lib/python3.10/site-packages/airflow/example_dags/tutorial_taskflow_api.py
[2024-01-06T14:36:53.350-0800] {processor.py:840} INFO - DAG(s) 'tutorial_taskflow_api' retrieved from /mnt/c/Users/victo/OneDrive/Desktop/fantasy_nba_dashboard/airflow_env/lib/python3.10/site-packages/airflow/example_dags/tutorial_taskflow_api.py
[2024-01-06T14:36:53.377-0800] {logging_mixin.py:188} INFO - [2024-01-06T14:36:53.377-0800] {dag.py:3033} INFO - Sync 1 DAGs
[2024-01-06T14:36:53.386-0800] {logging_mixin.py:188} INFO - [2024-01-06T14:36:53.386-0800] {dag.py:3820} INFO - Setting next_dagrun for tutorial_taskflow_api to None, run_after=None
[2024-01-06T14:36:53.402-0800] {processor.py:183} INFO - Processing /mnt/c/Users/victo/OneDrive/Desktop/fantasy_nba_dashboard/airflow_env/lib/python3.10/site-packages/airflow/example_dags/tutorial_taskflow_api.py took 0.064 seconds
[2024-01-06T14:37:24.236-0800] {processor.py:161} INFO - Started process (PID=10203) to work on /mnt/c/Users/victo/OneDrive/Desktop/fantasy_nba_dashboard/airflow_env/lib/python3.10/site-packages/airflow/example_dags/tutorial_taskflow_api.py
[2024-01-06T14:37:24.237-0800] {processor.py:830} INFO - Processing file /mnt/c/Users/victo/OneDrive/Desktop/fantasy_nba_dashboard/airflow_env/lib/python3.10/site-packages/airflow/example_dags/tutorial_taskflow_api.py for tasks to queue
[2024-01-06T14:37:24.238-0800] {logging_mixin.py:188} INFO - [2024-01-06T14:37:24.237-0800] {dagbag.py:538} INFO - Filling up the DagBag from /mnt/c/Users/victo/OneDrive/Desktop/fantasy_nba_dashboard/airflow_env/lib/python3.10/site-packages/airflow/example_dags/tutorial_taskflow_api.py
[2024-01-06T14:37:24.244-0800] {processor.py:840} INFO - DAG(s) 'tutorial_taskflow_api' retrieved from /mnt/c/Users/victo/OneDrive/Desktop/fantasy_nba_dashboard/airflow_env/lib/python3.10/site-packages/airflow/example_dags/tutorial_taskflow_api.py
[2024-01-06T14:37:24.273-0800] {logging_mixin.py:188} INFO - [2024-01-06T14:37:24.273-0800] {dag.py:3033} INFO - Sync 1 DAGs
[2024-01-06T14:37:24.284-0800] {logging_mixin.py:188} INFO - [2024-01-06T14:37:24.284-0800] {dag.py:3820} INFO - Setting next_dagrun for tutorial_taskflow_api to None, run_after=None
[2024-01-06T14:37:24.305-0800] {processor.py:183} INFO - Processing /mnt/c/Users/victo/OneDrive/Desktop/fantasy_nba_dashboard/airflow_env/lib/python3.10/site-packages/airflow/example_dags/tutorial_taskflow_api.py took 0.073 seconds
[2024-01-06T14:37:54.909-0800] {processor.py:161} INFO - Started process (PID=10433) to work on /mnt/c/Users/victo/OneDrive/Desktop/fantasy_nba_dashboard/airflow_env/lib/python3.10/site-packages/airflow/example_dags/tutorial_taskflow_api.py
[2024-01-06T14:37:54.909-0800] {processor.py:830} INFO - Processing file /mnt/c/Users/victo/OneDrive/Desktop/fantasy_nba_dashboard/airflow_env/lib/python3.10/site-packages/airflow/example_dags/tutorial_taskflow_api.py for tasks to queue
[2024-01-06T14:37:54.910-0800] {logging_mixin.py:188} INFO - [2024-01-06T14:37:54.910-0800] {dagbag.py:538} INFO - Filling up the DagBag from /mnt/c/Users/victo/OneDrive/Desktop/fantasy_nba_dashboard/airflow_env/lib/python3.10/site-packages/airflow/example_dags/tutorial_taskflow_api.py
[2024-01-06T14:37:54.916-0800] {processor.py:840} INFO - DAG(s) 'tutorial_taskflow_api' retrieved from /mnt/c/Users/victo/OneDrive/Desktop/fantasy_nba_dashboard/airflow_env/lib/python3.10/site-packages/airflow/example_dags/tutorial_taskflow_api.py
[2024-01-06T14:37:54.946-0800] {logging_mixin.py:188} INFO - [2024-01-06T14:37:54.945-0800] {dag.py:3033} INFO - Sync 1 DAGs
[2024-01-06T14:37:54.955-0800] {logging_mixin.py:188} INFO - [2024-01-06T14:37:54.955-0800] {dag.py:3820} INFO - Setting next_dagrun for tutorial_taskflow_api to None, run_after=None
[2024-01-06T14:37:54.972-0800] {processor.py:183} INFO - Processing /mnt/c/Users/victo/OneDrive/Desktop/fantasy_nba_dashboard/airflow_env/lib/python3.10/site-packages/airflow/example_dags/tutorial_taskflow_api.py took 0.067 seconds
[2024-01-06T14:38:25.689-0800] {processor.py:161} INFO - Started process (PID=10606) to work on /mnt/c/Users/victo/OneDrive/Desktop/fantasy_nba_dashboard/airflow_env/lib/python3.10/site-packages/airflow/example_dags/tutorial_taskflow_api.py
[2024-01-06T14:38:25.690-0800] {processor.py:830} INFO - Processing file /mnt/c/Users/victo/OneDrive/Desktop/fantasy_nba_dashboard/airflow_env/lib/python3.10/site-packages/airflow/example_dags/tutorial_taskflow_api.py for tasks to queue
[2024-01-06T14:38:25.691-0800] {logging_mixin.py:188} INFO - [2024-01-06T14:38:25.691-0800] {dagbag.py:538} INFO - Filling up the DagBag from /mnt/c/Users/victo/OneDrive/Desktop/fantasy_nba_dashboard/airflow_env/lib/python3.10/site-packages/airflow/example_dags/tutorial_taskflow_api.py
[2024-01-06T14:38:25.697-0800] {processor.py:840} INFO - DAG(s) 'tutorial_taskflow_api' retrieved from /mnt/c/Users/victo/OneDrive/Desktop/fantasy_nba_dashboard/airflow_env/lib/python3.10/site-packages/airflow/example_dags/tutorial_taskflow_api.py
[2024-01-06T14:38:25.725-0800] {logging_mixin.py:188} INFO - [2024-01-06T14:38:25.725-0800] {dag.py:3033} INFO - Sync 1 DAGs
[2024-01-06T14:38:25.734-0800] {logging_mixin.py:188} INFO - [2024-01-06T14:38:25.734-0800] {dag.py:3820} INFO - Setting next_dagrun for tutorial_taskflow_api to None, run_after=None
[2024-01-06T14:38:25.746-0800] {processor.py:183} INFO - Processing /mnt/c/Users/victo/OneDrive/Desktop/fantasy_nba_dashboard/airflow_env/lib/python3.10/site-packages/airflow/example_dags/tutorial_taskflow_api.py took 0.061 seconds
[2024-01-06T14:38:56.442-0800] {processor.py:161} INFO - Started process (PID=10764) to work on /mnt/c/Users/victo/OneDrive/Desktop/fantasy_nba_dashboard/airflow_env/lib/python3.10/site-packages/airflow/example_dags/tutorial_taskflow_api.py
[2024-01-06T14:38:56.443-0800] {processor.py:830} INFO - Processing file /mnt/c/Users/victo/OneDrive/Desktop/fantasy_nba_dashboard/airflow_env/lib/python3.10/site-packages/airflow/example_dags/tutorial_taskflow_api.py for tasks to queue
[2024-01-06T14:38:56.444-0800] {logging_mixin.py:188} INFO - [2024-01-06T14:38:56.444-0800] {dagbag.py:538} INFO - Filling up the DagBag from /mnt/c/Users/victo/OneDrive/Desktop/fantasy_nba_dashboard/airflow_env/lib/python3.10/site-packages/airflow/example_dags/tutorial_taskflow_api.py
[2024-01-06T14:38:56.450-0800] {processor.py:840} INFO - DAG(s) 'tutorial_taskflow_api' retrieved from /mnt/c/Users/victo/OneDrive/Desktop/fantasy_nba_dashboard/airflow_env/lib/python3.10/site-packages/airflow/example_dags/tutorial_taskflow_api.py
[2024-01-06T14:38:56.480-0800] {logging_mixin.py:188} INFO - [2024-01-06T14:38:56.480-0800] {dag.py:3033} INFO - Sync 1 DAGs
[2024-01-06T14:38:56.490-0800] {logging_mixin.py:188} INFO - [2024-01-06T14:38:56.490-0800] {dag.py:3820} INFO - Setting next_dagrun for tutorial_taskflow_api to None, run_after=None
[2024-01-06T14:38:56.509-0800] {processor.py:183} INFO - Processing /mnt/c/Users/victo/OneDrive/Desktop/fantasy_nba_dashboard/airflow_env/lib/python3.10/site-packages/airflow/example_dags/tutorial_taskflow_api.py took 0.071 seconds
[2024-01-06T14:39:27.300-0800] {processor.py:161} INFO - Started process (PID=10956) to work on /mnt/c/Users/victo/OneDrive/Desktop/fantasy_nba_dashboard/airflow_env/lib/python3.10/site-packages/airflow/example_dags/tutorial_taskflow_api.py
[2024-01-06T14:39:27.301-0800] {processor.py:830} INFO - Processing file /mnt/c/Users/victo/OneDrive/Desktop/fantasy_nba_dashboard/airflow_env/lib/python3.10/site-packages/airflow/example_dags/tutorial_taskflow_api.py for tasks to queue
[2024-01-06T14:39:27.301-0800] {logging_mixin.py:188} INFO - [2024-01-06T14:39:27.301-0800] {dagbag.py:538} INFO - Filling up the DagBag from /mnt/c/Users/victo/OneDrive/Desktop/fantasy_nba_dashboard/airflow_env/lib/python3.10/site-packages/airflow/example_dags/tutorial_taskflow_api.py
[2024-01-06T14:39:27.308-0800] {processor.py:840} INFO - DAG(s) 'tutorial_taskflow_api' retrieved from /mnt/c/Users/victo/OneDrive/Desktop/fantasy_nba_dashboard/airflow_env/lib/python3.10/site-packages/airflow/example_dags/tutorial_taskflow_api.py
[2024-01-06T14:39:27.337-0800] {logging_mixin.py:188} INFO - [2024-01-06T14:39:27.336-0800] {dag.py:3033} INFO - Sync 1 DAGs
[2024-01-06T14:39:27.346-0800] {logging_mixin.py:188} INFO - [2024-01-06T14:39:27.346-0800] {dag.py:3820} INFO - Setting next_dagrun for tutorial_taskflow_api to None, run_after=None
[2024-01-06T14:39:27.363-0800] {processor.py:183} INFO - Processing /mnt/c/Users/victo/OneDrive/Desktop/fantasy_nba_dashboard/airflow_env/lib/python3.10/site-packages/airflow/example_dags/tutorial_taskflow_api.py took 0.067 seconds
[2024-01-06T14:39:58.025-0800] {processor.py:161} INFO - Started process (PID=11114) to work on /mnt/c/Users/victo/OneDrive/Desktop/fantasy_nba_dashboard/airflow_env/lib/python3.10/site-packages/airflow/example_dags/tutorial_taskflow_api.py
[2024-01-06T14:39:58.026-0800] {processor.py:830} INFO - Processing file /mnt/c/Users/victo/OneDrive/Desktop/fantasy_nba_dashboard/airflow_env/lib/python3.10/site-packages/airflow/example_dags/tutorial_taskflow_api.py for tasks to queue
[2024-01-06T14:39:58.026-0800] {logging_mixin.py:188} INFO - [2024-01-06T14:39:58.026-0800] {dagbag.py:538} INFO - Filling up the DagBag from /mnt/c/Users/victo/OneDrive/Desktop/fantasy_nba_dashboard/airflow_env/lib/python3.10/site-packages/airflow/example_dags/tutorial_taskflow_api.py
[2024-01-06T14:39:58.033-0800] {processor.py:840} INFO - DAG(s) 'tutorial_taskflow_api' retrieved from /mnt/c/Users/victo/OneDrive/Desktop/fantasy_nba_dashboard/airflow_env/lib/python3.10/site-packages/airflow/example_dags/tutorial_taskflow_api.py
[2024-01-06T14:39:58.061-0800] {logging_mixin.py:188} INFO - [2024-01-06T14:39:58.061-0800] {dag.py:3033} INFO - Sync 1 DAGs
[2024-01-06T14:39:58.070-0800] {logging_mixin.py:188} INFO - [2024-01-06T14:39:58.070-0800] {dag.py:3820} INFO - Setting next_dagrun for tutorial_taskflow_api to None, run_after=None
[2024-01-06T14:39:58.087-0800] {processor.py:183} INFO - Processing /mnt/c/Users/victo/OneDrive/Desktop/fantasy_nba_dashboard/airflow_env/lib/python3.10/site-packages/airflow/example_dags/tutorial_taskflow_api.py took 0.066 seconds
[2024-01-06T14:40:28.772-0800] {processor.py:161} INFO - Started process (PID=11272) to work on /mnt/c/Users/victo/OneDrive/Desktop/fantasy_nba_dashboard/airflow_env/lib/python3.10/site-packages/airflow/example_dags/tutorial_taskflow_api.py
[2024-01-06T14:40:28.773-0800] {processor.py:830} INFO - Processing file /mnt/c/Users/victo/OneDrive/Desktop/fantasy_nba_dashboard/airflow_env/lib/python3.10/site-packages/airflow/example_dags/tutorial_taskflow_api.py for tasks to queue
[2024-01-06T14:40:28.774-0800] {logging_mixin.py:188} INFO - [2024-01-06T14:40:28.774-0800] {dagbag.py:538} INFO - Filling up the DagBag from /mnt/c/Users/victo/OneDrive/Desktop/fantasy_nba_dashboard/airflow_env/lib/python3.10/site-packages/airflow/example_dags/tutorial_taskflow_api.py
[2024-01-06T14:40:28.780-0800] {processor.py:840} INFO - DAG(s) 'tutorial_taskflow_api' retrieved from /mnt/c/Users/victo/OneDrive/Desktop/fantasy_nba_dashboard/airflow_env/lib/python3.10/site-packages/airflow/example_dags/tutorial_taskflow_api.py
[2024-01-06T14:40:28.806-0800] {logging_mixin.py:188} INFO - [2024-01-06T14:40:28.806-0800] {dag.py:3033} INFO - Sync 1 DAGs
[2024-01-06T14:40:28.815-0800] {logging_mixin.py:188} INFO - [2024-01-06T14:40:28.815-0800] {dag.py:3820} INFO - Setting next_dagrun for tutorial_taskflow_api to None, run_after=None
[2024-01-06T14:40:28.827-0800] {processor.py:183} INFO - Processing /mnt/c/Users/victo/OneDrive/Desktop/fantasy_nba_dashboard/airflow_env/lib/python3.10/site-packages/airflow/example_dags/tutorial_taskflow_api.py took 0.059 seconds
[2024-01-06T14:40:59.612-0800] {processor.py:161} INFO - Started process (PID=11453) to work on /mnt/c/Users/victo/OneDrive/Desktop/fantasy_nba_dashboard/airflow_env/lib/python3.10/site-packages/airflow/example_dags/tutorial_taskflow_api.py
[2024-01-06T14:40:59.613-0800] {processor.py:830} INFO - Processing file /mnt/c/Users/victo/OneDrive/Desktop/fantasy_nba_dashboard/airflow_env/lib/python3.10/site-packages/airflow/example_dags/tutorial_taskflow_api.py for tasks to queue
[2024-01-06T14:40:59.614-0800] {logging_mixin.py:188} INFO - [2024-01-06T14:40:59.614-0800] {dagbag.py:538} INFO - Filling up the DagBag from /mnt/c/Users/victo/OneDrive/Desktop/fantasy_nba_dashboard/airflow_env/lib/python3.10/site-packages/airflow/example_dags/tutorial_taskflow_api.py
[2024-01-06T14:40:59.620-0800] {processor.py:840} INFO - DAG(s) 'tutorial_taskflow_api' retrieved from /mnt/c/Users/victo/OneDrive/Desktop/fantasy_nba_dashboard/airflow_env/lib/python3.10/site-packages/airflow/example_dags/tutorial_taskflow_api.py
[2024-01-06T14:40:59.653-0800] {logging_mixin.py:188} INFO - [2024-01-06T14:40:59.653-0800] {dag.py:3033} INFO - Sync 1 DAGs
[2024-01-06T14:40:59.664-0800] {logging_mixin.py:188} INFO - [2024-01-06T14:40:59.664-0800] {dag.py:3820} INFO - Setting next_dagrun for tutorial_taskflow_api to None, run_after=None
[2024-01-06T14:40:59.682-0800] {processor.py:183} INFO - Processing /mnt/c/Users/victo/OneDrive/Desktop/fantasy_nba_dashboard/airflow_env/lib/python3.10/site-packages/airflow/example_dags/tutorial_taskflow_api.py took 0.074 seconds
