[2024-01-06T14:24:41.041-0800] {processor.py:161} INFO - Started process (PID=7059) to work on /mnt/c/Users/victo/OneDrive/Desktop/fantasy_nba_dashboard/airflow_env/lib/python3.10/site-packages/airflow/example_dags/tutorial_dag.py
[2024-01-06T14:24:41.042-0800] {processor.py:830} INFO - Processing file /mnt/c/Users/victo/OneDrive/Desktop/fantasy_nba_dashboard/airflow_env/lib/python3.10/site-packages/airflow/example_dags/tutorial_dag.py for tasks to queue
[2024-01-06T14:24:41.043-0800] {logging_mixin.py:188} INFO - [2024-01-06T14:24:41.042-0800] {dagbag.py:538} INFO - Filling up the DagBag from /mnt/c/Users/victo/OneDrive/Desktop/fantasy_nba_dashboard/airflow_env/lib/python3.10/site-packages/airflow/example_dags/tutorial_dag.py
[2024-01-06T14:24:41.053-0800] {processor.py:840} INFO - DAG(s) 'tutorial_dag' retrieved from /mnt/c/Users/victo/OneDrive/Desktop/fantasy_nba_dashboard/airflow_env/lib/python3.10/site-packages/airflow/example_dags/tutorial_dag.py
[2024-01-06T14:24:41.163-0800] {logging_mixin.py:188} INFO - [2024-01-06T14:24:41.163-0800] {dag.py:3033} INFO - Sync 1 DAGs
[2024-01-06T14:24:41.171-0800] {logging_mixin.py:188} INFO - [2024-01-06T14:24:41.171-0800] {dag.py:3820} INFO - Setting next_dagrun for tutorial_dag to None, run_after=None
[2024-01-06T14:24:41.185-0800] {processor.py:183} INFO - Processing /mnt/c/Users/victo/OneDrive/Desktop/fantasy_nba_dashboard/airflow_env/lib/python3.10/site-packages/airflow/example_dags/tutorial_dag.py took 0.148 seconds
[2024-01-06T14:25:11.606-0800] {processor.py:161} INFO - Started process (PID=7219) to work on /mnt/c/Users/victo/OneDrive/Desktop/fantasy_nba_dashboard/airflow_env/lib/python3.10/site-packages/airflow/example_dags/tutorial_dag.py
[2024-01-06T14:25:11.607-0800] {processor.py:830} INFO - Processing file /mnt/c/Users/victo/OneDrive/Desktop/fantasy_nba_dashboard/airflow_env/lib/python3.10/site-packages/airflow/example_dags/tutorial_dag.py for tasks to queue
[2024-01-06T14:25:11.608-0800] {logging_mixin.py:188} INFO - [2024-01-06T14:25:11.608-0800] {dagbag.py:538} INFO - Filling up the DagBag from /mnt/c/Users/victo/OneDrive/Desktop/fantasy_nba_dashboard/airflow_env/lib/python3.10/site-packages/airflow/example_dags/tutorial_dag.py
[2024-01-06T14:25:11.614-0800] {processor.py:840} INFO - DAG(s) 'tutorial_dag' retrieved from /mnt/c/Users/victo/OneDrive/Desktop/fantasy_nba_dashboard/airflow_env/lib/python3.10/site-packages/airflow/example_dags/tutorial_dag.py
[2024-01-06T14:25:11.645-0800] {logging_mixin.py:188} INFO - [2024-01-06T14:25:11.645-0800] {dag.py:3033} INFO - Sync 1 DAGs
[2024-01-06T14:25:11.655-0800] {logging_mixin.py:188} INFO - [2024-01-06T14:25:11.655-0800] {dag.py:3820} INFO - Setting next_dagrun for tutorial_dag to None, run_after=None
[2024-01-06T14:25:11.673-0800] {processor.py:183} INFO - Processing /mnt/c/Users/victo/OneDrive/Desktop/fantasy_nba_dashboard/airflow_env/lib/python3.10/site-packages/airflow/example_dags/tutorial_dag.py took 0.070 seconds
[2024-01-06T14:25:41.792-0800] {processor.py:161} INFO - Started process (PID=7453) to work on /mnt/c/Users/victo/OneDrive/Desktop/fantasy_nba_dashboard/airflow_env/lib/python3.10/site-packages/airflow/example_dags/tutorial_dag.py
[2024-01-06T14:25:41.793-0800] {processor.py:830} INFO - Processing file /mnt/c/Users/victo/OneDrive/Desktop/fantasy_nba_dashboard/airflow_env/lib/python3.10/site-packages/airflow/example_dags/tutorial_dag.py for tasks to queue
[2024-01-06T14:25:41.794-0800] {logging_mixin.py:188} INFO - [2024-01-06T14:25:41.794-0800] {dagbag.py:538} INFO - Filling up the DagBag from /mnt/c/Users/victo/OneDrive/Desktop/fantasy_nba_dashboard/airflow_env/lib/python3.10/site-packages/airflow/example_dags/tutorial_dag.py
[2024-01-06T14:25:41.799-0800] {processor.py:840} INFO - DAG(s) 'tutorial_dag' retrieved from /mnt/c/Users/victo/OneDrive/Desktop/fantasy_nba_dashboard/airflow_env/lib/python3.10/site-packages/airflow/example_dags/tutorial_dag.py
[2024-01-06T14:25:41.837-0800] {logging_mixin.py:188} INFO - [2024-01-06T14:25:41.837-0800] {dag.py:3033} INFO - Sync 1 DAGs
[2024-01-06T14:25:41.850-0800] {logging_mixin.py:188} INFO - [2024-01-06T14:25:41.850-0800] {dag.py:3820} INFO - Setting next_dagrun for tutorial_dag to None, run_after=None
[2024-01-06T14:25:41.871-0800] {processor.py:183} INFO - Processing /mnt/c/Users/victo/OneDrive/Desktop/fantasy_nba_dashboard/airflow_env/lib/python3.10/site-packages/airflow/example_dags/tutorial_dag.py took 0.082 seconds
[2024-01-06T14:26:11.961-0800] {processor.py:161} INFO - Started process (PID=7973) to work on /mnt/c/Users/victo/OneDrive/Desktop/fantasy_nba_dashboard/airflow_env/lib/python3.10/site-packages/airflow/example_dags/tutorial_dag.py
[2024-01-06T14:26:11.962-0800] {processor.py:830} INFO - Processing file /mnt/c/Users/victo/OneDrive/Desktop/fantasy_nba_dashboard/airflow_env/lib/python3.10/site-packages/airflow/example_dags/tutorial_dag.py for tasks to queue
[2024-01-06T14:26:11.962-0800] {logging_mixin.py:188} INFO - [2024-01-06T14:26:11.962-0800] {dagbag.py:538} INFO - Filling up the DagBag from /mnt/c/Users/victo/OneDrive/Desktop/fantasy_nba_dashboard/airflow_env/lib/python3.10/site-packages/airflow/example_dags/tutorial_dag.py
[2024-01-06T14:26:11.968-0800] {processor.py:840} INFO - DAG(s) 'tutorial_dag' retrieved from /mnt/c/Users/victo/OneDrive/Desktop/fantasy_nba_dashboard/airflow_env/lib/python3.10/site-packages/airflow/example_dags/tutorial_dag.py
[2024-01-06T14:26:11.995-0800] {logging_mixin.py:188} INFO - [2024-01-06T14:26:11.995-0800] {dag.py:3033} INFO - Sync 1 DAGs
[2024-01-06T14:26:12.003-0800] {logging_mixin.py:188} INFO - [2024-01-06T14:26:12.003-0800] {dag.py:3820} INFO - Setting next_dagrun for tutorial_dag to None, run_after=None
[2024-01-06T14:26:12.015-0800] {processor.py:183} INFO - Processing /mnt/c/Users/victo/OneDrive/Desktop/fantasy_nba_dashboard/airflow_env/lib/python3.10/site-packages/airflow/example_dags/tutorial_dag.py took 0.057 seconds
[2024-01-06T14:35:53.107-0800] {processor.py:161} INFO - Started process (PID=9513) to work on /mnt/c/Users/victo/OneDrive/Desktop/fantasy_nba_dashboard/airflow_env/lib/python3.10/site-packages/airflow/example_dags/tutorial_dag.py
[2024-01-06T14:35:53.108-0800] {processor.py:830} INFO - Processing file /mnt/c/Users/victo/OneDrive/Desktop/fantasy_nba_dashboard/airflow_env/lib/python3.10/site-packages/airflow/example_dags/tutorial_dag.py for tasks to queue
[2024-01-06T14:35:53.108-0800] {logging_mixin.py:188} INFO - [2024-01-06T14:35:53.108-0800] {dagbag.py:538} INFO - Filling up the DagBag from /mnt/c/Users/victo/OneDrive/Desktop/fantasy_nba_dashboard/airflow_env/lib/python3.10/site-packages/airflow/example_dags/tutorial_dag.py
[2024-01-06T14:35:53.118-0800] {processor.py:840} INFO - DAG(s) 'tutorial_dag' retrieved from /mnt/c/Users/victo/OneDrive/Desktop/fantasy_nba_dashboard/airflow_env/lib/python3.10/site-packages/airflow/example_dags/tutorial_dag.py
[2024-01-06T14:35:53.156-0800] {logging_mixin.py:188} INFO - [2024-01-06T14:35:53.156-0800] {dag.py:3033} INFO - Sync 1 DAGs
[2024-01-06T14:35:53.165-0800] {logging_mixin.py:188} INFO - [2024-01-06T14:35:53.165-0800] {dag.py:3820} INFO - Setting next_dagrun for tutorial_dag to None, run_after=None
[2024-01-06T14:35:53.182-0800] {processor.py:183} INFO - Processing /mnt/c/Users/victo/OneDrive/Desktop/fantasy_nba_dashboard/airflow_env/lib/python3.10/site-packages/airflow/example_dags/tutorial_dag.py took 0.079 seconds
[2024-01-06T14:36:23.449-0800] {processor.py:161} INFO - Started process (PID=9697) to work on /mnt/c/Users/victo/OneDrive/Desktop/fantasy_nba_dashboard/airflow_env/lib/python3.10/site-packages/airflow/example_dags/tutorial_dag.py
[2024-01-06T14:36:23.450-0800] {processor.py:830} INFO - Processing file /mnt/c/Users/victo/OneDrive/Desktop/fantasy_nba_dashboard/airflow_env/lib/python3.10/site-packages/airflow/example_dags/tutorial_dag.py for tasks to queue
[2024-01-06T14:36:23.451-0800] {logging_mixin.py:188} INFO - [2024-01-06T14:36:23.451-0800] {dagbag.py:538} INFO - Filling up the DagBag from /mnt/c/Users/victo/OneDrive/Desktop/fantasy_nba_dashboard/airflow_env/lib/python3.10/site-packages/airflow/example_dags/tutorial_dag.py
[2024-01-06T14:36:23.456-0800] {processor.py:840} INFO - DAG(s) 'tutorial_dag' retrieved from /mnt/c/Users/victo/OneDrive/Desktop/fantasy_nba_dashboard/airflow_env/lib/python3.10/site-packages/airflow/example_dags/tutorial_dag.py
[2024-01-06T14:36:23.486-0800] {logging_mixin.py:188} INFO - [2024-01-06T14:36:23.486-0800] {dag.py:3033} INFO - Sync 1 DAGs
[2024-01-06T14:36:23.496-0800] {logging_mixin.py:188} INFO - [2024-01-06T14:36:23.496-0800] {dag.py:3820} INFO - Setting next_dagrun for tutorial_dag to None, run_after=None
[2024-01-06T14:36:23.514-0800] {processor.py:183} INFO - Processing /mnt/c/Users/victo/OneDrive/Desktop/fantasy_nba_dashboard/airflow_env/lib/python3.10/site-packages/airflow/example_dags/tutorial_dag.py took 0.068 seconds
[2024-01-06T14:36:54.534-0800] {processor.py:161} INFO - Started process (PID=9976) to work on /mnt/c/Users/victo/OneDrive/Desktop/fantasy_nba_dashboard/airflow_env/lib/python3.10/site-packages/airflow/example_dags/tutorial_dag.py
[2024-01-06T14:36:54.535-0800] {processor.py:830} INFO - Processing file /mnt/c/Users/victo/OneDrive/Desktop/fantasy_nba_dashboard/airflow_env/lib/python3.10/site-packages/airflow/example_dags/tutorial_dag.py for tasks to queue
[2024-01-06T14:36:54.536-0800] {logging_mixin.py:188} INFO - [2024-01-06T14:36:54.536-0800] {dagbag.py:538} INFO - Filling up the DagBag from /mnt/c/Users/victo/OneDrive/Desktop/fantasy_nba_dashboard/airflow_env/lib/python3.10/site-packages/airflow/example_dags/tutorial_dag.py
[2024-01-06T14:36:54.543-0800] {processor.py:840} INFO - DAG(s) 'tutorial_dag' retrieved from /mnt/c/Users/victo/OneDrive/Desktop/fantasy_nba_dashboard/airflow_env/lib/python3.10/site-packages/airflow/example_dags/tutorial_dag.py
[2024-01-06T14:36:54.581-0800] {logging_mixin.py:188} INFO - [2024-01-06T14:36:54.581-0800] {dag.py:3033} INFO - Sync 1 DAGs
[2024-01-06T14:36:54.592-0800] {logging_mixin.py:188} INFO - [2024-01-06T14:36:54.592-0800] {dag.py:3820} INFO - Setting next_dagrun for tutorial_dag to None, run_after=None
[2024-01-06T14:36:54.608-0800] {processor.py:183} INFO - Processing /mnt/c/Users/victo/OneDrive/Desktop/fantasy_nba_dashboard/airflow_env/lib/python3.10/site-packages/airflow/example_dags/tutorial_dag.py took 0.078 seconds
[2024-01-06T14:37:25.379-0800] {processor.py:161} INFO - Started process (PID=10255) to work on /mnt/c/Users/victo/OneDrive/Desktop/fantasy_nba_dashboard/airflow_env/lib/python3.10/site-packages/airflow/example_dags/tutorial_dag.py
[2024-01-06T14:37:25.380-0800] {processor.py:830} INFO - Processing file /mnt/c/Users/victo/OneDrive/Desktop/fantasy_nba_dashboard/airflow_env/lib/python3.10/site-packages/airflow/example_dags/tutorial_dag.py for tasks to queue
[2024-01-06T14:37:25.381-0800] {logging_mixin.py:188} INFO - [2024-01-06T14:37:25.380-0800] {dagbag.py:538} INFO - Filling up the DagBag from /mnt/c/Users/victo/OneDrive/Desktop/fantasy_nba_dashboard/airflow_env/lib/python3.10/site-packages/airflow/example_dags/tutorial_dag.py
[2024-01-06T14:37:25.386-0800] {processor.py:840} INFO - DAG(s) 'tutorial_dag' retrieved from /mnt/c/Users/victo/OneDrive/Desktop/fantasy_nba_dashboard/airflow_env/lib/python3.10/site-packages/airflow/example_dags/tutorial_dag.py
[2024-01-06T14:37:25.418-0800] {logging_mixin.py:188} INFO - [2024-01-06T14:37:25.417-0800] {dag.py:3033} INFO - Sync 1 DAGs
[2024-01-06T14:37:25.428-0800] {logging_mixin.py:188} INFO - [2024-01-06T14:37:25.428-0800] {dag.py:3820} INFO - Setting next_dagrun for tutorial_dag to None, run_after=None
[2024-01-06T14:37:25.442-0800] {processor.py:183} INFO - Processing /mnt/c/Users/victo/OneDrive/Desktop/fantasy_nba_dashboard/airflow_env/lib/python3.10/site-packages/airflow/example_dags/tutorial_dag.py took 0.068 seconds
[2024-01-06T14:37:56.049-0800] {processor.py:161} INFO - Started process (PID=10456) to work on /mnt/c/Users/victo/OneDrive/Desktop/fantasy_nba_dashboard/airflow_env/lib/python3.10/site-packages/airflow/example_dags/tutorial_dag.py
[2024-01-06T14:37:56.050-0800] {processor.py:830} INFO - Processing file /mnt/c/Users/victo/OneDrive/Desktop/fantasy_nba_dashboard/airflow_env/lib/python3.10/site-packages/airflow/example_dags/tutorial_dag.py for tasks to queue
[2024-01-06T14:37:56.051-0800] {logging_mixin.py:188} INFO - [2024-01-06T14:37:56.051-0800] {dagbag.py:538} INFO - Filling up the DagBag from /mnt/c/Users/victo/OneDrive/Desktop/fantasy_nba_dashboard/airflow_env/lib/python3.10/site-packages/airflow/example_dags/tutorial_dag.py
[2024-01-06T14:37:56.057-0800] {processor.py:840} INFO - DAG(s) 'tutorial_dag' retrieved from /mnt/c/Users/victo/OneDrive/Desktop/fantasy_nba_dashboard/airflow_env/lib/python3.10/site-packages/airflow/example_dags/tutorial_dag.py
[2024-01-06T14:37:56.088-0800] {logging_mixin.py:188} INFO - [2024-01-06T14:37:56.088-0800] {dag.py:3033} INFO - Sync 1 DAGs
[2024-01-06T14:37:56.099-0800] {logging_mixin.py:188} INFO - [2024-01-06T14:37:56.099-0800] {dag.py:3820} INFO - Setting next_dagrun for tutorial_dag to None, run_after=None
[2024-01-06T14:37:56.112-0800] {processor.py:183} INFO - Processing /mnt/c/Users/victo/OneDrive/Desktop/fantasy_nba_dashboard/airflow_env/lib/python3.10/site-packages/airflow/example_dags/tutorial_dag.py took 0.067 seconds
[2024-01-06T14:38:26.823-0800] {processor.py:161} INFO - Started process (PID=10629) to work on /mnt/c/Users/victo/OneDrive/Desktop/fantasy_nba_dashboard/airflow_env/lib/python3.10/site-packages/airflow/example_dags/tutorial_dag.py
[2024-01-06T14:38:26.824-0800] {processor.py:830} INFO - Processing file /mnt/c/Users/victo/OneDrive/Desktop/fantasy_nba_dashboard/airflow_env/lib/python3.10/site-packages/airflow/example_dags/tutorial_dag.py for tasks to queue
[2024-01-06T14:38:26.825-0800] {logging_mixin.py:188} INFO - [2024-01-06T14:38:26.824-0800] {dagbag.py:538} INFO - Filling up the DagBag from /mnt/c/Users/victo/OneDrive/Desktop/fantasy_nba_dashboard/airflow_env/lib/python3.10/site-packages/airflow/example_dags/tutorial_dag.py
[2024-01-06T14:38:26.830-0800] {processor.py:840} INFO - DAG(s) 'tutorial_dag' retrieved from /mnt/c/Users/victo/OneDrive/Desktop/fantasy_nba_dashboard/airflow_env/lib/python3.10/site-packages/airflow/example_dags/tutorial_dag.py
[2024-01-06T14:38:26.860-0800] {logging_mixin.py:188} INFO - [2024-01-06T14:38:26.860-0800] {dag.py:3033} INFO - Sync 1 DAGs
[2024-01-06T14:38:26.870-0800] {logging_mixin.py:188} INFO - [2024-01-06T14:38:26.870-0800] {dag.py:3820} INFO - Setting next_dagrun for tutorial_dag to None, run_after=None
[2024-01-06T14:38:26.883-0800] {processor.py:183} INFO - Processing /mnt/c/Users/victo/OneDrive/Desktop/fantasy_nba_dashboard/airflow_env/lib/python3.10/site-packages/airflow/example_dags/tutorial_dag.py took 0.064 seconds
[2024-01-06T14:38:57.585-0800] {processor.py:161} INFO - Started process (PID=10787) to work on /mnt/c/Users/victo/OneDrive/Desktop/fantasy_nba_dashboard/airflow_env/lib/python3.10/site-packages/airflow/example_dags/tutorial_dag.py
[2024-01-06T14:38:57.586-0800] {processor.py:830} INFO - Processing file /mnt/c/Users/victo/OneDrive/Desktop/fantasy_nba_dashboard/airflow_env/lib/python3.10/site-packages/airflow/example_dags/tutorial_dag.py for tasks to queue
[2024-01-06T14:38:57.586-0800] {logging_mixin.py:188} INFO - [2024-01-06T14:38:57.586-0800] {dagbag.py:538} INFO - Filling up the DagBag from /mnt/c/Users/victo/OneDrive/Desktop/fantasy_nba_dashboard/airflow_env/lib/python3.10/site-packages/airflow/example_dags/tutorial_dag.py
[2024-01-06T14:38:57.592-0800] {processor.py:840} INFO - DAG(s) 'tutorial_dag' retrieved from /mnt/c/Users/victo/OneDrive/Desktop/fantasy_nba_dashboard/airflow_env/lib/python3.10/site-packages/airflow/example_dags/tutorial_dag.py
[2024-01-06T14:38:57.626-0800] {logging_mixin.py:188} INFO - [2024-01-06T14:38:57.626-0800] {dag.py:3033} INFO - Sync 1 DAGs
[2024-01-06T14:38:57.636-0800] {logging_mixin.py:188} INFO - [2024-01-06T14:38:57.636-0800] {dag.py:3820} INFO - Setting next_dagrun for tutorial_dag to None, run_after=None
[2024-01-06T14:38:57.651-0800] {processor.py:183} INFO - Processing /mnt/c/Users/victo/OneDrive/Desktop/fantasy_nba_dashboard/airflow_env/lib/python3.10/site-packages/airflow/example_dags/tutorial_dag.py took 0.070 seconds
[2024-01-06T14:39:28.435-0800] {processor.py:161} INFO - Started process (PID=10977) to work on /mnt/c/Users/victo/OneDrive/Desktop/fantasy_nba_dashboard/airflow_env/lib/python3.10/site-packages/airflow/example_dags/tutorial_dag.py
[2024-01-06T14:39:28.436-0800] {processor.py:830} INFO - Processing file /mnt/c/Users/victo/OneDrive/Desktop/fantasy_nba_dashboard/airflow_env/lib/python3.10/site-packages/airflow/example_dags/tutorial_dag.py for tasks to queue
[2024-01-06T14:39:28.436-0800] {logging_mixin.py:188} INFO - [2024-01-06T14:39:28.436-0800] {dagbag.py:538} INFO - Filling up the DagBag from /mnt/c/Users/victo/OneDrive/Desktop/fantasy_nba_dashboard/airflow_env/lib/python3.10/site-packages/airflow/example_dags/tutorial_dag.py
[2024-01-06T14:39:28.442-0800] {processor.py:840} INFO - DAG(s) 'tutorial_dag' retrieved from /mnt/c/Users/victo/OneDrive/Desktop/fantasy_nba_dashboard/airflow_env/lib/python3.10/site-packages/airflow/example_dags/tutorial_dag.py
[2024-01-06T14:39:28.473-0800] {logging_mixin.py:188} INFO - [2024-01-06T14:39:28.473-0800] {dag.py:3033} INFO - Sync 1 DAGs
[2024-01-06T14:39:28.483-0800] {logging_mixin.py:188} INFO - [2024-01-06T14:39:28.483-0800] {dag.py:3820} INFO - Setting next_dagrun for tutorial_dag to None, run_after=None
[2024-01-06T14:39:28.501-0800] {processor.py:183} INFO - Processing /mnt/c/Users/victo/OneDrive/Desktop/fantasy_nba_dashboard/airflow_env/lib/python3.10/site-packages/airflow/example_dags/tutorial_dag.py took 0.071 seconds
[2024-01-06T14:39:59.168-0800] {processor.py:161} INFO - Started process (PID=11134) to work on /mnt/c/Users/victo/OneDrive/Desktop/fantasy_nba_dashboard/airflow_env/lib/python3.10/site-packages/airflow/example_dags/tutorial_dag.py
[2024-01-06T14:39:59.169-0800] {processor.py:830} INFO - Processing file /mnt/c/Users/victo/OneDrive/Desktop/fantasy_nba_dashboard/airflow_env/lib/python3.10/site-packages/airflow/example_dags/tutorial_dag.py for tasks to queue
[2024-01-06T14:39:59.170-0800] {logging_mixin.py:188} INFO - [2024-01-06T14:39:59.170-0800] {dagbag.py:538} INFO - Filling up the DagBag from /mnt/c/Users/victo/OneDrive/Desktop/fantasy_nba_dashboard/airflow_env/lib/python3.10/site-packages/airflow/example_dags/tutorial_dag.py
[2024-01-06T14:39:59.175-0800] {processor.py:840} INFO - DAG(s) 'tutorial_dag' retrieved from /mnt/c/Users/victo/OneDrive/Desktop/fantasy_nba_dashboard/airflow_env/lib/python3.10/site-packages/airflow/example_dags/tutorial_dag.py
[2024-01-06T14:39:59.206-0800] {logging_mixin.py:188} INFO - [2024-01-06T14:39:59.206-0800] {dag.py:3033} INFO - Sync 1 DAGs
[2024-01-06T14:39:59.216-0800] {logging_mixin.py:188} INFO - [2024-01-06T14:39:59.216-0800] {dag.py:3820} INFO - Setting next_dagrun for tutorial_dag to None, run_after=None
[2024-01-06T14:39:59.230-0800] {processor.py:183} INFO - Processing /mnt/c/Users/victo/OneDrive/Desktop/fantasy_nba_dashboard/airflow_env/lib/python3.10/site-packages/airflow/example_dags/tutorial_dag.py took 0.065 seconds
[2024-01-06T14:40:29.922-0800] {processor.py:161} INFO - Started process (PID=11292) to work on /mnt/c/Users/victo/OneDrive/Desktop/fantasy_nba_dashboard/airflow_env/lib/python3.10/site-packages/airflow/example_dags/tutorial_dag.py
[2024-01-06T14:40:29.923-0800] {processor.py:830} INFO - Processing file /mnt/c/Users/victo/OneDrive/Desktop/fantasy_nba_dashboard/airflow_env/lib/python3.10/site-packages/airflow/example_dags/tutorial_dag.py for tasks to queue
[2024-01-06T14:40:29.923-0800] {logging_mixin.py:188} INFO - [2024-01-06T14:40:29.923-0800] {dagbag.py:538} INFO - Filling up the DagBag from /mnt/c/Users/victo/OneDrive/Desktop/fantasy_nba_dashboard/airflow_env/lib/python3.10/site-packages/airflow/example_dags/tutorial_dag.py
[2024-01-06T14:40:29.929-0800] {processor.py:840} INFO - DAG(s) 'tutorial_dag' retrieved from /mnt/c/Users/victo/OneDrive/Desktop/fantasy_nba_dashboard/airflow_env/lib/python3.10/site-packages/airflow/example_dags/tutorial_dag.py
[2024-01-06T14:40:29.959-0800] {logging_mixin.py:188} INFO - [2024-01-06T14:40:29.959-0800] {dag.py:3033} INFO - Sync 1 DAGs
[2024-01-06T14:40:29.969-0800] {logging_mixin.py:188} INFO - [2024-01-06T14:40:29.969-0800] {dag.py:3820} INFO - Setting next_dagrun for tutorial_dag to None, run_after=None
[2024-01-06T14:40:29.982-0800] {processor.py:183} INFO - Processing /mnt/c/Users/victo/OneDrive/Desktop/fantasy_nba_dashboard/airflow_env/lib/python3.10/site-packages/airflow/example_dags/tutorial_dag.py took 0.065 seconds
[2024-01-06T14:41:00.748-0800] {processor.py:161} INFO - Started process (PID=11476) to work on /mnt/c/Users/victo/OneDrive/Desktop/fantasy_nba_dashboard/airflow_env/lib/python3.10/site-packages/airflow/example_dags/tutorial_dag.py
[2024-01-06T14:41:00.749-0800] {processor.py:830} INFO - Processing file /mnt/c/Users/victo/OneDrive/Desktop/fantasy_nba_dashboard/airflow_env/lib/python3.10/site-packages/airflow/example_dags/tutorial_dag.py for tasks to queue
[2024-01-06T14:41:00.749-0800] {logging_mixin.py:188} INFO - [2024-01-06T14:41:00.749-0800] {dagbag.py:538} INFO - Filling up the DagBag from /mnt/c/Users/victo/OneDrive/Desktop/fantasy_nba_dashboard/airflow_env/lib/python3.10/site-packages/airflow/example_dags/tutorial_dag.py
[2024-01-06T14:41:00.755-0800] {processor.py:840} INFO - DAG(s) 'tutorial_dag' retrieved from /mnt/c/Users/victo/OneDrive/Desktop/fantasy_nba_dashboard/airflow_env/lib/python3.10/site-packages/airflow/example_dags/tutorial_dag.py
[2024-01-06T14:41:00.785-0800] {logging_mixin.py:188} INFO - [2024-01-06T14:41:00.785-0800] {dag.py:3033} INFO - Sync 1 DAGs
[2024-01-06T14:41:00.795-0800] {logging_mixin.py:188} INFO - [2024-01-06T14:41:00.795-0800] {dag.py:3820} INFO - Setting next_dagrun for tutorial_dag to None, run_after=None
[2024-01-06T14:41:00.813-0800] {processor.py:183} INFO - Processing /mnt/c/Users/victo/OneDrive/Desktop/fantasy_nba_dashboard/airflow_env/lib/python3.10/site-packages/airflow/example_dags/tutorial_dag.py took 0.070 seconds
